<?xml version="1.0"?>
<!DOCTYPE Meet [<!ELEMENT Meet (Track,Date,Quali,Race+)>
<!ELEMENT Track (#PCDATA)>
<!ELEMENT Date (#PCDATA)>
<!ELEMENT Quali (#PCDATA)>
<!ELEMENT Race (RaceNum,RaceName,RaceTime,RaceTimeDateUTC,Distance,RaceGrade,PrizeMoney1,PrizeMoney2,PrizeMoney3,PrizeMoney4,PrizeMoney5,PrizeMoney6,PrizeMoney7,PrizeMoney8,GOBIS,Hurdle,Handicap,TAB,GradeCode,Dog+)>
<!ELEMENT RaceNum (#PCDATA)>
<!ELEMENT RaceName (#PCDATA)>
<!ELEMENT RaceTime (#PCDATA)>
<!ELEMENT RaceTimeDateUTC (#PCDATA)>
<!ELEMENT Distance (#PCDATA)>
<!ELEMENT RaceGrade (#PCDATA)>
<!ELEMENT PrizeMoney1 (#PCDATA)>
<!ELEMENT PrizeMoney2 (#PCDATA)>
<!ELEMENT PrizeMoney3 (#PCDATA)>
<!ELEMENT PrizeMoney4 (#PCDATA)>
<!ELEMENT PrizeMoney5 (#PCDATA)>
<!ELEMENT PrizeMoney6 (#PCDATA)>
<!ELEMENT PrizeMoney7 (#PCDATA)>
<!ELEMENT PrizeMoney8 (#PCDATA)>
<!ELEMENT GOBIS (#PCDATA)>
<!ELEMENT Hurdle (#PCDATA)>
<!ELEMENT Handicap (#PCDATA)>
<!ELEMENT TAB (#PCDATA)>
<!ELEMENT GradeCode (#PCDATA)>
<!ELEMENT Dog (RaceBox,DogName,BestTime,DogHandicap,StartsTOT,StartsTTD,Trainer,Suburb,Owner,Sire,Dam,Colour,Sex,Whelped,DogGrade,DogGOBIS,DogPRIZE,Form+)>
<!ELEMENT RaceBox (#PCDATA)>
<!ELEMENT DogName (#PCDATA)>
<!ELEMENT BestTime (#PCDATA)>
<!ELEMENT DogHandicap (#PCDATA)>
<!ELEMENT StartsTOT (#PCDATA)>
<!ELEMENT StartsTTD (#PCDATA)>
<!ELEMENT Trainer (#PCDATA)>
<!ELEMENT Suburb (#PCDATA)>
<!ELEMENT Owner (#PCDATA)>
<!ELEMENT Sire (#PCDATA)>
<!ELEMENT Dam (#PCDATA)>
<!ELEMENT Colour (#PCDATA)>
<!ELEMENT Sex (#PCDATA)>
<!ELEMENT Whelped (#PCDATA)>
<!ELEMENT DogGrade (#PCDATA)>
<!ELEMENT DogGOBIS (#PCDATA)>
<!ELEMENT DogPRIZE (#PCDATA)>
<!ELEMENT Form (Place,FormBox,Weight,TrackCode,FormDistance,FormDate,FormGrade,FormHandicap,Margin,FirstSecond,DogTime,WinTime,BON,StartPrice,PIR,Split)>
<!ELEMENT Place (#PCDATA)>
<!ELEMENT FormBox (#PCDATA)>
<!ELEMENT Weight (#PCDATA)>
<!ELEMENT TrackCode (#PCDATA)>
<!ELEMENT FormDistance (#PCDATA)>
<!ELEMENT FormDate (#PCDATA)>
<!ELEMENT FormGrade (#PCDATA)>
<!ELEMENT FormHandicap (#PCDATA)>
<!ELEMENT Margin (#PCDATA)>
<!ELEMENT FirstSecond (#PCDATA)>
<!ELEMENT DogTime (#PCDATA)>
<!ELEMENT WinTime (#PCDATA)>
<!ELEMENT BON (#PCDATA)>
<!ELEMENT StartPrice (#PCDATA)>
<!ELEMENT PIR (#PCDATA)>
<!ELEMENT Split (#PCDATA)>
]>
<Meet id="196023767">
    <Track>Ballarat</Track>
    <Date>01 Apr 17</Date>
    <Quali />
    <Race id="208756700">
        <RaceNum>1</RaceNum>
        <RaceName>R &amp; J BATTERIES HT1</RaceName>
        <RaceTime>06:03PM</RaceTime>
        <RaceTimeDateUTC>01 Apr 17 07:03AM</RaceTimeDateUTC>
        <Distance>450m</Distance>
        <RaceGrade>Maiden Heat</RaceGrade>
        <PrizeMoney1>$990</PrizeMoney1>
        <PrizeMoney2>$285</PrizeMoney2>
        <PrizeMoney3>$140</PrizeMoney3>
        <PrizeMoney4 />
        <PrizeMoney5 />
        <PrizeMoney6 />
        <PrizeMoney7 />
        <PrizeMoney8 />
        <GOBIS />
        <Hurdle />
        <Handicap />
        <TAB>TRI/QUIN R/D EXACTA PICK4</TAB>
        <GradeCode>MH</GradeCode>
        <Dog id="1096450034">
            <RaceBox>1</RaceBox>
            <DogName>SECRET CHORD</DogName>
            <BestTime>FSH</BestTime>
            <DogHandicap />
            <StartsTOT>Starts 5-0-0-1</StartsTOT>
            <StartsTTD>Trk/Dst 0-0-0-0</StartsTTD>
            <Trainer id="131138">Debbie Goudge</Trainer>
            <Suburb>Winslow</Suburb>
            <Owner>Desmond Fegan</Owner>
            <Sire id="-729742">Farley Turbo</Sire>
            <Dam id="-80522">Mizzy Ohara</Dam>
            <Colour>BK</Colour>
            <Sex>B</Sex>
            <Whelped>30 Aug 14</Whelped>
            <DogGrade>M</DogGrade>
            <DogGOBIS>Y</DogGOBIS>
            <DogPRIZE>140</DogPRIZE>
            <Form>
                <Place>6th</Place>
                <FormBox>2</FormBox>
                <Weight>28.6</Weight>
                <TrackCode>WBL</TrackCode>
                <FormDistance>390</FormDistance>
                <FormDate>02Feb17</FormDate>
                <FormGrade>Maiden</FormGrade>
                <FormHandicap />
                <Margin>12.00L</Margin>
                <FirstSecond>"Brae's Bullet"</FirstSecond>
                <DogTime>23.29</DogTime>
                <WinTime>22.48</WinTime>
                <BON>22.14</BON>
                <StartPrice>$5.80</StartPrice>
                <PIR>M/66</PIR>
                <Split>9.19</Split>
            </Form>
            <Form>
                <Place>4th</Place>
                <FormBox>2</FormBox>
                <Weight>28.3</Weight>
                <TrackCode>WBL</TrackCode>
                <FormDistance>390</FormDistance>
                <FormDate>09Feb17</FormDate>
                <FormGrade>Maiden Heat</FormGrade>
                <FormHandicap />
                <Margin>8.00L</Margin>
                <FirstSecond>"Allen Kev"</FirstSecond>
                <DogTime>22.87</DogTime>
                <WinTime>22.33</WinTime>
                <BON>21.99</BON>
                <StartPrice>$15.20</StartPrice>
                <PIR>M/43</PIR>
                <Split>8.81</Split>
            </Form>
            <Form>
                <Place>3rd</Place>
                <FormBox>2</FormBox>
                <Weight>28.7</Weight>
                <TrackCode>WBL</TrackCode>
                <FormDistance>450</FormDistance>
                <FormDate>16Feb17</FormDate>
                <FormGrade>Maiden</FormGrade>
                <FormHandicap />
                <Margin>4.00L</Margin>
                <FirstSecond>"Fawn Nova"</FirstSecond>
                <DogTime>25.98</DogTime>
                <WinTime>25.71</WinTime>
                <BON>25.21</BON>
                <StartPrice>$32.00</StartPrice>
                <PIR>M/111</PIR>
                <Split>6.67</Split>
            </Form>
            <Form>
                <Place>7th</Place>
                <FormBox>2</FormBox>
                <Weight>29.0</Weight>
                <TrackCode>WBL</TrackCode>
                <FormDistance>450</FormDistance>
                <FormDate>23Feb17</FormDate>
                <FormGrade>Maiden</FormGrade>
                <FormHandicap />
                <Margin>10.00L</Margin>
                <FirstSecond>"Tear Away Duke"</FirstSecond>
                <DogTime>26.40</DogTime>
                <WinTime>25.73</WinTime>
                <BON>25.39</BON>
                <StartPrice>$17.60</StartPrice>
                <PIR>M/236</PIR>
                <Split>6.71</Split>
            </Form>
            <Form>
                <Place>7th</Place>
                <FormBox>6</FormBox>
                <Weight>29.1</Weight>
                <TrackCode>WBL</TrackCode>
                <FormDistance>390</FormDistance>
                <FormDate>07Mar17</FormDate>
                <FormGrade>Maiden</FormGrade>
                <FormHandicap />
                <Margin>16.00L</Margin>
                <FirstSecond>"Oddball Quick"</FirstSecond>
                <DogTime>23.68</DogTime>
                <WinTime>22.59</WinTime>
                <BON>21.77</BON>
                <StartPrice>$8.60</StartPrice>
                <PIR>M/87</PIR>
                <Split>9.26</Split>
            </Form>
        </Dog>
        <Dog id="1296100098">
            <RaceBox>2</RaceBox>
            <DogName>SWIFT OPERATOR</DogName>
            <BestTime>NBT</BestTime>
            <DogHandicap />
            <StartsTOT>Starts 20-0-4-4</StartsTOT>
            <StartsTTD>Trk/Dst 1-0-0-0</StartsTTD>
            <Trainer id="77322">Mark Cauchi</Trainer>
            <Suburb>St Leonards</Suburb>
            <Owner>Charles Camilleri</Owner>
            <Sire id="-399888">Swift Fancy</Sire>
            <Dam id="-10448">Out With Evie</Dam>
            <Colour>BD</Colour>
            <Sex>D</Sex>
            <Whelped>21 Dec 14</Whelped>
            <DogGrade>M</DogGrade>
            <DogGOBIS>N</DogGOBIS>
            <DogPRIZE>1125</DogPRIZE>
            <Form>
                <Place>4th</Place>
                <FormBox>3</FormBox>
                <Weight>31.4</Weight>
                <TrackCode>GEL</TrackCode>
                <FormDistance>400</FormDistance>
                <FormDate>03Mar17</FormDate>
                <FormGrade>Maiden Heat</FormGrade>
                <FormHandicap />
                <Margin>3.5L</Margin>
                <FirstSecond>"Dynamite Jackson"</FirstSecond>
                <DogTime>23.27</DogTime>
                <WinTime>23.04</WinTime>
                <BON>22.75</BON>
                <StartPrice>$24.20</StartPrice>
                <PIR>M/23</PIR>
                <Split>8.55</Split>
            </Form>
            <Form>
                <Place>2nd</Place>
                <FormBox>7</FormBox>
                <Weight>31.7</Weight>
                <TrackCode>GEL</TrackCode>
                <FormDistance>400</FormDistance>
                <FormDate>14Mar17</FormDate>
                <FormGrade>Maiden</FormGrade>
                <FormHandicap />
                <Margin>1.75L</Margin>
                <FirstSecond>"Merl's Angel"</FirstSecond>
                <DogTime>23.20</DogTime>
                <WinTime>23.09</WinTime>
                <BON>22.62</BON>
                <StartPrice>$1.90</StartPrice>
                <PIR>M/22</PIR>
                <Split>8.55</Split>
            </Form>
            <Form>
                <Place>5th</Place>
                <FormBox>4</FormBox>
                <Weight>31.0</Weight>
                <TrackCode>GEL</TrackCode>
                <FormDistance>400</FormDistance>
                <FormDate>17Mar17</FormDate>
                <FormGrade>Maiden</FormGrade>
                <FormHandicap />
                <Margin>16.00L</Margin>
                <FirstSecond>"Verta Bale"</FirstSecond>
                <DogTime>23.91</DogTime>
                <WinTime>22.82</WinTime>
                <BON>22.51</BON>
                <StartPrice>$14.90</StartPrice>
                <PIR>M/77</PIR>
                <Split>8.93</Split>
            </Form>
            <Form>
                <Place>4th</Place>
                <FormBox>3</FormBox>
                <Weight>30.9</Weight>
                <TrackCode>GEL</TrackCode>
                <FormDistance>460</FormDistance>
                <FormDate>21Mar17</FormDate>
                <FormGrade>Tier 3 - Maiden</FormGrade>
                <FormHandicap />
                <Margin>5.00L</Margin>
                <FirstSecond>"Roy Boy"</FirstSecond>
                <DogTime>26.87</DogTime>
                <WinTime>26.52</WinTime>
                <BON>26.26</BON>
                <StartPrice>$6.90</StartPrice>
                <PIR>M/223</PIR>
                <Split>6.76</Split>
            </Form>
            <Form>
                <Place>2nd</Place>
                <FormBox>8</FormBox>
                <Weight>30.7</Weight>
                <TrackCode>HVL</TrackCode>
                <FormDistance>350</FormDistance>
                <FormDate>26Mar17</FormDate>
                <FormGrade>Maiden</FormGrade>
                <FormHandicap />
                <Margin>3.25L</Margin>
                <FirstSecond>"Bolare"</FirstSecond>
                <DogTime>19.76</DogTime>
                <WinTime>19.53</WinTime>
                <BON>19.17</BON>
                <StartPrice>$3.00</StartPrice>
                <PIR>M/3</PIR>
                <Split>6.70</Split>
            </Form>
        </Dog>
        <Dog id="1177320005">
            <RaceBox>3</RaceBox>
            <DogName>LAST PRINCESS</DogName>
            <BestTime>NBT</BestTime>
            <DogHandicap />
            <StartsTOT>Starts 9-0-1-3</StartsTOT>
            <StartsTTD>Trk/Dst 1-0-0-0</StartsTTD>
            <Trainer id="107521">Kevin Ward</Trainer>
            <Suburb>Mount Moriac</Suburb>
            <Owner>Kevin Ward</Owner>
            <Sire id="-107648">Cosmic Chief</Sire>
            <Dam id="-118538">Princess Douglas</Dam>
            <Colour>WBK</Colour>
            <Sex>B</Sex>
            <Whelped>21 Sep 14</Whelped>
            <DogGrade>M</DogGrade>
            <DogGOBIS>N</DogGOBIS>
            <DogPRIZE>445</DogPRIZE>
            <Form>
                <Place>2nd</Place>
                <FormBox>1</FormBox>
                <Weight>29.6</Weight>
                <TrackCode>HVL</TrackCode>
                <FormDistance>350</FormDistance>
                <FormDate>20Jan17</FormDate>
                <FormGrade>Maiden Heat</FormGrade>
                <FormHandicap />
                <Margin>1.00L</Margin>
                <FirstSecond>"Dr. Marshmellow"</FirstSecond>
                <DogTime>19.96</DogTime>
                <WinTime>19.91</WinTime>
                <BON>19.47</BON>
                <StartPrice>$16.90</StartPrice>
                <PIR>M/1</PIR>
                <Split>6.71</Split>
            </Form>
            <Form>
                <Place>3rd</Place>
                <FormBox>6</FormBox>
                <Weight>29.9</Weight>
                <TrackCode>HVL</TrackCode>
                <FormDistance>350</FormDistance>
                <FormDate>29Jan17</FormDate>
                <FormGrade>Maiden Semi Final</FormGrade>
                <FormHandicap />
                <Margin>1.75L</Margin>
                <FirstSecond>"Destini Florida"</FirstSecond>
                <DogTime>19.66</DogTime>
                <WinTime>19.54</WinTime>
                <BON>19.12</BON>
                <StartPrice>$11.80</StartPrice>
                <PIR>M/5</PIR>
                <Split>6.80</Split>
            </Form>
            <Form>
                <Place>3rd</Place>
                <FormBox>5</FormBox>
                <Weight>29.5</Weight>
                <TrackCode>SHP</TrackCode>
                <FormDistance>450</FormDistance>
                <FormDate>02Feb17</FormDate>
                <FormGrade>Tier 3 - Maiden</FormGrade>
                <FormHandicap />
                <Margin>2.25L</Margin>
                <FirstSecond>"Macka's Victorem"</FirstSecond>
                <DogTime>25.87</DogTime>
                <WinTime>25.72</WinTime>
                <BON>25.64</BON>
                <StartPrice>$10.90</StartPrice>
                <PIR>M/212</PIR>
                <Split>6.72</Split>
            </Form>
            <Form>
                <Place>4th</Place>
                <FormBox>6</FormBox>
                <Weight>29.6</Weight>
                <TrackCode>GEL</TrackCode>
                <FormDistance>460</FormDistance>
                <FormDate>14Feb17</FormDate>
                <FormGrade>Tier 3 - Maiden</FormGrade>
                <FormHandicap />
                <Margin>7.50L</Margin>
                <FirstSecond>"Exhibition"</FirstSecond>
                <DogTime>26.82</DogTime>
                <WinTime>26.32</WinTime>
                <BON>26.13</BON>
                <StartPrice>$3.60</StartPrice>
                <PIR>M/635</PIR>
                <Split>6.85</Split>
            </Form>
            <Form>
                <Place>4th</Place>
                <FormBox>5</FormBox>
                <Weight>29.3</Weight>
                <TrackCode>WBL</TrackCode>
                <FormDistance>450</FormDistance>
                <FormDate>16Mar17</FormDate>
                <FormGrade>Maiden Heat</FormGrade>
                <FormHandicap />
                <Margin>1.5L</Margin>
                <FirstSecond>"Thomeli Kasey"</FirstSecond>
                <DogTime>26.15</DogTime>
                <WinTime>26.04</WinTime>
                <BON>25.50</BON>
                <StartPrice>$5.80</StartPrice>
                <PIR>M/445</PIR>
                <Split>6.79</Split>
            </Form>
        </Dog>
        <Dog id="1805750008">
            <RaceBox>4</RaceBox>
            <DogName>DESTINI KING</DogName>
            <BestTime>FSH</BestTime>
            <DogHandicap />
            <StartsTOT>Starts 0-0-0-0</StartsTOT>
            <StartsTTD>Trk/Dst 0-0-0-0</StartsTTD>
            <Trainer id="112922">Phillip Tanti</Trainer>
            <Suburb>Kings Park</Suburb>
            <Owner>Riverwalk Synd E Rinaldi,J Rinaldi</Owner>
            <Sire id="-713051">General Destini</Sire>
            <Dam id="-712712">Cloak Of Gold</Dam>
            <Colour>BK</Colour>
            <Sex>D</Sex>
            <Whelped>18 Jul 15</Whelped>
            <DogGrade>M</DogGrade>
            <DogGOBIS>N</DogGOBIS>
            <DogPRIZE>0</DogPRIZE>
            <Form />
            <Form />
            <Form />
            <Form />
            <Form />
        </Dog>
        <Dog id="1549980026">
            <RaceBox>5</RaceBox>
            <DogName>DAINTREE PRINZ</DogName>
            <BestTime>FSH</BestTime>
            <DogHandicap />
            <StartsTOT>Starts 4-0-1-1</StartsTOT>
            <StartsTTD>Trk/Dst 0-0-0-0</StartsTTD>
            <Trainer id="129635">Raymond Matthews</Trainer>
            <Suburb>Arcadia South</Suburb>
            <Owner>Helen Joske</Owner>
            <Sire id="-622231">Bekim Bale</Sire>
            <Dam id="-177447">Daintree Dream</Dam>
            <Colour>BK</Colour>
            <Sex>D</Sex>
            <Whelped>31 Mar 15</Whelped>
            <DogGrade>M</DogGrade>
            <DogGOBIS>N</DogGOBIS>
            <DogPRIZE>355</DogPRIZE>
            <Form>
                <Place>5th</Place>
                <FormBox>5</FormBox>
                <Weight>30.3</Weight>
                <TrackCode>SHP</TrackCode>
                <FormDistance>390</FormDistance>
                <FormDate>02Mar17</FormDate>
                <FormGrade>All Maiden</FormGrade>
                <FormHandicap />
                <Margin>8.50L</Margin>
                <FirstSecond>"Winlock Wrighty"</FirstSecond>
                <DogTime>23.27</DogTime>
                <WinTime>22.70</WinTime>
                <BON>22.24</BON>
                <StartPrice>$3.60</StartPrice>
                <PIR>S/75</PIR>
                <Split>9.27</Split>
            </Form>
            <Form>
                <Place>3rd</Place>
                <FormBox>7</FormBox>
                <Weight>29.9</Weight>
                <TrackCode>SHP</TrackCode>
                <FormDistance>390</FormDistance>
                <FormDate>09Mar17</FormDate>
                <FormGrade>Maiden</FormGrade>
                <FormHandicap />
                <Margin>7.00L</Margin>
                <FirstSecond>"Cosmic Lotus"</FirstSecond>
                <DogTime>23.01</DogTime>
                <WinTime>22.52</WinTime>
                <BON>22.42</BON>
                <StartPrice>$7.60</StartPrice>
                <PIR>M/76</PIR>
                <Split>9.19</Split>
            </Form>
            <Form>
                <Place>2nd</Place>
                <FormBox>5</FormBox>
                <Weight>29.7</Weight>
                <TrackCode>BEN</TrackCode>
                <FormDistance>425</FormDistance>
                <FormDate>17Mar17</FormDate>
                <FormGrade>Maiden</FormGrade>
                <FormHandicap />
                <Margin>3.5L</Margin>
                <FirstSecond>"Gripe"</FirstSecond>
                <DogTime>24.63</DogTime>
                <WinTime>24.39</WinTime>
                <BON>23.70</BON>
                <StartPrice>$10.80</StartPrice>
                <PIR>S/643</PIR>
                <Split>7.05</Split>
            </Form>
            <Form>
                <Place>4th</Place>
                <FormBox>7</FormBox>
                <Weight>29.5</Weight>
                <TrackCode>SHP</TrackCode>
                <FormDistance>450</FormDistance>
                <FormDate>20Mar17</FormDate>
                <FormGrade>Maiden Heat</FormGrade>
                <FormHandicap />
                <Margin>8.00L</Margin>
                <FirstSecond>"Sure To Excite"</FirstSecond>
                <DogTime>25.91</DogTime>
                <WinTime>25.38</WinTime>
                <BON>25.34</BON>
                <StartPrice>$44.40</StartPrice>
                <PIR>S/654</PIR>
                <Split>6.90</Split>
            </Form>
            <Form />
        </Dog>
        <Dog id="1334020065">
            <RaceBox>6</RaceBox>
            <DogName>LEEROY ROX</DogName>
            <BestTime>FSH</BestTime>
            <DogHandicap />
            <StartsTOT>Starts 0-0-0-0</StartsTOT>
            <StartsTTD>Trk/Dst 0-0-0-0</StartsTTD>
            <Trainer id="123043">John Rennie</Trainer>
            <Suburb>Beeac</Suburb>
            <Owner>John Rennie</Owner>
            <Sire id="-267964">Mogambo</Sire>
            <Dam id="-717978">Fantasy Royale</Dam>
            <Colour>BK</Colour>
            <Sex>D</Sex>
            <Whelped>13 Jan 15</Whelped>
            <DogGrade>M</DogGrade>
            <DogGOBIS>N</DogGOBIS>
            <DogPRIZE>0</DogPRIZE>
            <Form />
            <Form />
            <Form />
            <Form />
            <Form />
        </Dog>
        <Dog id="1474670055">
            <RaceBox>7</RaceBox>
            <DogName>TIC TOC TOBY</DogName>
            <BestTime>FSH</BestTime>
            <DogHandicap />
            <StartsTOT>Starts 1-0-0-1</StartsTOT>
            <StartsTTD>Trk/Dst 0-0-0-0</StartsTTD>
            <Trainer id="113421">Raymond Punshon</Trainer>
            <Suburb>Parwan</Suburb>
            <Owner>Scott Carlin</Owner>
            <Sire id="-62141">Premier Fantasy</Sire>
            <Dam id="-631656">Glamorous Keisha</Dam>
            <Colour>BK</Colour>
            <Sex>D</Sex>
            <Whelped>31 Mar 15</Whelped>
            <DogGrade>M</DogGrade>
            <DogGOBIS>Y</DogGOBIS>
            <DogPRIZE>70</DogPRIZE>
            <Form>
                <Place>3rd</Place>
                <FormBox>5</FormBox>
                <Weight>33.4</Weight>
                <TrackCode>BEN</TrackCode>
                <FormDistance>425</FormDistance>
                <FormDate>15Mar17</FormDate>
                <FormGrade>All Maiden</FormGrade>
                <FormHandicap />
                <Margin>4.50L</Margin>
                <FirstSecond>"Iceni Skye"</FirstSecond>
                <DogTime>24.46</DogTime>
                <WinTime>24.16</WinTime>
                <BON>23.94</BON>
                <StartPrice>$6.10</StartPrice>
                <PIR>M/434</PIR>
                <Split>6.77</Split>
            </Form>
            <Form />
            <Form />
            <Form />
            <Form />
        </Dog>
        <Dog id="913850094">
            <RaceBox>8</RaceBox>
            <DogName>RACE ROQUETTE</DogName>
            <BestTime>NBT</BestTime>
            <DogHandicap />
            <StartsTOT>Starts 10-0-1-1</StartsTOT>
            <StartsTTD>Trk/Dst 2-0-0-0</StartsTTD>
            <Trainer id="69374">Michael Ryan</Trainer>
            <Suburb>Boronia</Suburb>
            <Owner>Fernando's Mum Synd S Wilson,C Allan</Owner>
            <Sire id="-399888">Swift Fancy</Sire>
            <Dam id="-491117">Lovely Time</Dam>
            <Colour>BK</Colour>
            <Sex>D</Sex>
            <Whelped>04 May 14</Whelped>
            <DogGrade>M</DogGrade>
            <DogGOBIS>Y</DogGOBIS>
            <DogPRIZE>355</DogPRIZE>
            <Form>
                <Place>3rd</Place>
                <FormBox>8</FormBox>
                <Weight>33.8</Weight>
                <TrackCode>HVL</TrackCode>
                <FormDistance>350</FormDistance>
                <FormDate>22May16</FormDate>
                <FormGrade>Maiden Heat</FormGrade>
                <FormHandicap />
                <Margin>4.75L</Margin>
                <FirstSecond>"Hide The Wallet"</FirstSecond>
                <DogTime>19.79</DogTime>
                <WinTime>19.46</WinTime>
                <BON>19.08</BON>
                <StartPrice>$6.70</StartPrice>
                <PIR>M/5</PIR>
                <Split>6.81</Split>
            </Form>
            <Form>
                <Place>4th</Place>
                <FormBox>6</FormBox>
                <Weight>33.3</Weight>
                <TrackCode>BAL</TrackCode>
                <FormDistance>450</FormDistance>
                <FormDate>27Feb17</FormDate>
                <FormGrade>Tier 3 - Maiden</FormGrade>
                <FormHandicap />
                <Margin>9.00L</Margin>
                <FirstSecond>"Destini Colorado"</FirstSecond>
                <DogTime>26.57</DogTime>
                <WinTime>25.94</WinTime>
                <BON>25.52</BON>
                <StartPrice>$7.30</StartPrice>
                <PIR>S/856</PIR>
                <Split>7.22</Split>
            </Form>
            <Form>
                <Place>4th</Place>
                <FormBox>3</FormBox>
                <Weight>32.5</Weight>
                <TrackCode>GEL</TrackCode>
                <FormDistance>460</FormDistance>
                <FormDate>07Mar17</FormDate>
                <FormGrade>Tier 3 - Maiden</FormGrade>
                <FormHandicap />
                <Margin>7.50L</Margin>
                <FirstSecond>"Blackpool Donny"</FirstSecond>
                <DogTime>26.81</DogTime>
                <WinTime>26.31</WinTime>
                <BON>25.85</BON>
                <StartPrice>$14.20</StartPrice>
                <PIR>S/777</PIR>
                <Split>6.96</Split>
            </Form>
            <Form>
                <Place>5th</Place>
                <FormBox>6</FormBox>
                <Weight>32.4</Weight>
                <TrackCode>WGL</TrackCode>
                <FormDistance>460</FormDistance>
                <FormDate>23Mar17</FormDate>
                <FormGrade>Tier 3 - Maiden</FormGrade>
                <FormHandicap />
                <Margin>5.50L</Margin>
                <FirstSecond>"Titanium Boy"</FirstSecond>
                <DogTime>27.31</DogTime>
                <WinTime>26.93</WinTime>
                <BON>26.22</BON>
                <StartPrice>$10.50</StartPrice>
                <PIR>M/716</PIR>
                <Split>7.01</Split>
            </Form>
            <Form>
                <Place>6th</Place>
                <FormBox>3</FormBox>
                <Weight>32.5</Weight>
                <TrackCode>BAL</TrackCode>
                <FormDistance>450</FormDistance>
                <FormDate>27Mar17</FormDate>
                <FormGrade>Tier 3 - Maiden</FormGrade>
                <FormHandicap />
                <Margin>19.00L</Margin>
                <FirstSecond>"Fess Crockett"</FirstSecond>
                <DogTime>27.07</DogTime>
                <WinTime>25.81</WinTime>
                <BON>25.57</BON>
                <StartPrice>$27.00</StartPrice>
                <PIR>M/755</PIR>
                <Split>7.13</Split>
            </Form>
        </Dog>
        <Dog id="1092720008">
            <RaceBox>9</RaceBox>
            <DogName>COSMO LASS Res.</DogName>
            <BestTime>NBT</BestTime>
            <DogHandicap />
            <StartsTOT>Starts 6-0-0-1</StartsTOT>
            <StartsTTD>Trk/Dst 2-0-0-1</StartsTTD>
            <Trainer id="110687">Thomas Sharp</Trainer>
            <Suburb>Melton West</Suburb>
            <Owner>Thomas Sharp</Owner>
            <Sire id="-210522">Cosmic Rumble</Sire>
            <Dam id="-735826">Dewana Savanna</Dam>
            <Colour>WBK</Colour>
            <Sex>B</Sex>
            <Whelped>08 Sep 14</Whelped>
            <DogGrade>M</DogGrade>
            <DogGOBIS>Y</DogGOBIS>
            <DogPRIZE>70</DogPRIZE>
            <Form>
                <Place>3rd</Place>
                <FormBox>2</FormBox>
                <Weight>25.6</Weight>
                <TrackCode>BAL</TrackCode>
                <FormDistance>450</FormDistance>
                <FormDate>09Jan17</FormDate>
                <FormGrade>All Maiden</FormGrade>
                <FormHandicap />
                <Margin>8.00L</Margin>
                <FirstSecond>"Allen Simon"</FirstSecond>
                <DogTime>26.24</DogTime>
                <WinTime>25.68</WinTime>
                <BON>25.52</BON>
                <StartPrice>$10.10</StartPrice>
                <PIR>M/333</PIR>
                <Split>6.83</Split>
            </Form>
            <Form>
                <Place>7th</Place>
                <FormBox>8</FormBox>
                <Weight>26.0</Weight>
                <TrackCode>BAL</TrackCode>
                <FormDistance>450</FormDistance>
                <FormDate>16Jan17</FormDate>
                <FormGrade>Tier 3 - Maiden</FormGrade>
                <FormHandicap />
                <Margin>10.00L</Margin>
                <FirstSecond>"Last Angel"</FirstSecond>
                <DogTime>26.63</DogTime>
                <WinTime>25.96</WinTime>
                <BON>25.78</BON>
                <StartPrice>$11.10</StartPrice>
                <PIR>Q/335</PIR>
                <Split>6.89</Split>
            </Form>
            <Form>
                <Place>F</Place>
                <FormBox>1</FormBox>
                <Weight>25.6</Weight>
                <TrackCode>BAL</TrackCode>
                <FormDistance>390</FormDistance>
                <FormDate>20Feb17</FormDate>
                <FormGrade>All Maiden</FormGrade>
                <FormHandicap />
                <Margin />
                <FirstSecond>"Magic Dance"</FirstSecond>
                <DogTime>0.00</DogTime>
                <WinTime>23.12</WinTime>
                <BON>22.28</BON>
                <StartPrice>$5.90</StartPrice>
                <PIR />
                <Split />
            </Form>
            <Form>
                <Place>6th</Place>
                <FormBox>6</FormBox>
                <Weight>25.8</Weight>
                <TrackCode>SHP</TrackCode>
                <FormDistance>390</FormDistance>
                <FormDate>02Mar17</FormDate>
                <FormGrade>All Maiden</FormGrade>
                <FormHandicap />
                <Margin>8.50L</Margin>
                <FirstSecond>"Miss Flower"</FirstSecond>
                <DogTime>23.04</DogTime>
                <WinTime>22.45</WinTime>
                <BON>22.24</BON>
                <StartPrice>$13.10</StartPrice>
                <PIR>M/35</PIR>
                <Split>8.72</Split>
            </Form>
            <Form>
                <Place>4th</Place>
                <FormBox>6</FormBox>
                <Weight>25.4</Weight>
                <TrackCode>GEL</TrackCode>
                <FormDistance>400</FormDistance>
                <FormDate>14Mar17</FormDate>
                <FormGrade>Maiden</FormGrade>
                <FormHandicap />
                <Margin>5.00L</Margin>
                <FirstSecond>"Merl's Angel"</FirstSecond>
                <DogTime>23.43</DogTime>
                <WinTime>23.09</WinTime>
                <BON>22.62</BON>
                <StartPrice>$14.50</StartPrice>
                <PIR>M/44</PIR>
                <Split>8.70</Split>
            </Form>
        </Dog>
        <Dog id="1591680011">
            <RaceBox>10</RaceBox>
            <DogName>ICENI RIVAL Res.</DogName>
            <BestTime>FSTD</BestTime>
            <DogHandicap />
            <StartsTOT>Starts 5-0-0-0</StartsTOT>
            <StartsTTD>Trk/Dst 0-0-0-0</StartsTTD>
            <Trainer id="129064">Susan Gray</Trainer>
            <Suburb>Broken Hill</Suburb>
            <Owner>Susan Gray</Owner>
            <Sire id="-309259">El Grand Senor</Sire>
            <Dam id="-713187">Iceni Gypsy</Dam>
            <Colour>BK</Colour>
            <Sex>B</Sex>
            <Whelped>18 Apr 15</Whelped>
            <DogGrade>M</DogGrade>
            <DogGOBIS>N</DogGOBIS>
            <DogPRIZE>0</DogPRIZE>
            <Form>
                <Place>7th</Place>
                <FormBox>4</FormBox>
                <Weight>28.2</Weight>
                <TrackCode>BHL</TrackCode>
                <FormDistance>375</FormDistance>
                <FormDate>03Dec16</FormDate>
                <FormGrade>Maiden</FormGrade>
                <FormHandicap />
                <Margin>20.00L</Margin>
                <FirstSecond>"Iceni Ryder"</FirstSecond>
                <DogTime>23.33</DogTime>
                <WinTime>21.95</WinTime>
                <BON>21.84</BON>
                <StartPrice>$1.00</StartPrice>
                <PIR>78877</PIR>
                <Split />
            </Form>
            <Form>
                <Place>5th</Place>
                <FormBox>4</FormBox>
                <Weight>28.2</Weight>
                <TrackCode>BHL</TrackCode>
                <FormDistance>375</FormDistance>
                <FormDate>09Dec16</FormDate>
                <FormGrade>Maiden</FormGrade>
                <FormHandicap />
                <Margin>9.00L</Margin>
                <FirstSecond>"Tegz A Riddler"</FirstSecond>
                <DogTime>22.67</DogTime>
                <WinTime>22.04</WinTime>
                <BON>22.00</BON>
                <StartPrice>$1.00</StartPrice>
                <PIR>35555</PIR>
                <Split />
            </Form>
            <Form>
                <Place>4th</Place>
                <FormBox>2</FormBox>
                <Weight>26.9</Weight>
                <TrackCode>SHP</TrackCode>
                <FormDistance>390</FormDistance>
                <FormDate>02Mar17</FormDate>
                <FormGrade>All Maiden</FormGrade>
                <FormHandicap />
                <Margin>9.50L</Margin>
                <FirstSecond>"Tunisian"</FirstSecond>
                <DogTime>22.90</DogTime>
                <WinTime>22.24</WinTime>
                <BON>22.24</BON>
                <StartPrice>$19.30</StartPrice>
                <PIR>M/45</PIR>
                <Split>8.66</Split>
            </Form>
            <Form>
                <Place>6th</Place>
                <FormBox>4</FormBox>
                <Weight>26.6</Weight>
                <TrackCode>BEN</TrackCode>
                <FormDistance>425</FormDistance>
                <FormDate>15Mar17</FormDate>
                <FormGrade>All Maiden</FormGrade>
                <FormHandicap />
                <Margin>11.00L</Margin>
                <FirstSecond>"Heroic Outlaw"</FirstSecond>
                <DogTime>25.34</DogTime>
                <WinTime>24.59</WinTime>
                <BON>23.94</BON>
                <StartPrice>$2.70</StartPrice>
                <PIR>M/377</PIR>
                <Split>6.96</Split>
            </Form>
            <Form>
                <Place>4th</Place>
                <FormBox>2</FormBox>
                <Weight>26.4</Weight>
                <TrackCode>BAL</TrackCode>
                <FormDistance>390</FormDistance>
                <FormDate>29Mar17</FormDate>
                <FormGrade>Maiden</FormGrade>
                <FormHandicap />
                <Margin>7.00L</Margin>
                <FirstSecond>"Leachwood Lass"</FirstSecond>
                <DogTime>23.02</DogTime>
                <WinTime>22.56</WinTime>
                <BON>22.15</BON>
                <StartPrice>$13.30</StartPrice>
                <PIR>S/76</PIR>
                <Split>8.81</Split>
            </Form>
        </Dog>
    </Race>
    <Race id="208756701">
        <RaceNum>2</RaceNum>
        <RaceName>BRENDAN DODD SIGNS HT2</RaceName>
        <RaceTime>06:25PM</RaceTime>
        <RaceTimeDateUTC>01 Apr 17 07:25AM</RaceTimeDateUTC>
        <Distance>450m</Distance>
        <RaceGrade>Maiden Heat</RaceGrade>
        <PrizeMoney1>$990</PrizeMoney1>
        <PrizeMoney2>$285</PrizeMoney2>
        <PrizeMoney3>$140</PrizeMoney3>
        <PrizeMoney4 />
        <PrizeMoney5 />
        <PrizeMoney6 />
        <PrizeMoney7 />
        <PrizeMoney8 />
        <GOBIS />
        <Hurdle />
        <Handicap />
        <TAB>TRI/QUIN R/D EXACTA PICK4</TAB>
        <GradeCode>MH</GradeCode>
        <Dog id="1560320014">
            <RaceBox>1</RaceBox>
            <DogName>COOL AL</DogName>
            <BestTime>FSTD</BestTime>
            <DogHandicap />
            <StartsTOT>Starts 10-0-0-3</StartsTOT>
            <StartsTTD>Trk/Dst 0-0-0-0</StartsTTD>
            <Trainer id="112338">Paul Hammerstein</Trainer>
            <Suburb>Ararat</Suburb>
            <Owner>Paul Hammerstein</Owner>
            <Sire id="-727265">Al Moran</Sire>
            <Dam id="-88995">Jacobite Caramel</Dam>
            <Colour>WBK</Colour>
            <Sex>D</Sex>
            <Whelped>11 Apr 15</Whelped>
            <DogGrade>M</DogGrade>
            <DogGOBIS>N</DogGOBIS>
            <DogPRIZE>280</DogPRIZE>
            <Form>
                <Place>4th</Place>
                <FormBox>4</FormBox>
                <Weight>35.6</Weight>
                <TrackCode>BAL</TrackCode>
                <FormDistance>390</FormDistance>
                <FormDate>28Jan17</FormDate>
                <FormGrade>Maiden Qualifying Heat</FormGrade>
                <FormHandicap />
                <Margin>8.50L</Margin>
                <FirstSecond>"Mi Blue Day"</FirstSecond>
                <DogTime>22.95</DogTime>
                <WinTime>22.39</WinTime>
                <BON>22.11</BON>
                <StartPrice />
                <PIR />
                <Split />
            </Form>
            <Form>
                <Place>3rd</Place>
                <FormBox>4</FormBox>
                <Weight>35.2</Weight>
                <TrackCode>BAL</TrackCode>
                <FormDistance>390</FormDistance>
                <FormDate>20Feb17</FormDate>
                <FormGrade>All Maiden</FormGrade>
                <FormHandicap />
                <Margin>11.00L</Margin>
                <FirstSecond>"Poor Old Frank"</FirstSecond>
                <DogTime>23.04</DogTime>
                <WinTime>22.28</WinTime>
                <BON>22.28</BON>
                <StartPrice>$4.90</StartPrice>
                <PIR>M/34</PIR>
                <Split>8.88</Split>
            </Form>
            <Form>
                <Place>4th</Place>
                <FormBox>1</FormBox>
                <Weight>35.5</Weight>
                <TrackCode>BAL</TrackCode>
                <FormDistance>390</FormDistance>
                <FormDate>25Feb17</FormDate>
                <FormGrade>Maiden Qualifying Heat</FormGrade>
                <FormHandicap />
                <Margin>12.00L</Margin>
                <FirstSecond>"Zulu Success"</FirstSecond>
                <DogTime>23.03</DogTime>
                <WinTime>22.23</WinTime>
                <BON>22.23</BON>
                <StartPrice />
                <PIR />
                <Split />
            </Form>
            <Form>
                <Place>4th</Place>
                <FormBox>5</FormBox>
                <Weight>35.6</Weight>
                <TrackCode>BEN</TrackCode>
                <FormDistance>425</FormDistance>
                <FormDate>22Mar17</FormDate>
                <FormGrade>Maiden</FormGrade>
                <FormHandicap />
                <Margin>3.5L</Margin>
                <FirstSecond>"One Moore Page"</FirstSecond>
                <DogTime>24.87</DogTime>
                <WinTime>24.64</WinTime>
                <BON>24.14</BON>
                <StartPrice>$4.20</StartPrice>
                <PIR>M/433</PIR>
                <Split>6.80</Split>
            </Form>
            <Form>
                <Place>7th</Place>
                <FormBox>3</FormBox>
                <Weight>35.2</Weight>
                <TrackCode>WBL</TrackCode>
                <FormDistance>390</FormDistance>
                <FormDate>28Mar17</FormDate>
                <FormGrade>Maiden</FormGrade>
                <FormHandicap />
                <Margin>8.50L</Margin>
                <FirstSecond>"Cosmic Ann"</FirstSecond>
                <DogTime>23.28</DogTime>
                <WinTime>22.72</WinTime>
                <BON>22.12</BON>
                <StartPrice>$10.00</StartPrice>
                <PIR>M/88</PIR>
                <Split>9.26</Split>
            </Form>
        </Dog>
        <Dog id="1295000027">
            <RaceBox>2</RaceBox>
            <DogName>MAHJONG RULE</DogName>
            <BestTime>NBT</BestTime>
            <DogHandicap />
            <StartsTOT>Starts 10-0-4-3</StartsTOT>
            <StartsTTD>Trk/Dst 1-0-1-0</StartsTTD>
            <Trainer id="131197">David Keanelly</Trainer>
            <Suburb>Marong</Suburb>
            <Owner>The Flying  Synd D Keanelly,S Chiu</Owner>
            <Sire id="-743489">Shakey Jakey</Sire>
            <Dam id="-625743">Hey Roseeta</Dam>
            <Colour>BK</Colour>
            <Sex>D</Sex>
            <Whelped>25 Dec 14</Whelped>
            <DogGrade>M</DogGrade>
            <DogGOBIS>Y</DogGOBIS>
            <DogPRIZE>980</DogPRIZE>
            <Form>
                <Place>2nd</Place>
                <FormBox>7</FormBox>
                <Weight>32.0</Weight>
                <TrackCode>SHP</TrackCode>
                <FormDistance>450</FormDistance>
                <FormDate>19Jan17</FormDate>
                <FormGrade>Tier 3 - Maiden</FormGrade>
                <FormHandicap />
                <Margin>2.00L</Margin>
                <FirstSecond>"Blue Reef"</FirstSecond>
                <DogTime>26.14</DogTime>
                <WinTime>26.02</WinTime>
                <BON>25.66</BON>
                <StartPrice>$7.30</StartPrice>
                <PIR>Q/111</PIR>
                <Split>6.72</Split>
            </Form>
            <Form>
                <Place>3rd</Place>
                <FormBox>3</FormBox>
                <Weight>32.7</Weight>
                <TrackCode>BEN</TrackCode>
                <FormDistance>425</FormDistance>
                <FormDate>24Jan17</FormDate>
                <FormGrade>Maiden</FormGrade>
                <FormHandicap />
                <Margin>12.00L</Margin>
                <FirstSecond>"Lainey's Fortune"</FirstSecond>
                <DogTime>24.73</DogTime>
                <WinTime>23.91</WinTime>
                <BON>23.91</BON>
                <StartPrice>$13.20</StartPrice>
                <PIR>M/443</PIR>
                <Split>6.61</Split>
            </Form>
            <Form>
                <Place>3rd</Place>
                <FormBox>3</FormBox>
                <Weight>32.5</Weight>
                <TrackCode>SHP</TrackCode>
                <FormDistance>390</FormDistance>
                <FormDate>02Feb17</FormDate>
                <FormGrade>Tier 3 - Maiden</FormGrade>
                <FormHandicap />
                <Margin>1.25L</Margin>
                <FirstSecond>"Oriental Ginger"</FirstSecond>
                <DogTime>22.80</DogTime>
                <WinTime>22.72</WinTime>
                <BON>22.15</BON>
                <StartPrice>$1.90</StartPrice>
                <PIR>M/45</PIR>
                <Split>8.63</Split>
            </Form>
            <Form>
                <Place>2nd</Place>
                <FormBox>5</FormBox>
                <Weight>32.5</Weight>
                <TrackCode>BEN</TrackCode>
                <FormDistance>425</FormDistance>
                <FormDate>08Feb17</FormDate>
                <FormGrade>Tier 3 - Maiden</FormGrade>
                <FormHandicap />
                <Margin>4.00L</Margin>
                <FirstSecond>"Opalia Bale"</FirstSecond>
                <DogTime>24.30</DogTime>
                <WinTime>24.03</WinTime>
                <BON>24.03</BON>
                <StartPrice>$5.60</StartPrice>
                <PIR>M/432</PIR>
                <Split>6.73</Split>
            </Form>
            <Form>
                <Place>4th</Place>
                <FormBox>6</FormBox>
                <Weight>32.6</Weight>
                <TrackCode>BAL</TrackCode>
                <FormDistance>390</FormDistance>
                <FormDate>27Mar17</FormDate>
                <FormGrade>Tier 3 - Maiden</FormGrade>
                <FormHandicap />
                <Margin>6.00L</Margin>
                <FirstSecond>"Caco Nut"</FirstSecond>
                <DogTime>22.74</DogTime>
                <WinTime>22.33</WinTime>
                <BON>22.28</BON>
                <StartPrice>$4.70</StartPrice>
                <PIR>M/24</PIR>
                <Split>8.64</Split>
            </Form>
        </Dog>
        <Dog id="1490820069">
            <RaceBox>3</RaceBox>
            <DogName>DON'S MACHINE</DogName>
            <BestTime>FSH</BestTime>
            <DogHandicap />
            <StartsTOT>Starts 3-0-0-0</StartsTOT>
            <StartsTTD>Trk/Dst 0-0-0-0</StartsTTD>
            <Trainer id="107521">Kevin Ward</Trainer>
            <Suburb>Mount Moriac</Suburb>
            <Owner>Kevin Ward</Owner>
            <Sire id="-722870">Fabregas</Sire>
            <Dam id="-498778">Dons Miss</Dam>
            <Colour>BK</Colour>
            <Sex>D</Sex>
            <Whelped>28 Jan 15</Whelped>
            <DogGrade>M</DogGrade>
            <DogGOBIS>N</DogGOBIS>
            <DogPRIZE>0</DogPRIZE>
            <Form>
                <Place>7th</Place>
                <FormBox>3</FormBox>
                <Weight>29.9</Weight>
                <TrackCode>WBL</TrackCode>
                <FormDistance>450</FormDistance>
                <FormDate>09Mar17</FormDate>
                <FormGrade>Maiden</FormGrade>
                <FormHandicap />
                <Margin>12.00L</Margin>
                <FirstSecond>"Zambora Krystal"</FirstSecond>
                <DogTime>26.27</DogTime>
                <WinTime>25.45</WinTime>
                <BON>24.83</BON>
                <StartPrice>$9.40</StartPrice>
                <PIR>M/335</PIR>
                <Split>6.69</Split>
            </Form>
            <Form>
                <Place>4th</Place>
                <FormBox>7</FormBox>
                <Weight>29.9</Weight>
                <TrackCode>WBL</TrackCode>
                <FormDistance>450</FormDistance>
                <FormDate>16Mar17</FormDate>
                <FormGrade>Maiden Heat</FormGrade>
                <FormHandicap />
                <Margin>11.00L</Margin>
                <FirstSecond>"Back On Lava"</FirstSecond>
                <DogTime>26.25</DogTime>
                <WinTime>25.51</WinTime>
                <BON>25.50</BON>
                <StartPrice>$25.00</StartPrice>
                <PIR>M/334</PIR>
                <Split>6.81</Split>
            </Form>
            <Form>
                <Place>7th</Place>
                <FormBox>5</FormBox>
                <Weight>29.6</Weight>
                <TrackCode>WBL</TrackCode>
                <FormDistance>450</FormDistance>
                <FormDate>23Mar17</FormDate>
                <FormGrade>Maiden</FormGrade>
                <FormHandicap />
                <Margin>7.50L</Margin>
                <FirstSecond>"Ocean View"</FirstSecond>
                <DogTime>26.33</DogTime>
                <WinTime>25.82</WinTime>
                <BON>25.24</BON>
                <StartPrice>$11.20</StartPrice>
                <PIR>Q/788</PIR>
                <Split>6.94</Split>
            </Form>
            <Form />
            <Form />
        </Dog>
        <Dog id="985240137">
            <RaceBox>4</RaceBox>
            <DogName>BEN'S TALON</DogName>
            <BestTime>NBT</BestTime>
            <DogHandicap />
            <StartsTOT>Starts 19-0-5-1</StartsTOT>
            <StartsTTD>Trk/Dst 3-0-0-0</StartsTTD>
            <Trainer id="108219">Keith Lloyd</Trainer>
            <Suburb>Anakie</Suburb>
            <Owner>Marcus Lloyd</Owner>
            <Sire id="-399888">Swift Fancy</Sire>
            <Dam id="-717317">Talon Miss</Dam>
            <Colour>BE</Colour>
            <Sex>D</Sex>
            <Whelped>14 Jul 14</Whelped>
            <DogGrade>M</DogGrade>
            <DogGOBIS>N</DogGOBIS>
            <DogPRIZE>770</DogPRIZE>
            <Form>
                <Place>2nd</Place>
                <FormBox>8</FormBox>
                <Weight>33.0</Weight>
                <TrackCode>BAL</TrackCode>
                <FormDistance>390</FormDistance>
                <FormDate>09Jan17</FormDate>
                <FormGrade>All Maiden</FormGrade>
                <FormHandicap />
                <Margin>2.00L</Margin>
                <FirstSecond>"More Moment"</FirstSecond>
                <DogTime>22.68</DogTime>
                <WinTime>22.56</WinTime>
                <BON>22.21</BON>
                <StartPrice>$15.10</StartPrice>
                <PIR>M/42</PIR>
                <Split>8.75</Split>
            </Form>
            <Form>
                <Place>8th</Place>
                <FormBox>1</FormBox>
                <Weight>33.0</Weight>
                <TrackCode>BAL</TrackCode>
                <FormDistance>450</FormDistance>
                <FormDate>16Jan17</FormDate>
                <FormGrade>Tier 3 - Maiden</FormGrade>
                <FormHandicap />
                <Margin>13.00L</Margin>
                <FirstSecond>"Kalgoorlie Kid"</FirstSecond>
                <DogTime>26.80</DogTime>
                <WinTime>25.93</WinTime>
                <BON>25.78</BON>
                <StartPrice>$2.70</StartPrice>
                <PIR>M/255</PIR>
                <Split>6.77</Split>
            </Form>
            <Form>
                <Place>3rd</Place>
                <FormBox>3</FormBox>
                <Weight>33.7</Weight>
                <TrackCode>GEL</TrackCode>
                <FormDistance>400</FormDistance>
                <FormDate>31Jan17</FormDate>
                <FormGrade>Maiden</FormGrade>
                <FormHandicap />
                <Margin>3.75L</Margin>
                <FirstSecond>"Bush Destroyer"</FirstSecond>
                <DogTime>23.36</DogTime>
                <WinTime>23.11</WinTime>
                <BON>22.87</BON>
                <StartPrice>$3.60</StartPrice>
                <PIR>Q/12</PIR>
                <Split>8.49</Split>
            </Form>
            <Form>
                <Place>2nd</Place>
                <FormBox>8</FormBox>
                <Weight>33.3</Weight>
                <TrackCode>GEL</TrackCode>
                <FormDistance>400</FormDistance>
                <FormDate>07Feb17</FormDate>
                <FormGrade>All Maiden</FormGrade>
                <FormHandicap />
                <Margin>0.50L</Margin>
                <FirstSecond>"Wicked Hillary"</FirstSecond>
                <DogTime>23.08</DogTime>
                <WinTime>23.05</WinTime>
                <BON>22.74</BON>
                <StartPrice>$3.30</StartPrice>
                <PIR>M/21</PIR>
                <Split>8.50</Split>
            </Form>
            <Form>
                <Place>7th</Place>
                <FormBox>2</FormBox>
                <Weight>33.5</Weight>
                <TrackCode>BAL</TrackCode>
                <FormDistance>390</FormDistance>
                <FormDate>27Mar17</FormDate>
                <FormGrade>Tier 3 - Maiden</FormGrade>
                <FormHandicap />
                <Margin>15.00L</Margin>
                <FirstSecond>"Caco Nut"</FirstSecond>
                <DogTime>23.32</DogTime>
                <WinTime>22.33</WinTime>
                <BON>22.28</BON>
                <StartPrice>$6.70</StartPrice>
                <PIR>M/67</PIR>
                <Split>8.94</Split>
            </Form>
        </Dog>
        <Dog id="1805750011">
            <RaceBox>5</RaceBox>
            <DogName>DESTINI TORPEDO</DogName>
            <BestTime>FSH</BestTime>
            <DogHandicap />
            <StartsTOT>Starts 0-0-0-0</StartsTOT>
            <StartsTTD>Trk/Dst 0-0-0-0</StartsTTD>
            <Trainer id="112922">Phillip Tanti</Trainer>
            <Suburb>Kings Park</Suburb>
            <Owner>Riverwalk Synd E Rinaldi,J Rinaldi</Owner>
            <Sire id="-713051">General Destini</Sire>
            <Dam id="-712712">Cloak Of Gold</Dam>
            <Colour>RF</Colour>
            <Sex>D</Sex>
            <Whelped>18 Jul 15</Whelped>
            <DogGrade>M</DogGrade>
            <DogGOBIS>N</DogGOBIS>
            <DogPRIZE>0</DogPRIZE>
            <Form />
            <Form />
            <Form />
            <Form />
            <Form />
        </Dog>
        <Dog id="1448760005">
            <RaceBox>6</RaceBox>
            <DogName>BLUEHAWK LADY</DogName>
            <BestTime>FSTD</BestTime>
            <DogHandicap />
            <StartsTOT>Starts 0-0-0-0</StartsTOT>
            <StartsTTD>Trk/Dst 0-0-0-0</StartsTTD>
            <Trainer id="113483">Tricia Curtain</Trainer>
            <Suburb>Cranbourne South</Suburb>
            <Owner>Dale Atkin</Owner>
            <Sire id="-57253">Messi</Sire>
            <Dam id="284640008">Carmyle</Dam>
            <Colour>BK</Colour>
            <Sex>B</Sex>
            <Whelped>02 Mar 15</Whelped>
            <DogGrade>M</DogGrade>
            <DogGOBIS>N</DogGOBIS>
            <DogPRIZE>0</DogPRIZE>
            <Form>
                <Place>2nd</Place>
                <FormBox>8</FormBox>
                <Weight>28.3</Weight>
                <TrackCode>BAL</TrackCode>
                <FormDistance>390</FormDistance>
                <FormDate>25Mar17</FormDate>
                <FormGrade>Maiden Qualifying Heat</FormGrade>
                <FormHandicap />
                <Margin>2.75L</Margin>
                <FirstSecond>"Rooey"</FirstSecond>
                <DogTime>22.67</DogTime>
                <WinTime>22.49</WinTime>
                <BON>22.06</BON>
                <StartPrice />
                <PIR />
                <Split />
            </Form>
            <Form />
            <Form />
            <Form />
            <Form />
        </Dog>
        <Dog id="1362090028">
            <RaceBox>7</RaceBox>
            <DogName>NITRO HEROINE</DogName>
            <BestTime>FSH</BestTime>
            <DogHandicap />
            <StartsTOT>Starts 1-0-0-1</StartsTOT>
            <StartsTTD>Trk/Dst 0-0-0-0</StartsTTD>
            <Trainer id="129635">Raymond Matthews</Trainer>
            <Suburb>Arcadia South</Suburb>
            <Owner>Janray Lodge Synd J Walker,R Matthews</Owner>
            <Sire id="-419205">Nitro Burst</Sire>
            <Dam id="-205690">Hanify's Heroine</Dam>
            <Colour>BK</Colour>
            <Sex>B</Sex>
            <Whelped>31 Jan 15</Whelped>
            <DogGrade>M</DogGrade>
            <DogGOBIS>Y</DogGOBIS>
            <DogPRIZE>140</DogPRIZE>
            <Form>
                <Place>3rd</Place>
                <FormBox>5</FormBox>
                <Weight>28.5</Weight>
                <TrackCode>SHP</TrackCode>
                <FormDistance>390</FormDistance>
                <FormDate>17Mar17</FormDate>
                <FormGrade>Maiden</FormGrade>
                <FormHandicap />
                <Margin>8.50L</Margin>
                <FirstSecond>"Sicario"</FirstSecond>
                <DogTime>22.83</DogTime>
                <WinTime>22.24</WinTime>
                <BON>22.17</BON>
                <StartPrice>$8.20</StartPrice>
                <PIR>M/43</PIR>
                <Split>8.72</Split>
            </Form>
            <Form />
            <Form />
            <Form />
            <Form />
        </Dog>
        <Dog id="1645420001">
            <RaceBox>8</RaceBox>
            <DogName>REGAL TYCOON</DogName>
            <BestTime>FSTD</BestTime>
            <DogHandicap />
            <StartsTOT>Starts 0-0-0-0</StartsTOT>
            <StartsTTD>Trk/Dst 0-0-0-0</StartsTTD>
            <Trainer id="129879">Stephen Spiteri</Trainer>
            <Suburb>St Albans</Suburb>
            <Owner>Alfred Spiteri</Owner>
            <Sire id="-727545">Jagger Swagger</Sire>
            <Dam id="-724071">Celtic Katie</Dam>
            <Colour>BK</Colour>
            <Sex>D</Sex>
            <Whelped>22 Apr 15</Whelped>
            <DogGrade>M</DogGrade>
            <DogGOBIS>N</DogGOBIS>
            <DogPRIZE>0</DogPRIZE>
            <Form>
                <Place>2nd</Place>
                <FormBox>8</FormBox>
                <Weight>31.9</Weight>
                <TrackCode>BAL</TrackCode>
                <FormDistance>390</FormDistance>
                <FormDate>25Mar17</FormDate>
                <FormGrade>Maiden Qualifying Heat</FormGrade>
                <FormHandicap />
                <Margin>2.50L</Margin>
                <FirstSecond>"Do Looks Count"</FirstSecond>
                <DogTime>22.83</DogTime>
                <WinTime>22.67</WinTime>
                <BON>22.06</BON>
                <StartPrice />
                <PIR />
                <Split />
            </Form>
            <Form />
            <Form />
            <Form />
            <Form />
        </Dog>
        <Dog id="1199510034">
            <RaceBox>9</RaceBox>
            <DogName>CRAINY'S WISH Res.</DogName>
            <BestTime>NBT</BestTime>
            <DogHandicap />
            <StartsTOT>Starts 10-1-1-1</StartsTOT>
            <StartsTTD>Trk/Dst 1-0-1-0</StartsTTD>
            <Trainer id="113589">Neil Baker</Trainer>
            <Suburb>Plenty</Suburb>
            <Owner>Baked Bird  Synd L Baker,N Baker,G Crain</Owner>
            <Sire id="-631999">Nolen</Sire>
            <Dam id="-625606">Queen Of Black</Dam>
            <Colour>BK</Colour>
            <Sex>D</Sex>
            <Whelped>03 Nov 14</Whelped>
            <DogGrade>M</DogGrade>
            <DogGOBIS>Y</DogGOBIS>
            <DogPRIZE>780</DogPRIZE>
            <Form>
                <Place>6th</Place>
                <FormBox>7</FormBox>
                <Weight>29.8</Weight>
                <TrackCode>BEN</TrackCode>
                <FormDistance>425</FormDistance>
                <FormDate>01Mar17</FormDate>
                <FormGrade>Maiden</FormGrade>
                <FormHandicap />
                <Margin>6.50L</Margin>
                <FirstSecond>"Khimki"</FirstSecond>
                <DogTime>25.11</DogTime>
                <WinTime>24.68</WinTime>
                <BON>23.89</BON>
                <StartPrice>$11.90</StartPrice>
                <PIR>M/556</PIR>
                <Split>6.86</Split>
            </Form>
            <Form>
                <Place>7th</Place>
                <FormBox>2</FormBox>
                <Weight>30.1</Weight>
                <TrackCode>BEN</TrackCode>
                <FormDistance>425</FormDistance>
                <FormDate>09Mar17</FormDate>
                <FormGrade>Tier 3 - Maiden</FormGrade>
                <FormHandicap />
                <Margin>7.50L</Margin>
                <FirstSecond>"Miracle Cherry"</FirstSecond>
                <DogTime>24.99</DogTime>
                <WinTime>24.49</WinTime>
                <BON>24.10</BON>
                <StartPrice>$7.00</StartPrice>
                <PIR>S/767</PIR>
                <Split>6.92</Split>
            </Form>
            <Form>
                <Place>5th</Place>
                <FormBox>8</FormBox>
                <Weight>30.1</Weight>
                <TrackCode>BEN</TrackCode>
                <FormDistance>500</FormDistance>
                <FormDate>15Mar17</FormDate>
                <FormGrade>All Maiden</FormGrade>
                <FormHandicap />
                <Margin>3.75L</Margin>
                <FirstSecond>"Good Luck Mark"</FirstSecond>
                <DogTime>29.03</DogTime>
                <WinTime>28.77</WinTime>
                <BON>28.71</BON>
                <StartPrice>$19.10</StartPrice>
                <PIR>M/311</PIR>
                <Split>6.87</Split>
            </Form>
            <Form>
                <Place>4th</Place>
                <FormBox>8</FormBox>
                <Weight>30.6</Weight>
                <TrackCode>GEL</TrackCode>
                <FormDistance>460</FormDistance>
                <FormDate>21Mar17</FormDate>
                <FormGrade>Tier 3 - Maiden</FormGrade>
                <FormHandicap />
                <Margin>5.00L</Margin>
                <FirstSecond>"Winston Cruise"</FirstSecond>
                <DogTime>26.94</DogTime>
                <WinTime>26.61</WinTime>
                <BON>26.26</BON>
                <StartPrice>$12.30</StartPrice>
                <PIR>M/312</PIR>
                <Split>6.86</Split>
            </Form>
            <Form>
                <Place>1st</Place>
                <FormBox>5</FormBox>
                <Weight>30.3</Weight>
                <TrackCode>BEN</TrackCode>
                <FormDistance>425</FormDistance>
                <FormDate>29Mar17</FormDate>
                <FormGrade>Tier 3 - Maiden</FormGrade>
                <FormHandicap />
                <Margin>7.50L</Margin>
                <FirstSecond>"Definitely Yes"</FirstSecond>
                <DogTime>24.14</DogTime>
                <WinTime>24.14</WinTime>
                <BON>24.14</BON>
                <StartPrice>$5.20</StartPrice>
                <PIR>M/111</PIR>
                <Split>6.74</Split>
            </Form>
        </Dog>
        <Dog id="1493550049">
            <RaceBox>10</RaceBox>
            <DogName>NICKY JO Res.</DogName>
            <BestTime>FSH</BestTime>
            <DogHandicap />
            <StartsTOT>Starts 3-0-0-0</StartsTOT>
            <StartsTTD>Trk/Dst 0-0-0-0</StartsTTD>
            <Trainer id="131688">Lindsay Morshead</Trainer>
            <Suburb>Barongarook</Suburb>
            <Owner>Lindsay Morshead</Owner>
            <Sire id="-710494">Barcia Bale</Sire>
            <Dam id="-730592">Premier Mojo</Dam>
            <Colour>BK</Colour>
            <Sex>B</Sex>
            <Whelped>17 Mar 15</Whelped>
            <DogGrade>M</DogGrade>
            <DogGOBIS>Y</DogGOBIS>
            <DogPRIZE>0</DogPRIZE>
            <Form>
                <Place>5th</Place>
                <FormBox>4</FormBox>
                <Weight>26.2</Weight>
                <TrackCode>GEL</TrackCode>
                <FormDistance>400</FormDistance>
                <FormDate>03Mar17</FormDate>
                <FormGrade>Maiden Heat</FormGrade>
                <FormHandicap />
                <Margin>4.25L</Margin>
                <FirstSecond>"Mrs. Kash"</FirstSecond>
                <DogTime>23.19</DogTime>
                <WinTime>22.91</WinTime>
                <BON>22.75</BON>
                <StartPrice>$6.20</StartPrice>
                <PIR>M/64</PIR>
                <Split>8.69</Split>
            </Form>
            <Form>
                <Place>6th</Place>
                <FormBox>1</FormBox>
                <Weight>26.1</Weight>
                <TrackCode>BEN</TrackCode>
                <FormDistance>425</FormDistance>
                <FormDate>15Mar17</FormDate>
                <FormGrade>All Maiden</FormGrade>
                <FormHandicap />
                <Margin>15.00L</Margin>
                <FirstSecond>"Jessie Oh"</FirstSecond>
                <DogTime>25.46</DogTime>
                <WinTime>24.48</WinTime>
                <BON>23.94</BON>
                <StartPrice>$3.50</StartPrice>
                <PIR>S/866</PIR>
                <Split>7.16</Split>
            </Form>
            <Form>
                <Place>8th</Place>
                <FormBox>6</FormBox>
                <Weight>26.1</Weight>
                <TrackCode>GEL</TrackCode>
                <FormDistance>460</FormDistance>
                <FormDate>21Mar17</FormDate>
                <FormGrade>Tier 3 - Maiden</FormGrade>
                <FormHandicap />
                <Margin>25.00L</Margin>
                <FirstSecond>"Roy Boy"</FirstSecond>
                <DogTime>28.25</DogTime>
                <WinTime>26.52</WinTime>
                <BON>26.26</BON>
                <StartPrice>$7.60</StartPrice>
                <PIR>S/448</PIR>
                <Split>6.86</Split>
            </Form>
            <Form />
            <Form />
        </Dog>
    </Race>
    <Race id="208756698">
        <RaceNum>3</RaceNum>
        <RaceName>SINCLAIR MEATS (0-3 WINS)</RaceName>
        <RaceTime>06:44PM</RaceTime>
        <RaceTimeDateUTC>01 Apr 17 07:44AM</RaceTimeDateUTC>
        <Distance>545m</Distance>
        <RaceGrade>Restricted Win</RaceGrade>
        <PrizeMoney1>$1325</PrizeMoney1>
        <PrizeMoney2>$375</PrizeMoney2>
        <PrizeMoney3>$190</PrizeMoney3>
        <PrizeMoney4 />
        <PrizeMoney5 />
        <PrizeMoney6 />
        <PrizeMoney7 />
        <PrizeMoney8 />
        <GOBIS />
        <Hurdle />
        <Handicap />
        <TAB>TRI/QUIN R/D EXACTA PICK4</TAB>
        <GradeCode>RW</GradeCode>
        <Dog id="867270038">
            <RaceBox>1</RaceBox>
            <DogName>BRYDEN CURLY</DogName>
            <BestTime>31.92</BestTime>
            <DogHandicap />
            <StartsTOT>Starts 15-1-3-2</StartsTOT>
            <StartsTTD>Trk/Dst 5-1-1-2</StartsTTD>
            <Trainer id="102158">Ashley Craven</Trainer>
            <Suburb>Wangaratta</Suburb>
            <Owner>Denise Sparkes</Owner>
            <Sire id="-9071">Kinloch Brae</Sire>
            <Dam id="-735268">War Torn</Dam>
            <Colour>BK</Colour>
            <Sex>B</Sex>
            <Whelped>20 Apr 14</Whelped>
            <DogGrade>7</DogGrade>
            <DogGOBIS>Y</DogGOBIS>
            <DogPRIZE>1500</DogPRIZE>
            <Form>
                <Place>2nd</Place>
                <FormBox>5</FormBox>
                <Weight>25.4</Weight>
                <TrackCode>BAL</TrackCode>
                <FormDistance>545</FormDistance>
                <FormDate>13Feb17</FormDate>
                <FormGrade>Tier 3 - Restricted Win</FormGrade>
                <FormHandicap />
                <Margin>1.25L</Margin>
                <FirstSecond>"Saint Madam"</FirstSecond>
                <DogTime>31.73</DogTime>
                <WinTime>31.66</WinTime>
                <BON>31.57</BON>
                <StartPrice>$14.10</StartPrice>
                <PIR>M/3222</PIR>
                <Split>6.95</Split>
            </Form>
            <Form>
                <Place>5th</Place>
                <FormBox>4</FormBox>
                <Weight>25.0</Weight>
                <TrackCode>BAL</TrackCode>
                <FormDistance>660</FormDistance>
                <FormDate>01Mar17</FormDate>
                <FormGrade>Novice Grade 7</FormGrade>
                <FormHandicap />
                <Margin>9.50L</Margin>
                <FirstSecond>"Flash Intention"</FirstSecond>
                <DogTime>38.93</DogTime>
                <WinTime>38.30</WinTime>
                <BON>38.30</BON>
                <StartPrice>$20.40</StartPrice>
                <PIR>M/1112</PIR>
                <Split>12.94</Split>
            </Form>
            <Form>
                <Place>3rd</Place>
                <FormBox>1</FormBox>
                <Weight>24.7</Weight>
                <TrackCode>BAL</TrackCode>
                <FormDistance>545</FormDistance>
                <FormDate>13Mar17</FormDate>
                <FormGrade>Tier 3 - Grade 7</FormGrade>
                <FormHandicap />
                <Margin>12.00L</Margin>
                <FirstSecond>"Ima Caravan"</FirstSecond>
                <DogTime>31.75</DogTime>
                <WinTime>30.98</WinTime>
                <BON>30.98</BON>
                <StartPrice>$2.40</StartPrice>
                <PIR>M/6654</PIR>
                <Split>7.24</Split>
            </Form>
            <Form>
                <Place>3rd</Place>
                <FormBox>7</FormBox>
                <Weight>25.0</Weight>
                <TrackCode>BAL</TrackCode>
                <FormDistance>545</FormDistance>
                <FormDate>20Mar17</FormDate>
                <FormGrade>Mixed 6/7</FormGrade>
                <FormHandicap />
                <Margin>1.25L</Margin>
                <FirstSecond>"Shy Freddie"</FirstSecond>
                <DogTime>31.89</DogTime>
                <WinTime>31.81</WinTime>
                <BON>31.35</BON>
                <StartPrice>$4.20</StartPrice>
                <PIR>M/5445</PIR>
                <Split>7.10</Split>
            </Form>
            <Form>
                <Place>5th</Place>
                <FormBox>6</FormBox>
                <Weight>25.1</Weight>
                <TrackCode>BAL</TrackCode>
                <FormDistance>545</FormDistance>
                <FormDate>25Mar17</FormDate>
                <FormGrade>Restricted Win Qualifying Heat</FormGrade>
                <FormHandicap />
                <Margin>4.50L</Margin>
                <FirstSecond>"Chuck McIvor"</FirstSecond>
                <DogTime>31.83</DogTime>
                <WinTime>31.52</WinTime>
                <BON>31.17</BON>
                <StartPrice />
                <PIR />
                <Split />
            </Form>
        </Dog>
        <Dog id="1426130014">
            <RaceBox>2</RaceBox>
            <DogName>CRUISING AMBER</DogName>
            <BestTime>FSTD</BestTime>
            <DogHandicap />
            <StartsTOT>Starts 3-1-0-0</StartsTOT>
            <StartsTTD>Trk/Dst 0-0-0-0</StartsTTD>
            <Trainer id="77322">Mark Cauchi</Trainer>
            <Suburb>St Leonards</Suburb>
            <Owner>Mark Cauchi</Owner>
            <Sire id="-327626">Smooth Cruising</Sire>
            <Dam id="-722185">Don's Wild Child</Dam>
            <Colour>F</Colour>
            <Sex>B</Sex>
            <Whelped>16 Feb 15</Whelped>
            <DogGrade>7</DogGrade>
            <DogGOBIS>N</DogGOBIS>
            <DogPRIZE>500</DogPRIZE>
            <Form>
                <Place>6th</Place>
                <FormBox>6</FormBox>
                <Weight>25.5</Weight>
                <TrackCode>MEP</TrackCode>
                <FormDistance>525</FormDistance>
                <FormDate>15Feb17</FormDate>
                <FormGrade>Maiden Heat</FormGrade>
                <FormHandicap />
                <Margin>18.00L</Margin>
                <FirstSecond>"Brueghelino"</FirstSecond>
                <DogTime>31.23</DogTime>
                <WinTime>30.01</WinTime>
                <BON>29.93</BON>
                <StartPrice>$58.20</StartPrice>
                <PIR>M/4555</PIR>
                <Split>5.30</Split>
            </Form>
            <Form>
                <Place>7th</Place>
                <FormBox>6</FormBox>
                <Weight>25.7</Weight>
                <TrackCode>GEL</TrackCode>
                <FormDistance>460</FormDistance>
                <FormDate>17Feb17</FormDate>
                <FormGrade>Maiden</FormGrade>
                <FormHandicap />
                <Margin>11.00L</Margin>
                <FirstSecond>"Storm Search"</FirstSecond>
                <DogTime>26.96</DogTime>
                <WinTime>26.24</WinTime>
                <BON>25.61</BON>
                <StartPrice>$18.00</StartPrice>
                <PIR>M/468</PIR>
                <Split>6.86</Split>
            </Form>
            <Form>
                <Place>3rd</Place>
                <FormBox>6</FormBox>
                <Weight>25.7</Weight>
                <TrackCode>BAL</TrackCode>
                <FormDistance>390</FormDistance>
                <FormDate>25Feb17</FormDate>
                <FormGrade>Maiden Qualifying Heat</FormGrade>
                <FormHandicap />
                <Margin>3.00L</Margin>
                <FirstSecond>"What Pins"</FirstSecond>
                <DogTime>22.87</DogTime>
                <WinTime>22.67</WinTime>
                <BON>22.23</BON>
                <StartPrice />
                <PIR />
                <Split />
            </Form>
            <Form>
                <Place>1st</Place>
                <FormBox>4</FormBox>
                <Weight>25.7</Weight>
                <TrackCode>BAL</TrackCode>
                <FormDistance>450</FormDistance>
                <FormDate>13Mar17</FormDate>
                <FormGrade>Tier 3 - Maiden</FormGrade>
                <FormHandicap />
                <Margin>3.00L</Margin>
                <FirstSecond>"Take The Rapid"</FirstSecond>
                <DogTime>25.97</DogTime>
                <WinTime>25.97</WinTime>
                <BON>25.51</BON>
                <StartPrice>$4.10</StartPrice>
                <PIR>M/211</PIR>
                <Split>6.69</Split>
            </Form>
            <Form />
        </Dog>
        <Dog id="568700003">
            <RaceBox>3</RaceBox>
            <DogName>GENERAL'S GIRL</DogName>
            <BestTime>NBT</BestTime>
            <DogHandicap />
            <StartsTOT>Starts 34-0-1-4</StartsTOT>
            <StartsTTD>Trk/Dst 4-0-0-3</StartsTTD>
            <Trainer id="173349">Vanessa Watson</Trainer>
            <Suburb>Sunbury</Suburb>
            <Owner>Vanessa Watson</Owner>
            <Sire id="-600545">General Magoo</Sire>
            <Dam id="-36652">Vivie Gogolac</Dam>
            <Colour>BK</Colour>
            <Sex>B</Sex>
            <Whelped>24 Aug 13</Whelped>
            <DogGrade>M</DogGrade>
            <DogGOBIS>N</DogGOBIS>
            <DogPRIZE>570</DogPRIZE>
            <Form>
                <Place>F</Place>
                <FormBox>8</FormBox>
                <Weight>25.0</Weight>
                <TrackCode>GEL</TrackCode>
                <FormDistance>460</FormDistance>
                <FormDate>23Dec16</FormDate>
                <FormGrade>Maiden</FormGrade>
                <FormHandicap />
                <Margin />
                <FirstSecond>"Miss Lava"</FirstSecond>
                <DogTime>0.00</DogTime>
                <WinTime>25.93</WinTime>
                <BON>25.30</BON>
                <StartPrice>$31.50</StartPrice>
                <PIR>M/656</PIR>
                <Split>6.76</Split>
            </Form>
            <Form>
                <Place>3rd</Place>
                <FormBox>7</FormBox>
                <Weight>25.8</Weight>
                <TrackCode>BAL</TrackCode>
                <FormDistance>545</FormDistance>
                <FormDate>16Jan17</FormDate>
                <FormGrade>Tier 3 - Maiden</FormGrade>
                <FormHandicap />
                <Margin>1.75L</Margin>
                <FirstSecond>"Carlanna Casey"</FirstSecond>
                <DogTime>32.15</DogTime>
                <WinTime>32.03</WinTime>
                <BON>31.33</BON>
                <StartPrice>$29.90</StartPrice>
                <PIR>M/2333</PIR>
                <Split>6.97</Split>
            </Form>
            <Form>
                <Place>3rd</Place>
                <FormBox>3</FormBox>
                <Weight>25.8</Weight>
                <TrackCode>BAL</TrackCode>
                <FormDistance>545</FormDistance>
                <FormDate>30Jan17</FormDate>
                <FormGrade>Tier 3 - Maiden</FormGrade>
                <FormHandicap />
                <Margin>13.00L</Margin>
                <FirstSecond>"Perceptive"</FirstSecond>
                <DogTime>32.02</DogTime>
                <WinTime>31.14</WinTime>
                <BON>31.14</BON>
                <StartPrice>$34.80</StartPrice>
                <PIR>M/3333</PIR>
                <Split>7.00</Split>
            </Form>
            <Form>
                <Place>6th</Place>
                <FormBox>4</FormBox>
                <Weight>25.8</Weight>
                <TrackCode>SAP</TrackCode>
                <FormDistance>515</FormDistance>
                <FormDate>05Feb17</FormDate>
                <FormGrade>Maiden</FormGrade>
                <FormHandicap />
                <Margin>15.00L</Margin>
                <FirstSecond>"Beanbag"</FirstSecond>
                <DogTime>31.00</DogTime>
                <WinTime>29.96</WinTime>
                <BON>29.65</BON>
                <StartPrice>$28.30</StartPrice>
                <PIR>M/6454</PIR>
                <Split>5.39</Split>
            </Form>
            <Form>
                <Place>3rd</Place>
                <FormBox>5</FormBox>
                <Weight>25.2</Weight>
                <TrackCode>BAL</TrackCode>
                <FormDistance>545</FormDistance>
                <FormDate>27Feb17</FormDate>
                <FormGrade>Tier 3 - Maiden</FormGrade>
                <FormHandicap />
                <Margin>14.00L</Margin>
                <FirstSecond>"Federal Agent"</FirstSecond>
                <DogTime>32.38</DogTime>
                <WinTime>31.45</WinTime>
                <BON>31.45</BON>
                <StartPrice>$32.10</StartPrice>
                <PIR>M/2233</PIR>
                <Split>7.19</Split>
            </Form>
        </Dog>
        <Dog id="1550040015">
            <RaceBox>4</RaceBox>
            <DogName>BOOMER HARGEN</DogName>
            <BestTime>31.17Q</BestTime>
            <DogHandicap />
            <StartsTOT>Starts 2-0-0-0</StartsTOT>
            <StartsTTD>Trk/Dst 0-0-0-0</StartsTTD>
            <Trainer id="68583">Clint Capuano</Trainer>
            <Suburb>Anakie</Suburb>
            <Owner>Luke Bennett</Owner>
            <Sire id="-710494">Barcia Bale</Sire>
            <Dam id="-488663">Punk Rock Lass</Dam>
            <Colour>BK</Colour>
            <Sex>B</Sex>
            <Whelped>21 Apr 15</Whelped>
            <DogGrade>M</DogGrade>
            <DogGOBIS>N</DogGOBIS>
            <DogPRIZE>0</DogPRIZE>
            <Form>
                <Place>F</Place>
                <FormBox>8</FormBox>
                <Weight>28.6</Weight>
                <TrackCode>WGL</TrackCode>
                <FormDistance>460</FormDistance>
                <FormDate>31Jan17</FormDate>
                <FormGrade>Maiden Heat</FormGrade>
                <FormHandicap />
                <Margin />
                <FirstSecond>"All About Corey"</FirstSecond>
                <DogTime>0.00</DogTime>
                <WinTime>26.69</WinTime>
                <BON>25.45</BON>
                <StartPrice>$2.00</StartPrice>
                <PIR>M/5</PIR>
                <Split>6.77</Split>
            </Form>
            <Form>
                <Place>7th</Place>
                <FormBox>6</FormBox>
                <Weight>28.5</Weight>
                <TrackCode>MEP</TrackCode>
                <FormDistance>525</FormDistance>
                <FormDate>15Feb17</FormDate>
                <FormGrade>Maiden Heat</FormGrade>
                <FormHandicap />
                <Margin>14.00L</Margin>
                <FirstSecond>"Angel Dash"</FirstSecond>
                <DogTime>31.25</DogTime>
                <WinTime>30.31</WinTime>
                <BON>29.93</BON>
                <StartPrice>$10.40</StartPrice>
                <PIR>M/3788</PIR>
                <Split>5.16</Split>
            </Form>
            <Form>
                <Place>1st</Place>
                <FormBox>6</FormBox>
                <Weight>27.8</Weight>
                <TrackCode>BAL</TrackCode>
                <FormDistance>545</FormDistance>
                <FormDate>25Mar17</FormDate>
                <FormGrade>Restricted Win Qualifying Heat</FormGrade>
                <FormHandicap />
                <Margin>4.00L</Margin>
                <FirstSecond>"McIvor Verna"</FirstSecond>
                <DogTime>31.17</DogTime>
                <WinTime>31.17</WinTime>
                <BON>31.17</BON>
                <StartPrice />
                <PIR />
                <Split>6.72</Split>
            </Form>
            <Form />
            <Form />
        </Dog>
        <Dog id="1464530004">
            <RaceBox>5</RaceBox>
            <DogName>HERACLES</DogName>
            <BestTime>NBT</BestTime>
            <DogHandicap />
            <StartsTOT>Starts 11-1-3-1</StartsTOT>
            <StartsTTD>Trk/Dst 1-0-1-0</StartsTTD>
            <Trainer id="115397">Daniel Pell</Trainer>
            <Suburb>Toolleen</Suburb>
            <Owner>Bev And Daniel Synd B Pell,D Pell</Owner>
            <Sire id="-710494">Barcia Bale</Sire>
            <Dam id="-626092">Carol Beer</Dam>
            <Colour>F</Colour>
            <Sex>D</Sex>
            <Whelped>21 Mar 15</Whelped>
            <DogGrade>7</DogGrade>
            <DogGOBIS>N</DogGOBIS>
            <DogPRIZE>1965</DogPRIZE>
            <Form>
                <Place>6th</Place>
                <FormBox>1</FormBox>
                <Weight>32.7</Weight>
                <TrackCode>SAP</TrackCode>
                <FormDistance>515</FormDistance>
                <FormDate>19Feb17</FormDate>
                <FormGrade>Restricted Win Heat</FormGrade>
                <FormHandicap />
                <Margin>13.00L</Margin>
                <FirstSecond>"Pupetta Maresca"</FirstSecond>
                <DogTime>30.54</DogTime>
                <WinTime>29.68</WinTime>
                <BON>29.59</BON>
                <StartPrice>$11.60</StartPrice>
                <PIR>M/5777</PIR>
                <Split>5.19</Split>
            </Form>
            <Form>
                <Place>2nd</Place>
                <FormBox>8</FormBox>
                <Weight>32.9</Weight>
                <TrackCode>BEN</TrackCode>
                <FormDistance>500</FormDistance>
                <FormDate>08Mar17</FormDate>
                <FormGrade>Tier 3 - Grade 7</FormGrade>
                <FormHandicap />
                <Margin>4.00L</Margin>
                <FirstSecond>"All Inn Houston"</FirstSecond>
                <DogTime>28.71</DogTime>
                <WinTime>28.45</WinTime>
                <BON>28.25</BON>
                <StartPrice>$2.20</StartPrice>
                <PIR>M/332</PIR>
                <Split>6.85</Split>
            </Form>
            <Form>
                <Place>2nd</Place>
                <FormBox>4</FormBox>
                <Weight>33.0</Weight>
                <TrackCode>BAL</TrackCode>
                <FormDistance>545</FormDistance>
                <FormDate>13Mar17</FormDate>
                <FormGrade>Tier 3 - Grade 7</FormGrade>
                <FormHandicap />
                <Margin>4.50L</Margin>
                <FirstSecond>"Ima Caravan"</FirstSecond>
                <DogTime>31.29</DogTime>
                <WinTime>30.98</WinTime>
                <BON>30.98</BON>
                <StartPrice>$3.20</StartPrice>
                <PIR>M/3333</PIR>
                <Split>6.94</Split>
            </Form>
            <Form>
                <Place>8th</Place>
                <FormBox>4</FormBox>
                <Weight>32.7</Weight>
                <TrackCode>SAP</TrackCode>
                <FormDistance>595</FormDistance>
                <FormDate>19Mar17</FormDate>
                <FormGrade>Restricted Win Heat</FormGrade>
                <FormHandicap />
                <Margin>16.00L</Margin>
                <FirstSecond>"Mac Molly"</FirstSecond>
                <DogTime>35.69</DogTime>
                <WinTime>34.60</WinTime>
                <BON>34.58</BON>
                <StartPrice>$39.20</StartPrice>
                <PIR>M/6888</PIR>
                <Split>10.09</Split>
            </Form>
            <Form>
                <Place>3rd</Place>
                <FormBox>3</FormBox>
                <Weight>32.7</Weight>
                <TrackCode>SAP</TrackCode>
                <FormDistance>595</FormDistance>
                <FormDate>26Mar17</FormDate>
                <FormGrade>Mixed 6/7</FormGrade>
                <FormHandicap />
                <Margin>6.50L</Margin>
                <FirstSecond>"Queen Yuna"</FirstSecond>
                <DogTime>34.92</DogTime>
                <WinTime>34.48</WinTime>
                <BON>34.29</BON>
                <StartPrice>$7.80</StartPrice>
                <PIR>M/3333</PIR>
                <Split>9.42</Split>
            </Form>
        </Dog>
        <Dog id="841260005">
            <RaceBox>6</RaceBox>
            <DogName>BRYDEN LADY</DogName>
            <BestTime>FSTD</BestTime>
            <DogHandicap />
            <StartsTOT>Starts 21-2-6-1</StartsTOT>
            <StartsTTD>Trk/Dst 0-0-0-0</StartsTTD>
            <Trainer id="102158">Ashley Craven</Trainer>
            <Suburb>Wangaratta</Suburb>
            <Owner>Denise Sparkes</Owner>
            <Sire id="-168350">Collision</Sire>
            <Dam id="-371463">Lady Arko</Dam>
            <Colour>BD</Colour>
            <Sex>B</Sex>
            <Whelped>10 Feb 14</Whelped>
            <DogGrade>6</DogGrade>
            <DogGOBIS>Y</DogGOBIS>
            <DogPRIZE>7620</DogPRIZE>
            <Form>
                <Place>5th</Place>
                <FormBox>7</FormBox>
                <Weight>28.7</Weight>
                <TrackCode>GEL</TrackCode>
                <FormDistance>460</FormDistance>
                <FormDate>11Nov16</FormDate>
                <FormGrade>Mixed 6/7</FormGrade>
                <FormHandicap />
                <Margin>9.00L</Margin>
                <FirstSecond>"Lektra Flame"</FirstSecond>
                <DogTime>26.53</DogTime>
                <WinTime>25.91</WinTime>
                <BON>25.74</BON>
                <StartPrice>$4.40</StartPrice>
                <PIR>M/666</PIR>
                <Split>6.87</Split>
            </Form>
            <Form>
                <Place>5th</Place>
                <FormBox>5</FormBox>
                <Weight>28.5</Weight>
                <TrackCode>BAL</TrackCode>
                <FormDistance>450</FormDistance>
                <FormDate>16Nov16</FormDate>
                <FormGrade>Grade 6</FormGrade>
                <FormHandicap />
                <Margin>5.00L</Margin>
                <FirstSecond>"Night King"</FirstSecond>
                <DogTime>25.71</DogTime>
                <WinTime>25.37</WinTime>
                <BON>25.27</BON>
                <StartPrice>$30.60</StartPrice>
                <PIR>M/766</PIR>
                <Split>6.82</Split>
            </Form>
            <Form>
                <Place>6th</Place>
                <FormBox>3</FormBox>
                <Weight>29.1</Weight>
                <TrackCode>MEP</TrackCode>
                <FormDistance>525</FormDistance>
                <FormDate>23Nov16</FormDate>
                <FormGrade>Restricted Win</FormGrade>
                <FormHandicap />
                <Margin>10.00L</Margin>
                <FirstSecond>"Latifi Sam"</FirstSecond>
                <DogTime>31.10</DogTime>
                <WinTime>30.41</WinTime>
                <BON>30.21</BON>
                <StartPrice>$10.70</StartPrice>
                <PIR>M/3566</PIR>
                <Split>5.21</Split>
            </Form>
            <Form>
                <Place>6th</Place>
                <FormBox>2</FormBox>
                <Weight>29.3</Weight>
                <TrackCode>HVL</TrackCode>
                <FormDistance>300</FormDistance>
                <FormDate>03Mar17</FormDate>
                <FormGrade>Mixed 6/7</FormGrade>
                <FormHandicap />
                <Margin>5.50L</Margin>
                <FirstSecond>"Botanic Lass"</FirstSecond>
                <DogTime>17.38</DogTime>
                <WinTime>17.01</WinTime>
                <BON>16.95</BON>
                <StartPrice>$3.70</StartPrice>
                <PIR>M/5</PIR>
                <Split>4.00</Split>
            </Form>
            <Form>
                <Place>5th</Place>
                <FormBox>6</FormBox>
                <Weight>28.9</Weight>
                <TrackCode>BAL</TrackCode>
                <FormDistance>450</FormDistance>
                <FormDate>27Mar17</FormDate>
                <FormGrade>Tier 3 - Restricted Win</FormGrade>
                <FormHandicap />
                <Margin>6.00L</Margin>
                <FirstSecond>"Ginza Lion"</FirstSecond>
                <DogTime>26.36</DogTime>
                <WinTime>25.95</WinTime>
                <BON>25.57</BON>
                <StartPrice>$4.60</StartPrice>
                <PIR>M/777</PIR>
                <Split>6.98</Split>
            </Form>
        </Dog>
        <Dog id="592760055">
            <RaceBox>7</RaceBox>
            <DogName>DAINTREE JIM</DogName>
            <BestTime>32.12</BestTime>
            <DogHandicap />
            <StartsTOT>Starts 51-1-7-14</StartsTOT>
            <StartsTTD>Trk/Dst 4-1-0-0</StartsTTD>
            <Trainer id="129635">Raymond Matthews</Trainer>
            <Suburb>Arcadia South</Suburb>
            <Owner>Helen Joske</Owner>
            <Sire id="-6807">Bobby Boucheau</Sire>
            <Dam id="-177447">Daintree Dream</Dam>
            <Colour>F</Colour>
            <Sex>D</Sex>
            <Whelped>01 Nov 13</Whelped>
            <DogGrade>7</DogGrade>
            <DogGOBIS>Y</DogGOBIS>
            <DogPRIZE>6460</DogPRIZE>
            <Form>
                <Place>8th</Place>
                <FormBox>6</FormBox>
                <Weight>29.7</Weight>
                <TrackCode>SAP</TrackCode>
                <FormDistance>595</FormDistance>
                <FormDate>04Dec16</FormDate>
                <FormGrade>Mixed 6/7</FormGrade>
                <FormHandicap />
                <Margin>11.00L</Margin>
                <FirstSecond>"Fab Dream"</FirstSecond>
                <DogTime>35.29</DogTime>
                <WinTime>34.56</WinTime>
                <BON>34.56</BON>
                <StartPrice>$36.40</StartPrice>
                <PIR>M/7788</PIR>
                <Split>9.67</Split>
            </Form>
            <Form>
                <Place>7th</Place>
                <FormBox>3</FormBox>
                <Weight>30.4</Weight>
                <TrackCode>SHP</TrackCode>
                <FormDistance>450</FormDistance>
                <FormDate>17Feb17</FormDate>
                <FormGrade>Tier 3 - Grade 7</FormGrade>
                <FormHandicap />
                <Margin>8.50L</Margin>
                <FirstSecond>"Popowski"</FirstSecond>
                <DogTime>26.50</DogTime>
                <WinTime>25.93</WinTime>
                <BON>25.67</BON>
                <StartPrice>$41.30</StartPrice>
                <PIR>M/788</PIR>
                <Split>7.07</Split>
            </Form>
            <Form>
                <Place>8th</Place>
                <FormBox>7</FormBox>
                <Weight>30.2</Weight>
                <TrackCode>SHP</TrackCode>
                <FormDistance>450</FormDistance>
                <FormDate>23Feb17</FormDate>
                <FormGrade>Grade 7</FormGrade>
                <FormHandicap />
                <Margin>9.50L</Margin>
                <FirstSecond>"Scott Dynamism"</FirstSecond>
                <DogTime>26.58</DogTime>
                <WinTime>25.93</WinTime>
                <BON>25.60</BON>
                <StartPrice>$30.70</StartPrice>
                <PIR>M/788</PIR>
                <Split>6.99</Split>
            </Form>
            <Form>
                <Place>6th</Place>
                <FormBox>3</FormBox>
                <Weight>29.5</Weight>
                <TrackCode>BAL</TrackCode>
                <FormDistance>545</FormDistance>
                <FormDate>27Feb17</FormDate>
                <FormGrade>Tier 3 - Restricted Win</FormGrade>
                <FormHandicap />
                <Margin>3.5L</Margin>
                <FirstSecond>"Red Rocket Sox"</FirstSecond>
                <DogTime>32.26</DogTime>
                <WinTime>32.02</WinTime>
                <BON>31.45</BON>
                <StartPrice>$21.20</StartPrice>
                <PIR>M/2214</PIR>
                <Split>7.04</Split>
            </Form>
            <Form>
                <Place>7th</Place>
                <FormBox>4</FormBox>
                <Weight>29.5</Weight>
                <TrackCode>BAL</TrackCode>
                <FormDistance>545</FormDistance>
                <FormDate>06Mar17</FormDate>
                <FormGrade>Mixed 6/7</FormGrade>
                <FormHandicap />
                <Margin>19.00L</Margin>
                <FirstSecond>"Federal Agent"</FirstSecond>
                <DogTime>32.16</DogTime>
                <WinTime>30.87</WinTime>
                <BON>30.87</BON>
                <StartPrice>$36.80</StartPrice>
                <PIR>M/8888</PIR>
                <Split>7.34</Split>
            </Form>
        </Dog>
        <Dog id="1728530002">
            <RaceBox>8</RaceBox>
            <DogName>BIG TILLY</DogName>
            <BestTime>FSTD</BestTime>
            <DogHandicap />
            <StartsTOT>Starts 5-0-0-0</StartsTOT>
            <StartsTTD>Trk/Dst 0-0-0-0</StartsTTD>
            <Trainer id="291145">Shaun Baulch</Trainer>
            <Suburb>Grovedale</Suburb>
            <Owner>Shaun Baulch</Owner>
            <Sire id="-710149">Phenomenal</Sire>
            <Dam id="189410066">Enduro Miss</Dam>
            <Colour>BK</Colour>
            <Sex>B</Sex>
            <Whelped>08 Jun 15</Whelped>
            <DogGrade>M</DogGrade>
            <DogGOBIS>N</DogGOBIS>
            <DogPRIZE>0</DogPRIZE>
            <Form>
                <Place>5th</Place>
                <FormBox>2</FormBox>
                <Weight>27.1</Weight>
                <TrackCode>GEL</TrackCode>
                <FormDistance>400</FormDistance>
                <FormDate>03Mar17</FormDate>
                <FormGrade>Maiden Heat</FormGrade>
                <FormHandicap />
                <Margin>6.50L</Margin>
                <FirstSecond>"Dyna Hinkley"</FirstSecond>
                <DogTime>23.59</DogTime>
                <WinTime>23.16</WinTime>
                <BON>22.75</BON>
                <StartPrice>$15.70</StartPrice>
                <PIR>S/74</PIR>
                <Split>8.82</Split>
            </Form>
            <Form>
                <Place>7th</Place>
                <FormBox>3</FormBox>
                <Weight>26.3</Weight>
                <TrackCode>WBL</TrackCode>
                <FormDistance>450</FormDistance>
                <FormDate>07Mar17</FormDate>
                <FormGrade>Maiden</FormGrade>
                <FormHandicap />
                <Margin>11.00L</Margin>
                <FirstSecond>"Taylor Bale"</FirstSecond>
                <DogTime>26.44</DogTime>
                <WinTime>25.72</WinTime>
                <BON>25.43</BON>
                <StartPrice>$29.40</StartPrice>
                <PIR>S/866</PIR>
                <Split>7.05</Split>
            </Form>
            <Form>
                <Place>6th</Place>
                <FormBox>4</FormBox>
                <Weight>26.5</Weight>
                <TrackCode>GEL</TrackCode>
                <FormDistance>460</FormDistance>
                <FormDate>10Mar17</FormDate>
                <FormGrade>Maiden</FormGrade>
                <FormHandicap />
                <Margin>9.50L</Margin>
                <FirstSecond>"Pierce Bale"</FirstSecond>
                <DogTime>26.76</DogTime>
                <WinTime>26.10</WinTime>
                <BON>25.66</BON>
                <StartPrice>$60.70</StartPrice>
                <PIR>S/665</PIR>
                <Split>6.98</Split>
            </Form>
            <Form>
                <Place>7th</Place>
                <FormBox>5</FormBox>
                <Weight>26.6</Weight>
                <TrackCode>GEL</TrackCode>
                <FormDistance>400</FormDistance>
                <FormDate>14Mar17</FormDate>
                <FormGrade>Maiden</FormGrade>
                <FormHandicap />
                <Margin>7.00L</Margin>
                <FirstSecond>"Merl's Angel"</FirstSecond>
                <DogTime>23.56</DogTime>
                <WinTime>23.09</WinTime>
                <BON>22.62</BON>
                <StartPrice>$16.70</StartPrice>
                <PIR>M/77</PIR>
                <Split>8.79</Split>
            </Form>
            <Form>
                <Place>6th</Place>
                <FormBox>5</FormBox>
                <Weight>27.1</Weight>
                <TrackCode>GEL</TrackCode>
                <FormDistance>400</FormDistance>
                <FormDate>21Mar17</FormDate>
                <FormGrade>Tier 3 - Maiden</FormGrade>
                <FormHandicap />
                <Margin>14.00L</Margin>
                <FirstSecond>"Scott Cosmic"</FirstSecond>
                <DogTime>23.69</DogTime>
                <WinTime>22.72</WinTime>
                <BON>22.72</BON>
                <StartPrice>$20.70</StartPrice>
                <PIR>S/86</PIR>
                <Split>8.97</Split>
            </Form>
        </Dog>
        <Dog id="">
            <RaceBox>9</RaceBox>
            <DogName />
            <BestTime>* * * NO RESERVE * * *</BestTime>
            <DogHandicap />
            <StartsTOT />
            <StartsTTD />
            <Trainer id="" />
            <Suburb />
            <Owner />
            <Sire id="" />
            <Dam id="" />
            <Colour />
            <Sex />
            <Whelped />
            <DogGrade />
            <DogGOBIS />
            <DogPRIZE />
            <Form />
            <Form />
            <Form />
            <Form />
            <Form />
        </Dog>
        <Dog id="">
            <RaceBox>10</RaceBox>
            <DogName />
            <BestTime>* * * NO RESERVE * * *</BestTime>
            <DogHandicap />
            <StartsTOT />
            <StartsTTD />
            <Trainer id="" />
            <Suburb />
            <Owner />
            <Sire id="" />
            <Dam id="" />
            <Colour />
            <Sex />
            <Whelped />
            <DogGrade />
            <DogGOBIS />
            <DogPRIZE />
            <Form />
            <Form />
            <Form />
            <Form />
            <Form />
        </Dog>
    </Race>
    <Race id="208756703">
        <RaceNum>4</RaceNum>
        <RaceName>MEGA MERCH RURAL &amp; PET</RaceName>
        <RaceTime>07:04PM</RaceTime>
        <RaceTimeDateUTC>01 Apr 17 08:04AM</RaceTimeDateUTC>
        <Distance>450m</Distance>
        <RaceGrade>Grade 7</RaceGrade>
        <PrizeMoney1>$1325</PrizeMoney1>
        <PrizeMoney2>$375</PrizeMoney2>
        <PrizeMoney3>$190</PrizeMoney3>
        <PrizeMoney4 />
        <PrizeMoney5 />
        <PrizeMoney6 />
        <PrizeMoney7 />
        <PrizeMoney8 />
        <GOBIS />
        <Hurdle />
        <Handicap />
        <TAB>TRI/QUIN R/D EXACTA PICK4</TAB>
        <GradeCode>7</GradeCode>
        <Dog id="1619850049">
            <RaceBox>1</RaceBox>
            <DogName>INJECTOR</DogName>
            <BestTime>NBT</BestTime>
            <DogHandicap />
            <StartsTOT>Starts 4-1-1-0</StartsTOT>
            <StartsTTD>Trk/Dst 1-0-0-0</StartsTTD>
            <Trainer id="118950">Alisdair Armstrong</Trainer>
            <Suburb>Huntly</Suburb>
            <Owner>David Stonehouse</Owner>
            <Sire id="-722870">Fabregas</Sire>
            <Dam id="-606693">Katie Racoon</Dam>
            <Colour>BK</Colour>
            <Sex>D</Sex>
            <Whelped>05 May 15</Whelped>
            <DogGrade>7</DogGrade>
            <DogGOBIS>N</DogGOBIS>
            <DogPRIZE>640</DogPRIZE>
            <Form>
                <Place>5th</Place>
                <FormBox>8</FormBox>
                <Weight>36.2</Weight>
                <TrackCode>BAL</TrackCode>
                <FormDistance>450</FormDistance>
                <FormDate>20Feb17</FormDate>
                <FormGrade>All Maiden</FormGrade>
                <FormHandicap />
                <Margin>4.75L</Margin>
                <FirstSecond>"Don's Magic"</FirstSecond>
                <DogTime>26.15</DogTime>
                <WinTime>25.82</WinTime>
                <BON>25.64</BON>
                <StartPrice>$2.00</StartPrice>
                <PIR>S/455</PIR>
                <Split>6.83</Split>
            </Form>
            <Form>
                <Place>4th</Place>
                <FormBox>5</FormBox>
                <Weight>36.6</Weight>
                <TrackCode>BEN</TrackCode>
                <FormDistance>425</FormDistance>
                <FormDate>10Mar17</FormDate>
                <FormGrade>Maiden</FormGrade>
                <FormHandicap />
                <Margin>6.50L</Margin>
                <FirstSecond>"Revel"</FirstSecond>
                <DogTime>24.60</DogTime>
                <WinTime>24.15</WinTime>
                <BON>23.85</BON>
                <StartPrice>$11.40</StartPrice>
                <PIR>M/544</PIR>
                <Split>6.91</Split>
            </Form>
            <Form>
                <Place>2nd</Place>
                <FormBox>6</FormBox>
                <Weight>37.0</Weight>
                <TrackCode>BEN</TrackCode>
                <FormDistance>425</FormDistance>
                <FormDate>15Mar17</FormDate>
                <FormGrade>All Maiden</FormGrade>
                <FormHandicap />
                <Margin>3.5L</Margin>
                <FirstSecond>"Iceni Skye"</FirstSecond>
                <DogTime>24.40</DogTime>
                <WinTime>24.16</WinTime>
                <BON>23.94</BON>
                <StartPrice>$3.90</StartPrice>
                <PIR>M/543</PIR>
                <Split>6.81</Split>
            </Form>
            <Form>
                <Place>1st</Place>
                <FormBox>2</FormBox>
                <Weight>37.0</Weight>
                <TrackCode>BEN</TrackCode>
                <FormDistance>425</FormDistance>
                <FormDate>22Mar17</FormDate>
                <FormGrade>Maiden</FormGrade>
                <FormHandicap />
                <Margin>2.75L</Margin>
                <FirstSecond>"Archer's Will"</FirstSecond>
                <DogTime>24.27</DogTime>
                <WinTime>24.27</WinTime>
                <BON>24.14</BON>
                <StartPrice>$1.90</StartPrice>
                <PIR>M/111</PIR>
                <Split>6.70</Split>
            </Form>
            <Form />
        </Dog>
        <Dog id="1394990002">
            <RaceBox>2</RaceBox>
            <DogName>GOLD ATTRACTION</DogName>
            <BestTime>FSTD</BestTime>
            <DogHandicap />
            <StartsTOT>Starts 10-1-2-0</StartsTOT>
            <StartsTTD>Trk/Dst 0-0-0-0</StartsTTD>
            <Trainer id="129523">Douglas Sheridan</Trainer>
            <Suburb>Talbot</Suburb>
            <Owner>Jean Sheridan</Owner>
            <Sire id="-498750">Traction Control</Sire>
            <Dam id="-734805">My Girl Honey</Dam>
            <Colour>BD</Colour>
            <Sex>D</Sex>
            <Whelped>09 Feb 15</Whelped>
            <DogGrade>7</DogGrade>
            <DogGOBIS>N</DogGOBIS>
            <DogPRIZE>780</DogPRIZE>
            <Form>
                <Place>4th</Place>
                <FormBox>8</FormBox>
                <Weight>31.7</Weight>
                <TrackCode>SHP</TrackCode>
                <FormDistance>390</FormDistance>
                <FormDate>06Feb17</FormDate>
                <FormGrade>Mixed 6/7 Heat</FormGrade>
                <FormHandicap />
                <Margin>2.50L</Margin>
                <FirstSecond>"Miss Popularity"</FirstSecond>
                <DogTime>22.92</DogTime>
                <WinTime>22.75</WinTime>
                <BON>21.86</BON>
                <StartPrice>$12.50</StartPrice>
                <PIR>M/74</PIR>
                <Split>8.76</Split>
            </Form>
            <Form>
                <Place>5th</Place>
                <FormBox>4</FormBox>
                <Weight>32.2</Weight>
                <TrackCode>BEN</TrackCode>
                <FormDistance>425</FormDistance>
                <FormDate>10Feb17</FormDate>
                <FormGrade>Grade 7</FormGrade>
                <FormHandicap />
                <Margin>9.50L</Margin>
                <FirstSecond>"Total Hazard"</FirstSecond>
                <DogTime>24.96</DogTime>
                <WinTime>24.30</WinTime>
                <BON>23.80</BON>
                <StartPrice>$13.70</StartPrice>
                <PIR>M/844</PIR>
                <Split>7.06</Split>
            </Form>
            <Form>
                <Place>4th</Place>
                <FormBox>8</FormBox>
                <Weight>31.6</Weight>
                <TrackCode>GEL</TrackCode>
                <FormDistance>400</FormDistance>
                <FormDate>28Feb17</FormDate>
                <FormGrade>Tier 3 - Grade 7</FormGrade>
                <FormHandicap />
                <Margin>4.75L</Margin>
                <FirstSecond>"Puddle Jumper"</FirstSecond>
                <DogTime>23.25</DogTime>
                <WinTime>22.93</WinTime>
                <BON>22.61</BON>
                <StartPrice>$9.40</StartPrice>
                <PIR>M/44</PIR>
                <Split>8.63</Split>
            </Form>
            <Form>
                <Place>4th</Place>
                <FormBox>8</FormBox>
                <Weight>31.1</Weight>
                <TrackCode>BEN</TrackCode>
                <FormDistance>425</FormDistance>
                <FormDate>08Mar17</FormDate>
                <FormGrade>Tier 3 - Grade 7</FormGrade>
                <FormHandicap />
                <Margin>4.75L</Margin>
                <FirstSecond>"Liscoyle Lady"</FirstSecond>
                <DogTime>24.80</DogTime>
                <WinTime>24.48</WinTime>
                <BON>24.25</BON>
                <StartPrice>$5.80</StartPrice>
                <PIR>M/777</PIR>
                <Split>6.85</Split>
            </Form>
            <Form>
                <Place>6th</Place>
                <FormBox>7</FormBox>
                <Weight>31.0</Weight>
                <TrackCode>BEN</TrackCode>
                <FormDistance>425</FormDistance>
                <FormDate>29Mar17</FormDate>
                <FormGrade>Tier 3 - Grade 7</FormGrade>
                <FormHandicap />
                <Margin>5.50L</Margin>
                <FirstSecond>"Premier Ching"</FirstSecond>
                <DogTime>25.01</DogTime>
                <WinTime>24.65</WinTime>
                <BON>24.14</BON>
                <StartPrice />
                <PIR>M/667</PIR>
                <Split>6.90</Split>
            </Form>
        </Dog>
        <Dog id="1591720035">
            <RaceBox>3</RaceBox>
            <DogName>ICENI SKYE</DogName>
            <BestTime>NBT</BestTime>
            <DogHandicap />
            <StartsTOT>Starts 3-1-1-1</StartsTOT>
            <StartsTTD>Trk/Dst 1-0-1-0</StartsTTD>
            <Trainer id="99387">Tegan Gray</Trainer>
            <Suburb>Broken Hill</Suburb>
            <Owner>Tegan Gray</Owner>
            <Sire id="-309259">El Grand Senor</Sire>
            <Dam id="-713187">Iceni Gypsy</Dam>
            <Colour>BE</Colour>
            <Sex>B</Sex>
            <Whelped>18 Apr 15</Whelped>
            <DogGrade>7</DogGrade>
            <DogGOBIS>N</DogGOBIS>
            <DogPRIZE>945</DogPRIZE>
            <Form>
                <Place>3rd</Place>
                <FormBox>3</FormBox>
                <Weight>28.9</Weight>
                <TrackCode>SHP</TrackCode>
                <FormDistance>390</FormDistance>
                <FormDate>02Mar17</FormDate>
                <FormGrade>All Maiden</FormGrade>
                <FormHandicap />
                <Margin>4.00L</Margin>
                <FirstSecond>"Windmills"</FirstSecond>
                <DogTime>22.97</DogTime>
                <WinTime>22.70</WinTime>
                <BON>22.24</BON>
                <StartPrice>$4.00</StartPrice>
                <PIR>M/33</PIR>
                <Split>9.16</Split>
            </Form>
            <Form>
                <Place>1st</Place>
                <FormBox>8</FormBox>
                <Weight>28.6</Weight>
                <TrackCode>BEN</TrackCode>
                <FormDistance>425</FormDistance>
                <FormDate>15Mar17</FormDate>
                <FormGrade>All Maiden</FormGrade>
                <FormHandicap />
                <Margin>3.5L</Margin>
                <FirstSecond>"Injector"</FirstSecond>
                <DogTime>24.16</DogTime>
                <WinTime>24.16</WinTime>
                <BON>23.94</BON>
                <StartPrice>$2.90</StartPrice>
                <PIR>M/111</PIR>
                <Split>6.68</Split>
            </Form>
            <Form>
                <Place>2nd</Place>
                <FormBox>1</FormBox>
                <Weight>28.0</Weight>
                <TrackCode>BAL</TrackCode>
                <FormDistance>450</FormDistance>
                <FormDate>29Mar17</FormDate>
                <FormGrade>Mixed 6/7 Heat</FormGrade>
                <FormHandicap />
                <Margin>0.75L</Margin>
                <FirstSecond>"Meehan Sox"</FirstSecond>
                <DogTime>25.79</DogTime>
                <WinTime>25.75</WinTime>
                <BON>25.34</BON>
                <StartPrice>$8.60</StartPrice>
                <PIR>M/111</PIR>
                <Split>6.66</Split>
            </Form>
            <Form />
            <Form />
        </Dog>
        <Dog id="1182150061">
            <RaceBox>4</RaceBox>
            <DogName>LA REINA</DogName>
            <BestTime>NBT</BestTime>
            <DogHandicap />
            <StartsTOT>Starts 13-1-4-2</StartsTOT>
            <StartsTTD>Trk/Dst 1-0-1-0</StartsTTD>
            <Trainer id="61053">Vicki Wisener</Trainer>
            <Suburb>Hazelwood</Suburb>
            <Owner>Benjamin George</Owner>
            <Sire id="-722870">Fabregas</Sire>
            <Dam id="-172027">Scissor Queen</Dam>
            <Colour>BK</Colour>
            <Sex>B</Sex>
            <Whelped>19 Sep 14</Whelped>
            <DogGrade>7</DogGrade>
            <DogGOBIS>N</DogGOBIS>
            <DogPRIZE>2690</DogPRIZE>
            <Form>
                <Place>3rd</Place>
                <FormBox>3</FormBox>
                <Weight>26.1</Weight>
                <TrackCode>TRA</TrackCode>
                <FormDistance>525</FormDistance>
                <FormDate>25Feb17</FormDate>
                <FormGrade>Grade 7</FormGrade>
                <FormHandicap />
                <Margin>3.5L</Margin>
                <FirstSecond>"My Mate Horse"</FirstSecond>
                <DogTime>30.93</DogTime>
                <WinTime>30.69</WinTime>
                <BON>30.10</BON>
                <StartPrice>$7.30</StartPrice>
                <PIR>M/1112</PIR>
                <Split>4.87</Split>
            </Form>
            <Form>
                <Place>3rd</Place>
                <FormBox>3</FormBox>
                <Weight>26.2</Weight>
                <TrackCode>SLE</TrackCode>
                <FormDistance>520</FormDistance>
                <FormDate>05Mar17</FormDate>
                <FormGrade>Mixed 6/7</FormGrade>
                <FormHandicap />
                <Margin>2.25L</Margin>
                <FirstSecond>"Handpass"</FirstSecond>
                <DogTime>30.06</DogTime>
                <WinTime>29.92</WinTime>
                <BON>29.34</BON>
                <StartPrice>$6.80</StartPrice>
                <PIR>M/222</PIR>
                <Split>9.52</Split>
            </Form>
            <Form>
                <Place>2nd</Place>
                <FormBox>7</FormBox>
                <Weight>26.1</Weight>
                <TrackCode>BAL</TrackCode>
                <FormDistance>450</FormDistance>
                <FormDate>08Mar17</FormDate>
                <FormGrade>Grade 7</FormGrade>
                <FormHandicap />
                <Margin>3.25L</Margin>
                <FirstSecond>"Our Didda"</FirstSecond>
                <DogTime>25.65</DogTime>
                <WinTime>25.43</WinTime>
                <BON>25.14</BON>
                <StartPrice>$3.70</StartPrice>
                <PIR>Q/222</PIR>
                <Split>6.69</Split>
            </Form>
            <Form>
                <Place>F</Place>
                <FormBox>2</FormBox>
                <Weight>26.1</Weight>
                <TrackCode>GEL</TrackCode>
                <FormDistance>460</FormDistance>
                <FormDate>17Mar17</FormDate>
                <FormGrade>Mixed 6/7 Heat</FormGrade>
                <FormHandicap />
                <Margin />
                <FirstSecond>"Mepunga Tycoon"</FirstSecond>
                <DogTime>0.00</DogTime>
                <WinTime>26.03</WinTime>
                <BON>25.68</BON>
                <StartPrice>$12.80</StartPrice>
                <PIR>M/588</PIR>
                <Split>6.81</Split>
            </Form>
            <Form>
                <Place>6th</Place>
                <FormBox>4</FormBox>
                <Weight>26.2</Weight>
                <TrackCode>TRA</TrackCode>
                <FormDistance>525</FormDistance>
                <FormDate>25Mar17</FormDate>
                <FormGrade>Mixed 6/7</FormGrade>
                <FormHandicap />
                <Margin>11.00L</Margin>
                <FirstSecond>"My Mate Horse"</FirstSecond>
                <DogTime>31.30</DogTime>
                <WinTime>30.57</WinTime>
                <BON>30.15</BON>
                <StartPrice>$8.40</StartPrice>
                <PIR>M/3667</PIR>
                <Split>4.89</Split>
            </Form>
        </Dog>
        <Dog id="1464530002">
            <RaceBox>5</RaceBox>
            <DogName>GLAUCUS</DogName>
            <BestTime>FSH</BestTime>
            <DogHandicap />
            <StartsTOT>Starts 6-1-1-1</StartsTOT>
            <StartsTTD>Trk/Dst 0-0-0-0</StartsTTD>
            <Trainer id="131701">Beverley Pell</Trainer>
            <Suburb>Toolleen</Suburb>
            <Owner>Bev And Daniel Synd B Pell,D Pell</Owner>
            <Sire id="-710494">Barcia Bale</Sire>
            <Dam id="-626092">Carol Beer</Dam>
            <Colour>BK</Colour>
            <Sex>D</Sex>
            <Whelped>21 Mar 15</Whelped>
            <DogGrade>7</DogGrade>
            <DogGOBIS>N</DogGOBIS>
            <DogPRIZE>785</DogPRIZE>
            <Form>
                <Place>8th</Place>
                <FormBox>8</FormBox>
                <Weight>35.3</Weight>
                <TrackCode>BEN</TrackCode>
                <FormDistance>425</FormDistance>
                <FormDate>07Feb17</FormDate>
                <FormGrade>Maiden</FormGrade>
                <FormHandicap />
                <Margin>20.00L</Margin>
                <FirstSecond>"Zambora Pride"</FirstSecond>
                <DogTime>25.50</DogTime>
                <WinTime>24.13</WinTime>
                <BON>23.42</BON>
                <StartPrice>$12.00</StartPrice>
                <PIR>M/878</PIR>
                <Split>7.12</Split>
            </Form>
            <Form>
                <Place>1st</Place>
                <FormBox>7</FormBox>
                <Weight>34.9</Weight>
                <TrackCode>SHP</TrackCode>
                <FormDistance>390</FormDistance>
                <FormDate>02Mar17</FormDate>
                <FormGrade>All Maiden</FormGrade>
                <FormHandicap />
                <Margin>2.75L</Margin>
                <FirstSecond>"Scarecrow Max"</FirstSecond>
                <DogTime>22.49</DogTime>
                <WinTime>22.49</WinTime>
                <BON>22.24</BON>
                <StartPrice>$3.20</StartPrice>
                <PIR>M/11</PIR>
                <Split>8.59</Split>
            </Form>
            <Form>
                <Place>3rd</Place>
                <FormBox>5</FormBox>
                <Weight>35.0</Weight>
                <TrackCode>SHP</TrackCode>
                <FormDistance>390</FormDistance>
                <FormDate>09Mar17</FormDate>
                <FormGrade>Grade 7</FormGrade>
                <FormHandicap />
                <Margin>5.00L</Margin>
                <FirstSecond>"Heartbreak Mary"</FirstSecond>
                <DogTime>22.78</DogTime>
                <WinTime>22.44</WinTime>
                <BON>22.42</BON>
                <StartPrice>$2.70</StartPrice>
                <PIR>M/86</PIR>
                <Split>9.16</Split>
            </Form>
            <Form>
                <Place>6th</Place>
                <FormBox>5</FormBox>
                <Weight>35.4</Weight>
                <TrackCode>GEL</TrackCode>
                <FormDistance>400</FormDistance>
                <FormDate>14Mar17</FormDate>
                <FormGrade>Grade 7</FormGrade>
                <FormHandicap />
                <Margin>8.50L</Margin>
                <FirstSecond>"We Wish"</FirstSecond>
                <DogTime>23.40</DogTime>
                <WinTime>22.83</WinTime>
                <BON>22.62</BON>
                <StartPrice>$3.80</StartPrice>
                <PIR>M/66</PIR>
                <Split>8.86</Split>
            </Form>
            <Form>
                <Place>2nd</Place>
                <FormBox>4</FormBox>
                <Weight>35.4</Weight>
                <TrackCode>SHP</TrackCode>
                <FormDistance>450</FormDistance>
                <FormDate>23Mar17</FormDate>
                <FormGrade>Tier 3 - Grade 7</FormGrade>
                <FormHandicap />
                <Margin>1.00L</Margin>
                <FirstSecond>"Scott Pizzazz"</FirstSecond>
                <DogTime>25.67</DogTime>
                <WinTime>25.61</WinTime>
                <BON>25.45</BON>
                <StartPrice>$3.80</StartPrice>
                <PIR>S/543</PIR>
                <Split>6.89</Split>
            </Form>
        </Dog>
        <Dog id="1641930012">
            <RaceBox>6</RaceBox>
            <DogName>URANA BANJO</DogName>
            <BestTime>FSH</BestTime>
            <DogHandicap />
            <StartsTOT>Starts 4-1-1-0</StartsTOT>
            <StartsTTD>Trk/Dst 0-0-0-0</StartsTTD>
            <Trainer id="110188">John Magri</Trainer>
            <Suburb>Avalon</Suburb>
            <Owner>Simon Mallia</Owner>
            <Sire id="-628897">Banjo Boy</Sire>
            <Dam id="-364781">Shiwen</Dam>
            <Colour>WBK</Colour>
            <Sex>D</Sex>
            <Whelped>08 May 15</Whelped>
            <DogGrade>7</DogGrade>
            <DogGOBIS>N</DogGOBIS>
            <DogPRIZE>640</DogPRIZE>
            <Form>
                <Place>6th</Place>
                <FormBox>2</FormBox>
                <Weight>28.5</Weight>
                <TrackCode>MEP</TrackCode>
                <FormDistance>525</FormDistance>
                <FormDate>15Feb17</FormDate>
                <FormGrade>Restricted Win</FormGrade>
                <FormHandicap />
                <Margin>17.00L</Margin>
                <FirstSecond>"Hosting"</FirstSecond>
                <DogTime>31.14</DogTime>
                <WinTime>29.96</WinTime>
                <BON>29.93</BON>
                <StartPrice>$16.30</StartPrice>
                <PIR>M/4666</PIR>
                <Split>5.23</Split>
            </Form>
            <Form>
                <Place>2nd</Place>
                <FormBox>7</FormBox>
                <Weight>28.4</Weight>
                <TrackCode>HVL</TrackCode>
                <FormDistance>300</FormDistance>
                <FormDate>26Feb17</FormDate>
                <FormGrade>Maiden Heat</FormGrade>
                <FormHandicap />
                <Margin>6.00L</Margin>
                <FirstSecond>"Spectroscopic"</FirstSecond>
                <DogTime>17.08</DogTime>
                <WinTime>16.66</WinTime>
                <BON>16.66</BON>
                <StartPrice>$6.70</StartPrice>
                <PIR>M/4</PIR>
                <Split>4.04</Split>
            </Form>
            <Form>
                <Place>1st</Place>
                <FormBox>6</FormBox>
                <Weight>27.9</Weight>
                <TrackCode>SHP</TrackCode>
                <FormDistance>390</FormDistance>
                <FormDate>02Mar17</FormDate>
                <FormGrade>All Maiden</FormGrade>
                <FormHandicap />
                <Margin>1.25L</Margin>
                <FirstSecond>"Tiger Cabang"</FirstSecond>
                <DogTime>22.40</DogTime>
                <WinTime>22.40</WinTime>
                <BON>22.24</BON>
                <StartPrice>$3.30</StartPrice>
                <PIR>M/22</PIR>
                <Split>8.68</Split>
            </Form>
            <Form>
                <Place>8th</Place>
                <FormBox>6</FormBox>
                <Weight>28.1</Weight>
                <TrackCode>MEA</TrackCode>
                <FormDistance>525</FormDistance>
                <FormDate>11Mar17</FormDate>
                <FormGrade>Grade 7</FormGrade>
                <FormHandicap />
                <Margin>25.00L</Margin>
                <FirstSecond>"Got One Back"</FirstSecond>
                <DogTime>31.71</DogTime>
                <WinTime>30.01</WinTime>
                <BON>29.78</BON>
                <StartPrice>$28.50</StartPrice>
                <PIR>S/6888</PIR>
                <Split>5.34</Split>
            </Form>
            <Form />
        </Dog>
        <Dog id="1591720036">
            <RaceBox>7</RaceBox>
            <DogName>ICENI CRUSADER</DogName>
            <BestTime>NBT</BestTime>
            <DogHandicap />
            <StartsTOT>Starts 3-1-0-0</StartsTOT>
            <StartsTTD>Trk/Dst 1-0-0-0</StartsTTD>
            <Trainer id="99387">Tegan Gray</Trainer>
            <Suburb>Broken Hill</Suburb>
            <Owner>Tegan Gray</Owner>
            <Sire id="-309259">El Grand Senor</Sire>
            <Dam id="-713187">Iceni Gypsy</Dam>
            <Colour>BE</Colour>
            <Sex>D</Sex>
            <Whelped>18 Apr 15</Whelped>
            <DogGrade>7</DogGrade>
            <DogGOBIS>N</DogGOBIS>
            <DogPRIZE>500</DogPRIZE>
            <Form>
                <Place>1st</Place>
                <FormBox>3</FormBox>
                <Weight>33.7</Weight>
                <TrackCode>BEN</TrackCode>
                <FormDistance>425</FormDistance>
                <FormDate>07Dec16</FormDate>
                <FormGrade>All Maiden</FormGrade>
                <FormHandicap />
                <Margin>4.75L</Margin>
                <FirstSecond>"Gobbledegook"</FirstSecond>
                <DogTime>24.29</DogTime>
                <WinTime>24.29</WinTime>
                <BON>24.03</BON>
                <StartPrice>$7.50</StartPrice>
                <PIR>Q/111</PIR>
                <Split>6.64</Split>
            </Form>
            <Form>
                <Place>8th</Place>
                <FormBox>2</FormBox>
                <Weight>32.2</Weight>
                <TrackCode>BEN</TrackCode>
                <FormDistance>425</FormDistance>
                <FormDate>10Mar17</FormDate>
                <FormGrade>Grade 7</FormGrade>
                <FormHandicap />
                <Margin>21.00L</Margin>
                <FirstSecond>"Amigo One"</FirstSecond>
                <DogTime>25.28</DogTime>
                <WinTime>23.85</WinTime>
                <BON>23.85</BON>
                <StartPrice>$6.70</StartPrice>
                <PIR>M/348</PIR>
                <Split>6.71</Split>
            </Form>
            <Form>
                <Place>7th</Place>
                <FormBox>8</FormBox>
                <Weight>32.4</Weight>
                <TrackCode>BAL</TrackCode>
                <FormDistance>450</FormDistance>
                <FormDate>29Mar17</FormDate>
                <FormGrade>Mixed 6/7 Heat</FormGrade>
                <FormHandicap />
                <Margin>12.00L</Margin>
                <FirstSecond>"No Shadow Kick"</FirstSecond>
                <DogTime>26.58</DogTime>
                <WinTime>25.80</WinTime>
                <BON>25.34</BON>
                <StartPrice>$11.80</StartPrice>
                <PIR>M/225</PIR>
                <Split>6.71</Split>
            </Form>
            <Form />
            <Form />
        </Dog>
        <Dog id="1594950002">
            <RaceBox>8</RaceBox>
            <DogName>IN A RUSH</DogName>
            <BestTime>25.50</BestTime>
            <DogHandicap />
            <StartsTOT>Starts 14-1-4-2</StartsTOT>
            <StartsTTD>Trk/Dst 6-1-2-0</StartsTTD>
            <Trainer id="132207">Michelle Mallia-Magri</Trainer>
            <Suburb>Avalon</Suburb>
            <Owner>Bradley Debono</Owner>
            <Sire id="-217973">Jarvis Bale</Sire>
            <Dam id="-249287">Micra Miss</Dam>
            <Colour>WBD</Colour>
            <Sex>D</Sex>
            <Whelped>08 Apr 15</Whelped>
            <DogGrade>7</DogGrade>
            <DogGOBIS>N</DogGOBIS>
            <DogPRIZE>2610</DogPRIZE>
            <Form>
                <Place>2nd</Place>
                <FormBox>4</FormBox>
                <Weight>32.5</Weight>
                <TrackCode>BAL</TrackCode>
                <FormDistance>450</FormDistance>
                <FormDate>26Jan17</FormDate>
                <FormGrade>Mixed 6/7 Heat</FormGrade>
                <FormHandicap />
                <Margin>1.75L</Margin>
                <FirstSecond>"Dyna Yatul"</FirstSecond>
                <DogTime>25.77</DogTime>
                <WinTime>25.66</WinTime>
                <BON>24.84</BON>
                <StartPrice>$5.50</StartPrice>
                <PIR>M/422</PIR>
                <Split>6.80</Split>
            </Form>
            <Form>
                <Place>5th</Place>
                <FormBox>1</FormBox>
                <Weight>31.9</Weight>
                <TrackCode>BAL</TrackCode>
                <FormDistance>450</FormDistance>
                <FormDate>01Feb17</FormDate>
                <FormGrade>Mixed 6/7 Final</FormGrade>
                <FormHandicap />
                <Margin>8.00L</Margin>
                <FirstSecond>"Nature's Gent"</FirstSecond>
                <DogTime>25.56</DogTime>
                <WinTime>25.02</WinTime>
                <BON>25.02</BON>
                <StartPrice>$16.40</StartPrice>
                <PIR>M/555</PIR>
                <Split>6.72</Split>
            </Form>
            <Form>
                <Place>6th</Place>
                <FormBox>5</FormBox>
                <Weight>32.2</Weight>
                <TrackCode>BAL</TrackCode>
                <FormDistance>450</FormDistance>
                <FormDate>15Feb17</FormDate>
                <FormGrade>Restricted Win Heat</FormGrade>
                <FormHandicap />
                <Margin>10.00L</Margin>
                <FirstSecond>"Canya Touche"</FirstSecond>
                <DogTime>26.06</DogTime>
                <WinTime>25.39</WinTime>
                <BON>24.92</BON>
                <StartPrice>$17.20</StartPrice>
                <PIR>S/765</PIR>
                <Split>6.82</Split>
            </Form>
            <Form>
                <Place>2nd</Place>
                <FormBox>1</FormBox>
                <Weight>32.1</Weight>
                <TrackCode>WBL</TrackCode>
                <FormDistance>450</FormDistance>
                <FormDate>23Feb17</FormDate>
                <FormGrade>Mixed 6/7 Heat</FormGrade>
                <FormHandicap />
                <Margin>3.75L</Margin>
                <FirstSecond>"Mo Daniher"</FirstSecond>
                <DogTime>25.65</DogTime>
                <WinTime>25.39</WinTime>
                <BON>25.39</BON>
                <StartPrice>$5.00</StartPrice>
                <PIR>M/322</PIR>
                <Split>6.78</Split>
            </Form>
            <Form>
                <Place>5th</Place>
                <FormBox>6</FormBox>
                <Weight>31.7</Weight>
                <TrackCode>BEN</TrackCode>
                <FormDistance>425</FormDistance>
                <FormDate>17Mar17</FormDate>
                <FormGrade>Restricted Win Heat</FormGrade>
                <FormHandicap />
                <Margin>8.50L</Margin>
                <FirstSecond>"Lektra Boss"</FirstSecond>
                <DogTime>24.62</DogTime>
                <WinTime>24.02</WinTime>
                <BON>23.70</BON>
                <StartPrice>$20.20</StartPrice>
                <PIR>S/865</PIR>
                <Split>6.87</Split>
            </Form>
        </Dog>
        <Dog id="820830104">
            <RaceBox>9</RaceBox>
            <DogName>ATOMISER Res.</DogName>
            <BestTime>NBT</BestTime>
            <DogHandicap />
            <StartsTOT>Starts 34-1-4-7</StartsTOT>
            <StartsTTD>Trk/Dst 3-0-0-1</StartsTTD>
            <Trainer id="129523">Douglas Sheridan</Trainer>
            <Suburb>Talbot</Suburb>
            <Owner>Jean Sheridan</Owner>
            <Sire id="-145811">Sure As</Sire>
            <Dam id="-84512">Mavis Winifred</Dam>
            <Colour>BK</Colour>
            <Sex>D</Sex>
            <Whelped>23 Feb 14</Whelped>
            <DogGrade>7</DogGrade>
            <DogGOBIS>Y</DogGOBIS>
            <DogPRIZE>2155</DogPRIZE>
            <Form>
                <Place>6th</Place>
                <FormBox>2</FormBox>
                <Weight>31.6</Weight>
                <TrackCode>MEA</TrackCode>
                <FormDistance>525</FormDistance>
                <FormDate>28Jan17</FormDate>
                <FormGrade>Grade 7</FormGrade>
                <FormHandicap />
                <Margin>5.50L</Margin>
                <FirstSecond>"Diama Bale"</FirstSecond>
                <DogTime>30.96</DogTime>
                <WinTime>30.58</WinTime>
                <BON>29.98</BON>
                <StartPrice>$63.20</StartPrice>
                <PIR>M/7676</PIR>
                <Split>5.41</Split>
            </Form>
            <Form>
                <Place>7th</Place>
                <FormBox>8</FormBox>
                <Weight>32.0</Weight>
                <TrackCode>MEA</TrackCode>
                <FormDistance>600</FormDistance>
                <FormDate>11Feb17</FormDate>
                <FormGrade>Restricted Win</FormGrade>
                <FormHandicap />
                <Margin>16.00L</Margin>
                <FirstSecond>"Quartz Vein"</FirstSecond>
                <DogTime>35.89</DogTime>
                <WinTime>34.81</WinTime>
                <BON>34.55</BON>
                <StartPrice>$41.60</StartPrice>
                <PIR>M/5867</PIR>
                <Split>9.47</Split>
            </Form>
            <Form>
                <Place>8th</Place>
                <FormBox>7</FormBox>
                <Weight>32.4</Weight>
                <TrackCode>BAL</TrackCode>
                <FormDistance>660</FormDistance>
                <FormDate>01Mar17</FormDate>
                <FormGrade>Novice Grade 7</FormGrade>
                <FormHandicap />
                <Margin>16.00L</Margin>
                <FirstSecond>"Flash Intention"</FirstSecond>
                <DogTime>39.35</DogTime>
                <WinTime>38.30</WinTime>
                <BON>38.30</BON>
                <StartPrice>$46.40</StartPrice>
                <PIR>M/5788</PIR>
                <Split>13.31</Split>
            </Form>
            <Form>
                <Place>3rd</Place>
                <FormBox>4</FormBox>
                <Weight>31.7</Weight>
                <TrackCode>BAL</TrackCode>
                <FormDistance>450</FormDistance>
                <FormDate>20Mar17</FormDate>
                <FormGrade>Grade 7</FormGrade>
                <FormHandicap />
                <Margin>7.00L</Margin>
                <FirstSecond>"Exhibition"</FirstSecond>
                <DogTime>26.25</DogTime>
                <WinTime>25.79</WinTime>
                <BON>25.76</BON>
                <StartPrice>$44.80</StartPrice>
                <PIR>S/873</PIR>
                <Split>7.03</Split>
            </Form>
            <Form>
                <Place>8th</Place>
                <FormBox>1</FormBox>
                <Weight>31.2</Weight>
                <TrackCode>BAL</TrackCode>
                <FormDistance>450</FormDistance>
                <FormDate>27Mar17</FormDate>
                <FormGrade>Tier 3 - Restricted Win</FormGrade>
                <FormHandicap />
                <Margin>9.50L</Margin>
                <FirstSecond>"Ginza Lion"</FirstSecond>
                <DogTime>26.61</DogTime>
                <WinTime>25.95</WinTime>
                <BON>25.57</BON>
                <StartPrice>$20.50</StartPrice>
                <PIR>S/688</PIR>
                <Split>6.94</Split>
            </Form>
        </Dog>
        <Dog id="999420002">
            <RaceBox>10</RaceBox>
            <DogName>SPORTS  GAIRN Res.</DogName>
            <BestTime>FSH</BestTime>
            <DogHandicap />
            <StartsTOT>Starts 7-1-0-1</StartsTOT>
            <StartsTTD>Trk/Dst 0-0-0-0</StartsTTD>
            <Trainer id="272962">Bruce Wellington</Trainer>
            <Suburb>brookfield</Suburb>
            <Owner>Bruce Wellington</Owner>
            <Sire id="-323942">Lochinvar Marlow</Sire>
            <Dam id="-631757">Stetson Donna</Dam>
            <Colour>BK</Colour>
            <Sex>D</Sex>
            <Whelped>06 Jul 14</Whelped>
            <DogGrade>7</DogGrade>
            <DogGOBIS>N</DogGOBIS>
            <DogPRIZE>1098</DogPRIZE>
            <Form>
                <Place>7th</Place>
                <FormBox>3</FormBox>
                <Weight>29.5</Weight>
                <TrackCode>BGC</TrackCode>
                <FormDistance>331</FormDistance>
                <FormDate>16Oct16</FormDate>
                <FormGrade>Novice Non Penalty</FormGrade>
                <FormHandicap />
                <Margin>10.00L</Margin>
                <FirstSecond>"Where's Tejay"</FirstSecond>
                <DogTime>19.80</DogTime>
                <WinTime>19.13</WinTime>
                <BON>18.96</BON>
                <StartPrice>$65.80</StartPrice>
                <PIR>0</PIR>
                <Split>7.50</Split>
            </Form>
            <Form>
                <Place>6th</Place>
                <FormBox>2</FormBox>
                <Weight>28.5</Weight>
                <TrackCode>BGC</TrackCode>
                <FormDistance>331</FormDistance>
                <FormDate>06Nov16</FormDate>
                <FormGrade>Novice Non Penalty</FormGrade>
                <FormHandicap />
                <Margin>18.00L</Margin>
                <FirstSecond>"Silent Sonny"</FirstSecond>
                <DogTime>19.92</DogTime>
                <WinTime>18.69</WinTime>
                <BON>18.69</BON>
                <StartPrice>$53.50</StartPrice>
                <PIR>8</PIR>
                <Split>7.54</Split>
            </Form>
            <Form>
                <Place>3rd</Place>
                <FormBox>2</FormBox>
                <Weight>28.9</Weight>
                <TrackCode>BGC</TrackCode>
                <FormDistance>331</FormDistance>
                <FormDate>20Nov16</FormDate>
                <FormGrade>Novice Non Penalty</FormGrade>
                <FormHandicap />
                <Margin>6.00L</Margin>
                <FirstSecond>"Col's Interest"</FirstSecond>
                <DogTime>19.62</DogTime>
                <WinTime>19.20</WinTime>
                <BON>18.99</BON>
                <StartPrice>$18.00</StartPrice>
                <PIR>4</PIR>
                <Split>7.40</Split>
            </Form>
            <Form>
                <Place>8th</Place>
                <FormBox>3</FormBox>
                <Weight>28.6</Weight>
                <TrackCode>BGC</TrackCode>
                <FormDistance>331</FormDistance>
                <FormDate>27Nov16</FormDate>
                <FormGrade>Novice Non Penalty</FormGrade>
                <FormHandicap />
                <Margin>18.00L</Margin>
                <FirstSecond>"Stormageddon"</FirstSecond>
                <DogTime>20.53</DogTime>
                <WinTime>19.29</WinTime>
                <BON>18.96</BON>
                <StartPrice>$11.70</StartPrice>
                <PIR>8</PIR>
                <Split>8.02</Split>
            </Form>
            <Form>
                <Place>5th</Place>
                <FormBox>5</FormBox>
                <Weight>30.3</Weight>
                <TrackCode>BEN</TrackCode>
                <FormDistance>425</FormDistance>
                <FormDate>21Mar17</FormDate>
                <FormGrade>Grade 7</FormGrade>
                <FormHandicap />
                <Margin>12.00L</Margin>
                <FirstSecond>"Light 'em Elsa"</FirstSecond>
                <DogTime>24.68</DogTime>
                <WinTime>23.90</WinTime>
                <BON>23.84</BON>
                <StartPrice>$33.40</StartPrice>
                <PIR>M/665</PIR>
                <Split>6.94</Split>
            </Form>
        </Dog>
    </Race>
    <Race id="208756697">
        <RaceNum>5</RaceNum>
        <RaceName>TOPCAT VIDEO</RaceName>
        <RaceTime>07:25PM</RaceTime>
        <RaceTimeDateUTC>01 Apr 17 08:25AM</RaceTimeDateUTC>
        <Distance>450m</Distance>
        <RaceGrade>Grade 5</RaceGrade>
        <PrizeMoney1>$1325</PrizeMoney1>
        <PrizeMoney2>$375</PrizeMoney2>
        <PrizeMoney3>$190</PrizeMoney3>
        <PrizeMoney4 />
        <PrizeMoney5 />
        <PrizeMoney6 />
        <PrizeMoney7 />
        <PrizeMoney8 />
        <GOBIS />
        <Hurdle />
        <Handicap />
        <TAB>1ST LEG QUAD TRI/QUIN R/D EXACTA PICK4</TAB>
        <GradeCode>5</GradeCode>
        <Dog id="851620024">
            <RaceBox>1</RaceBox>
            <DogName>DON THE SASH</DogName>
            <BestTime>25.61</BestTime>
            <DogHandicap />
            <StartsTOT>Starts 19-6-3-4</StartsTOT>
            <StartsTTD>Trk/Dst 4-2-1-0</StartsTTD>
            <Trainer id="121550">Nicole McRae</Trainer>
            <Suburb>Clyde</Suburb>
            <Owner>Nicole McRae</Owner>
            <Sire id="-107648">Cosmic Chief</Sire>
            <Dam id="-166452">Lil Grenade</Dam>
            <Colour>BK</Colour>
            <Sex>D</Sex>
            <Whelped>10 Mar 14</Whelped>
            <DogGrade>5</DogGrade>
            <DogGOBIS>Y</DogGOBIS>
            <DogPRIZE>9295</DogPRIZE>
            <Form>
                <Place>1st</Place>
                <FormBox>5</FormBox>
                <Weight>33.5</Weight>
                <TrackCode>WBL</TrackCode>
                <FormDistance>390</FormDistance>
                <FormDate>09Feb17</FormDate>
                <FormGrade>Grade 5</FormGrade>
                <FormHandicap />
                <Margin>2.50L</Margin>
                <FirstSecond>"Fiery Felix"</FirstSecond>
                <DogTime>22.23</DogTime>
                <WinTime>22.23</WinTime>
                <BON>21.99</BON>
                <StartPrice>$4.70</StartPrice>
                <PIR>M/21</PIR>
                <Split>8.61</Split>
            </Form>
            <Form>
                <Place>3rd</Place>
                <FormBox>8</FormBox>
                <Weight>34.1</Weight>
                <TrackCode>SHP</TrackCode>
                <FormDistance>390</FormDistance>
                <FormDate>27Feb17</FormDate>
                <FormGrade>Grade 5</FormGrade>
                <FormHandicap />
                <Margin>1.5L</Margin>
                <FirstSecond>"Showtime Mystery"</FirstSecond>
                <DogTime>22.44</DogTime>
                <WinTime>22.33</WinTime>
                <BON>21.85</BON>
                <StartPrice>$2.80</StartPrice>
                <PIR>S/44</PIR>
                <Split>8.60</Split>
            </Form>
            <Form>
                <Place>3rd</Place>
                <FormBox>5</FormBox>
                <Weight>34.0</Weight>
                <TrackCode>HVL</TrackCode>
                <FormDistance>350</FormDistance>
                <FormDate>05Mar17</FormDate>
                <FormGrade>Free For All</FormGrade>
                <FormHandicap />
                <Margin>1.75L</Margin>
                <FirstSecond>"Keep Talking"</FirstSecond>
                <DogTime>19.42</DogTime>
                <WinTime>19.31</WinTime>
                <BON>19.26</BON>
                <StartPrice>$12.20</StartPrice>
                <PIR>M/3</PIR>
                <Split>6.57</Split>
            </Form>
            <Form>
                <Place>1st</Place>
                <FormBox>4</FormBox>
                <Weight>33.3</Weight>
                <TrackCode>BAL</TrackCode>
                <FormDistance>390</FormDistance>
                <FormDate>15Mar17</FormDate>
                <FormGrade>Grade 5 Heat</FormGrade>
                <FormHandicap />
                <Margin>2.25L</Margin>
                <FirstSecond>"Rusty Towbar"</FirstSecond>
                <DogTime>21.81</DogTime>
                <WinTime>21.81</WinTime>
                <BON>21.81</BON>
                <StartPrice>$2.80</StartPrice>
                <PIR>M/11</PIR>
                <Split>8.34</Split>
            </Form>
            <Form>
                <Place>5th</Place>
                <FormBox>5</FormBox>
                <Weight>33.5</Weight>
                <TrackCode>BAL</TrackCode>
                <FormDistance>390</FormDistance>
                <FormDate>22Mar17</FormDate>
                <FormGrade>Grade 5 Final</FormGrade>
                <FormHandicap />
                <Margin>4.25L</Margin>
                <FirstSecond>"Cloona Express"</FirstSecond>
                <DogTime>22.28</DogTime>
                <WinTime>22.00</WinTime>
                <BON>21.95</BON>
                <StartPrice>$6.60</StartPrice>
                <PIR>M/55</PIR>
                <Split>8.62</Split>
            </Form>
        </Dog>
        <Dog id="778670029">
            <RaceBox>2</RaceBox>
            <DogName>OUR LUCK</DogName>
            <BestTime>25.51</BestTime>
            <DogHandicap />
            <StartsTOT>Starts 37-6-11-4</StartsTOT>
            <StartsTTD>Trk/Dst 4-1-1-1</StartsTTD>
            <Trainer id="62699">Travis Monaghan</Trainer>
            <Suburb>Blakeville</Suburb>
            <Owner>Heath Barclay</Owner>
            <Sire id="-722870">Fabregas</Sire>
            <Dam id="-693762">Busy Lee</Dam>
            <Colour>BK</Colour>
            <Sex>B</Sex>
            <Whelped>24 Jan 14</Whelped>
            <DogGrade>5</DogGrade>
            <DogGOBIS>Y</DogGOBIS>
            <DogPRIZE>10570</DogPRIZE>
            <Form>
                <Place>2nd</Place>
                <FormBox>3</FormBox>
                <Weight>29.5</Weight>
                <TrackCode>GEL</TrackCode>
                <FormDistance>400</FormDistance>
                <FormDate>14Feb17</FormDate>
                <FormGrade>Grade 5 T3</FormGrade>
                <FormHandicap />
                <Margin>2.50L</Margin>
                <FirstSecond>"Scot's Dunker"</FirstSecond>
                <DogTime>22.96</DogTime>
                <WinTime>22.80</WinTime>
                <BON>22.80</BON>
                <StartPrice>$4.80</StartPrice>
                <PIR>M/33</PIR>
                <Split>8.51</Split>
            </Form>
            <Form>
                <Place>4th</Place>
                <FormBox>6</FormBox>
                <Weight>29.2</Weight>
                <TrackCode>GEL</TrackCode>
                <FormDistance>460</FormDistance>
                <FormDate>24Feb17</FormDate>
                <FormGrade>Grade 5</FormGrade>
                <FormHandicap />
                <Margin>1.5L</Margin>
                <FirstSecond>"Dyna Mimi"</FirstSecond>
                <DogTime>26.58</DogTime>
                <WinTime>26.49</WinTime>
                <BON>25.72</BON>
                <StartPrice>$7.10</StartPrice>
                <PIR>M/534</PIR>
                <Split>6.87</Split>
            </Form>
            <Form>
                <Place>2nd</Place>
                <FormBox>6</FormBox>
                <Weight>29.2</Weight>
                <TrackCode>GEL</TrackCode>
                <FormDistance>460</FormDistance>
                <FormDate>28Feb17</FormDate>
                <FormGrade>Grade 5 T3</FormGrade>
                <FormHandicap />
                <Margin>2.25L</Margin>
                <FirstSecond>"Maximum Mak"</FirstSecond>
                <DogTime>26.20</DogTime>
                <WinTime>26.06</WinTime>
                <BON>26.06</BON>
                <StartPrice>$5.50</StartPrice>
                <PIR>M/434</PIR>
                <Split>6.71</Split>
            </Form>
            <Form>
                <Place>5th</Place>
                <FormBox>2</FormBox>
                <Weight>29.1</Weight>
                <TrackCode>BEN</TrackCode>
                <FormDistance>500</FormDistance>
                <FormDate>08Mar17</FormDate>
                <FormGrade>Grade 5 T3</FormGrade>
                <FormHandicap />
                <Margin>13.00L</Margin>
                <FirstSecond>"Wise Harry"</FirstSecond>
                <DogTime>29.13</DogTime>
                <WinTime>28.25</WinTime>
                <BON>28.25</BON>
                <StartPrice>$3.60</StartPrice>
                <PIR>M/676</PIR>
                <Split>6.78</Split>
            </Form>
            <Form>
                <Place>1st</Place>
                <FormBox>5</FormBox>
                <Weight>29.0</Weight>
                <TrackCode>BAL</TrackCode>
                <FormDistance>450</FormDistance>
                <FormDate>13Mar17</FormDate>
                <FormGrade>Grade 5 T3</FormGrade>
                <FormHandicap />
                <Margin>1.00L</Margin>
                <FirstSecond>"Pictish Mark"</FirstSecond>
                <DogTime>25.51</DogTime>
                <WinTime>25.51</WinTime>
                <BON>25.51</BON>
                <StartPrice>$8.80</StartPrice>
                <PIR>M/222</PIR>
                <Split>6.60</Split>
            </Form>
        </Dog>
        <Dog id="1619850048">
            <RaceBox>3</RaceBox>
            <DogName>WINGS FOR WOODY</DogName>
            <BestTime>FSH</BestTime>
            <DogHandicap />
            <StartsTOT>Starts 8-4-0-0</StartsTOT>
            <StartsTTD>Trk/Dst 0-0-0-0</StartsTTD>
            <Trainer id="118950">Alisdair Armstrong</Trainer>
            <Suburb>Huntly</Suburb>
            <Owner>Buckley Post Synd A Armstrong,D Stonehouse</Owner>
            <Sire id="-722870">Fabregas</Sire>
            <Dam id="-606693">Katie Racoon</Dam>
            <Colour>BK</Colour>
            <Sex>D</Sex>
            <Whelped>05 May 15</Whelped>
            <DogGrade>5</DogGrade>
            <DogGOBIS>N</DogGOBIS>
            <DogPRIZE>3810</DogPRIZE>
            <Form>
                <Place>6th</Place>
                <FormBox>3</FormBox>
                <Weight>34.4</Weight>
                <TrackCode>SHP</TrackCode>
                <FormDistance>390</FormDistance>
                <FormDate>13Feb17</FormDate>
                <FormGrade>Mixed 6/7 Final</FormGrade>
                <FormHandicap />
                <Margin>8.00L</Margin>
                <FirstSecond>"McMonty's Girl"</FirstSecond>
                <DogTime>22.87</DogTime>
                <WinTime>22.32</WinTime>
                <BON>22.04</BON>
                <StartPrice>$7.90</StartPrice>
                <PIR>M/76</PIR>
                <Split>8.99</Split>
            </Form>
            <Form>
                <Place>7th</Place>
                <FormBox>3</FormBox>
                <Weight>35.0</Weight>
                <TrackCode>BEN</TrackCode>
                <FormDistance>425</FormDistance>
                <FormDate>16Feb17</FormDate>
                <FormGrade>Grade 6</FormGrade>
                <FormHandicap />
                <Margin>17.00L</Margin>
                <FirstSecond>"Snippyliss"</FirstSecond>
                <DogTime>25.29</DogTime>
                <WinTime>24.17</WinTime>
                <BON>23.66</BON>
                <StartPrice>$3.40</StartPrice>
                <PIR>M/456</PIR>
                <Split>6.68</Split>
            </Form>
            <Form>
                <Place>4th</Place>
                <FormBox>1</FormBox>
                <Weight>35.2</Weight>
                <TrackCode>BEN</TrackCode>
                <FormDistance>425</FormDistance>
                <FormDate>10Mar17</FormDate>
                <FormGrade>Grade 6</FormGrade>
                <FormHandicap />
                <Margin>5.00L</Margin>
                <FirstSecond>"Swift Ruby"</FirstSecond>
                <DogTime>24.31</DogTime>
                <WinTime>23.98</WinTime>
                <BON>23.85</BON>
                <StartPrice>$5.70</StartPrice>
                <PIR>M/222</PIR>
                <Split>6.51</Split>
            </Form>
            <Form>
                <Place>1st</Place>
                <FormBox>1</FormBox>
                <Weight>35.7</Weight>
                <TrackCode>HVL</TrackCode>
                <FormDistance>300</FormDistance>
                <FormDate>17Mar17</FormDate>
                <FormGrade>Grade 6</FormGrade>
                <FormHandicap />
                <Margin>1.5L</Margin>
                <FirstSecond>"Daintree Destroy"</FirstSecond>
                <DogTime>17.00</DogTime>
                <WinTime>17.00</WinTime>
                <BON>16.75</BON>
                <StartPrice>$2.90</StartPrice>
                <PIR>S/5</PIR>
                <Split>4.02</Split>
            </Form>
            <Form>
                <Place>1st</Place>
                <FormBox>1</FormBox>
                <Weight>35.9</Weight>
                <TrackCode>GEL</TrackCode>
                <FormDistance>400</FormDistance>
                <FormDate>24Mar17</FormDate>
                <FormGrade>Grade 5</FormGrade>
                <FormHandicap />
                <Margin>2.25L</Margin>
                <FirstSecond>"Fiery Chieftain"</FirstSecond>
                <DogTime>22.68</DogTime>
                <WinTime>22.68</WinTime>
                <BON>22.43</BON>
                <StartPrice>$4.50</StartPrice>
                <PIR>M/11</PIR>
                <Split>8.27</Split>
            </Form>
        </Dog>
        <Dog id="1556590017">
            <RaceBox>4</RaceBox>
            <DogName>SISCO GENERAL</DogName>
            <BestTime>NBT</BestTime>
            <DogHandicap />
            <StartsTOT>Starts 18-3-1-3</StartsTOT>
            <StartsTTD>Trk/Dst 1-0-0-0</StartsTTD>
            <Trainer id="77322">Mark Cauchi</Trainer>
            <Suburb>St Leonards</Suburb>
            <Owner>Alyx Banitsiotis</Owner>
            <Sire id="-710494">Barcia Bale</Sire>
            <Dam id="-521953">Sisco Power</Dam>
            <Colour>BKW</Colour>
            <Sex>D</Sex>
            <Whelped>03 Mar 15</Whelped>
            <DogGrade>5</DogGrade>
            <DogGOBIS>N</DogGOBIS>
            <DogPRIZE>3910</DogPRIZE>
            <Form>
                <Place>3rd</Place>
                <FormBox>6</FormBox>
                <Weight>33.6</Weight>
                <TrackCode>GEL</TrackCode>
                <FormDistance>460</FormDistance>
                <FormDate>24Feb17</FormDate>
                <FormGrade>Grade 5</FormGrade>
                <FormHandicap />
                <Margin>4.00L</Margin>
                <FirstSecond>"Master Riot"</FirstSecond>
                <DogTime>26.41</DogTime>
                <WinTime>26.13</WinTime>
                <BON>25.72</BON>
                <StartPrice>$26.30</StartPrice>
                <PIR>M/733</PIR>
                <Split>6.79</Split>
            </Form>
            <Form>
                <Place>4th</Place>
                <FormBox>4</FormBox>
                <Weight>33.9</Weight>
                <TrackCode>GEL</TrackCode>
                <FormDistance>460</FormDistance>
                <FormDate>03Mar17</FormDate>
                <FormGrade>Grade 5</FormGrade>
                <FormHandicap />
                <Margin>11.00L</Margin>
                <FirstSecond>"Zinzan Brooke"</FirstSecond>
                <DogTime>26.26</DogTime>
                <WinTime>25.53</WinTime>
                <BON>25.53</BON>
                <StartPrice>$33.60</StartPrice>
                <PIR>M/654</PIR>
                <Split>6.72</Split>
            </Form>
            <Form>
                <Place>5th</Place>
                <FormBox>6</FormBox>
                <Weight>33.7</Weight>
                <TrackCode>BAL</TrackCode>
                <FormDistance>450</FormDistance>
                <FormDate>08Mar17</FormDate>
                <FormGrade>Grade 5</FormGrade>
                <FormHandicap />
                <Margin>3.75L</Margin>
                <FirstSecond>"Cruisy's Empress"</FirstSecond>
                <DogTime>26.08</DogTime>
                <WinTime>25.83</WinTime>
                <BON>25.14</BON>
                <StartPrice>$39.90</StartPrice>
                <PIR>M/563</PIR>
                <Split>6.68</Split>
            </Form>
            <Form>
                <Place>3rd</Place>
                <FormBox>5</FormBox>
                <Weight>34.3</Weight>
                <TrackCode>SHP</TrackCode>
                <FormDistance>450</FormDistance>
                <FormDate>17Mar17</FormDate>
                <FormGrade>Grade 5 Heat</FormGrade>
                <FormHandicap />
                <Margin>2.50L</Margin>
                <FirstSecond>"Mint Boy"</FirstSecond>
                <DogTime>25.57</DogTime>
                <WinTime>25.39</WinTime>
                <BON>25.23</BON>
                <StartPrice>$25.90</StartPrice>
                <PIR>S/543</PIR>
                <Split>6.81</Split>
            </Form>
            <Form>
                <Place>7th</Place>
                <FormBox>6</FormBox>
                <Weight>34.1</Weight>
                <TrackCode>SHP</TrackCode>
                <FormDistance>450</FormDistance>
                <FormDate>27Mar17</FormDate>
                <FormGrade>Grade 5 Final</FormGrade>
                <FormHandicap />
                <Margin>6.00L</Margin>
                <FirstSecond>"River Crossing"</FirstSecond>
                <DogTime>25.76</DogTime>
                <WinTime>25.36</WinTime>
                <BON>25.11</BON>
                <StartPrice>$33.70</StartPrice>
                <PIR>S/776</PIR>
                <Split>7.16</Split>
            </Form>
        </Dog>
        <Dog id="1338350004">
            <RaceBox>5</RaceBox>
            <DogName>CAPRICORN STORM</DogName>
            <BestTime>25.39</BestTime>
            <DogHandicap />
            <StartsTOT>Starts 8-3-2-0</StartsTOT>
            <StartsTTD>Trk/Dst 5-2-1-0</StartsTTD>
            <Trainer id="136717">Tim Stainer</Trainer>
            <Suburb>Bacchus Marsh</Suburb>
            <Owner>Tim Stainer</Owner>
            <Sire id="-23446">Clappin Thunder</Sire>
            <Dam id="-424053">Capricorn Miss</Dam>
            <Colour>RBD</Colour>
            <Sex>B</Sex>
            <Whelped>24 Dec 14</Whelped>
            <DogGrade>5</DogGrade>
            <DogGOBIS>N</DogGOBIS>
            <DogPRIZE>3625</DogPRIZE>
            <Form>
                <Place>6th</Place>
                <FormBox>8</FormBox>
                <Weight>27.7</Weight>
                <TrackCode>BAL</TrackCode>
                <FormDistance>450</FormDistance>
                <FormDate>31Jan17</FormDate>
                <FormGrade>Grade 7</FormGrade>
                <FormHandicap />
                <Margin>10.00L</Margin>
                <FirstSecond>"Lainey's Fortune"</FirstSecond>
                <DogTime>26.12</DogTime>
                <WinTime>25.44</WinTime>
                <BON>25.34</BON>
                <StartPrice>$10.80</StartPrice>
                <PIR>M/776</PIR>
                <Split>6.84</Split>
            </Form>
            <Form>
                <Place>2nd</Place>
                <FormBox>4</FormBox>
                <Weight>27.7</Weight>
                <TrackCode>GEL</TrackCode>
                <FormDistance>460</FormDistance>
                <FormDate>14Feb17</FormDate>
                <FormGrade>Tier 3 - Grade 7</FormGrade>
                <FormHandicap />
                <Margin>0.50L</Margin>
                <FirstSecond>"Barry Bomber"</FirstSecond>
                <DogTime>26.35</DogTime>
                <WinTime>26.33</WinTime>
                <BON>26.13</BON>
                <StartPrice>$3.10</StartPrice>
                <PIR>M/111</PIR>
                <Split>6.54</Split>
            </Form>
            <Form>
                <Place>1st</Place>
                <FormBox>7</FormBox>
                <Weight>27.7</Weight>
                <TrackCode>BAL</TrackCode>
                <FormDistance>450</FormDistance>
                <FormDate>22Feb17</FormDate>
                <FormGrade>Grade 7</FormGrade>
                <FormHandicap />
                <Margin>2.50L</Margin>
                <FirstSecond>"Zipping King"</FirstSecond>
                <DogTime>25.48</DogTime>
                <WinTime>25.48</WinTime>
                <BON>25.36</BON>
                <StartPrice>$11.60</StartPrice>
                <PIR>M/111</PIR>
                <Split>6.58</Split>
            </Form>
            <Form>
                <Place>6th</Place>
                <FormBox>2</FormBox>
                <Weight>28.0</Weight>
                <TrackCode>GEL</TrackCode>
                <FormDistance>460</FormDistance>
                <FormDate>03Mar17</FormDate>
                <FormGrade>Grade 6</FormGrade>
                <FormHandicap />
                <Margin>18.00L</Margin>
                <FirstSecond>"Mi Blue Day"</FirstSecond>
                <DogTime>27.15</DogTime>
                <WinTime>25.89</WinTime>
                <BON>25.53</BON>
                <StartPrice>$3.40</StartPrice>
                <PIR>M/347</PIR>
                <Split>6.68</Split>
            </Form>
            <Form>
                <Place>1st</Place>
                <FormBox>7</FormBox>
                <Weight>28.1</Weight>
                <TrackCode>BAL</TrackCode>
                <FormDistance>450</FormDistance>
                <FormDate>22Mar17</FormDate>
                <FormGrade>Mixed 6/7</FormGrade>
                <FormHandicap />
                <Margin>3.75L</Margin>
                <FirstSecond>"King Of Merrimu"</FirstSecond>
                <DogTime>25.39</DogTime>
                <WinTime>25.39</WinTime>
                <BON>25.21</BON>
                <StartPrice>$10.90</StartPrice>
                <PIR>Q/111</PIR>
                <Split>6.50</Split>
            </Form>
        </Dog>
        <Dog id="701340127">
            <RaceBox>6</RaceBox>
            <DogName>CHEETAH STEALTH</DogName>
            <BestTime>FSH</BestTime>
            <DogHandicap />
            <StartsTOT>Starts 36-6-5-3</StartsTOT>
            <StartsTTD>Trk/Dst 0-0-0-0</StartsTTD>
            <Trainer id="118063">Geoffrey Moss</Trainer>
            <Suburb>Korumburra</Suburb>
            <Owner>Royal Hotel Synd G Moss,T Bridger,P Moss</Owner>
            <Sire id="-631999">Nolen</Sire>
            <Dam id="-362048">Daintree Jewel</Dam>
            <Colour>BK</Colour>
            <Sex>D</Sex>
            <Whelped>14 Dec 13</Whelped>
            <DogGrade>5</DogGrade>
            <DogGOBIS>Y</DogGOBIS>
            <DogPRIZE>7075</DogPRIZE>
            <Form>
                <Place>5th</Place>
                <FormBox>4</FormBox>
                <Weight>33.1</Weight>
                <TrackCode>WGL</TrackCode>
                <FormDistance>460</FormDistance>
                <FormDate>14Feb17</FormDate>
                <FormGrade>Grade 5</FormGrade>
                <FormHandicap />
                <Margin>10.00L</Margin>
                <FirstSecond>"Lion Rebel"</FirstSecond>
                <DogTime>26.68</DogTime>
                <WinTime>26.00</WinTime>
                <BON>26.00</BON>
                <StartPrice>$3.80</StartPrice>
                <PIR>M/566</PIR>
                <Split>6.75</Split>
            </Form>
            <Form>
                <Place>5th</Place>
                <FormBox>4</FormBox>
                <Weight>33.1</Weight>
                <TrackCode>HVL</TrackCode>
                <FormDistance>350</FormDistance>
                <FormDate>19Feb17</FormDate>
                <FormGrade>Grade 5</FormGrade>
                <FormHandicap />
                <Margin>8.50L</Margin>
                <FirstSecond>"Krystals The One"</FirstSecond>
                <DogTime>20.09</DogTime>
                <WinTime>19.52</WinTime>
                <BON>19.20</BON>
                <StartPrice>$13.20</StartPrice>
                <PIR>M/4</PIR>
                <Split>6.75</Split>
            </Form>
            <Form>
                <Place>6th</Place>
                <FormBox>6</FormBox>
                <Weight>33.1</Weight>
                <TrackCode>HVL</TrackCode>
                <FormDistance>350</FormDistance>
                <FormDate>26Feb17</FormDate>
                <FormGrade>Grade 5</FormGrade>
                <FormHandicap />
                <Margin>4.50L</Margin>
                <FirstSecond>"Vapour Lee"</FirstSecond>
                <DogTime>19.76</DogTime>
                <WinTime>19.45</WinTime>
                <BON>19.22</BON>
                <StartPrice>$11.20</StartPrice>
                <PIR>M/4</PIR>
                <Split>6.78</Split>
            </Form>
            <Form>
                <Place>5th</Place>
                <FormBox>3</FormBox>
                <Weight>33.1</Weight>
                <TrackCode>HVL</TrackCode>
                <FormDistance>350</FormDistance>
                <FormDate>05Mar17</FormDate>
                <FormGrade>Grade 5</FormGrade>
                <FormHandicap />
                <Margin>8.00L</Margin>
                <FirstSecond>"Like A Fancy"</FirstSecond>
                <DogTime>19.85</DogTime>
                <WinTime>19.30</WinTime>
                <BON>19.26</BON>
                <StartPrice>$11.00</StartPrice>
                <PIR>M/7</PIR>
                <Split>6.78</Split>
            </Form>
            <Form>
                <Place>1st</Place>
                <FormBox>4</FormBox>
                <Weight>33.3</Weight>
                <TrackCode>WGL</TrackCode>
                <FormDistance>400</FormDistance>
                <FormDate>23Mar17</FormDate>
                <FormGrade>Grade 5 T3</FormGrade>
                <FormHandicap />
                <Margin>3.75L</Margin>
                <FirstSecond>"Machiko"</FirstSecond>
                <DogTime>22.75</DogTime>
                <WinTime>22.75</WinTime>
                <BON>22.69</BON>
                <StartPrice>$2.70</StartPrice>
                <PIR>M/11</PIR>
                <Split>8.43</Split>
            </Form>
        </Dog>
        <Dog id="578340001">
            <RaceBox>7</RaceBox>
            <DogName>BREAK THE CODE</DogName>
            <BestTime>25.51</BestTime>
            <DogHandicap />
            <StartsTOT>Starts 30-9-3-3</StartsTOT>
            <StartsTTD>Trk/Dst 5-2-0-2</StartsTTD>
            <Trainer id="101726">Steve Daniliuk</Trainer>
            <Suburb>Sunbury</Suburb>
            <Owner>Steve Daniliuk</Owner>
            <Sire id="-9071">Kinloch Brae</Sire>
            <Dam id="-144914">Vivacious Gal</Dam>
            <Colour>BD</Colour>
            <Sex>D</Sex>
            <Whelped>25 Sep 13</Whelped>
            <DogGrade>5</DogGrade>
            <DogGOBIS>Y</DogGOBIS>
            <DogPRIZE>10427</DogPRIZE>
            <Form>
                <Place>4th</Place>
                <FormBox>4</FormBox>
                <Weight>33.8</Weight>
                <TrackCode>SHP</TrackCode>
                <FormDistance>390</FormDistance>
                <FormDate>06Feb17</FormDate>
                <FormGrade>Grade 5</FormGrade>
                <FormHandicap />
                <Margin>8.50L</Margin>
                <FirstSecond>"Silver Wing"</FirstSecond>
                <DogTime>22.61</DogTime>
                <WinTime>22.05</WinTime>
                <BON>21.86</BON>
                <StartPrice>$18.80</StartPrice>
                <PIR>M/44</PIR>
                <Split>8.72</Split>
            </Form>
            <Form>
                <Place>6th</Place>
                <FormBox>5</FormBox>
                <Weight>34.2</Weight>
                <TrackCode>HVL</TrackCode>
                <FormDistance>350</FormDistance>
                <FormDate>24Feb17</FormDate>
                <FormGrade>Grade 5</FormGrade>
                <FormHandicap />
                <Margin>1.75L</Margin>
                <FirstSecond>"Jett Zafonic"</FirstSecond>
                <DogTime>20.18</DogTime>
                <WinTime>20.07</WinTime>
                <BON>19.54</BON>
                <StartPrice>$3.20</StartPrice>
                <PIR>M/3</PIR>
                <Split>6.73</Split>
            </Form>
            <Form>
                <Place>1st</Place>
                <FormBox>6</FormBox>
                <Weight>34.2</Weight>
                <TrackCode>SHP</TrackCode>
                <FormDistance>390</FormDistance>
                <FormDate>03Mar17</FormDate>
                <FormGrade>Grade 5 T3</FormGrade>
                <FormHandicap />
                <Margin>1.75L</Margin>
                <FirstSecond>"Kingsley Boy"</FirstSecond>
                <DogTime>22.27</DogTime>
                <WinTime>22.27</WinTime>
                <BON>22.07</BON>
                <StartPrice>$2.30</StartPrice>
                <PIR>M/11</PIR>
                <Split>8.46</Split>
            </Form>
            <Form>
                <Place>5th</Place>
                <FormBox>8</FormBox>
                <Weight>34.2</Weight>
                <TrackCode>SHP</TrackCode>
                <FormDistance>390</FormDistance>
                <FormDate>13Mar17</FormDate>
                <FormGrade>Grade 5</FormGrade>
                <FormHandicap />
                <Margin>3.25L</Margin>
                <FirstSecond>"Sonny's Tas"</FirstSecond>
                <DogTime>22.71</DogTime>
                <WinTime>22.49</WinTime>
                <BON>21.98</BON>
                <StartPrice>$4.60</StartPrice>
                <PIR>M/46</PIR>
                <Split>8.50</Split>
            </Form>
            <Form>
                <Place>1st</Place>
                <FormBox>6</FormBox>
                <Weight>34.0</Weight>
                <TrackCode>SHP</TrackCode>
                <FormDistance>450</FormDistance>
                <FormDate>20Mar17</FormDate>
                <FormGrade>Mixed 4/5</FormGrade>
                <FormHandicap />
                <Margin>0.25L</Margin>
                <FirstSecond>"Fabstar"</FirstSecond>
                <DogTime>25.54</DogTime>
                <WinTime>25.54</WinTime>
                <BON>25.34</BON>
                <StartPrice>$24.00</StartPrice>
                <PIR>M/211</PIR>
                <Split>6.66</Split>
            </Form>
        </Dog>
        <Dog id="1389730046">
            <RaceBox>8</RaceBox>
            <DogName>SWIRLING PEARLS</DogName>
            <BestTime>NBT</BestTime>
            <DogHandicap />
            <StartsTOT>Starts 12-3-2-0</StartsTOT>
            <StartsTTD>Trk/Dst 1-0-0-0</StartsTTD>
            <Trainer id="90536">Brian Smith</Trainer>
            <Suburb>The Rock</Suburb>
            <Owner>Play With 'em Racing Synd P Hallcroft,B Flack,B Walsh,O Thompson,P Foster,B Hay,B McGarry,R Matthews,B Jones,W Hay</Owner>
            <Sire id="-577371">Spring Gun</Sire>
            <Dam id="-19321">Pearl's Choice</Dam>
            <Colour>BK</Colour>
            <Sex>B</Sex>
            <Whelped>22 Feb 15</Whelped>
            <DogGrade>5</DogGrade>
            <DogGOBIS>N</DogGOBIS>
            <DogPRIZE>2830</DogPRIZE>
            <Form>
                <Place>1st</Place>
                <FormBox>3</FormBox>
                <Weight>25.9</Weight>
                <TrackCode>SAP</TrackCode>
                <FormDistance>515</FormDistance>
                <FormDate>12Feb17</FormDate>
                <FormGrade>Grade 7</FormGrade>
                <FormHandicap />
                <Margin>15.00L</Margin>
                <FirstSecond>"Temujin"</FirstSecond>
                <DogTime>29.63</DogTime>
                <WinTime>29.63</WinTime>
                <BON>29.43</BON>
                <StartPrice>$16.00</StartPrice>
                <PIR>Q/1111</PIR>
                <Split>5.09</Split>
            </Form>
            <Form>
                <Place>7th</Place>
                <FormBox>5</FormBox>
                <Weight>26.0</Weight>
                <TrackCode>SAP</TrackCode>
                <FormDistance>515</FormDistance>
                <FormDate>19Feb17</FormDate>
                <FormGrade>Restricted Win Heat</FormGrade>
                <FormHandicap />
                <Margin>13.00L</Margin>
                <FirstSecond>"My Alibi"</FirstSecond>
                <DogTime>30.64</DogTime>
                <WinTime>29.78</WinTime>
                <BON>29.59</BON>
                <StartPrice>$5.30</StartPrice>
                <PIR>M/5888</PIR>
                <Split>5.23</Split>
            </Form>
            <Form>
                <Place>6th</Place>
                <FormBox>7</FormBox>
                <Weight>25.7</Weight>
                <TrackCode>TEM</TrackCode>
                <FormDistance>457</FormDistance>
                <FormDate>04Mar17</FormDate>
                <FormGrade>Non Graded</FormGrade>
                <FormHandicap />
                <Margin>12.00L</Margin>
                <FirstSecond>"Slick Simzy"</FirstSecond>
                <DogTime>26.95</DogTime>
                <WinTime>26.14</WinTime>
                <BON>25.90</BON>
                <StartPrice>$4.00</StartPrice>
                <PIR />
                <Split />
            </Form>
            <Form>
                <Place>2nd</Place>
                <FormBox>1</FormBox>
                <Weight>26.1</Weight>
                <TrackCode>ACT</TrackCode>
                <FormDistance>530</FormDistance>
                <FormDate>19Mar17</FormDate>
                <FormGrade>Grade 5</FormGrade>
                <FormHandicap />
                <Margin>8.00L</Margin>
                <FirstSecond>"Bad Hombre"</FirstSecond>
                <DogTime>30.97</DogTime>
                <WinTime>30.43</WinTime>
                <BON>30.43</BON>
                <StartPrice>$4.00</StartPrice>
                <PIR>1222</PIR>
                <Split />
            </Form>
            <Form>
                <Place>1st</Place>
                <FormBox>8</FormBox>
                <Weight>26.4</Weight>
                <TrackCode>WAG</TrackCode>
                <FormDistance>525</FormDistance>
                <FormDate>24Mar17</FormDate>
                <FormGrade>Grade 5</FormGrade>
                <FormHandicap />
                <Margin>1.00L</Margin>
                <FirstSecond>"Mystic Marlow"</FirstSecond>
                <DogTime>31.01</DogTime>
                <WinTime>31.01</WinTime>
                <BON>31.01</BON>
                <StartPrice>$3.50</StartPrice>
                <PIR />
                <Split />
            </Form>
        </Dog>
        <Dog id="1237400047">
            <RaceBox>9</RaceBox>
            <DogName>SPRING TO WYN Res.</DogName>
            <BestTime>NBT</BestTime>
            <DogHandicap />
            <StartsTOT>Starts 18-3-2-0</StartsTOT>
            <StartsTTD>Trk/Dst 1-0-0-0</StartsTTD>
            <Trainer id="14434">Rohan Gladman</Trainer>
            <Suburb>Scarsdale</Suburb>
            <Owner>Calliope Crew Synd K Goodwin,C Viney</Owner>
            <Sire id="-577371">Spring Gun</Sire>
            <Dam id="-541815">Kirabilli Indy</Dam>
            <Colour>F</Colour>
            <Sex>B</Sex>
            <Whelped>03 Dec 14</Whelped>
            <DogGrade>5</DogGrade>
            <DogGOBIS>Y</DogGOBIS>
            <DogPRIZE>4390</DogPRIZE>
            <Form>
                <Place>2nd</Place>
                <FormBox>1</FormBox>
                <Weight>25.6</Weight>
                <TrackCode>WBL</TrackCode>
                <FormDistance>450</FormDistance>
                <FormDate>09Feb17</FormDate>
                <FormGrade>Grade 6</FormGrade>
                <FormHandicap />
                <Margin>0.05L</Margin>
                <FirstSecond>"Miss Emmy Rose"</FirstSecond>
                <DogTime>25.63</DogTime>
                <WinTime>25.63</WinTime>
                <BON>25.22</BON>
                <StartPrice>$12.70</StartPrice>
                <PIR>M/222</PIR>
                <Split>6.74</Split>
            </Form>
            <Form>
                <Place>2nd</Place>
                <FormBox>5</FormBox>
                <Weight>25.5</Weight>
                <TrackCode>WBL</TrackCode>
                <FormDistance>450</FormDistance>
                <FormDate>14Feb17</FormDate>
                <FormGrade>Grade 6</FormGrade>
                <FormHandicap />
                <Margin>2.75L</Margin>
                <FirstSecond>"Tear Away Doc"</FirstSecond>
                <DogTime>25.26</DogTime>
                <WinTime>25.08</WinTime>
                <BON>25.08</BON>
                <StartPrice>$21.50</StartPrice>
                <PIR>M/322</PIR>
                <Split>6.69</Split>
            </Form>
            <Form>
                <Place>1st</Place>
                <FormBox>4</FormBox>
                <Weight>25.6</Weight>
                <TrackCode>WBL</TrackCode>
                <FormDistance>450</FormDistance>
                <FormDate>23Feb17</FormDate>
                <FormGrade>Mixed 6/7 Heat</FormGrade>
                <FormHandicap />
                <Margin>6.00L</Margin>
                <FirstSecond>"Bush Destroyer"</FirstSecond>
                <DogTime>25.45</DogTime>
                <WinTime>25.45</WinTime>
                <BON>25.39</BON>
                <StartPrice>$2.30</StartPrice>
                <PIR>Q/111</PIR>
                <Split>6.61</Split>
            </Form>
            <Form>
                <Place>5th</Place>
                <FormBox>1</FormBox>
                <Weight>26.0</Weight>
                <TrackCode>WBL</TrackCode>
                <FormDistance>450</FormDistance>
                <FormDate>02Mar17</FormDate>
                <FormGrade>Mixed 6/7 Final</FormGrade>
                <FormHandicap />
                <Margin>8.00L</Margin>
                <FirstSecond>"Black Market"</FirstSecond>
                <DogTime>26.09</DogTime>
                <WinTime>25.55</WinTime>
                <BON>25.38</BON>
                <StartPrice>$2.20</StartPrice>
                <PIR>M/465</PIR>
                <Split>6.71</Split>
            </Form>
            <Form>
                <Place>5th</Place>
                <FormBox>7</FormBox>
                <Weight>26.5</Weight>
                <TrackCode>WBL</TrackCode>
                <FormDistance>450</FormDistance>
                <FormDate>09Mar17</FormDate>
                <FormGrade>Grade 5</FormGrade>
                <FormHandicap />
                <Margin>4.25L</Margin>
                <FirstSecond>"Philo Bale"</FirstSecond>
                <DogTime>25.79</DogTime>
                <WinTime>25.49</WinTime>
                <BON>24.83</BON>
                <StartPrice>$4.30</StartPrice>
                <PIR>Q/335</PIR>
                <Split>6.75</Split>
            </Form>
        </Dog>
        <Dog id="701340128">
            <RaceBox>10</RaceBox>
            <DogName>COUGAR STEALTH Res.</DogName>
            <BestTime>FSTD</BestTime>
            <DogHandicap />
            <StartsTOT>Starts 38-3-8-11</StartsTOT>
            <StartsTTD>Trk/Dst 0-0-0-0</StartsTTD>
            <Trainer id="118063">Geoffrey Moss</Trainer>
            <Suburb>Korumburra</Suburb>
            <Owner>Royal Hotel Synd G Moss,T Bridger,P Moss</Owner>
            <Sire id="-631999">Nolen</Sire>
            <Dam id="-362048">Daintree Jewel</Dam>
            <Colour>BK</Colour>
            <Sex>D</Sex>
            <Whelped>14 Dec 13</Whelped>
            <DogGrade>5</DogGrade>
            <DogGOBIS>Y</DogGOBIS>
            <DogPRIZE>5865</DogPRIZE>
            <Form>
                <Place>3rd</Place>
                <FormBox>2</FormBox>
                <Weight>34.4</Weight>
                <TrackCode>HVL</TrackCode>
                <FormDistance>350</FormDistance>
                <FormDate>19Feb17</FormDate>
                <FormGrade>Restricted Win Heat</FormGrade>
                <FormHandicap />
                <Margin>8.50L</Margin>
                <FirstSecond>"Cullquin Bomber"</FirstSecond>
                <DogTime>19.87</DogTime>
                <WinTime>19.28</WinTime>
                <BON>19.20</BON>
                <StartPrice>$14.20</StartPrice>
                <PIR>M/3</PIR>
                <Split>6.75</Split>
            </Form>
            <Form>
                <Place>1st</Place>
                <FormBox>4</FormBox>
                <Weight>34.3</Weight>
                <TrackCode>WGL</TrackCode>
                <FormDistance>460</FormDistance>
                <FormDate>23Feb17</FormDate>
                <FormGrade>Tier 3 - Grade 6</FormGrade>
                <FormHandicap />
                <Margin>0.50L</Margin>
                <FirstSecond>"In A Pickle"</FirstSecond>
                <DogTime>26.37</DogTime>
                <WinTime>26.37</WinTime>
                <BON>25.90</BON>
                <StartPrice>$4.40</StartPrice>
                <PIR>S/422</PIR>
                <Split>6.68</Split>
            </Form>
            <Form>
                <Place>3rd</Place>
                <FormBox>3</FormBox>
                <Weight>34.3</Weight>
                <TrackCode>HVL</TrackCode>
                <FormDistance>350</FormDistance>
                <FormDate>05Mar17</FormDate>
                <FormGrade>Grade 5</FormGrade>
                <FormHandicap />
                <Margin>2.75L</Margin>
                <FirstSecond>"Uncatchable"</FirstSecond>
                <DogTime>19.68</DogTime>
                <WinTime>19.50</WinTime>
                <BON>19.26</BON>
                <StartPrice>$7.10</StartPrice>
                <PIR>M/2</PIR>
                <Split>6.63</Split>
            </Form>
            <Form>
                <Place>2nd</Place>
                <FormBox>5</FormBox>
                <Weight>34.3</Weight>
                <TrackCode>WGL</TrackCode>
                <FormDistance>460</FormDistance>
                <FormDate>12Mar17</FormDate>
                <FormGrade>Grade 5 T3</FormGrade>
                <FormHandicap />
                <Margin>2.50L</Margin>
                <FirstSecond>"Celtic Fire"</FirstSecond>
                <DogTime>26.27</DogTime>
                <WinTime>26.10</WinTime>
                <BON>26.07</BON>
                <StartPrice>$3.60</StartPrice>
                <PIR>M/111</PIR>
                <Split>6.60</Split>
            </Form>
            <Form>
                <Place>6th</Place>
                <FormBox>4</FormBox>
                <Weight>34.3</Weight>
                <TrackCode>WGL</TrackCode>
                <FormDistance>460</FormDistance>
                <FormDate>21Mar17</FormDate>
                <FormGrade>Grade 5</FormGrade>
                <FormHandicap />
                <Margin>8.00L</Margin>
                <FirstSecond>"Saturday Sip"</FirstSecond>
                <DogTime>26.60</DogTime>
                <WinTime>26.04</WinTime>
                <BON>25.85</BON>
                <StartPrice>$10.90</StartPrice>
                <PIR>M/434</PIR>
                <Split>6.81</Split>
            </Form>
        </Dog>
    </Race>
    <Race id="208756699">
        <RaceNum>6</RaceNum>
        <RaceName>LYNETTE'S FLORIST</RaceName>
        <RaceTime>07:45PM</RaceTime>
        <RaceTimeDateUTC>01 Apr 17 08:45AM</RaceTimeDateUTC>
        <Distance>545m</Distance>
        <RaceGrade>Mixed 4/5</RaceGrade>
        <PrizeMoney1>$1405</PrizeMoney1>
        <PrizeMoney2>$400</PrizeMoney2>
        <PrizeMoney3>$200</PrizeMoney3>
        <PrizeMoney4 />
        <PrizeMoney5 />
        <PrizeMoney6 />
        <PrizeMoney7 />
        <PrizeMoney8 />
        <GOBIS />
        <Hurdle />
        <Handicap />
        <TAB>2ND LEG QUAD 1ST LEG D/D TRI/QUIN R/D EXACTA PICK4</TAB>
        <GradeCode>X45</GradeCode>
        <Dog id="1295030026">
            <RaceBox>1</RaceBox>
            <DogName>TEAR AWAY SOCKS</DogName>
            <BestTime>FSTD</BestTime>
            <DogHandicap />
            <StartsTOT>Starts 11-4-1-1</StartsTOT>
            <StartsTTD>Trk/Dst 0-0-0-0</StartsTTD>
            <Trainer id="122495">Raymond Mahony</Trainer>
            <Suburb>Southern Cross</Suburb>
            <Owner>Duane Dalton</Owner>
            <Sire id="-710086">Black Magic Opal</Sire>
            <Dam id="-283072">Minni Mooksta</Dam>
            <Colour>BKW</Colour>
            <Sex>B</Sex>
            <Whelped>28 Dec 14</Whelped>
            <DogGrade>5</DogGrade>
            <DogGOBIS>N</DogGOBIS>
            <DogPRIZE>5630</DogPRIZE>
            <Form>
                <Place>4th</Place>
                <FormBox>7</FormBox>
                <Weight>25.7</Weight>
                <TrackCode>WBL</TrackCode>
                <FormDistance>450</FormDistance>
                <FormDate>16Feb17</FormDate>
                <FormGrade>Mixed 6/7</FormGrade>
                <FormHandicap />
                <Margin>5.50L</Margin>
                <FirstSecond>"Cosmic Therapy"</FirstSecond>
                <DogTime>25.92</DogTime>
                <WinTime>25.56</WinTime>
                <BON>25.21</BON>
                <StartPrice>$10.30</StartPrice>
                <PIR>M/764</PIR>
                <Split>6.96</Split>
            </Form>
            <Form>
                <Place>1st</Place>
                <FormBox>5</FormBox>
                <Weight>25.6</Weight>
                <TrackCode>WBL</TrackCode>
                <FormDistance>450</FormDistance>
                <FormDate>23Feb17</FormDate>
                <FormGrade>Mixed 6/7 Heat</FormGrade>
                <FormHandicap />
                <Margin>1.5L</Margin>
                <FirstSecond>"Black Market"</FirstSecond>
                <DogTime>25.53</DogTime>
                <WinTime>25.53</WinTime>
                <BON>25.39</BON>
                <StartPrice>$9.80</StartPrice>
                <PIR>M/333</PIR>
                <Split>6.70</Split>
            </Form>
            <Form>
                <Place>2nd</Place>
                <FormBox>7</FormBox>
                <Weight>25.7</Weight>
                <TrackCode>WBL</TrackCode>
                <FormDistance>450</FormDistance>
                <FormDate>02Mar17</FormDate>
                <FormGrade>Mixed 6/7 Final</FormGrade>
                <FormHandicap />
                <Margin>3.75L</Margin>
                <FirstSecond>"Black Market"</FirstSecond>
                <DogTime>25.81</DogTime>
                <WinTime>25.55</WinTime>
                <BON>25.38</BON>
                <StartPrice>$9.20</StartPrice>
                <PIR>Q/233</PIR>
                <Split>6.69</Split>
            </Form>
            <Form>
                <Place>3rd</Place>
                <FormBox>3</FormBox>
                <Weight>25.8</Weight>
                <TrackCode>WBL</TrackCode>
                <FormDistance>450</FormDistance>
                <FormDate>09Mar17</FormDate>
                <FormGrade>Grade 5</FormGrade>
                <FormHandicap />
                <Margin>2.75L</Margin>
                <FirstSecond>"Philo Bale"</FirstSecond>
                <DogTime>25.68</DogTime>
                <WinTime>25.49</WinTime>
                <BON>24.83</BON>
                <StartPrice>$6.90</StartPrice>
                <PIR>M/666</PIR>
                <Split>6.91</Split>
            </Form>
            <Form>
                <Place>1st</Place>
                <FormBox>8</FormBox>
                <Weight>26.0</Weight>
                <TrackCode>WBL</TrackCode>
                <FormDistance>450</FormDistance>
                <FormDate>23Mar17</FormDate>
                <FormGrade>Grade 5</FormGrade>
                <FormHandicap />
                <Margin>0.75L</Margin>
                <FirstSecond>"Pretty Boy Grigg"</FirstSecond>
                <DogTime>25.57</DogTime>
                <WinTime>25.57</WinTime>
                <BON>25.24</BON>
                <StartPrice>$8.50</StartPrice>
                <PIR>Q/123</PIR>
                <Split>6.55</Split>
            </Form>
        </Dog>
        <Dog id="1206220271">
            <RaceBox>2</RaceBox>
            <DogName>AMIGO</DogName>
            <BestTime>FSH</BestTime>
            <DogHandicap />
            <StartsTOT>Starts 34-16-5-6</StartsTOT>
            <StartsTTD>Trk/Dst 0-0-0-0</StartsTTD>
            <Trainer id="133285">James Arthur</Trainer>
            <Suburb>Lancaster</Suburb>
            <Owner>James Arthur</Owner>
            <Sire id="-743489">Shakey Jakey</Sire>
            <Dam id="-279598">Tadmore Collette</Dam>
            <Colour>BK</Colour>
            <Sex>D</Sex>
            <Whelped>09 Nov 14</Whelped>
            <DogGrade>4</DogGrade>
            <DogGOBIS>N</DogGOBIS>
            <DogPRIZE>57330</DogPRIZE>
            <Form>
                <Place>3rd</Place>
                <FormBox>1</FormBox>
                <Weight>31.6</Weight>
                <TrackCode>SAN</TrackCode>
                <FormDistance>595</FormDistance>
                <FormDate>23Feb17</FormDate>
                <FormGrade>Mixed 3/4</FormGrade>
                <FormHandicap />
                <Margin>1.00L</Margin>
                <FirstSecond>"Zipping Lady"</FirstSecond>
                <DogTime>34.55</DogTime>
                <WinTime>34.49</WinTime>
                <BON>34.21</BON>
                <StartPrice>$2.10</StartPrice>
                <PIR>M/2212</PIR>
                <Split>9.43</Split>
            </Form>
            <Form>
                <Place>3rd</Place>
                <FormBox>8</FormBox>
                <Weight>31.6</Weight>
                <TrackCode>SAN</TrackCode>
                <FormDistance>595</FormDistance>
                <FormDate>02Mar17</FormDate>
                <FormGrade>Mixed 3/4</FormGrade>
                <FormHandicap />
                <Margin>4.00L</Margin>
                <FirstSecond>"Villa Jemma"</FirstSecond>
                <DogTime>34.69</DogTime>
                <WinTime>34.41</WinTime>
                <BON>34.07</BON>
                <StartPrice>$2.40</StartPrice>
                <PIR>M/4433</PIR>
                <Split>9.83</Split>
            </Form>
            <Form>
                <Place>2nd</Place>
                <FormBox>7</FormBox>
                <Weight>31.8</Weight>
                <TrackCode>MEA</TrackCode>
                <FormDistance>600</FormDistance>
                <FormDate>11Mar17</FormDate>
                <FormGrade>Mixed 4/5</FormGrade>
                <FormHandicap />
                <Margin>0.50L</Margin>
                <FirstSecond>"Dyna Irminus"</FirstSecond>
                <DogTime>34.49</DogTime>
                <WinTime>34.46</WinTime>
                <BON>34.46</BON>
                <StartPrice>$7.80</StartPrice>
                <PIR>M/2222</PIR>
                <Split>9.13</Split>
            </Form>
            <Form>
                <Place>5th</Place>
                <FormBox>8</FormBox>
                <Weight>31.5</Weight>
                <TrackCode>MEA</TrackCode>
                <FormDistance>600</FormDistance>
                <FormDate>18Mar17</FormDate>
                <FormGrade>Mixed 4/5</FormGrade>
                <FormHandicap />
                <Margin>6.50L</Margin>
                <FirstSecond>"Alpha Demeter"</FirstSecond>
                <DogTime>34.84</DogTime>
                <WinTime>34.42</WinTime>
                <BON>34.42</BON>
                <StartPrice>$2.70</StartPrice>
                <PIR>M/4544</PIR>
                <Split>9.03</Split>
            </Form>
            <Form>
                <Place>1st</Place>
                <FormBox>8</FormBox>
                <Weight>31.5</Weight>
                <TrackCode>MEA</TrackCode>
                <FormDistance>600</FormDistance>
                <FormDate>25Mar17</FormDate>
                <FormGrade>Mixed 4/5</FormGrade>
                <FormHandicap />
                <Margin>2.00L</Margin>
                <FirstSecond>"Cadalora"</FirstSecond>
                <DogTime>34.42</DogTime>
                <WinTime>34.42</WinTime>
                <BON>34.42</BON>
                <StartPrice>$4.60</StartPrice>
                <PIR>Q/2111</PIR>
                <Split>9.02</Split>
            </Form>
        </Dog>
        <Dog id="788360001">
            <RaceBox>3</RaceBox>
            <DogName>MANX CZAR</DogName>
            <BestTime>31.35</BestTime>
            <DogHandicap />
            <StartsTOT>Starts 30-4-5-2</StartsTOT>
            <StartsTTD>Trk/Dst 5-1-2-1</StartsTTD>
            <Trainer id="114052">Brett Albert</Trainer>
            <Suburb>Cranbourne North</Suburb>
            <Owner>Brett Albert</Owner>
            <Sire id="-399888">Swift Fancy</Sire>
            <Dam id="-723588">Rappa Jackson</Dam>
            <Colour>BE</Colour>
            <Sex>D</Sex>
            <Whelped>09 Jan 14</Whelped>
            <DogGrade>5</DogGrade>
            <DogGOBIS>Y</DogGOBIS>
            <DogPRIZE>4062</DogPRIZE>
            <Form>
                <Place>6th</Place>
                <FormBox>8</FormBox>
                <Weight>33.3</Weight>
                <TrackCode>WGL</TrackCode>
                <FormDistance>460</FormDistance>
                <FormDate>02Feb17</FormDate>
                <FormGrade>Grade 6</FormGrade>
                <FormHandicap />
                <Margin>6.50L</Margin>
                <FirstSecond>"My Sirion"</FirstSecond>
                <DogTime>26.80</DogTime>
                <WinTime>26.35</WinTime>
                <BON>26.17</BON>
                <StartPrice>$24.60</StartPrice>
                <PIR>M/336</PIR>
                <Split>6.76</Split>
            </Form>
            <Form>
                <Place>4th</Place>
                <FormBox>7</FormBox>
                <Weight>32.9</Weight>
                <TrackCode>BEN</TrackCode>
                <FormDistance>500</FormDistance>
                <FormDate>15Feb17</FormDate>
                <FormGrade>Grade 6</FormGrade>
                <FormHandicap />
                <Margin>8.00L</Margin>
                <FirstSecond>"Quick Collision"</FirstSecond>
                <DogTime>29.11</DogTime>
                <WinTime>28.58</WinTime>
                <BON>28.23</BON>
                <StartPrice>$24.70</StartPrice>
                <PIR>S/434</PIR>
                <Split>7.05</Split>
            </Form>
            <Form>
                <Place>1st</Place>
                <FormBox>6</FormBox>
                <Weight>33.3</Weight>
                <TrackCode>BEN</TrackCode>
                <FormDistance>500</FormDistance>
                <FormDate>01Mar17</FormDate>
                <FormGrade>Mixed 6/7</FormGrade>
                <FormHandicap />
                <Margin>3.25L</Margin>
                <FirstSecond>"Chinese Whisper"</FirstSecond>
                <DogTime>28.66</DogTime>
                <WinTime>28.66</WinTime>
                <BON>28.57</BON>
                <StartPrice>$10.30</StartPrice>
                <PIR>M/111</PIR>
                <Split>6.70</Split>
            </Form>
            <Form>
                <Place>2nd</Place>
                <FormBox>6</FormBox>
                <Weight>33.2</Weight>
                <TrackCode>BAL</TrackCode>
                <FormDistance>545</FormDistance>
                <FormDate>06Mar17</FormDate>
                <FormGrade>Mixed 6/7</FormGrade>
                <FormHandicap />
                <Margin>11.00L</Margin>
                <FirstSecond>"Federal Agent"</FirstSecond>
                <DogTime>31.59</DogTime>
                <WinTime>30.87</WinTime>
                <BON>30.87</BON>
                <StartPrice>$7.10</StartPrice>
                <PIR>M/2212</PIR>
                <Split>6.90</Split>
            </Form>
            <Form>
                <Place>1st</Place>
                <FormBox>8</FormBox>
                <Weight>33.1</Weight>
                <TrackCode>BAL</TrackCode>
                <FormDistance>545</FormDistance>
                <FormDate>13Mar17</FormDate>
                <FormGrade>Grade 5 T3</FormGrade>
                <FormHandicap />
                <Margin>3.00L</Margin>
                <FirstSecond>"Destini Baby"</FirstSecond>
                <DogTime>31.35</DogTime>
                <WinTime>31.35</WinTime>
                <BON>30.98</BON>
                <StartPrice>$5.40</StartPrice>
                <PIR>M/1112</PIR>
                <Split>6.75</Split>
            </Form>
        </Dog>
        <Dog id="738120021">
            <RaceBox>4</RaceBox>
            <DogName>EILY WEST</DogName>
            <BestTime>NBT</BestTime>
            <DogHandicap />
            <StartsTOT>Starts 57-12-5-7</StartsTOT>
            <StartsTTD>Trk/Dst 5-0-2-0</StartsTTD>
            <Trainer id="73877">Michael Vaughan</Trainer>
            <Suburb>Newcomb</Suburb>
            <Owner>Michael Vaughan</Owner>
            <Sire id="-722480">Westmead Osprey</Sire>
            <Dam id="-614306">Eily Mcmahon</Dam>
            <Colour>BK</Colour>
            <Sex>B</Sex>
            <Whelped>12 Jan 14</Whelped>
            <DogGrade>5</DogGrade>
            <DogGOBIS>Y</DogGOBIS>
            <DogPRIZE>36780</DogPRIZE>
            <Form>
                <Place>3rd</Place>
                <FormBox>7</FormBox>
                <Weight>27.3</Weight>
                <TrackCode>TRA</TrackCode>
                <FormDistance>525</FormDistance>
                <FormDate>18Feb17</FormDate>
                <FormGrade>S/E Heat</FormGrade>
                <FormHandicap />
                <Margin>3.00L</Margin>
                <FirstSecond>"Paua To Avoid"</FirstSecond>
                <DogTime>30.58</DogTime>
                <WinTime>30.37</WinTime>
                <BON>30.37</BON>
                <StartPrice>$41.60</StartPrice>
                <PIR>M/1222</PIR>
                <Split>4.81</Split>
            </Form>
            <Form>
                <Place>4th</Place>
                <FormBox>3</FormBox>
                <Weight>27.5</Weight>
                <TrackCode>TRA</TrackCode>
                <FormDistance>525</FormDistance>
                <FormDate>25Feb17</FormDate>
                <FormGrade>S/E Final</FormGrade>
                <FormHandicap />
                <Margin>9.50L</Margin>
                <FirstSecond>"Up Hill Jill"</FirstSecond>
                <DogTime>30.75</DogTime>
                <WinTime>30.10</WinTime>
                <BON>30.10</BON>
                <StartPrice>$37.80</StartPrice>
                <PIR>M/3556</PIR>
                <Split>4.86</Split>
            </Form>
            <Form>
                <Place>7th</Place>
                <FormBox>3</FormBox>
                <Weight>27.7</Weight>
                <TrackCode>MEA</TrackCode>
                <FormDistance>525</FormDistance>
                <FormDate>04Mar17</FormDate>
                <FormGrade>Grade 5 Heat</FormGrade>
                <FormHandicap />
                <Margin>17.00L</Margin>
                <FirstSecond>"Buck Forty"</FirstSecond>
                <DogTime>30.95</DogTime>
                <WinTime>29.77</WinTime>
                <BON>29.62</BON>
                <StartPrice>$10.80</StartPrice>
                <PIR>M/3667</PIR>
                <Split>5.17</Split>
            </Form>
            <Form>
                <Place>7th</Place>
                <FormBox>5</FormBox>
                <Weight>27.9</Weight>
                <TrackCode>MEA</TrackCode>
                <FormDistance>525</FormDistance>
                <FormDate>11Mar17</FormDate>
                <FormGrade>Grade 5</FormGrade>
                <FormHandicap />
                <Margin>7.00L</Margin>
                <FirstSecond>"Carry On Quinney"</FirstSecond>
                <DogTime>30.57</DogTime>
                <WinTime>30.09</WinTime>
                <BON>29.78</BON>
                <StartPrice>$28.80</StartPrice>
                <PIR>M/5677</PIR>
                <Split>5.13</Split>
            </Form>
            <Form>
                <Place>4th</Place>
                <FormBox>1</FormBox>
                <Weight>27.4</Weight>
                <TrackCode>BAL</TrackCode>
                <FormDistance>545</FormDistance>
                <FormDate>22Mar17</FormDate>
                <FormGrade>Mixed 4/5</FormGrade>
                <FormHandicap />
                <Margin>6.00L</Margin>
                <FirstSecond>"Champion Exhibit"</FirstSecond>
                <DogTime>31.17</DogTime>
                <WinTime>30.75</WinTime>
                <BON>30.75</BON>
                <StartPrice>$15.60</StartPrice>
                <PIR>M/1123</PIR>
                <Split>6.68</Split>
            </Form>
        </Dog>
        <Dog id="1028790035">
            <RaceBox>5</RaceBox>
            <DogName>VASHTA NERADA</DogName>
            <BestTime>FSTD</BestTime>
            <DogHandicap />
            <StartsTOT>Starts 18-5-0-1</StartsTOT>
            <StartsTTD>Trk/Dst 0-0-0-0</StartsTTD>
            <Trainer id="9672">David Hermon</Trainer>
            <Suburb>Kilsyth South</Suburb>
            <Owner>Kbc Burras Synd S Keane,D Hermon,M Hermon,T Stephens,R St Clair</Owner>
            <Sire id="-531366">Apache Leap</Sire>
            <Dam id="-724481">Blind Burra</Dam>
            <Colour>BK</Colour>
            <Sex>D</Sex>
            <Whelped>16 Jul 14</Whelped>
            <DogGrade>5</DogGrade>
            <DogGOBIS>N</DogGOBIS>
            <DogPRIZE>6670</DogPRIZE>
            <Form>
                <Place>1st</Place>
                <FormBox>6</FormBox>
                <Weight>32.8</Weight>
                <TrackCode>CRN</TrackCode>
                <FormDistance>520</FormDistance>
                <FormDate>25Jan17</FormDate>
                <FormGrade>Grade 5</FormGrade>
                <FormHandicap />
                <Margin>6.50L</Margin>
                <FirstSecond>"Galaxy Star"</FirstSecond>
                <DogTime>30.44</DogTime>
                <WinTime>30.44</WinTime>
                <BON>30.31</BON>
                <StartPrice>$7.20</StartPrice>
                <PIR>M/1111</PIR>
                <Split>5.49</Split>
            </Form>
            <Form>
                <Place>7th</Place>
                <FormBox>1</FormBox>
                <Weight>32.7</Weight>
                <TrackCode>SLE</TrackCode>
                <FormDistance>520</FormDistance>
                <FormDate>29Jan17</FormDate>
                <FormGrade>Restricted Win Heat</FormGrade>
                <FormHandicap />
                <Margin>11.00L</Margin>
                <FirstSecond>"Lektra Timon"</FirstSecond>
                <DogTime>30.47</DogTime>
                <WinTime>29.74</WinTime>
                <BON>29.66</BON>
                <StartPrice>$1.90</StartPrice>
                <PIR>M/677</PIR>
                <Split>10.33</Split>
            </Form>
            <Form>
                <Place>6th</Place>
                <FormBox>6</FormBox>
                <Weight>32.6</Weight>
                <TrackCode>SAN</TrackCode>
                <FormDistance>595</FormDistance>
                <FormDate>02Feb17</FormDate>
                <FormGrade>Grade 5</FormGrade>
                <FormHandicap />
                <Margin>14.00L</Margin>
                <FirstSecond>"Alpha Triton"</FirstSecond>
                <DogTime>35.51</DogTime>
                <WinTime>34.56</WinTime>
                <BON>34.20</BON>
                <StartPrice>$21.30</StartPrice>
                <PIR>M/7666</PIR>
                <Split>9.95</Split>
            </Form>
            <Form>
                <Place>5th</Place>
                <FormBox>5</FormBox>
                <Weight>32.0</Weight>
                <TrackCode>CRN</TrackCode>
                <FormDistance>520</FormDistance>
                <FormDate>08Feb17</FormDate>
                <FormGrade>Mixed 4/5</FormGrade>
                <FormHandicap />
                <Margin>7.50L</Margin>
                <FirstSecond>"Allen Boydy"</FirstSecond>
                <DogTime>30.78</DogTime>
                <WinTime>30.28</WinTime>
                <BON>30.28</BON>
                <StartPrice>$7.80</StartPrice>
                <PIR>M/4665</PIR>
                <Split>5.59</Split>
            </Form>
            <Form>
                <Place>7th</Place>
                <FormBox>4</FormBox>
                <Weight>32.0</Weight>
                <TrackCode>TRA</TrackCode>
                <FormDistance>525</FormDistance>
                <FormDate>25Feb17</FormDate>
                <FormGrade>Mixed 4/5</FormGrade>
                <FormHandicap />
                <Margin>11.00L</Margin>
                <FirstSecond>"Audacious Poppy"</FirstSecond>
                <DogTime>31.22</DogTime>
                <WinTime>30.46</WinTime>
                <BON>30.10</BON>
                <StartPrice>$31.20</StartPrice>
                <PIR>M/2888</PIR>
                <Split>4.94</Split>
            </Form>
        </Dog>
        <Dog id="380260017">
            <RaceBox>6</RaceBox>
            <DogName>SAYWAH TONAYO</DogName>
            <BestTime>NBT</BestTime>
            <DogHandicap />
            <StartsTOT>Starts 54-8-7-11</StartsTOT>
            <StartsTTD>Trk/Dst 2-0-1-0</StartsTTD>
            <Trainer id="154351">James Sheahan</Trainer>
            <Suburb>Grassmere</Suburb>
            <Owner>James Sheahan</Owner>
            <Sire id="-419205">Nitro Burst</Sire>
            <Dam id="-422864">Bernie Mac</Dam>
            <Colour>BK</Colour>
            <Sex>D</Sex>
            <Whelped>11 Jun 13</Whelped>
            <DogGrade>5</DogGrade>
            <DogGOBIS>Y</DogGOBIS>
            <DogPRIZE>15945</DogPRIZE>
            <Form>
                <Place>8th</Place>
                <FormBox>3</FormBox>
                <Weight>35.1</Weight>
                <TrackCode>WBL</TrackCode>
                <FormDistance>450</FormDistance>
                <FormDate>02Feb17</FormDate>
                <FormGrade>Mixed 4/5</FormGrade>
                <FormHandicap />
                <Margin>8.50L</Margin>
                <FirstSecond>"Newcastle Ranger"</FirstSecond>
                <DogTime>25.93</DogTime>
                <WinTime>25.35</WinTime>
                <BON>25.21</BON>
                <StartPrice>$15.90</StartPrice>
                <PIR>M/556</PIR>
                <Split>6.76</Split>
            </Form>
            <Form>
                <Place>5th</Place>
                <FormBox>2</FormBox>
                <Weight>35.2</Weight>
                <TrackCode>WBL</TrackCode>
                <FormDistance>450</FormDistance>
                <FormDate>09Feb17</FormDate>
                <FormGrade>Grade 5</FormGrade>
                <FormHandicap />
                <Margin>3.00L</Margin>
                <FirstSecond>"Rowchester Star"</FirstSecond>
                <DogTime>26.03</DogTime>
                <WinTime>25.83</WinTime>
                <BON>25.22</BON>
                <StartPrice>$7.20</StartPrice>
                <PIR>M/463</PIR>
                <Split>6.82</Split>
            </Form>
            <Form>
                <Place>1st</Place>
                <FormBox>6</FormBox>
                <Weight>35.2</Weight>
                <TrackCode>WBL</TrackCode>
                <FormDistance>450</FormDistance>
                <FormDate>23Feb17</FormDate>
                <FormGrade>Grade 5</FormGrade>
                <FormHandicap />
                <Margin>0.75L</Margin>
                <FirstSecond>"Cool Whipp"</FirstSecond>
                <DogTime>25.59</DogTime>
                <WinTime>25.59</WinTime>
                <BON>25.39</BON>
                <StartPrice>$6.50</StartPrice>
                <PIR>M/121</PIR>
                <Split>6.67</Split>
            </Form>
            <Form>
                <Place>3rd</Place>
                <FormBox>6</FormBox>
                <Weight>34.8</Weight>
                <TrackCode>BAL</TrackCode>
                <FormDistance>450</FormDistance>
                <FormDate>01Mar17</FormDate>
                <FormGrade>Grade 5</FormGrade>
                <FormHandicap />
                <Margin>5.00L</Margin>
                <FirstSecond>"Kachina Allen"</FirstSecond>
                <DogTime>25.79</DogTime>
                <WinTime>25.44</WinTime>
                <BON>25.05</BON>
                <StartPrice>$15.80</StartPrice>
                <PIR>M/652</PIR>
                <Split>6.71</Split>
            </Form>
            <Form>
                <Place>6th</Place>
                <FormBox>6</FormBox>
                <Weight>35.1</Weight>
                <TrackCode>WBL</TrackCode>
                <FormDistance>450</FormDistance>
                <FormDate>23Mar17</FormDate>
                <FormGrade>Mixed 4/5</FormGrade>
                <FormHandicap />
                <Margin>5.50L</Margin>
                <FirstSecond>"Zambora Beau"</FirstSecond>
                <DogTime>25.62</DogTime>
                <WinTime>25.24</WinTime>
                <BON>25.24</BON>
                <StartPrice>$38.00</StartPrice>
                <PIR>M/867</PIR>
                <Split>6.81</Split>
            </Form>
        </Dog>
        <Dog id="1464530007">
            <RaceBox>7</RaceBox>
            <DogName>ALCYONE</DogName>
            <BestTime>FSH</BestTime>
            <DogHandicap />
            <StartsTOT>Starts 10-3-0-2</StartsTOT>
            <StartsTTD>Trk/Dst 0-0-0-0</StartsTTD>
            <Trainer id="131701">Beverley Pell</Trainer>
            <Suburb>Toolleen</Suburb>
            <Owner>Bev And Daniel Synd B Pell,D Pell</Owner>
            <Sire id="-710494">Barcia Bale</Sire>
            <Dam id="-626092">Carol Beer</Dam>
            <Colour>BK</Colour>
            <Sex>B</Sex>
            <Whelped>21 Mar 15</Whelped>
            <DogGrade>5</DogGrade>
            <DogGOBIS>N</DogGOBIS>
            <DogPRIZE>3455</DogPRIZE>
            <Form>
                <Place>1st</Place>
                <FormBox>1</FormBox>
                <Weight>29.0</Weight>
                <TrackCode>BEN</TrackCode>
                <FormDistance>500</FormDistance>
                <FormDate>07Feb17</FormDate>
                <FormGrade>Mixed 6/7</FormGrade>
                <FormHandicap />
                <Margin>4.00L</Margin>
                <FirstSecond>"Heracles"</FirstSecond>
                <DogTime>28.23</DogTime>
                <WinTime>28.23</WinTime>
                <BON>28.20</BON>
                <StartPrice>$7.60</StartPrice>
                <PIR>M/111</PIR>
                <Split>6.66</Split>
            </Form>
            <Form>
                <Place>1st</Place>
                <FormBox>8</FormBox>
                <Weight>29.2</Weight>
                <TrackCode>SAP</TrackCode>
                <FormDistance>515</FormDistance>
                <FormDate>12Feb17</FormDate>
                <FormGrade>Grade 6</FormGrade>
                <FormHandicap />
                <Margin>2.00L</Margin>
                <FirstSecond>"Spring Emperor"</FirstSecond>
                <DogTime>29.97</DogTime>
                <WinTime>29.97</WinTime>
                <BON>29.43</BON>
                <StartPrice>$4.90</StartPrice>
                <PIR>M/1221</PIR>
                <Split>5.18</Split>
            </Form>
            <Form>
                <Place>3rd</Place>
                <FormBox>1</FormBox>
                <Weight>29.2</Weight>
                <TrackCode>SAP</TrackCode>
                <FormDistance>515</FormDistance>
                <FormDate>19Feb17</FormDate>
                <FormGrade>S/E Heat</FormGrade>
                <FormHandicap />
                <Margin>4.00L</Margin>
                <FirstSecond>"Tinaca De Kahn"</FirstSecond>
                <DogTime>30.33</DogTime>
                <WinTime>30.07</WinTime>
                <BON>29.59</BON>
                <StartPrice>$8.50</StartPrice>
                <PIR>M/2222</PIR>
                <Split>5.24</Split>
            </Form>
            <Form>
                <Place>4th</Place>
                <FormBox>3</FormBox>
                <Weight>29.9</Weight>
                <TrackCode>SAP</TrackCode>
                <FormDistance>595</FormDistance>
                <FormDate>19Mar17</FormDate>
                <FormGrade>Restricted Win Heat</FormGrade>
                <FormHandicap />
                <Margin>7.00L</Margin>
                <FirstSecond>"Miss Lava"</FirstSecond>
                <DogTime>35.21</DogTime>
                <WinTime>34.74</WinTime>
                <BON>34.58</BON>
                <StartPrice>$10.20</StartPrice>
                <PIR>M/4444</PIR>
                <Split>9.70</Split>
            </Form>
            <Form>
                <Place>7th</Place>
                <FormBox>7</FormBox>
                <Weight>29.2</Weight>
                <TrackCode>SAP</TrackCode>
                <FormDistance>595</FormDistance>
                <FormDate>26Mar17</FormDate>
                <FormGrade>Mixed 4/5</FormGrade>
                <FormHandicap />
                <Margin>22.00L</Margin>
                <FirstSecond>"Cardamom"</FirstSecond>
                <DogTime>35.93</DogTime>
                <WinTime>34.39</WinTime>
                <BON>34.29</BON>
                <StartPrice>$12.30</StartPrice>
                <PIR>M/7667</PIR>
                <Split>10.59</Split>
            </Form>
        </Dog>
        <Dog id="738120019">
            <RaceBox>8</RaceBox>
            <DogName>SHEP</DogName>
            <BestTime>NBT</BestTime>
            <DogHandicap />
            <StartsTOT>Starts 53-6-12-9</StartsTOT>
            <StartsTTD>Trk/Dst 3-0-1-0</StartsTTD>
            <Trainer id="73877">Michael Vaughan</Trainer>
            <Suburb>Newcomb</Suburb>
            <Owner>Michael Vaughan</Owner>
            <Sire id="-722480">Westmead Osprey</Sire>
            <Dam id="-614306">Eily Mcmahon</Dam>
            <Colour>BK</Colour>
            <Sex>D</Sex>
            <Whelped>12 Jan 14</Whelped>
            <DogGrade>5</DogGrade>
            <DogGOBIS>Y</DogGOBIS>
            <DogPRIZE>21540</DogPRIZE>
            <Form>
                <Place>7th</Place>
                <FormBox>7</FormBox>
                <Weight>32.9</Weight>
                <TrackCode>MEP</TrackCode>
                <FormDistance>525</FormDistance>
                <FormDate>01Feb17</FormDate>
                <FormGrade>Mixed 4/5</FormGrade>
                <FormHandicap />
                <Margin>14.00L</Margin>
                <FirstSecond>"Quantum Bale"</FirstSecond>
                <DogTime>31.21</DogTime>
                <WinTime>30.24</WinTime>
                <BON>30.18</BON>
                <StartPrice>$5.70</StartPrice>
                <PIR>M/4767</PIR>
                <Split>5.18</Split>
            </Form>
            <Form>
                <Place>4th</Place>
                <FormBox>4</FormBox>
                <Weight>32.3</Weight>
                <TrackCode>TRA</TrackCode>
                <FormDistance>595</FormDistance>
                <FormDate>18Feb17</FormDate>
                <FormGrade>Mixed 4/5</FormGrade>
                <FormHandicap />
                <Margin>3.5L</Margin>
                <FirstSecond>"Aston Harvey"</FirstSecond>
                <DogTime>35.04</DogTime>
                <WinTime>34.81</WinTime>
                <BON>34.81</BON>
                <StartPrice>$5.70</StartPrice>
                <PIR>M/1111</PIR>
                <Split>8.47</Split>
            </Form>
            <Form>
                <Place>3rd</Place>
                <FormBox>6</FormBox>
                <Weight>32.3</Weight>
                <TrackCode>MEP</TrackCode>
                <FormDistance>600</FormDistance>
                <FormDate>01Mar17</FormDate>
                <FormGrade>Mixed 4/5</FormGrade>
                <FormHandicap />
                <Margin>5.00L</Margin>
                <FirstSecond>"Flying Eamonn"</FirstSecond>
                <DogTime>34.95</DogTime>
                <WinTime>34.62</WinTime>
                <BON>34.62</BON>
                <StartPrice>$13.80</StartPrice>
                <PIR>M/3322</PIR>
                <Split>9.34</Split>
            </Form>
            <Form>
                <Place>3rd</Place>
                <FormBox>2</FormBox>
                <Weight>32.3</Weight>
                <TrackCode>MEP</TrackCode>
                <FormDistance>600</FormDistance>
                <FormDate>08Mar17</FormDate>
                <FormGrade>Grade 5 Heat</FormGrade>
                <FormHandicap />
                <Margin>2.25L</Margin>
                <FirstSecond>"Cardamom"</FirstSecond>
                <DogTime>35.17</DogTime>
                <WinTime>35.02</WinTime>
                <BON>34.37</BON>
                <StartPrice>$11.30</StartPrice>
                <PIR>M/1122</PIR>
                <Split>8.94</Split>
            </Form>
            <Form>
                <Place>5th</Place>
                <FormBox>8</FormBox>
                <Weight>32.4</Weight>
                <TrackCode>BAL</TrackCode>
                <FormDistance>545</FormDistance>
                <FormDate>15Mar17</FormDate>
                <FormGrade>Grade 5</FormGrade>
                <FormHandicap />
                <Margin>4.00L</Margin>
                <FirstSecond>"Alezan"</FirstSecond>
                <DogTime>31.18</DogTime>
                <WinTime>30.92</WinTime>
                <BON>30.92</BON>
                <StartPrice>$16.60</StartPrice>
                <PIR>M/4222</PIR>
                <Split>6.84</Split>
            </Form>
        </Dog>
        <Dog id="606840015">
            <RaceBox>9</RaceBox>
            <DogName>NITRO POWER Res.</DogName>
            <BestTime>FSTD</BestTime>
            <DogHandicap />
            <StartsTOT>Starts 59-9-8-6</StartsTOT>
            <StartsTTD>Trk/Dst 0-0-0-0</StartsTTD>
            <Trainer id="137227">Carlie Tyley</Trainer>
            <Suburb>Wallan</Suburb>
            <Owner>Colin Hillbrick</Owner>
            <Sire id="-419205">Nitro Burst</Sire>
            <Dam id="-732618">Bluelivia</Dam>
            <Colour>BK</Colour>
            <Sex>D</Sex>
            <Whelped>27 Oct 13</Whelped>
            <DogGrade>5</DogGrade>
            <DogGOBIS>Y</DogGOBIS>
            <DogPRIZE>23055</DogPRIZE>
            <Form>
                <Place>6th</Place>
                <FormBox>3</FormBox>
                <Weight>30.3</Weight>
                <TrackCode>MEA</TrackCode>
                <FormDistance>525</FormDistance>
                <FormDate>21Jan17</FormDate>
                <FormGrade>Grade 5</FormGrade>
                <FormHandicap />
                <Margin>8.50L</Margin>
                <FirstSecond>"Howie Bale"</FirstSecond>
                <DogTime>31.05</DogTime>
                <WinTime>30.47</WinTime>
                <BON>29.92</BON>
                <StartPrice>$7.80</StartPrice>
                <PIR>M/1456</PIR>
                <Split>5.17</Split>
            </Form>
            <Form>
                <Place>5th</Place>
                <FormBox>1</FormBox>
                <Weight>30.7</Weight>
                <TrackCode>SAP</TrackCode>
                <FormDistance>515</FormDistance>
                <FormDate>29Jan17</FormDate>
                <FormGrade>Grade 5</FormGrade>
                <FormHandicap />
                <Margin>9.50L</Margin>
                <FirstSecond>"Vista King"</FirstSecond>
                <DogTime>30.47</DogTime>
                <WinTime>29.83</WinTime>
                <BON>29.63</BON>
                <StartPrice>$3.30</StartPrice>
                <PIR>Q/2655</PIR>
                <Split>5.22</Split>
            </Form>
            <Form>
                <Place>7th</Place>
                <FormBox>6</FormBox>
                <Weight>30.0</Weight>
                <TrackCode>TRA</TrackCode>
                <FormDistance>595</FormDistance>
                <FormDate>18Feb17</FormDate>
                <FormGrade>Mixed 4/5</FormGrade>
                <FormHandicap />
                <Margin>11.00L</Margin>
                <FirstSecond>"Aston Harvey"</FirstSecond>
                <DogTime>35.55</DogTime>
                <WinTime>34.81</WinTime>
                <BON>34.81</BON>
                <StartPrice>$9.80</StartPrice>
                <PIR>M/3666</PIR>
                <Split>8.82</Split>
            </Form>
            <Form>
                <Place>8th</Place>
                <FormBox>6</FormBox>
                <Weight>30.0</Weight>
                <TrackCode>BEN</TrackCode>
                <FormDistance>500</FormDistance>
                <FormDate>03Mar17</FormDate>
                <FormGrade>Grade 5 Heat</FormGrade>
                <FormHandicap />
                <Margin>13.00L</Margin>
                <FirstSecond>"Kryptonian"</FirstSecond>
                <DogTime>28.95</DogTime>
                <WinTime>28.09</WinTime>
                <BON>27.94</BON>
                <StartPrice>$21.60</StartPrice>
                <PIR>M/888</PIR>
                <Split>6.94</Split>
            </Form>
            <Form>
                <Place>7th</Place>
                <FormBox>4</FormBox>
                <Weight>30.4</Weight>
                <TrackCode>HVL</TrackCode>
                <FormDistance>350</FormDistance>
                <FormDate>19Mar17</FormDate>
                <FormGrade>Grade 5 Heat</FormGrade>
                <FormHandicap />
                <Margin>14.00L</Margin>
                <FirstSecond>"Mister Brown"</FirstSecond>
                <DogTime>20.23</DogTime>
                <WinTime>19.26</WinTime>
                <BON>19.16</BON>
                <StartPrice>$24.80</StartPrice>
                <PIR>M/8</PIR>
                <Split>6.80</Split>
            </Form>
        </Dog>
        <Dog id="965860004">
            <RaceBox>10</RaceBox>
            <DogName>BARNEY BUBBLE Res.</DogName>
            <BestTime>NBT</BestTime>
            <DogHandicap />
            <StartsTOT>Starts 26-3-5-6</StartsTOT>
            <StartsTTD>Trk/Dst 1-0-0-0</StartsTTD>
            <Trainer id="115397">Daniel Pell</Trainer>
            <Suburb>Toolleen</Suburb>
            <Owner>Bev And Daniel Synd B Pell,D Pell</Owner>
            <Sire id="-622231">Bekim Bale</Sire>
            <Dam id="-626092">Carol Beer</Dam>
            <Colour>BK</Colour>
            <Sex>D</Sex>
            <Whelped>17 Jun 14</Whelped>
            <DogGrade>5</DogGrade>
            <DogGOBIS>Y</DogGOBIS>
            <DogPRIZE>6275</DogPRIZE>
            <Form>
                <Place>4th</Place>
                <FormBox>6</FormBox>
                <Weight>31.1</Weight>
                <TrackCode>SHP</TrackCode>
                <FormDistance>450</FormDistance>
                <FormDate>20Feb17</FormDate>
                <FormGrade>Grade 5</FormGrade>
                <FormHandicap />
                <Margin>3.5L</Margin>
                <FirstSecond>"Yenderra Blue"</FirstSecond>
                <DogTime>25.86</DogTime>
                <WinTime>25.63</WinTime>
                <BON>25.31</BON>
                <StartPrice>$21.70</StartPrice>
                <PIR>M/335</PIR>
                <Split>6.80</Split>
            </Form>
            <Form>
                <Place>2nd</Place>
                <FormBox>4</FormBox>
                <Weight>31.3</Weight>
                <TrackCode>SHP</TrackCode>
                <FormDistance>450</FormDistance>
                <FormDate>27Feb17</FormDate>
                <FormGrade>Restricted Win Heat</FormGrade>
                <FormHandicap />
                <Margin>2.50L</Margin>
                <FirstSecond>"Ya Reckon"</FirstSecond>
                <DogTime>25.63</DogTime>
                <WinTime>25.47</WinTime>
                <BON>25.31</BON>
                <StartPrice>$14.50</StartPrice>
                <PIR>M/112</PIR>
                <Split>6.69</Split>
            </Form>
            <Form>
                <Place>7th</Place>
                <FormBox>5</FormBox>
                <Weight>31.5</Weight>
                <TrackCode>BEN</TrackCode>
                <FormDistance>500</FormDistance>
                <FormDate>03Mar17</FormDate>
                <FormGrade>Restricted Win Heat</FormGrade>
                <FormHandicap />
                <Margin>9.50L</Margin>
                <FirstSecond>"Limitless"</FirstSecond>
                <DogTime>28.78</DogTime>
                <WinTime>28.13</WinTime>
                <BON>27.94</BON>
                <StartPrice>$6.80</StartPrice>
                <PIR>Q/257</PIR>
                <Split>6.62</Split>
            </Form>
            <Form>
                <Place>3rd</Place>
                <FormBox>2</FormBox>
                <Weight>31.1</Weight>
                <TrackCode>SAP</TrackCode>
                <FormDistance>515</FormDistance>
                <FormDate>19Mar17</FormDate>
                <FormGrade>Grade 5 No Penalty</FormGrade>
                <FormHandicap />
                <Margin>6.50L</Margin>
                <FirstSecond>"Select Opal"</FirstSecond>
                <DogTime>30.30</DogTime>
                <WinTime>29.86</WinTime>
                <BON>29.67</BON>
                <StartPrice>$2.00</StartPrice>
                <PIR>M/3644</PIR>
                <Split>5.18</Split>
            </Form>
            <Form>
                <Place>3rd</Place>
                <FormBox>5</FormBox>
                <Weight>31.0</Weight>
                <TrackCode>SAP</TrackCode>
                <FormDistance>515</FormDistance>
                <FormDate>26Mar17</FormDate>
                <FormGrade>Restricted Win</FormGrade>
                <FormHandicap />
                <Margin>4.25L</Margin>
                <FirstSecond>"Cosmic Tilly"</FirstSecond>
                <DogTime>30.16</DogTime>
                <WinTime>29.87</WinTime>
                <BON>29.47</BON>
                <StartPrice>$6.00</StartPrice>
                <PIR>M/2223</PIR>
                <Split>5.27</Split>
            </Form>
        </Dog>
    </Race>
    <Race id="208756702">
        <RaceNum>7</RaceNum>
        <RaceName>TAB.COM.AU</RaceName>
        <RaceTime>08:09PM</RaceTime>
        <RaceTimeDateUTC>01 Apr 17 09:09AM</RaceTimeDateUTC>
        <Distance>450m</Distance>
        <RaceGrade>Grade 6</RaceGrade>
        <PrizeMoney1>$1325</PrizeMoney1>
        <PrizeMoney2>$375</PrizeMoney2>
        <PrizeMoney3>$190</PrizeMoney3>
        <PrizeMoney4 />
        <PrizeMoney5 />
        <PrizeMoney6 />
        <PrizeMoney7 />
        <PrizeMoney8 />
        <GOBIS />
        <Hurdle />
        <Handicap />
        <TAB>3RD LEG QUAD TRI/QUIN R/D EXACTA PICK4</TAB>
        <GradeCode>6G</GradeCode>
        <Dog id="1400900022">
            <RaceBox>1</RaceBox>
            <DogName>ZED MERRETT</DogName>
            <BestTime>NBT</BestTime>
            <DogHandicap />
            <StartsTOT>Starts 6-2-1-0</StartsTOT>
            <StartsTTD>Trk/Dst 1-0-0-0</StartsTTD>
            <Trainer id="121550">Nicole McRae</Trainer>
            <Suburb>Clyde</Suburb>
            <Owner>Nicole McRae</Owner>
            <Sire id="-710494">Barcia Bale</Sire>
            <Dam id="-259913">Lady Bling</Dam>
            <Colour>BD</Colour>
            <Sex>D</Sex>
            <Whelped>04 Feb 15</Whelped>
            <DogGrade>6</DogGrade>
            <DogGOBIS>Y</DogGOBIS>
            <DogPRIZE>3513</DogPRIZE>
            <Form>
                <Place>1st</Place>
                <FormBox>3</FormBox>
                <Weight>34.0</Weight>
                <TrackCode>WBL</TrackCode>
                <FormDistance>450</FormDistance>
                <FormDate>01Dec16</FormDate>
                <FormGrade>Maiden Semi Final</FormGrade>
                <FormHandicap />
                <Margin>0.50L</Margin>
                <FirstSecond>"My Lilly"</FirstSecond>
                <DogTime>25.54</DogTime>
                <WinTime>25.54</WinTime>
                <BON>24.98</BON>
                <StartPrice>$8.50</StartPrice>
                <PIR>M/332</PIR>
                <Split>6.76</Split>
            </Form>
            <Form>
                <Place>7th</Place>
                <FormBox>8</FormBox>
                <Weight>33.5</Weight>
                <TrackCode>BAL</TrackCode>
                <FormDistance>450</FormDistance>
                <FormDate>14Dec16</FormDate>
                <FormGrade>Grade 7</FormGrade>
                <FormHandicap />
                <Margin>6.50L</Margin>
                <FirstSecond>"Envy Heist"</FirstSecond>
                <DogTime>26.04</DogTime>
                <WinTime>25.60</WinTime>
                <BON>25.12</BON>
                <StartPrice>$6.70</StartPrice>
                <PIR>M/767</PIR>
                <Split>6.80</Split>
            </Form>
            <Form>
                <Place>6th</Place>
                <FormBox>8</FormBox>
                <Weight>34.3</Weight>
                <TrackCode>WGL</TrackCode>
                <FormDistance>460</FormDistance>
                <FormDate>31Jan17</FormDate>
                <FormGrade>Mixed 6/7</FormGrade>
                <FormHandicap />
                <Margin>4.50L</Margin>
                <FirstSecond>"Riverside Sid"</FirstSecond>
                <DogTime>26.48</DogTime>
                <WinTime>26.18</WinTime>
                <BON>25.45</BON>
                <StartPrice>$5.10</StartPrice>
                <PIR>M/765</PIR>
                <Split>6.94</Split>
            </Form>
            <Form>
                <Place>1st</Place>
                <FormBox>6</FormBox>
                <Weight>34.3</Weight>
                <TrackCode>HVL</TrackCode>
                <FormDistance>350</FormDistance>
                <FormDate>10Mar17</FormDate>
                <FormGrade>Mixed 6/7</FormGrade>
                <FormHandicap />
                <Margin>0.25L</Margin>
                <FirstSecond>"Rapanui Rebel"</FirstSecond>
                <DogTime>19.42</DogTime>
                <WinTime>19.42</WinTime>
                <BON>19.35</BON>
                <StartPrice>$2.70</StartPrice>
                <PIR>M/5</PIR>
                <Split>6.77</Split>
            </Form>
            <Form>
                <Place>2nd</Place>
                <FormBox>2</FormBox>
                <Weight>34.5</Weight>
                <TrackCode>HVL</TrackCode>
                <FormDistance>350</FormDistance>
                <FormDate>19Mar17</FormDate>
                <FormGrade>Grade 6</FormGrade>
                <FormHandicap />
                <Margin>1.5L</Margin>
                <FirstSecond>"Oakleigh Rose"</FirstSecond>
                <DogTime>19.32</DogTime>
                <WinTime>19.23</WinTime>
                <BON>19.16</BON>
                <StartPrice>$1.70</StartPrice>
                <PIR>S/4</PIR>
                <Split>6.77</Split>
            </Form>
        </Dog>
        <Dog id="1198400004">
            <RaceBox>2</RaceBox>
            <DogName>GINZA LION</DogName>
            <BestTime>25.95</BestTime>
            <DogHandicap />
            <StartsTOT>Starts 23-2-7-5</StartsTOT>
            <StartsTTD>Trk/Dst 4-2-0-0</StartsTTD>
            <Trainer id="108262">Steven McDonnell</Trainer>
            <Suburb>Brookfield</Suburb>
            <Owner>Steven McDonnell</Owner>
            <Sire id="-151690">Vee Man Vane</Sire>
            <Dam id="-407744">Loud One</Dam>
            <Colour>BK</Colour>
            <Sex>D</Sex>
            <Whelped>28 Oct 14</Whelped>
            <DogGrade>6</DogGrade>
            <DogGOBIS>Y</DogGOBIS>
            <DogPRIZE>3080</DogPRIZE>
            <Form>
                <Place>5th</Place>
                <FormBox>7</FormBox>
                <Weight>32.1</Weight>
                <TrackCode>GEL</TrackCode>
                <FormDistance>460</FormDistance>
                <FormDate>03Mar17</FormDate>
                <FormGrade>Grade 7</FormGrade>
                <FormHandicap />
                <Margin>6.50L</Margin>
                <FirstSecond>"Mepunga Tycoon"</FirstSecond>
                <DogTime>26.41</DogTime>
                <WinTime>25.96</WinTime>
                <BON>25.53</BON>
                <StartPrice>$23.30</StartPrice>
                <PIR>M/324</PIR>
                <Split>6.75</Split>
            </Form>
            <Form>
                <Place>4th</Place>
                <FormBox>2</FormBox>
                <Weight>32.3</Weight>
                <TrackCode>BAL</TrackCode>
                <FormDistance>450</FormDistance>
                <FormDate>08Mar17</FormDate>
                <FormGrade>Grade 7</FormGrade>
                <FormHandicap />
                <Margin>5.50L</Margin>
                <FirstSecond>"Our Didda"</FirstSecond>
                <DogTime>25.81</DogTime>
                <WinTime>25.43</WinTime>
                <BON>25.14</BON>
                <StartPrice>$12.50</StartPrice>
                <PIR>M/454</PIR>
                <Split>6.74</Split>
            </Form>
            <Form>
                <Place>8th</Place>
                <FormBox>6</FormBox>
                <Weight>32.6</Weight>
                <TrackCode>BAL</TrackCode>
                <FormDistance>450</FormDistance>
                <FormDate>14Mar17</FormDate>
                <FormGrade>Grade 7</FormGrade>
                <FormHandicap />
                <Margin>13.00L</Margin>
                <FirstSecond>"Billy Braavos"</FirstSecond>
                <DogTime>26.32</DogTime>
                <WinTime>25.44</WinTime>
                <BON>25.34</BON>
                <StartPrice>$32.50</StartPrice>
                <PIR>M/888</PIR>
                <Split>6.88</Split>
            </Form>
            <Form>
                <Place>3rd</Place>
                <FormBox>4</FormBox>
                <Weight>33.6</Weight>
                <TrackCode>GEL</TrackCode>
                <FormDistance>460</FormDistance>
                <FormDate>21Mar17</FormDate>
                <FormGrade>Tier 3 - Grade 7</FormGrade>
                <FormHandicap />
                <Margin>2.75L</Margin>
                <FirstSecond>"Zambora Pride"</FirstSecond>
                <DogTime>26.45</DogTime>
                <WinTime>26.26</WinTime>
                <BON>26.26</BON>
                <StartPrice>$15.50</StartPrice>
                <PIR>M/223</PIR>
                <Split>6.68</Split>
            </Form>
            <Form>
                <Place>1st</Place>
                <FormBox>5</FormBox>
                <Weight>34.0</Weight>
                <TrackCode>BAL</TrackCode>
                <FormDistance>450</FormDistance>
                <FormDate>27Mar17</FormDate>
                <FormGrade>Tier 3 - Restricted Win</FormGrade>
                <FormHandicap />
                <Margin>5.50L</Margin>
                <FirstSecond>"Swift Fozz"</FirstSecond>
                <DogTime>25.95</DogTime>
                <WinTime>25.95</WinTime>
                <BON>25.57</BON>
                <StartPrice>$6.50</StartPrice>
                <PIR>M/111</PIR>
                <Split>6.67</Split>
            </Form>
        </Dog>
        <Dog id="1177320001">
            <RaceBox>3</RaceBox>
            <DogName>TIM RIGGINS</DogName>
            <BestTime>25.46</BestTime>
            <DogHandicap />
            <StartsTOT>Starts 20-2-1-3</StartsTOT>
            <StartsTTD>Trk/Dst 12-2-0-1</StartsTTD>
            <Trainer id="129410">Neville Vincent</Trainer>
            <Suburb>Lal Lal</Suburb>
            <Owner>Stephen Vincent</Owner>
            <Sire id="-107648">Cosmic Chief</Sire>
            <Dam id="-118538">Princess Douglas</Dam>
            <Colour>WBD</Colour>
            <Sex>D</Sex>
            <Whelped>21 Sep 14</Whelped>
            <DogGrade>6</DogGrade>
            <DogGOBIS>N</DogGOBIS>
            <DogPRIZE>1680</DogPRIZE>
            <Form>
                <Place>2nd</Place>
                <FormBox>1</FormBox>
                <Weight>35.3</Weight>
                <TrackCode>BEN</TrackCode>
                <FormDistance>500</FormDistance>
                <FormDate>22Feb17</FormDate>
                <FormGrade>Tier 3 - Restricted Win</FormGrade>
                <FormHandicap />
                <Margin>1.25L</Margin>
                <FirstSecond>"Iron Vee"</FirstSecond>
                <DogTime>28.71</DogTime>
                <WinTime>28.63</WinTime>
                <BON>28.39</BON>
                <StartPrice>$4.70</StartPrice>
                <PIR>S/432</PIR>
                <Split>7.06</Split>
            </Form>
            <Form>
                <Place>8th</Place>
                <FormBox>6</FormBox>
                <Weight>35.5</Weight>
                <TrackCode>BAL</TrackCode>
                <FormDistance>450</FormDistance>
                <FormDate>27Feb17</FormDate>
                <FormGrade>Tier 3 - Restricted Win</FormGrade>
                <FormHandicap />
                <Margin>13.00L</Margin>
                <FirstSecond>"Precipitate"</FirstSecond>
                <DogTime>26.40</DogTime>
                <WinTime>25.52</WinTime>
                <BON>25.52</BON>
                <StartPrice>$10.90</StartPrice>
                <PIR>S/788</PIR>
                <Split>7.35</Split>
            </Form>
            <Form>
                <Place>3rd</Place>
                <FormBox>5</FormBox>
                <Weight>35.2</Weight>
                <TrackCode>BEN</TrackCode>
                <FormDistance>500</FormDistance>
                <FormDate>08Mar17</FormDate>
                <FormGrade>Tier 3 - Grade 6</FormGrade>
                <FormHandicap />
                <Margin>2.75L</Margin>
                <FirstSecond>"Puffin' Stuff"</FirstSecond>
                <DogTime>28.65</DogTime>
                <WinTime>28.46</WinTime>
                <BON>28.25</BON>
                <StartPrice>$41.00</StartPrice>
                <PIR>S/644</PIR>
                <Split>6.99</Split>
            </Form>
            <Form>
                <Place>3rd</Place>
                <FormBox>5</FormBox>
                <Weight>35.6</Weight>
                <TrackCode>BAL</TrackCode>
                <FormDistance>450</FormDistance>
                <FormDate>20Mar17</FormDate>
                <FormGrade>Grade 6</FormGrade>
                <FormHandicap />
                <Margin>2.75L</Margin>
                <FirstSecond>"Ace Gone Wild"</FirstSecond>
                <DogTime>26.05</DogTime>
                <WinTime>25.87</WinTime>
                <BON>25.76</BON>
                <StartPrice>$9.80</StartPrice>
                <PIR>S/775</PIR>
                <Split>6.94</Split>
            </Form>
            <Form>
                <Place>5th</Place>
                <FormBox>5</FormBox>
                <Weight>34.8</Weight>
                <TrackCode>WBL</TrackCode>
                <FormDistance>450</FormDistance>
                <FormDate>28Mar17</FormDate>
                <FormGrade>Grade 6</FormGrade>
                <FormHandicap />
                <Margin>2.50L</Margin>
                <FirstSecond>"Ocean Bay"</FirstSecond>
                <DogTime>25.93</DogTime>
                <WinTime>25.77</WinTime>
                <BON>25.24</BON>
                <StartPrice>$9.60</StartPrice>
                <PIR>M/767</PIR>
                <Split>6.95</Split>
            </Form>
        </Dog>
        <Dog id="1182150069">
            <RaceBox>4</RaceBox>
            <DogName>SPRING EMPEROR</DogName>
            <BestTime>NBT</BestTime>
            <DogHandicap />
            <StartsTOT>Starts 24-2-4-4</StartsTOT>
            <StartsTTD>Trk/Dst 7-0-0-1</StartsTTD>
            <Trainer id="132216">John Frewin</Trainer>
            <Suburb>anakie</Suburb>
            <Owner>Gregory Board</Owner>
            <Sire id="-577371">Spring Gun</Sire>
            <Dam id="-546668">Scarlett Cath</Dam>
            <Colour>BK</Colour>
            <Sex>D</Sex>
            <Whelped>30 Oct 14</Whelped>
            <DogGrade>6</DogGrade>
            <DogGOBIS>N</DogGOBIS>
            <DogPRIZE>4620</DogPRIZE>
            <Form>
                <Place>3rd</Place>
                <FormBox>4</FormBox>
                <Weight>35.3</Weight>
                <TrackCode>SAP</TrackCode>
                <FormDistance>515</FormDistance>
                <FormDate>05Feb17</FormDate>
                <FormGrade>Mixed 6/7 Heat</FormGrade>
                <FormHandicap />
                <Margin>4.50L</Margin>
                <FirstSecond>"My Alibi"</FirstSecond>
                <DogTime>30.17</DogTime>
                <WinTime>29.87</WinTime>
                <BON>29.65</BON>
                <StartPrice>$7.20</StartPrice>
                <PIR>M/4444</PIR>
                <Split>5.27</Split>
            </Form>
            <Form>
                <Place>2nd</Place>
                <FormBox>1</FormBox>
                <Weight>35.0</Weight>
                <TrackCode>SAP</TrackCode>
                <FormDistance>515</FormDistance>
                <FormDate>12Feb17</FormDate>
                <FormGrade>Grade 6</FormGrade>
                <FormHandicap />
                <Margin>2.00L</Margin>
                <FirstSecond>"Alcyone"</FirstSecond>
                <DogTime>30.09</DogTime>
                <WinTime>29.97</WinTime>
                <BON>29.43</BON>
                <StartPrice>$4.10</StartPrice>
                <PIR>Q/3333</PIR>
                <Split>5.25</Split>
            </Form>
            <Form>
                <Place>6th</Place>
                <FormBox>7</FormBox>
                <Weight>34.9</Weight>
                <TrackCode>MEP</TrackCode>
                <FormDistance>525</FormDistance>
                <FormDate>15Feb17</FormDate>
                <FormGrade>Mixed 6/7</FormGrade>
                <FormHandicap />
                <Margin>12.00L</Margin>
                <FirstSecond>"Petra Allen"</FirstSecond>
                <DogTime>31.04</DogTime>
                <WinTime>30.26</WinTime>
                <BON>29.93</BON>
                <StartPrice>$11.70</StartPrice>
                <PIR>M/3576</PIR>
                <Split>5.21</Split>
            </Form>
            <Form>
                <Place>5th</Place>
                <FormBox>3</FormBox>
                <Weight>35.2</Weight>
                <TrackCode>BAL</TrackCode>
                <FormDistance>545</FormDistance>
                <FormDate>21Feb17</FormDate>
                <FormGrade>Restricted Win</FormGrade>
                <FormHandicap />
                <Margin>8.00L</Margin>
                <FirstSecond>"Ving Bale"</FirstSecond>
                <DogTime>31.65</DogTime>
                <WinTime>31.11</WinTime>
                <BON>31.11</BON>
                <StartPrice>$4.30</StartPrice>
                <PIR>M/5555</PIR>
                <Split>7.15</Split>
            </Form>
            <Form>
                <Place>5th</Place>
                <FormBox>8</FormBox>
                <Weight>35.2</Weight>
                <TrackCode>MEP</TrackCode>
                <FormDistance>525</FormDistance>
                <FormDate>01Mar17</FormDate>
                <FormGrade>Restricted Win Heat</FormGrade>
                <FormHandicap />
                <Margin>14.00L</Margin>
                <FirstSecond>"Zippy Daph"</FirstSecond>
                <DogTime>30.97</DogTime>
                <WinTime>30.06</WinTime>
                <BON>30.04</BON>
                <StartPrice>$9.90</StartPrice>
                <PIR>S/6777</PIR>
                <Split>5.26</Split>
            </Form>
        </Dog>
        <Dog id="1464530003">
            <RaceBox>5</RaceBox>
            <DogName>MINOTAUR</DogName>
            <BestTime>25.79</BestTime>
            <DogHandicap />
            <StartsTOT>Starts 15-2-3-3</StartsTOT>
            <StartsTTD>Trk/Dst 1-1-0-0</StartsTTD>
            <Trainer id="115397">Daniel Pell</Trainer>
            <Suburb>Toolleen</Suburb>
            <Owner>Bev And Daniel Synd B Pell,D Pell</Owner>
            <Sire id="-710494">Barcia Bale</Sire>
            <Dam id="-626092">Carol Beer</Dam>
            <Colour>F</Colour>
            <Sex>D</Sex>
            <Whelped>21 Mar 15</Whelped>
            <DogGrade>6</DogGrade>
            <DogGOBIS>N</DogGOBIS>
            <DogPRIZE>2030</DogPRIZE>
            <Form>
                <Place>1st</Place>
                <FormBox>1</FormBox>
                <Weight>32.5</Weight>
                <TrackCode>SHP</TrackCode>
                <FormDistance>450</FormDistance>
                <FormDate>02Mar17</FormDate>
                <FormGrade>All Maiden</FormGrade>
                <FormHandicap />
                <Margin>1.00L</Margin>
                <FirstSecond>"Facts Don't Lie"</FirstSecond>
                <DogTime>25.81</DogTime>
                <WinTime>25.81</WinTime>
                <BON>25.63</BON>
                <StartPrice>$2.70</StartPrice>
                <PIR>S/853</PIR>
                <Split>7.31</Split>
            </Form>
            <Form>
                <Place>5th</Place>
                <FormBox>3</FormBox>
                <Weight>32.5</Weight>
                <TrackCode>BEN</TrackCode>
                <FormDistance>500</FormDistance>
                <FormDate>08Mar17</FormDate>
                <FormGrade>Tier 3 - Grade 7</FormGrade>
                <FormHandicap />
                <Margin>12.00L</Margin>
                <FirstSecond>"All Inn Houston"</FirstSecond>
                <DogTime>29.24</DogTime>
                <WinTime>28.45</WinTime>
                <BON>28.25</BON>
                <StartPrice>$4.70</StartPrice>
                <PIR>S/643</PIR>
                <Split>6.98</Split>
            </Form>
            <Form>
                <Place>1st</Place>
                <FormBox>6</FormBox>
                <Weight>32.7</Weight>
                <TrackCode>BAL</TrackCode>
                <FormDistance>450</FormDistance>
                <FormDate>13Mar17</FormDate>
                <FormGrade>Tier 3 - Grade 7</FormGrade>
                <FormHandicap />
                <Margin>2.50L</Margin>
                <FirstSecond>"Seabrook Noisey"</FirstSecond>
                <DogTime>25.79</DogTime>
                <WinTime>25.79</WinTime>
                <BON>25.51</BON>
                <StartPrice>$2.20</StartPrice>
                <PIR>S/822</PIR>
                <Split>6.86</Split>
            </Form>
            <Form>
                <Place>4th</Place>
                <FormBox>2</FormBox>
                <Weight>32.3</Weight>
                <TrackCode>SAP</TrackCode>
                <FormDistance>515</FormDistance>
                <FormDate>19Mar17</FormDate>
                <FormGrade>Mixed 6/7</FormGrade>
                <FormHandicap />
                <Margin>4.75L</Margin>
                <FirstSecond>"Banjo Fever"</FirstSecond>
                <DogTime>30.41</DogTime>
                <WinTime>30.08</WinTime>
                <BON>29.67</BON>
                <StartPrice>$4.90</StartPrice>
                <PIR>M/7555</PIR>
                <Split>5.44</Split>
            </Form>
            <Form>
                <Place>4th</Place>
                <FormBox>6</FormBox>
                <Weight>32.2</Weight>
                <TrackCode>SAP</TrackCode>
                <FormDistance>515</FormDistance>
                <FormDate>26Mar17</FormDate>
                <FormGrade>Restricted Win</FormGrade>
                <FormHandicap />
                <Margin>6.50L</Margin>
                <FirstSecond>"Cosmic Tilly"</FirstSecond>
                <DogTime>30.30</DogTime>
                <WinTime>29.87</WinTime>
                <BON>29.47</BON>
                <StartPrice>$12.60</StartPrice>
                <PIR>S/8555</PIR>
                <Split>5.64</Split>
            </Form>
        </Dog>
        <Dog id="351420053">
            <RaceBox>6</RaceBox>
            <DogName>OSCAR BEAM</DogName>
            <BestTime>NBT</BestTime>
            <DogHandicap />
            <StartsTOT>Starts 50-2-9-11</StartsTOT>
            <StartsTTD>Trk/Dst 2-0-0-1</StartsTTD>
            <Trainer id="114052">Brett Albert</Trainer>
            <Suburb>Cranbourne North</Suburb>
            <Owner>Brodie Albert</Owner>
            <Sire id="-323942">Lochinvar Marlow</Sire>
            <Dam id="-152541">Scant Regard</Dam>
            <Colour>BK</Colour>
            <Sex>D</Sex>
            <Whelped>03 Jun 13</Whelped>
            <DogGrade>6</DogGrade>
            <DogGOBIS>Y</DogGOBIS>
            <DogPRIZE>6115</DogPRIZE>
            <Form>
                <Place>3rd</Place>
                <FormBox>3</FormBox>
                <Weight>30.2</Weight>
                <TrackCode>WGL</TrackCode>
                <FormDistance>400</FormDistance>
                <FormDate>09Feb17</FormDate>
                <FormGrade>Tier 3 - Grade 6</FormGrade>
                <FormHandicap />
                <Margin>1.25L</Margin>
                <FirstSecond>"Celtic Fire"</FirstSecond>
                <DogTime>23.51</DogTime>
                <WinTime>23.42</WinTime>
                <BON>22.90</BON>
                <StartPrice>$7.40</StartPrice>
                <PIR>M/57</PIR>
                <Split>8.76</Split>
            </Form>
            <Form>
                <Place>4th</Place>
                <FormBox>1</FormBox>
                <Weight>30.0</Weight>
                <TrackCode>BEN</TrackCode>
                <FormDistance>425</FormDistance>
                <FormDate>15Feb17</FormDate>
                <FormGrade>Grade 6</FormGrade>
                <FormHandicap />
                <Margin>2.25L</Margin>
                <FirstSecond>"Reality Thunder"</FirstSecond>
                <DogTime>24.40</DogTime>
                <WinTime>24.26</WinTime>
                <BON>24.08</BON>
                <StartPrice>$3.70</StartPrice>
                <PIR>M/334</PIR>
                <Split>6.80</Split>
            </Form>
            <Form>
                <Place>2nd</Place>
                <FormBox>8</FormBox>
                <Weight>30.2</Weight>
                <TrackCode>BEN</TrackCode>
                <FormDistance>425</FormDistance>
                <FormDate>01Mar17</FormDate>
                <FormGrade>Grade 6</FormGrade>
                <FormHandicap />
                <Margin>0.10L</Margin>
                <FirstSecond>"Virgil"</FirstSecond>
                <DogTime>24.45</DogTime>
                <WinTime>24.45</WinTime>
                <BON>23.89</BON>
                <StartPrice>$10.40</StartPrice>
                <PIR>S/643</PIR>
                <Split>6.83</Split>
            </Form>
            <Form>
                <Place>2nd</Place>
                <FormBox>5</FormBox>
                <Weight>30.2</Weight>
                <TrackCode>BAL</TrackCode>
                <FormDistance>390</FormDistance>
                <FormDate>06Mar17</FormDate>
                <FormGrade>Grade 6</FormGrade>
                <FormHandicap />
                <Margin>1.5L</Margin>
                <FirstSecond>"Stella's Grace"</FirstSecond>
                <DogTime>22.35</DogTime>
                <WinTime>22.26</WinTime>
                <BON>22.05</BON>
                <StartPrice>$4.70</StartPrice>
                <PIR>M/22</PIR>
                <Split>8.63</Split>
            </Form>
            <Form>
                <Place>6th</Place>
                <FormBox>8</FormBox>
                <Weight>30.2</Weight>
                <TrackCode>WGL</TrackCode>
                <FormDistance>400</FormDistance>
                <FormDate>14Mar17</FormDate>
                <FormGrade>Grade 6</FormGrade>
                <FormHandicap />
                <Margin>6.50L</Margin>
                <FirstSecond>"San Pablo"</FirstSecond>
                <DogTime>23.23</DogTime>
                <WinTime>22.80</WinTime>
                <BON>22.51</BON>
                <StartPrice>$9.20</StartPrice>
                <PIR>M/66</PIR>
                <Split>8.86</Split>
            </Form>
        </Dog>
        <Dog id="1182150053">
            <RaceBox>7</RaceBox>
            <DogName>MR. MOONLIGHT</DogName>
            <BestTime>26.01</BestTime>
            <DogHandicap />
            <StartsTOT>Starts 24-2-4-4</StartsTOT>
            <StartsTTD>Trk/Dst 9-1-2-1</StartsTTD>
            <Trainer id="108647">Marcus Lloyd</Trainer>
            <Suburb>anakie</Suburb>
            <Owner>Victor Lungu</Owner>
            <Sire id="-577371">Spring Gun</Sire>
            <Dam id="-711280">Our Nanz Awesome</Dam>
            <Colour>RF</Colour>
            <Sex>D</Sex>
            <Whelped>23 Oct 14</Whelped>
            <DogGrade>6</DogGrade>
            <DogGOBIS>N</DogGOBIS>
            <DogPRIZE>4035</DogPRIZE>
            <Form>
                <Place>5th</Place>
                <FormBox>8</FormBox>
                <Weight>33.1</Weight>
                <TrackCode>BAL</TrackCode>
                <FormDistance>450</FormDistance>
                <FormDate>26Jan17</FormDate>
                <FormGrade>Mixed 6/7 Heat</FormGrade>
                <FormHandicap />
                <Margin>13.00L</Margin>
                <FirstSecond>"Nature's Gent"</FirstSecond>
                <DogTime>25.70</DogTime>
                <WinTime>24.84</WinTime>
                <BON>24.84</BON>
                <StartPrice>$6.20</StartPrice>
                <PIR>S/655</PIR>
                <Split>6.94</Split>
            </Form>
            <Form>
                <Place>4th</Place>
                <FormBox>3</FormBox>
                <Weight>33.3</Weight>
                <TrackCode>SAP</TrackCode>
                <FormDistance>515</FormDistance>
                <FormDate>05Feb17</FormDate>
                <FormGrade>Mixed 6/7 Heat</FormGrade>
                <FormHandicap />
                <Margin>6.00L</Margin>
                <FirstSecond>"Weasley Grange"</FirstSecond>
                <DogTime>30.54</DogTime>
                <WinTime>30.14</WinTime>
                <BON>29.65</BON>
                <StartPrice>$11.60</StartPrice>
                <PIR>M/4224</PIR>
                <Split>5.36</Split>
            </Form>
            <Form>
                <Place>8th</Place>
                <FormBox>4</FormBox>
                <Weight>32.9</Weight>
                <TrackCode>SAP</TrackCode>
                <FormDistance>515</FormDistance>
                <FormDate>12Feb17</FormDate>
                <FormGrade>Mixed 6/7</FormGrade>
                <FormHandicap />
                <Margin>15.00L</Margin>
                <FirstSecond>"Real Effective"</FirstSecond>
                <DogTime>30.93</DogTime>
                <WinTime>29.88</WinTime>
                <BON>29.43</BON>
                <StartPrice>$8.00</StartPrice>
                <PIR>M/5578</PIR>
                <Split>5.34</Split>
            </Form>
            <Form>
                <Place>3rd</Place>
                <FormBox>7</FormBox>
                <Weight>32.8</Weight>
                <TrackCode>GEL</TrackCode>
                <FormDistance>460</FormDistance>
                <FormDate>24Feb17</FormDate>
                <FormGrade>Mixed 6/7</FormGrade>
                <FormHandicap />
                <Margin>10.00L</Margin>
                <FirstSecond>"Zipping Hawk"</FirstSecond>
                <DogTime>26.39</DogTime>
                <WinTime>25.72</WinTime>
                <BON>25.72</BON>
                <StartPrice>$12.30</StartPrice>
                <PIR>M/222</PIR>
                <Split>6.69</Split>
            </Form>
            <Form>
                <Place>8th</Place>
                <FormBox>4</FormBox>
                <Weight>32.7</Weight>
                <TrackCode>MEP</TrackCode>
                <FormDistance>525</FormDistance>
                <FormDate>01Mar17</FormDate>
                <FormGrade>Restricted Win Heat</FormGrade>
                <FormHandicap />
                <Margin>12.00L</Margin>
                <FirstSecond>"Tear Away Doc"</FirstSecond>
                <DogTime>31.11</DogTime>
                <WinTime>30.34</WinTime>
                <BON>30.04</BON>
                <StartPrice>$63.10</StartPrice>
                <PIR>S/5566</PIR>
                <Split>5.31</Split>
            </Form>
        </Dog>
        <Dog id="1383590033">
            <RaceBox>8</RaceBox>
            <DogName>SUPER STOKED</DogName>
            <BestTime>FSTD</BestTime>
            <DogHandicap />
            <StartsTOT>Starts 10-2-3-1</StartsTOT>
            <StartsTTD>Trk/Dst 0-0-0-0</StartsTTD>
            <Trainer id="113677">Gary Hansen</Trainer>
            <Suburb>Daisy Hill</Suburb>
            <Owner>Tri State Synd A Langton,S Smith,N Loechel</Owner>
            <Sire id="-710494">Barcia Bale</Sire>
            <Dam id="-720470">Muse Me</Dam>
            <Colour>BE</Colour>
            <Sex>D</Sex>
            <Whelped>18 Feb 15</Whelped>
            <DogGrade>6</DogGrade>
            <DogGOBIS>N</DogGOBIS>
            <DogPRIZE>2480</DogPRIZE>
            <Form>
                <Place>1st</Place>
                <FormBox>3</FormBox>
                <Weight>34.0</Weight>
                <TrackCode>BAL</TrackCode>
                <FormDistance>390</FormDistance>
                <FormDate>22Feb17</FormDate>
                <FormGrade>Maiden</FormGrade>
                <FormHandicap />
                <Margin>1.25L</Margin>
                <FirstSecond>"Fabriola Allen"</FirstSecond>
                <DogTime>22.47</DogTime>
                <WinTime>22.47</WinTime>
                <BON>22.05</BON>
                <StartPrice>$5.60</StartPrice>
                <PIR>Q/11</PIR>
                <Split>8.49</Split>
            </Form>
            <Form>
                <Place>4th</Place>
                <FormBox>3</FormBox>
                <Weight>33.9</Weight>
                <TrackCode>BAL</TrackCode>
                <FormDistance>390</FormDistance>
                <FormDate>01Mar17</FormDate>
                <FormGrade>Mixed 6/7</FormGrade>
                <FormHandicap />
                <Margin>3.75L</Margin>
                <FirstSecond>"Tegz A Riddler"</FirstSecond>
                <DogTime>22.89</DogTime>
                <WinTime>22.63</WinTime>
                <BON>21.92</BON>
                <StartPrice>$6.10</StartPrice>
                <PIR>M/54</PIR>
                <Split>8.79</Split>
            </Form>
            <Form>
                <Place>1st</Place>
                <FormBox>7</FormBox>
                <Weight>33.9</Weight>
                <TrackCode>BEN</TrackCode>
                <FormDistance>425</FormDistance>
                <FormDate>09Mar17</FormDate>
                <FormGrade>Tier 3 - Grade 7</FormGrade>
                <FormHandicap />
                <Margin>3.5L</Margin>
                <FirstSecond>"Chopstick Walrus"</FirstSecond>
                <DogTime>24.30</DogTime>
                <WinTime>24.30</WinTime>
                <BON>24.10</BON>
                <StartPrice>$2.10</StartPrice>
                <PIR>M/111</PIR>
                <Split>6.63</Split>
            </Form>
            <Form>
                <Place>7th</Place>
                <FormBox>2</FormBox>
                <Weight>33.6</Weight>
                <TrackCode>GEL</TrackCode>
                <FormDistance>460</FormDistance>
                <FormDate>17Mar17</FormDate>
                <FormGrade>Mixed 6/7 Heat</FormGrade>
                <FormHandicap />
                <Margin>9.00L</Margin>
                <FirstSecond>"Oimby Allen"</FirstSecond>
                <DogTime>26.72</DogTime>
                <WinTime>26.09</WinTime>
                <BON>25.68</BON>
                <StartPrice>$7.80</StartPrice>
                <PIR>M/457</PIR>
                <Split>6.65</Split>
            </Form>
            <Form>
                <Place>2nd</Place>
                <FormBox>8</FormBox>
                <Weight>33.8</Weight>
                <TrackCode>GEL</TrackCode>
                <FormDistance>400</FormDistance>
                <FormDate>28Mar17</FormDate>
                <FormGrade>Tier 3 - Grade 6</FormGrade>
                <FormHandicap />
                <Margin>2.50L</Margin>
                <FirstSecond>"Blackpool Alexis"</FirstSecond>
                <DogTime>22.87</DogTime>
                <WinTime>22.71</WinTime>
                <BON>22.71</BON>
                <StartPrice>$3.10</StartPrice>
                <PIR>M/22</PIR>
                <Split>8.40</Split>
            </Form>
        </Dog>
        <Dog id="1316500009">
            <RaceBox>9</RaceBox>
            <DogName>SAM'S GENERAL Res.</DogName>
            <BestTime>25.87</BestTime>
            <DogHandicap />
            <StartsTOT>Starts 16-2-4-2</StartsTOT>
            <StartsTTD>Trk/Dst 6-1-2-1</StartsTTD>
            <Trainer id="113213">Wendy Hansen</Trainer>
            <Suburb>Daisy Hill</Suburb>
            <Owner>Shopping Spree Synd A Williams,M Love,S Lee</Owner>
            <Sire id="-713051">General Destini</Sire>
            <Dam id="-626127">Sam's Sionara</Dam>
            <Colour>WBK</Colour>
            <Sex>D</Sex>
            <Whelped>08 Jan 15</Whelped>
            <DogGrade>6</DogGrade>
            <DogGOBIS>Y</DogGOBIS>
            <DogPRIZE>3245</DogPRIZE>
            <Form>
                <Place>2nd</Place>
                <FormBox>7</FormBox>
                <Weight>31.2</Weight>
                <TrackCode>GEL</TrackCode>
                <FormDistance>460</FormDistance>
                <FormDate>14Feb17</FormDate>
                <FormGrade>Tier 3 - Restricted Win</FormGrade>
                <FormHandicap />
                <Margin>1.5L</Margin>
                <FirstSecond>"Magic Maldini"</FirstSecond>
                <DogTime>26.42</DogTime>
                <WinTime>26.32</WinTime>
                <BON>26.13</BON>
                <StartPrice>$4.90</StartPrice>
                <PIR>Q/111</PIR>
                <Split>6.60</Split>
            </Form>
            <Form>
                <Place>6th</Place>
                <FormBox>7</FormBox>
                <Weight>31.1</Weight>
                <TrackCode>BEN</TrackCode>
                <FormDistance>425</FormDistance>
                <FormDate>24Feb17</FormDate>
                <FormGrade>Mixed 6/7 Heat</FormGrade>
                <FormHandicap />
                <Margin>10.00L</Margin>
                <FirstSecond>"My Lilly"</FirstSecond>
                <DogTime>24.79</DogTime>
                <WinTime>24.09</WinTime>
                <BON>23.76</BON>
                <StartPrice>$32.40</StartPrice>
                <PIR>S/877</PIR>
                <Split>6.90</Split>
            </Form>
            <Form>
                <Place>2nd</Place>
                <FormBox>8</FormBox>
                <Weight>30.9</Weight>
                <TrackCode>BAL</TrackCode>
                <FormDistance>450</FormDistance>
                <FormDate>06Mar17</FormDate>
                <FormGrade>Grade 6</FormGrade>
                <FormHandicap />
                <Margin>2.75L</Margin>
                <FirstSecond>"Ruby Rads"</FirstSecond>
                <DogTime>25.78</DogTime>
                <WinTime>25.60</WinTime>
                <BON>25.44</BON>
                <StartPrice>$3.50</StartPrice>
                <PIR>M/322</PIR>
                <Split>6.76</Split>
            </Form>
            <Form>
                <Place>5th</Place>
                <FormBox>4</FormBox>
                <Weight>31.0</Weight>
                <TrackCode>BAL</TrackCode>
                <FormDistance>450</FormDistance>
                <FormDate>14Mar17</FormDate>
                <FormGrade>Grade 6</FormGrade>
                <FormHandicap />
                <Margin>5.50L</Margin>
                <FirstSecond>"Don Lesta"</FirstSecond>
                <DogTime>25.69</DogTime>
                <WinTime>25.34</WinTime>
                <BON>25.34</BON>
                <StartPrice>$24.50</StartPrice>
                <PIR>M/144</PIR>
                <Split>6.65</Split>
            </Form>
            <Form>
                <Place>6th</Place>
                <FormBox>3</FormBox>
                <Weight>30.8</Weight>
                <TrackCode>GEL</TrackCode>
                <FormDistance>460</FormDistance>
                <FormDate>17Mar17</FormDate>
                <FormGrade>Mixed 6/7 Heat</FormGrade>
                <FormHandicap />
                <Margin>9.00L</Margin>
                <FirstSecond>"Fabriola Allen"</FirstSecond>
                <DogTime>26.59</DogTime>
                <WinTime>25.96</WinTime>
                <BON>25.68</BON>
                <StartPrice>$23.70</StartPrice>
                <PIR>M/85</PIR>
                <Split>7.16</Split>
            </Form>
        </Dog>
        <Dog id="">
            <RaceBox>10</RaceBox>
            <DogName />
            <BestTime>* * * NO RESERVE * * *</BestTime>
            <DogHandicap />
            <StartsTOT />
            <StartsTTD />
            <Trainer id="" />
            <Suburb />
            <Owner />
            <Sire id="" />
            <Dam id="" />
            <Colour />
            <Sex />
            <Whelped />
            <DogGrade />
            <DogGOBIS />
            <DogPRIZE />
            <Form />
            <Form />
            <Form />
            <Form />
            <Form />
        </Dog>
    </Race>
    <Race id="208756696">
        <RaceNum>8</RaceNum>
        <RaceName>BOTTLE-O</RaceName>
        <RaceTime>08:27PM</RaceTime>
        <RaceTimeDateUTC>01 Apr 17 09:27AM</RaceTimeDateUTC>
        <Distance>450m</Distance>
        <RaceGrade>Mixed 4/5</RaceGrade>
        <PrizeMoney1>$1405</PrizeMoney1>
        <PrizeMoney2>$400</PrizeMoney2>
        <PrizeMoney3>$200</PrizeMoney3>
        <PrizeMoney4 />
        <PrizeMoney5 />
        <PrizeMoney6 />
        <PrizeMoney7 />
        <PrizeMoney8 />
        <GOBIS />
        <Hurdle />
        <Handicap />
        <TAB>4TH LEG QUAD 2ND LEG D/D TRI/QUIN R/D EXACTA PICK4</TAB>
        <GradeCode>X45</GradeCode>
        <Dog id="724320013">
            <RaceBox>1</RaceBox>
            <DogName>CONNEMARA BLACK</DogName>
            <BestTime>25.50</BestTime>
            <DogHandicap />
            <StartsTOT>Starts 48-9-16-11</StartsTOT>
            <StartsTTD>Trk/Dst 14-1-6-4</StartsTTD>
            <Trainer id="131688">Lindsay Morshead</Trainer>
            <Suburb>Barongarook</Suburb>
            <Owner>Mayo Synd J Maye,B Maye,P Maye</Owner>
            <Sire id="-419205">Nitro Burst</Sire>
            <Dam id="-315206">Connemara Suzy</Dam>
            <Colour>BK</Colour>
            <Sex>D</Sex>
            <Whelped>02 Jan 14</Whelped>
            <DogGrade>4</DogGrade>
            <DogGOBIS>Y</DogGOBIS>
            <DogPRIZE>36195</DogPRIZE>
            <Form>
                <Place>2nd</Place>
                <FormBox>2</FormBox>
                <Weight>37.9</Weight>
                <TrackCode>WBL</TrackCode>
                <FormDistance>390</FormDistance>
                <FormDate>14Feb17</FormDate>
                <FormGrade>Grade 5</FormGrade>
                <FormHandicap />
                <Margin>7.00L</Margin>
                <FirstSecond>"Aussie Infrared"</FirstSecond>
                <DogTime>22.09</DogTime>
                <WinTime>21.62</WinTime>
                <BON>21.62</BON>
                <StartPrice>$5.90</StartPrice>
                <PIR>M/53</PIR>
                <Split>8.68</Split>
            </Form>
            <Form>
                <Place>2nd</Place>
                <FormBox>8</FormBox>
                <Weight>37.9</Weight>
                <TrackCode>GEL</TrackCode>
                <FormDistance>460</FormDistance>
                <FormDate>03Mar17</FormDate>
                <FormGrade>Mixed 4/5</FormGrade>
                <FormHandicap />
                <Margin>1.25L</Margin>
                <FirstSecond>"Golden Warrior"</FirstSecond>
                <DogTime>26.09</DogTime>
                <WinTime>26.01</WinTime>
                <BON>25.53</BON>
                <StartPrice>$2.00</StartPrice>
                <PIR>M/211</PIR>
                <Split>6.57</Split>
            </Form>
            <Form>
                <Place>3rd</Place>
                <FormBox>3</FormBox>
                <Weight>37.7</Weight>
                <TrackCode>SAN</TrackCode>
                <FormDistance>515</FormDistance>
                <FormDate>09Mar17</FormDate>
                <FormGrade>Grade 5</FormGrade>
                <FormHandicap />
                <Margin>6.50L</Margin>
                <FirstSecond>"Henry"</FirstSecond>
                <DogTime>29.92</DogTime>
                <WinTime>29.49</WinTime>
                <BON>29.23</BON>
                <StartPrice>$4.50</StartPrice>
                <PIR>M/2222</PIR>
                <Split>5.15</Split>
            </Form>
            <Form>
                <Place>3rd</Place>
                <FormBox>5</FormBox>
                <Weight>37.9</Weight>
                <TrackCode>SAN</TrackCode>
                <FormDistance>515</FormDistance>
                <FormDate>16Mar17</FormDate>
                <FormGrade>Grade 5 Heat</FormGrade>
                <FormHandicap />
                <Margin>5.50L</Margin>
                <FirstSecond>"Fair Of Face"</FirstSecond>
                <DogTime>30.15</DogTime>
                <WinTime>29.77</WinTime>
                <BON>29.57</BON>
                <StartPrice>$4.80</StartPrice>
                <PIR>S/3322</PIR>
                <Split>5.20</Split>
            </Form>
            <Form>
                <Place>2nd</Place>
                <FormBox>5</FormBox>
                <Weight>38.1</Weight>
                <TrackCode>GEL</TrackCode>
                <FormDistance>460</FormDistance>
                <FormDate>24Mar17</FormDate>
                <FormGrade>Mixed 4/5</FormGrade>
                <FormHandicap />
                <Margin>0.25L</Margin>
                <FirstSecond>"Abed Bale"</FirstSecond>
                <DogTime>25.90</DogTime>
                <WinTime>25.89</WinTime>
                <BON>25.74</BON>
                <StartPrice>$4.00</StartPrice>
                <PIR>M/222</PIR>
                <Split>6.68</Split>
            </Form>
        </Dog>
        <Dog id="1316500000">
            <RaceBox>2</RaceBox>
            <DogName>WOSBOGAVICH</DogName>
            <BestTime>NBT</BestTime>
            <DogHandicap />
            <StartsTOT>Starts 16-4-3-1</StartsTOT>
            <StartsTTD>Trk/Dst 1-0-0-0</StartsTTD>
            <Trainer id="126919">Gary Shingles</Trainer>
            <Suburb>Eden Park</Suburb>
            <Owner>Leanne Shingles</Owner>
            <Sire id="-722870">Fabregas</Sire>
            <Dam id="-470030">Menado</Dam>
            <Colour>BK</Colour>
            <Sex>D</Sex>
            <Whelped>16 Jan 15</Whelped>
            <DogGrade>5</DogGrade>
            <DogGOBIS>Y</DogGOBIS>
            <DogPRIZE>9775</DogPRIZE>
            <Form>
                <Place>5th</Place>
                <FormBox>6</FormBox>
                <Weight>32.4</Weight>
                <TrackCode>MEP</TrackCode>
                <FormDistance>525</FormDistance>
                <FormDate>04Jan17</FormDate>
                <FormGrade>Grade 5</FormGrade>
                <FormHandicap />
                <Margin>6.50L</Margin>
                <FirstSecond>"Cosmic Coaster"</FirstSecond>
                <DogTime>30.60</DogTime>
                <WinTime>30.16</WinTime>
                <BON>30.00</BON>
                <StartPrice>$11.60</StartPrice>
                <PIR>S/8665</PIR>
                <Split>5.22</Split>
            </Form>
            <Form>
                <Place>3rd</Place>
                <FormBox>6</FormBox>
                <Weight>32.5</Weight>
                <TrackCode>SAP</TrackCode>
                <FormDistance>515</FormDistance>
                <FormDate>15Jan17</FormDate>
                <FormGrade>Grade 5</FormGrade>
                <FormHandicap />
                <Margin>4.25L</Margin>
                <FirstSecond>"Beejay's Atom"</FirstSecond>
                <DogTime>30.04</DogTime>
                <WinTime>29.75</WinTime>
                <BON>29.39</BON>
                <StartPrice>$8.50</StartPrice>
                <PIR>S/5333</PIR>
                <Split>5.26</Split>
            </Form>
            <Form>
                <Place>1st</Place>
                <FormBox>1</FormBox>
                <Weight>32.5</Weight>
                <TrackCode>SAN</TrackCode>
                <FormDistance>515</FormDistance>
                <FormDate>25Jan17</FormDate>
                <FormGrade>Restricted Win Heat</FormGrade>
                <FormHandicap />
                <Margin>3.00L</Margin>
                <FirstSecond>"Carry On Quinney"</FirstSecond>
                <DogTime>29.79</DogTime>
                <WinTime>29.79</WinTime>
                <BON>29.18</BON>
                <StartPrice>$16.90</StartPrice>
                <PIR>M/1111</PIR>
                <Split>5.20</Split>
            </Form>
            <Form>
                <Place>5th</Place>
                <FormBox>4</FormBox>
                <Weight>32.9</Weight>
                <TrackCode>SAN</TrackCode>
                <FormDistance>515</FormDistance>
                <FormDate>02Feb17</FormDate>
                <FormGrade>Restricted Win Final</FormGrade>
                <FormHandicap />
                <Margin>11.00L</Margin>
                <FirstSecond>"Crump's Beauty"</FirstSecond>
                <DogTime>30.55</DogTime>
                <WinTime>29.83</WinTime>
                <BON>29.60</BON>
                <StartPrice>$24.40</StartPrice>
                <PIR>S/8776</PIR>
                <Split>5.38</Split>
            </Form>
            <Form>
                <Place>5th</Place>
                <FormBox>7</FormBox>
                <Weight>33.3</Weight>
                <TrackCode>BEN</TrackCode>
                <FormDistance>425</FormDistance>
                <FormDate>24Mar17</FormDate>
                <FormGrade>Grade 5</FormGrade>
                <FormHandicap />
                <Margin>3.25L</Margin>
                <FirstSecond>"Solar Mocha"</FirstSecond>
                <DogTime>24.08</DogTime>
                <WinTime>23.86</WinTime>
                <BON>23.86</BON>
                <StartPrice>$14.10</StartPrice>
                <PIR>S/865</PIR>
                <Split>6.70</Split>
            </Form>
        </Dog>
        <Dog id="985250174">
            <RaceBox>3</RaceBox>
            <DogName>MCMONTY'S GIRL</DogName>
            <BestTime>NBT</BestTime>
            <DogHandicap />
            <StartsTOT>Starts 22-5-3-4</StartsTOT>
            <StartsTTD>Trk/Dst 1-0-1-0</StartsTTD>
            <Trainer id="132207">Michelle Mallia-Magri</Trainer>
            <Suburb>Avalon</Suburb>
            <Owner>McJannet Montgomery Synd J McJannet,D Montgomery</Owner>
            <Sire id="-399888">Swift Fancy</Sire>
            <Dam id="-717317">Talon Miss</Dam>
            <Colour>BE</Colour>
            <Sex>B</Sex>
            <Whelped>14 Jul 14</Whelped>
            <DogGrade>5</DogGrade>
            <DogGOBIS>N</DogGOBIS>
            <DogPRIZE>7375</DogPRIZE>
            <Form>
                <Place>1st</Place>
                <FormBox>5</FormBox>
                <Weight>28.7</Weight>
                <TrackCode>TRA</TrackCode>
                <FormDistance>395</FormDistance>
                <FormDate>04Mar17</FormDate>
                <FormGrade>Grade 5</FormGrade>
                <FormHandicap />
                <Margin>0.25L</Margin>
                <FirstSecond>"Go Levi"</FirstSecond>
                <DogTime>22.84</DogTime>
                <WinTime>22.84</WinTime>
                <BON>22.71</BON>
                <StartPrice>$2.80</StartPrice>
                <PIR>M/222</PIR>
                <Split>4.88</Split>
            </Form>
            <Form>
                <Place>4th</Place>
                <FormBox>1</FormBox>
                <Weight>28.7</Weight>
                <TrackCode>WBL</TrackCode>
                <FormDistance>450</FormDistance>
                <FormDate>09Mar17</FormDate>
                <FormGrade>Grade 5</FormGrade>
                <FormHandicap />
                <Margin>7.00L</Margin>
                <FirstSecond>"Allen Occy"</FirstSecond>
                <DogTime>25.59</DogTime>
                <WinTime>25.10</WinTime>
                <BON>24.83</BON>
                <StartPrice>$6.40</StartPrice>
                <PIR>M/444</PIR>
                <Split>6.73</Split>
            </Form>
            <Form>
                <Place>2nd</Place>
                <FormBox>5</FormBox>
                <Weight>28.7</Weight>
                <TrackCode>BAL</TrackCode>
                <FormDistance>450</FormDistance>
                <FormDate>14Mar17</FormDate>
                <FormGrade>Mixed 4/5</FormGrade>
                <FormHandicap />
                <Margin>0.25L</Margin>
                <FirstSecond>"Fabstar"</FirstSecond>
                <DogTime>25.36</DogTime>
                <WinTime>25.35</WinTime>
                <BON>25.34</BON>
                <StartPrice>$15.40</StartPrice>
                <PIR>M/111</PIR>
                <Split>6.55</Split>
            </Form>
            <Form>
                <Place>5th</Place>
                <FormBox>4</FormBox>
                <Weight>28.6</Weight>
                <TrackCode>SHP</TrackCode>
                <FormDistance>450</FormDistance>
                <FormDate>20Mar17</FormDate>
                <FormGrade>Grade 5</FormGrade>
                <FormHandicap />
                <Margin>7.50L</Margin>
                <FirstSecond>"Qura Allen"</FirstSecond>
                <DogTime>26.01</DogTime>
                <WinTime>25.49</WinTime>
                <BON>25.34</BON>
                <StartPrice>$3.20</StartPrice>
                <PIR>M/335</PIR>
                <Split>6.69</Split>
            </Form>
            <Form>
                <Place>5th</Place>
                <FormBox>7</FormBox>
                <Weight>28.6</Weight>
                <TrackCode>MEA</TrackCode>
                <FormDistance>525</FormDistance>
                <FormDate>25Mar17</FormDate>
                <FormGrade>Grade 5</FormGrade>
                <FormHandicap />
                <Margin>5.50L</Margin>
                <FirstSecond>"Crown Princess"</FirstSecond>
                <DogTime>30.72</DogTime>
                <WinTime>30.35</WinTime>
                <BON>29.73</BON>
                <StartPrice>$15.10</StartPrice>
                <PIR>M/5333</PIR>
                <Split>5.17</Split>
            </Form>
        </Dog>
        <Dog id="1199510003">
            <RaceBox>4</RaceBox>
            <DogName>LATIFI ZEUS</DogName>
            <BestTime>FSH</BestTime>
            <DogHandicap />
            <StartsTOT>Starts 7-5-0-0</StartsTOT>
            <StartsTTD>Trk/Dst 0-0-0-0</StartsTTD>
            <Trainer id="133285">James Arthur</Trainer>
            <Suburb>Lancaster</Suburb>
            <Owner>James Arthur</Owner>
            <Sire id="-168350">Collision</Sire>
            <Dam id="-385764">Latifi Jiam</Dam>
            <Colour>BD</Colour>
            <Sex>D</Sex>
            <Whelped>03 Sep 14</Whelped>
            <DogGrade>5</DogGrade>
            <DogGOBIS>Y</DogGOBIS>
            <DogPRIZE>6615</DogPRIZE>
            <Form>
                <Place>1st</Place>
                <FormBox>2</FormBox>
                <Weight>30.8</Weight>
                <TrackCode>BEN</TrackCode>
                <FormDistance>425</FormDistance>
                <FormDate>24Feb17</FormDate>
                <FormGrade>Mixed 6/7 Heat</FormGrade>
                <FormHandicap />
                <Margin>1.00L</Margin>
                <FirstSecond>"Rusty's Mate"</FirstSecond>
                <DogTime>24.21</DogTime>
                <WinTime>24.21</WinTime>
                <BON>23.76</BON>
                <StartPrice>$3.70</StartPrice>
                <PIR>M/221</PIR>
                <Split>6.65</Split>
            </Form>
            <Form>
                <Place>5th</Place>
                <FormBox>8</FormBox>
                <Weight>31.1</Weight>
                <TrackCode>BEN</TrackCode>
                <FormDistance>425</FormDistance>
                <FormDate>03Mar17</FormDate>
                <FormGrade>Mixed 6/7 Final</FormGrade>
                <FormHandicap />
                <Margin>8.50L</Margin>
                <FirstSecond>"Allen Kev"</FirstSecond>
                <DogTime>24.51</DogTime>
                <WinTime>23.92</WinTime>
                <BON>23.86</BON>
                <StartPrice>$19.00</StartPrice>
                <PIR>M/455</PIR>
                <Split>6.69</Split>
            </Form>
            <Form>
                <Place>1st</Place>
                <FormBox>7</FormBox>
                <Weight>31.0</Weight>
                <TrackCode>SHP</TrackCode>
                <FormDistance>450</FormDistance>
                <FormDate>13Mar17</FormDate>
                <FormGrade>Grade 6</FormGrade>
                <FormHandicap />
                <Margin>2.50L</Margin>
                <FirstSecond>"All Inn Houston"</FirstSecond>
                <DogTime>25.51</DogTime>
                <WinTime>25.51</WinTime>
                <BON>24.94</BON>
                <StartPrice>$6.40</StartPrice>
                <PIR>M/111</PIR>
                <Split>6.71</Split>
            </Form>
            <Form>
                <Place>1st</Place>
                <FormBox>1</FormBox>
                <Weight>31.1</Weight>
                <TrackCode>BEN</TrackCode>
                <FormDistance>425</FormDistance>
                <FormDate>17Mar17</FormDate>
                <FormGrade>Restricted Win Heat</FormGrade>
                <FormHandicap />
                <Margin>2.25L</Margin>
                <FirstSecond>"Night Theory"</FirstSecond>
                <DogTime>23.98</DogTime>
                <WinTime>23.98</WinTime>
                <BON>23.70</BON>
                <StartPrice>$1.50</StartPrice>
                <PIR>M/111</PIR>
                <Split>6.60</Split>
            </Form>
            <Form>
                <Place>1st</Place>
                <FormBox>1</FormBox>
                <Weight>30.9</Weight>
                <TrackCode>BEN</TrackCode>
                <FormDistance>425</FormDistance>
                <FormDate>24Mar17</FormDate>
                <FormGrade>Restricted Win Final</FormGrade>
                <FormHandicap />
                <Margin>0.50L</Margin>
                <FirstSecond>"Augustus Dagloop"</FirstSecond>
                <DogTime>23.88</DogTime>
                <WinTime>23.88</WinTime>
                <BON>23.86</BON>
                <StartPrice>$4.50</StartPrice>
                <PIR>M/222</PIR>
                <Split>6.58</Split>
            </Form>
        </Dog>
        <Dog id="219770106">
            <RaceBox>5</RaceBox>
            <DogName>SIX GREEN THUMBS</DogName>
            <BestTime>25.36</BestTime>
            <DogHandicap />
            <StartsTOT>Starts 81-16-11-13</StartsTOT>
            <StartsTTD>Trk/Dst 12-2-1-1</StartsTTD>
            <Trainer id="129410">Neville Vincent</Trainer>
            <Suburb>Lal Lal</Suburb>
            <Owner>Six Green Thumbs Synd S Stevens,S Vincent,M Jones,R Pigott,C Millan,A Tucker</Owner>
            <Sire id="-107648">Cosmic Chief</Sire>
            <Dam id="-515166">Don's Premier</Dam>
            <Colour>WF</Colour>
            <Sex>D</Sex>
            <Whelped>23 Mar 13</Whelped>
            <DogGrade>5</DogGrade>
            <DogGOBIS>Y</DogGOBIS>
            <DogPRIZE>37400</DogPRIZE>
            <Form>
                <Place>3rd</Place>
                <FormBox>8</FormBox>
                <Weight>31.9</Weight>
                <TrackCode>BEN</TrackCode>
                <FormDistance>500</FormDistance>
                <FormDate>27Jan17</FormDate>
                <FormGrade>Free For All</FormGrade>
                <FormHandicap />
                <Margin>6.00L</Margin>
                <FirstSecond>"Must Have"</FirstSecond>
                <DogTime>28.20</DogTime>
                <WinTime>27.81</WinTime>
                <BON>27.81</BON>
                <StartPrice>$18.40</StartPrice>
                <PIR>M/333</PIR>
                <Split>6.81</Split>
            </Form>
            <Form>
                <Place>5th</Place>
                <FormBox>6</FormBox>
                <Weight>31.9</Weight>
                <TrackCode>BAL</TrackCode>
                <FormDistance>545</FormDistance>
                <FormDate>01Feb17</FormDate>
                <FormGrade>Mixed 4/5</FormGrade>
                <FormHandicap />
                <Margin>7.50L</Margin>
                <FirstSecond>"Onya Grover"</FirstSecond>
                <DogTime>31.32</DogTime>
                <WinTime>30.81</WinTime>
                <BON>30.81</BON>
                <StartPrice>$17.30</StartPrice>
                <PIR>M/5545</PIR>
                <Split>6.99</Split>
            </Form>
            <Form>
                <Place>8th</Place>
                <FormBox>8</FormBox>
                <Weight>30.9</Weight>
                <TrackCode>SAN</TrackCode>
                <FormDistance>515</FormDistance>
                <FormDate>16Feb17</FormDate>
                <FormGrade>Grade 5</FormGrade>
                <FormHandicap />
                <Margin>15.00L</Margin>
                <FirstSecond>"Zabdon Bluey"</FirstSecond>
                <DogTime>30.56</DogTime>
                <WinTime>29.55</WinTime>
                <BON>29.39</BON>
                <StartPrice>$7.20</StartPrice>
                <PIR>M/2225</PIR>
                <Split>5.15</Split>
            </Form>
            <Form>
                <Place>3rd</Place>
                <FormBox>3</FormBox>
                <Weight>32.2</Weight>
                <TrackCode>BEN</TrackCode>
                <FormDistance>500</FormDistance>
                <FormDate>21Mar17</FormDate>
                <FormGrade>Mixed 3/4</FormGrade>
                <FormHandicap />
                <Margin>3.5L</Margin>
                <FirstSecond>"Reckoning"</FirstSecond>
                <DogTime>28.32</DogTime>
                <WinTime>28.09</WinTime>
                <BON>28.09</BON>
                <StartPrice>$7.60</StartPrice>
                <PIR>M/312</PIR>
                <Split>6.60</Split>
            </Form>
            <Form>
                <Place>6th</Place>
                <FormBox>4</FormBox>
                <Weight>31.9</Weight>
                <TrackCode>BAL</TrackCode>
                <FormDistance>450</FormDistance>
                <FormDate>29Mar17</FormDate>
                <FormGrade>Grade 5</FormGrade>
                <FormHandicap />
                <Margin>8.00L</Margin>
                <FirstSecond>"Vista Bandit"</FirstSecond>
                <DogTime>26.18</DogTime>
                <WinTime>25.64</WinTime>
                <BON>25.34</BON>
                <StartPrice>$2.50</StartPrice>
                <PIR>M/556</PIR>
                <Split>6.77</Split>
            </Form>
        </Dog>
        <Dog id="922150002">
            <RaceBox>6</RaceBox>
            <DogName>AUSSIE INFRARED</DogName>
            <BestTime>24.93</BestTime>
            <DogHandicap />
            <StartsTOT>Starts 32-18-6-1</StartsTOT>
            <StartsTTD>Trk/Dst 2-1-1-0</StartsTTD>
            <Trainer id="130312">Rosalyn Hume</Trainer>
            <Suburb>Wattle Flat</Suburb>
            <Owner>Us Forces Synd G Collins,M Eberand</Owner>
            <Sire id="405690008">Bella Infrared</Sire>
            <Dam id="-7626">Ebby Miss</Dam>
            <Colour>BK</Colour>
            <Sex>D</Sex>
            <Whelped>22 May 14</Whelped>
            <DogGrade>4</DogGrade>
            <DogGOBIS>N</DogGOBIS>
            <DogPRIZE>90990</DogPRIZE>
            <Form>
                <Place>1st</Place>
                <FormBox>3</FormBox>
                <Weight>35.5</Weight>
                <TrackCode>WBL</TrackCode>
                <FormDistance>390</FormDistance>
                <FormDate>14Feb17</FormDate>
                <FormGrade>Grade 5</FormGrade>
                <FormHandicap />
                <Margin>7.00L</Margin>
                <FirstSecond>"Connemara Black"</FirstSecond>
                <DogTime>21.62</DogTime>
                <WinTime>21.62</WinTime>
                <BON>21.62</BON>
                <StartPrice>$1.30</StartPrice>
                <PIR>M/11</PIR>
                <Split>8.34</Split>
            </Form>
            <Form>
                <Place>1st</Place>
                <FormBox>1</FormBox>
                <Weight>36.1</Weight>
                <TrackCode>BEN</TrackCode>
                <FormDistance>425</FormDistance>
                <FormDate>28Feb17</FormDate>
                <FormGrade>Mixed 4/5</FormGrade>
                <FormHandicap />
                <Margin>6.00L</Margin>
                <FirstSecond>"Miss Rossi"</FirstSecond>
                <DogTime>23.55</DogTime>
                <WinTime>23.55</WinTime>
                <BON>23.55</BON>
                <StartPrice>$1.20</StartPrice>
                <PIR>M/111</PIR>
                <Split>6.51</Split>
            </Form>
            <Form>
                <Place>1st</Place>
                <FormBox>3</FormBox>
                <Weight>36.1</Weight>
                <TrackCode>WBL</TrackCode>
                <FormDistance>450</FormDistance>
                <FormDate>09Mar17</FormDate>
                <FormGrade>Mixed 4/5</FormGrade>
                <FormHandicap />
                <Margin>4.50L</Margin>
                <FirstSecond>"Snoop Junior"</FirstSecond>
                <DogTime>24.83</DogTime>
                <WinTime>24.83</WinTime>
                <BON>24.83</BON>
                <StartPrice>$1.30</StartPrice>
                <PIR>M/111</PIR>
                <Split>6.41</Split>
            </Form>
            <Form>
                <Place>1st</Place>
                <FormBox>6</FormBox>
                <Weight>35.6</Weight>
                <TrackCode>MAT</TrackCode>
                <FormDistance>450</FormDistance>
                <FormDate>16Mar17</FormDate>
                <FormGrade>S/E Heat</FormGrade>
                <FormHandicap />
                <Margin>1.00L</Margin>
                <FirstSecond>"Falcon's Fury"</FirstSecond>
                <DogTime>24.83</DogTime>
                <WinTime>24.83</WinTime>
                <BON>24.81</BON>
                <StartPrice>$2.50</StartPrice>
                <PIR>31</PIR>
                <Split />
            </Form>
            <Form>
                <Place>1st</Place>
                <FormBox>8</FormBox>
                <Weight>35.3</Weight>
                <TrackCode>MAT</TrackCode>
                <FormDistance>450</FormDistance>
                <FormDate>23Mar17</FormDate>
                <FormGrade>S/E Group 2</FormGrade>
                <FormHandicap />
                <Margin>1.00L</Margin>
                <FirstSecond>"Pantera Nera"</FirstSecond>
                <DogTime>24.94</DogTime>
                <WinTime>24.94</WinTime>
                <BON>24.94</BON>
                <StartPrice>$2.40</StartPrice>
                <PIR>72</PIR>
                <Split />
            </Form>
        </Dog>
        <Dog id="968060001">
            <RaceBox>7</RaceBox>
            <DogName>CRUISY'S EMPRESS</DogName>
            <BestTime>25.82</BestTime>
            <DogHandicap />
            <StartsTOT>Starts 44-8-8-3</StartsTOT>
            <StartsTTD>Trk/Dst 7-2-1-1</StartsTTD>
            <Trainer id="77322">Mark Cauchi</Trainer>
            <Suburb>St Leonards</Suburb>
            <Owner>Mark Cauchi</Owner>
            <Sire id="-204417">Glen Gallon</Sire>
            <Dam id="-155396">Cruisy's Lorian</Dam>
            <Colour>BD</Colour>
            <Sex>B</Sex>
            <Whelped>27 May 14</Whelped>
            <DogGrade>4</DogGrade>
            <DogGOBIS>Y</DogGOBIS>
            <DogPRIZE>12705</DogPRIZE>
            <Form>
                <Place>4th</Place>
                <FormBox>4</FormBox>
                <Weight>25.9</Weight>
                <TrackCode>WBL</TrackCode>
                <FormDistance>450</FormDistance>
                <FormDate>02Feb17</FormDate>
                <FormGrade>Mixed 4/5</FormGrade>
                <FormHandicap />
                <Margin>7.00L</Margin>
                <FirstSecond>"Newcastle Ranger"</FirstSecond>
                <DogTime>25.83</DogTime>
                <WinTime>25.35</WinTime>
                <BON>25.21</BON>
                <StartPrice>$27.40</StartPrice>
                <PIR>M/687</PIR>
                <Split>6.83</Split>
            </Form>
            <Form>
                <Place>4th</Place>
                <FormBox>7</FormBox>
                <Weight>26.1</Weight>
                <TrackCode>GEL</TrackCode>
                <FormDistance>460</FormDistance>
                <FormDate>24Feb17</FormDate>
                <FormGrade>Mixed 3/4</FormGrade>
                <FormHandicap />
                <Margin>10.00L</Margin>
                <FirstSecond>"Drop A Clanger"</FirstSecond>
                <DogTime>26.55</DogTime>
                <WinTime>25.86</WinTime>
                <BON>25.72</BON>
                <StartPrice>$6.50</StartPrice>
                <PIR>Q/144</PIR>
                <Split>6.54</Split>
            </Form>
            <Form>
                <Place>1st</Place>
                <FormBox>7</FormBox>
                <Weight>26.3</Weight>
                <TrackCode>BAL</TrackCode>
                <FormDistance>450</FormDistance>
                <FormDate>08Mar17</FormDate>
                <FormGrade>Grade 5</FormGrade>
                <FormHandicap />
                <Margin>2.00L</Margin>
                <FirstSecond>"Rirtakki"</FirstSecond>
                <DogTime>25.83</DogTime>
                <WinTime>25.83</WinTime>
                <BON>25.14</BON>
                <StartPrice>$20.50</StartPrice>
                <PIR>M/431</PIR>
                <Split>6.64</Split>
            </Form>
            <Form>
                <Place>5th</Place>
                <FormBox>1</FormBox>
                <Weight>26.2</Weight>
                <TrackCode>SHP</TrackCode>
                <FormDistance>450</FormDistance>
                <FormDate>17Mar17</FormDate>
                <FormGrade>Grade 5 Heat</FormGrade>
                <FormHandicap />
                <Margin>5.50L</Margin>
                <FirstSecond>"Mint Boy"</FirstSecond>
                <DogTime>25.76</DogTime>
                <WinTime>25.39</WinTime>
                <BON>25.23</BON>
                <StartPrice>$10.00</StartPrice>
                <PIR>M/134</PIR>
                <Split>6.62</Split>
            </Form>
            <Form>
                <Place>8th</Place>
                <FormBox>6</FormBox>
                <Weight>26.1</Weight>
                <TrackCode>SHP</TrackCode>
                <FormDistance>450</FormDistance>
                <FormDate>27Mar17</FormDate>
                <FormGrade>Grade 5</FormGrade>
                <FormHandicap />
                <Margin>4.75L</Margin>
                <FirstSecond>"Kodason"</FirstSecond>
                <DogTime>25.93</DogTime>
                <WinTime>25.60</WinTime>
                <BON>25.11</BON>
                <StartPrice>$28.60</StartPrice>
                <PIR>M/557</PIR>
                <Split>6.74</Split>
            </Form>
        </Dog>
        <Dog id="716420031">
            <RaceBox>8</RaceBox>
            <DogName>SUPER SOOK</DogName>
            <BestTime>FSH</BestTime>
            <DogHandicap />
            <StartsTOT>Starts 53-16-8-7</StartsTOT>
            <StartsTTD>Trk/Dst 0-0-0-0</StartsTTD>
            <Trainer id="61053">Vicki Wisener</Trainer>
            <Suburb>Hazelwood</Suburb>
            <Owner>Phillip Ross</Owner>
            <Sire id="-159797">Superman</Sire>
            <Dam id="-93872">Hayley Boo</Dam>
            <Colour>BK</Colour>
            <Sex>D</Sex>
            <Whelped>07 Dec 13</Whelped>
            <DogGrade>5</DogGrade>
            <DogGOBIS>N</DogGOBIS>
            <DogPRIZE>35423</DogPRIZE>
            <Form>
                <Place>4th</Place>
                <FormBox>5</FormBox>
                <Weight>33.4</Weight>
                <TrackCode>BEN</TrackCode>
                <FormDistance>500</FormDistance>
                <FormDate>13Jan17</FormDate>
                <FormGrade>Mixed 4/5</FormGrade>
                <FormHandicap />
                <Margin>2.50L</Margin>
                <FirstSecond>"Latifi Cee Jay"</FirstSecond>
                <DogTime>28.44</DogTime>
                <WinTime>28.27</WinTime>
                <BON>28.27</BON>
                <StartPrice>$4.10</StartPrice>
                <PIR>S/644</PIR>
                <Split>6.81</Split>
            </Form>
            <Form>
                <Place>2nd</Place>
                <FormBox>2</FormBox>
                <Weight>33.5</Weight>
                <TrackCode>WGL</TrackCode>
                <FormDistance>460</FormDistance>
                <FormDate>21Jan17</FormDate>
                <FormGrade>S/E Heat</FormGrade>
                <FormHandicap />
                <Margin>2.50L</Margin>
                <FirstSecond>"Aston Bolero"</FirstSecond>
                <DogTime>25.71</DogTime>
                <WinTime>25.55</WinTime>
                <BON>25.43</BON>
                <StartPrice>$19.70</StartPrice>
                <PIR>M/443</PIR>
                <Split>6.57</Split>
            </Form>
            <Form>
                <Place>4th</Place>
                <FormBox>7</FormBox>
                <Weight>33.6</Weight>
                <TrackCode>WGL</TrackCode>
                <FormDistance>460</FormDistance>
                <FormDate>28Jan17</FormDate>
                <FormGrade>S/E Group 2</FormGrade>
                <FormHandicap />
                <Margin>3.00L</Margin>
                <FirstSecond>"Ando's Mac"</FirstSecond>
                <DogTime>25.69</DogTime>
                <WinTime>25.48</WinTime>
                <BON>25.48</BON>
                <StartPrice>$44.80</StartPrice>
                <PIR>M/443</PIR>
                <Split>6.53</Split>
            </Form>
            <Form>
                <Place>3rd</Place>
                <FormBox>5</FormBox>
                <Weight>34.0</Weight>
                <TrackCode>SLE</TrackCode>
                <FormDistance>520</FormDistance>
                <FormDate>05Feb17</FormDate>
                <FormGrade>Mixed 4/5</FormGrade>
                <FormHandicap />
                <Margin>2.50L</Margin>
                <FirstSecond>"Division Four"</FirstSecond>
                <DogTime>29.73</DogTime>
                <WinTime>29.57</WinTime>
                <BON>29.57</BON>
                <StartPrice>$2.60</StartPrice>
                <PIR>S/433</PIR>
                <Split>9.67</Split>
            </Form>
            <Form>
                <Place>1st</Place>
                <FormBox>5</FormBox>
                <Weight>33.9</Weight>
                <TrackCode>SAN</TrackCode>
                <FormDistance>515</FormDistance>
                <FormDate>09Feb17</FormDate>
                <FormGrade>Grade 5</FormGrade>
                <FormHandicap />
                <Margin>2.25L</Margin>
                <FirstSecond>"Carry On Quinney"</FirstSecond>
                <DogTime>29.61</DogTime>
                <WinTime>29.61</WinTime>
                <BON>29.49</BON>
                <StartPrice>$3.90</StartPrice>
                <PIR>Q/1111</PIR>
                <Split>4.97</Split>
            </Form>
        </Dog>
        <Dog id="-724017">
            <RaceBox>9</RaceBox>
            <DogName>SMART MAXWELL Res.</DogName>
            <BestTime>NBT</BestTime>
            <DogHandicap />
            <StartsTOT>Starts 153-22-25-21</StartsTOT>
            <StartsTTD>Trk/Dst 6-0-0-1</StartsTTD>
            <Trainer id="118545">Helen Hartigan</Trainer>
            <Suburb>Horsham</Suburb>
            <Owner>Leonard Jones</Owner>
            <Sire id="-267964">Mogambo</Sire>
            <Dam id="-489628">Off Springer</Dam>
            <Colour>BK</Colour>
            <Sex>D</Sex>
            <Whelped>28 Nov 11</Whelped>
            <DogGrade>5</DogGrade>
            <DogGOBIS>Y</DogGOBIS>
            <DogPRIZE>80183</DogPRIZE>
            <Form>
                <Place>1st</Place>
                <FormBox>4</FormBox>
                <Weight>34.3</Weight>
                <TrackCode>MTG</TrackCode>
                <FormDistance>512</FormDistance>
                <FormDate>03Feb17</FormDate>
                <FormGrade>Grade 5 Heat</FormGrade>
                <FormHandicap />
                <Margin>4.00L</Margin>
                <FirstSecond>"Lektra Munster"</FirstSecond>
                <DogTime>30.43</DogTime>
                <WinTime>30.43</WinTime>
                <BON>30.18</BON>
                <StartPrice>$6.00</StartPrice>
                <PIR>0</PIR>
                <Split />
            </Form>
            <Form>
                <Place>8th</Place>
                <FormBox>5</FormBox>
                <Weight>34.3</Weight>
                <TrackCode>MTG</TrackCode>
                <FormDistance>512</FormDistance>
                <FormDate>12Feb17</FormDate>
                <FormGrade>Grade 5 Final</FormGrade>
                <FormHandicap />
                <Margin>14.00L</Margin>
                <FirstSecond>"Saint Flynn"</FirstSecond>
                <DogTime>31.29</DogTime>
                <WinTime>30.35</WinTime>
                <BON>30.13</BON>
                <StartPrice>$14.00</StartPrice>
                <PIR />
                <Split />
            </Form>
            <Form>
                <Place>6th</Place>
                <FormBox>4</FormBox>
                <Weight>34.1</Weight>
                <TrackCode>WBL</TrackCode>
                <FormDistance>450</FormDistance>
                <FormDate>23Feb17</FormDate>
                <FormGrade>Grade 5</FormGrade>
                <FormHandicap />
                <Margin>4.50L</Margin>
                <FirstSecond>"Saywah Tonayo"</FirstSecond>
                <DogTime>25.91</DogTime>
                <WinTime>25.59</WinTime>
                <BON>25.39</BON>
                <StartPrice>$12.10</StartPrice>
                <PIR>M/888</PIR>
                <Split>6.94</Split>
            </Form>
            <Form>
                <Place>2nd</Place>
                <FormBox>7</FormBox>
                <Weight>34.0</Weight>
                <TrackCode>WBL</TrackCode>
                <FormDistance>450</FormDistance>
                <FormDate>07Mar17</FormDate>
                <FormGrade>Grade 5</FormGrade>
                <FormHandicap />
                <Margin>1.75L</Margin>
                <FirstSecond>"Crackerjack Pest"</FirstSecond>
                <DogTime>25.55</DogTime>
                <WinTime>25.43</WinTime>
                <BON>25.43</BON>
                <StartPrice>$4.40</StartPrice>
                <PIR>M/442</PIR>
                <Split>6.75</Split>
            </Form>
            <Form>
                <Place>6th</Place>
                <FormBox>4</FormBox>
                <Weight>33.7</Weight>
                <TrackCode>BAL</TrackCode>
                <FormDistance>450</FormDistance>
                <FormDate>14Mar17</FormDate>
                <FormGrade>Grade 5</FormGrade>
                <FormHandicap />
                <Margin>11.00L</Margin>
                <FirstSecond>"Slipaway Bolt"</FirstSecond>
                <DogTime>26.24</DogTime>
                <WinTime>25.47</WinTime>
                <BON>25.34</BON>
                <StartPrice>$24.20</StartPrice>
                <PIR>S/666</PIR>
                <Split>6.90</Split>
            </Form>
        </Dog>
        <Dog id="931140071">
            <RaceBox>10</RaceBox>
            <DogName>SISCO SWIFT Res.</DogName>
            <BestTime>NBT</BestTime>
            <DogHandicap />
            <StartsTOT>Starts 66-8-7-6</StartsTOT>
            <StartsTTD>Trk/Dst 3-0-0-0</StartsTTD>
            <Trainer id="171355">Michael Cimarosti</Trainer>
            <Suburb>Lara</Suburb>
            <Owner>John Galea</Owner>
            <Sire id="-20174">Dyna Lachlan</Sire>
            <Dam id="-521953">Sisco Power</Dam>
            <Colour>RF</Colour>
            <Sex>D</Sex>
            <Whelped>14 Feb 14</Whelped>
            <DogGrade>5</DogGrade>
            <DogGOBIS>N</DogGOBIS>
            <DogPRIZE>11240</DogPRIZE>
            <Form>
                <Place>6th</Place>
                <FormBox>5</FormBox>
                <Weight>32.2</Weight>
                <TrackCode>MEP</TrackCode>
                <FormDistance>525</FormDistance>
                <FormDate>22Feb17</FormDate>
                <FormGrade>Grade 5 No Penalty</FormGrade>
                <FormHandicap />
                <Margin>11.00L</Margin>
                <FirstSecond>"Allen Zhara"</FirstSecond>
                <DogTime>31.08</DogTime>
                <WinTime>30.37</WinTime>
                <BON>29.72</BON>
                <StartPrice>$14.00</StartPrice>
                <PIR>M/7777</PIR>
                <Split>5.35</Split>
            </Form>
            <Form>
                <Place>7th</Place>
                <FormBox>7</FormBox>
                <Weight>31.6</Weight>
                <TrackCode>SAP</TrackCode>
                <FormDistance>515</FormDistance>
                <FormDate>05Mar17</FormDate>
                <FormGrade>Grade 5 No Penalty</FormGrade>
                <FormHandicap />
                <Margin>13.00L</Margin>
                <FirstSecond>"Elusive Pearl"</FirstSecond>
                <DogTime>30.54</DogTime>
                <WinTime>29.70</WinTime>
                <BON>29.19</BON>
                <StartPrice>$31.10</StartPrice>
                <PIR>S/7676</PIR>
                <Split>5.33</Split>
            </Form>
            <Form>
                <Place>4th</Place>
                <FormBox>6</FormBox>
                <Weight>31.4</Weight>
                <TrackCode>CRN</TrackCode>
                <FormDistance>520</FormDistance>
                <FormDate>07Mar17</FormDate>
                <FormGrade>Mixed 4/5</FormGrade>
                <FormHandicap />
                <Margin>8.50L</Margin>
                <FirstSecond>"Behind The Mask"</FirstSecond>
                <DogTime>31.01</DogTime>
                <WinTime>30.42</WinTime>
                <BON>30.32</BON>
                <StartPrice>$19.10</StartPrice>
                <PIR>M/4544</PIR>
                <Split>5.54</Split>
            </Form>
            <Form>
                <Place>6th</Place>
                <FormBox>2</FormBox>
                <Weight>32.1</Weight>
                <TrackCode>GEL</TrackCode>
                <FormDistance>460</FormDistance>
                <FormDate>14Mar17</FormDate>
                <FormGrade>Grade 5</FormGrade>
                <FormHandicap />
                <Margin>11.00L</Margin>
                <FirstSecond>"Kraken Tobias"</FirstSecond>
                <DogTime>26.52</DogTime>
                <WinTime>25.79</WinTime>
                <BON>25.79</BON>
                <StartPrice>$6.40</StartPrice>
                <PIR>M/884</PIR>
                <Split>6.91</Split>
            </Form>
            <Form>
                <Place>7th</Place>
                <FormBox>4</FormBox>
                <Weight>32.9</Weight>
                <TrackCode>GEL</TrackCode>
                <FormDistance>460</FormDistance>
                <FormDate>28Mar17</FormDate>
                <FormGrade>Grade 5 T3</FormGrade>
                <FormHandicap />
                <Margin>5.50L</Margin>
                <FirstSecond>"Texas Blaze"</FirstSecond>
                <DogTime>26.51</DogTime>
                <WinTime>26.15</WinTime>
                <BON>26.11</BON>
                <StartPrice>$8.30</StartPrice>
                <PIR>M/666</PIR>
                <Split>6.80</Split>
            </Form>
        </Dog>
    </Race>
    <Race id="208756692">
        <RaceNum>9</RaceNum>
        <RaceName>EUREKA CONCRETE</RaceName>
        <RaceTime>08:45PM</RaceTime>
        <RaceTimeDateUTC>01 Apr 17 09:45AM</RaceTimeDateUTC>
        <Distance>390m</Distance>
        <RaceGrade>Mixed 6/7</RaceGrade>
        <PrizeMoney1>$1325</PrizeMoney1>
        <PrizeMoney2>$375</PrizeMoney2>
        <PrizeMoney3>$190</PrizeMoney3>
        <PrizeMoney4 />
        <PrizeMoney5 />
        <PrizeMoney6 />
        <PrizeMoney7 />
        <PrizeMoney8 />
        <GOBIS />
        <Hurdle />
        <Handicap />
        <TAB>TRI/QUIN R/D EXACTA PICK4</TAB>
        <GradeCode>X67</GradeCode>
        <Dog id="1683580005">
            <RaceBox>1</RaceBox>
            <DogName>OKAY PENNY</DogName>
            <BestTime>22.28</BestTime>
            <DogHandicap />
            <StartsTOT>Starts 2-1-0-0</StartsTOT>
            <StartsTTD>Trk/Dst 1-1-0-0</StartsTTD>
            <Trainer id="119837">Chris Stanton</Trainer>
            <Suburb>Clunes</Suburb>
            <Owner>Daryl Weightman</Owner>
            <Sire id="-628897">Banjo Boy</Sire>
            <Dam id="-710947">Evie Jane</Dam>
            <Colour>WBK</Colour>
            <Sex>B</Sex>
            <Whelped>26 May 15</Whelped>
            <DogGrade>7</DogGrade>
            <DogGOBIS>N</DogGOBIS>
            <DogPRIZE>990</DogPRIZE>
            <Form>
                <Place>1st</Place>
                <FormBox>1</FormBox>
                <Weight>24.4</Weight>
                <TrackCode>BAL</TrackCode>
                <FormDistance>390</FormDistance>
                <FormDate>15Mar17</FormDate>
                <FormGrade>Maiden</FormGrade>
                <FormHandicap />
                <Margin>4.75L</Margin>
                <FirstSecond>"Scott Cosmic"</FirstSecond>
                <DogTime>22.28</DogTime>
                <WinTime>22.28</WinTime>
                <BON>21.81</BON>
                <StartPrice>$3.00</StartPrice>
                <PIR>M/11</PIR>
                <Split>8.48</Split>
            </Form>
            <Form>
                <Place>7th</Place>
                <FormBox>4</FormBox>
                <Weight>24.4</Weight>
                <TrackCode>BEN</TrackCode>
                <FormDistance>425</FormDistance>
                <FormDate>24Mar17</FormDate>
                <FormGrade>Grade 7</FormGrade>
                <FormHandicap />
                <Margin>13.00L</Margin>
                <FirstSecond>"Serious Bolt"</FirstSecond>
                <DogTime>24.77</DogTime>
                <WinTime>23.90</WinTime>
                <BON>23.86</BON>
                <StartPrice>$5.80</StartPrice>
                <PIR>M/777</PIR>
                <Split>6.83</Split>
            </Form>
            <Form />
            <Form />
            <Form />
        </Dog>
        <Dog id="1276990266">
            <RaceBox>2</RaceBox>
            <DogName>CACO NUT</DogName>
            <BestTime>22.33</BestTime>
            <DogHandicap />
            <StartsTOT>Starts 5-1-0-1</StartsTOT>
            <StartsTTD>Trk/Dst 2-1-0-1</StartsTTD>
            <Trainer id="146006">Stefano Cassar</Trainer>
            <Suburb>Creswick</Suburb>
            <Owner>Stefano Cassar</Owner>
            <Sire id="-113260">Oaks Road</Sire>
            <Dam id="-719616">Zippy Hand</Dam>
            <Colour>BK</Colour>
            <Sex>D</Sex>
            <Whelped>24 Dec 14</Whelped>
            <DogGrade>7</DogGrade>
            <DogGOBIS>N</DogGOBIS>
            <DogPRIZE>570</DogPRIZE>
            <Form>
                <Place>7th</Place>
                <FormBox>5</FormBox>
                <Weight>32.9</Weight>
                <TrackCode>GEL</TrackCode>
                <FormDistance>400</FormDistance>
                <FormDate>03Mar17</FormDate>
                <FormGrade>Maiden Heat</FormGrade>
                <FormHandicap />
                <Margin>6.50L</Margin>
                <FirstSecond>"Mrs. Kash"</FirstSecond>
                <DogTime>23.35</DogTime>
                <WinTime>22.91</WinTime>
                <BON>22.75</BON>
                <StartPrice>$8.80</StartPrice>
                <PIR>M/46</PIR>
                <Split>8.60</Split>
            </Form>
            <Form>
                <Place>7th</Place>
                <FormBox>7</FormBox>
                <Weight>33.2</Weight>
                <TrackCode>GEL</TrackCode>
                <FormDistance>400</FormDistance>
                <FormDate>10Mar17</FormDate>
                <FormGrade>Maiden</FormGrade>
                <FormHandicap />
                <Margin>14.00L</Margin>
                <FirstSecond>"Exidor"</FirstSecond>
                <DogTime>24.24</DogTime>
                <WinTime>23.26</WinTime>
                <BON>22.58</BON>
                <StartPrice>$3.30</StartPrice>
                <PIR>M/67</PIR>
                <Split>8.79</Split>
            </Form>
            <Form>
                <Place>4th</Place>
                <FormBox>6</FormBox>
                <Weight>33.4</Weight>
                <TrackCode>BAL</TrackCode>
                <FormDistance>450</FormDistance>
                <FormDate>15Mar17</FormDate>
                <FormGrade>Maiden</FormGrade>
                <FormHandicap />
                <Margin>11.00L</Margin>
                <FirstSecond>"Flying Class"</FirstSecond>
                <DogTime>26.73</DogTime>
                <WinTime>26.00</WinTime>
                <BON>25.17</BON>
                <StartPrice>$23.30</StartPrice>
                <PIR>M/134</PIR>
                <Split>6.79</Split>
            </Form>
            <Form>
                <Place>3rd</Place>
                <FormBox>7</FormBox>
                <Weight>33.4</Weight>
                <TrackCode>BAL</TrackCode>
                <FormDistance>390</FormDistance>
                <FormDate>20Mar17</FormDate>
                <FormGrade>Maiden</FormGrade>
                <FormHandicap />
                <Margin>2.50L</Margin>
                <FirstSecond>"Flick Some Cash"</FirstSecond>
                <DogTime>22.94</DogTime>
                <WinTime>22.78</WinTime>
                <BON>22.55</BON>
                <StartPrice>$19.00</StartPrice>
                <PIR>M/11</PIR>
                <Split>8.68</Split>
            </Form>
            <Form>
                <Place>1st</Place>
                <FormBox>4</FormBox>
                <Weight>33.4</Weight>
                <TrackCode>BAL</TrackCode>
                <FormDistance>390</FormDistance>
                <FormDate>27Mar17</FormDate>
                <FormGrade>Tier 3 - Maiden</FormGrade>
                <FormHandicap />
                <Margin>4.75L</Margin>
                <FirstSecond>"Just Curtis"</FirstSecond>
                <DogTime>22.33</DogTime>
                <WinTime>22.33</WinTime>
                <BON>22.28</BON>
                <StartPrice>$19.40</StartPrice>
                <PIR>M/11</PIR>
                <Split>8.55</Split>
            </Form>
        </Dog>
        <Dog id="1334070065">
            <RaceBox>3</RaceBox>
            <DogName>ZULU SUCCESS</DogName>
            <BestTime>22.23Q</BestTime>
            <DogHandicap />
            <StartsTOT>Starts 2-1-1-0</StartsTOT>
            <StartsTTD>Trk/Dst 0-0-0-0</StartsTTD>
            <Trainer id="130312">Rosalyn Hume</Trainer>
            <Suburb>Wattle Flat</Suburb>
            <Owner>Geoffrey Collins</Owner>
            <Sire id="-508100">Where's Pedro</Sire>
            <Dam id="-426209">Fancy Jaffa</Dam>
            <Colour>BK</Colour>
            <Sex>B</Sex>
            <Whelped>30 Nov 14</Whelped>
            <DogGrade>7</DogGrade>
            <DogGOBIS>N</DogGOBIS>
            <DogPRIZE>1350</DogPRIZE>
            <Form>
                <Place>3rd</Place>
                <FormBox>7</FormBox>
                <Weight>29.1</Weight>
                <TrackCode>RIC</TrackCode>
                <FormDistance>400</FormDistance>
                <FormDate>18Nov16</FormDate>
                <FormGrade>Qualifying Trial</FormGrade>
                <FormHandicap />
                <Margin>9.00L</Margin>
                <FirstSecond>"Big Butters"</FirstSecond>
                <DogTime>23.48</DogTime>
                <WinTime>22.88</WinTime>
                <BON>22.88</BON>
                <StartPrice />
                <PIR>0</PIR>
                <Split>8.66</Split>
            </Form>
            <Form>
                <Place>2nd</Place>
                <FormBox>3</FormBox>
                <Weight>28.8</Weight>
                <TrackCode>RIC</TrackCode>
                <FormDistance>400</FormDistance>
                <FormDate>23Nov16</FormDate>
                <FormGrade>Maiden Heat</FormGrade>
                <FormHandicap />
                <Margin>3.00L</Margin>
                <FirstSecond>"Rosa's Revenge"</FirstSecond>
                <DogTime>23.29</DogTime>
                <WinTime>23.07</WinTime>
                <BON>22.94</BON>
                <StartPrice>$4.50</StartPrice>
                <PIR>733</PIR>
                <Split>8.61</Split>
            </Form>
            <Form>
                <Place>1st</Place>
                <FormBox>4</FormBox>
                <Weight>30.0</Weight>
                <TrackCode>BAL</TrackCode>
                <FormDistance>390</FormDistance>
                <FormDate>25Feb17</FormDate>
                <FormGrade>Maiden Qualifying Heat</FormGrade>
                <FormHandicap />
                <Margin>8.50L</Margin>
                <FirstSecond>"Swift Operator"</FirstSecond>
                <DogTime>22.23</DogTime>
                <WinTime>22.23</WinTime>
                <BON>22.23</BON>
                <StartPrice />
                <PIR />
                <Split>8.40</Split>
            </Form>
            <Form>
                <Place>3rd</Place>
                <FormBox>3</FormBox>
                <Weight>30.1</Weight>
                <TrackCode>BAL</TrackCode>
                <FormDistance>390</FormDistance>
                <FormDate>08Mar17</FormDate>
                <FormGrade>Maiden Quali Final</FormGrade>
                <FormHandicap />
                <Margin>3.5L</Margin>
                <FirstSecond>"King Of Merrimu"</FirstSecond>
                <DogTime>22.52</DogTime>
                <WinTime>22.29</WinTime>
                <BON>22.00</BON>
                <StartPrice>$3.30</StartPrice>
                <PIR>M/44</PIR>
                <Split>8.71</Split>
            </Form>
            <Form>
                <Place>1st</Place>
                <FormBox>8</FormBox>
                <Weight>30.0</Weight>
                <TrackCode>BEN</TrackCode>
                <FormDistance>425</FormDistance>
                <FormDate>21Mar17</FormDate>
                <FormGrade>Maiden</FormGrade>
                <FormHandicap />
                <Margin>4.50L</Margin>
                <FirstSecond>"Bolare"</FirstSecond>
                <DogTime>24.23</DogTime>
                <WinTime>24.23</WinTime>
                <BON>23.84</BON>
                <StartPrice>$2.00</StartPrice>
                <PIR>M/111</PIR>
                <Split>6.66</Split>
            </Form>
        </Dog>
        <Dog id="1306460006">
            <RaceBox>4</RaceBox>
            <DogName>EXFORD LUMPY</DogName>
            <BestTime>FSH</BestTime>
            <DogHandicap />
            <StartsTOT>Starts 2-1-0-0</StartsTOT>
            <StartsTTD>Trk/Dst 0-0-0-0</StartsTTD>
            <Trainer id="105589">John McIntyre</Trainer>
            <Suburb>Exford</Suburb>
            <Owner>John McIntyre</Owner>
            <Sire id="-113260">Oaks Road</Sire>
            <Dam id="-692772">Razzling</Dam>
            <Colour>BK</Colour>
            <Sex>D</Sex>
            <Whelped>12 Dec 14</Whelped>
            <DogGrade>7</DogGrade>
            <DogGOBIS>Y</DogGOBIS>
            <DogPRIZE>500</DogPRIZE>
            <Form>
                <Place>1st</Place>
                <FormBox>1</FormBox>
                <Weight>32.1</Weight>
                <TrackCode>BEN</TrackCode>
                <FormDistance>425</FormDistance>
                <FormDate>15Mar17</FormDate>
                <FormGrade>All Maiden</FormGrade>
                <FormHandicap />
                <Margin>1.5L</Margin>
                <FirstSecond>"Furious Fear"</FirstSecond>
                <DogTime>24.57</DogTime>
                <WinTime>24.57</WinTime>
                <BON>23.94</BON>
                <StartPrice>$4.50</StartPrice>
                <PIR>M/211</PIR>
                <Split>6.74</Split>
            </Form>
            <Form>
                <Place>5th</Place>
                <FormBox>5</FormBox>
                <Weight>32.1</Weight>
                <TrackCode>BEN</TrackCode>
                <FormDistance>425</FormDistance>
                <FormDate>24Mar17</FormDate>
                <FormGrade>Grade 7</FormGrade>
                <FormHandicap />
                <Margin>11.00L</Margin>
                <FirstSecond>"Serious Bolt"</FirstSecond>
                <DogTime>24.65</DogTime>
                <WinTime>23.90</WinTime>
                <BON>23.86</BON>
                <StartPrice>$34.70</StartPrice>
                <PIR>M/855</PIR>
                <Split>6.86</Split>
            </Form>
            <Form />
            <Form />
            <Form />
        </Dog>
        <Dog id="1435650050">
            <RaceBox>5</RaceBox>
            <DogName>JACKSON'S GIRL</DogName>
            <BestTime>NBT</BestTime>
            <DogHandicap />
            <StartsTOT>Starts 2-1-0-0</StartsTOT>
            <StartsTTD>Trk/Dst 1-0-0-0</StartsTTD>
            <Trainer id="108647">Marcus Lloyd</Trainer>
            <Suburb>anakie</Suburb>
            <Owner>Jamie Merlo</Owner>
            <Sire id="-577371">Spring Gun</Sire>
            <Dam id="-715914">Neala's Joy</Dam>
            <Colour>BK</Colour>
            <Sex>B</Sex>
            <Whelped>21 Mar 15</Whelped>
            <DogGrade>7</DogGrade>
            <DogGOBIS>N</DogGOBIS>
            <DogPRIZE>990</DogPRIZE>
            <Form>
                <Place>6th</Place>
                <FormBox>7</FormBox>
                <Weight>25.9</Weight>
                <TrackCode>BAL</TrackCode>
                <FormDistance>390</FormDistance>
                <FormDate>15Mar17</FormDate>
                <FormGrade>Maiden</FormGrade>
                <FormHandicap />
                <Margin>19.00L</Margin>
                <FirstSecond>"Okay Penny"</FirstSecond>
                <DogTime>23.55</DogTime>
                <WinTime>22.28</WinTime>
                <BON>21.81</BON>
                <StartPrice>$4.30</StartPrice>
                <PIR>M/46</PIR>
                <Split>8.87</Split>
            </Form>
            <Form>
                <Place>1st</Place>
                <FormBox>6</FormBox>
                <Weight>26.0</Weight>
                <TrackCode>GEL</TrackCode>
                <FormDistance>400</FormDistance>
                <FormDate>24Mar17</FormDate>
                <FormGrade>Maiden</FormGrade>
                <FormHandicap />
                <Margin>0.75L</Margin>
                <FirstSecond>"Maximum Joan"</FirstSecond>
                <DogTime>23.07</DogTime>
                <WinTime>23.07</WinTime>
                <BON>22.43</BON>
                <StartPrice>$5.10</StartPrice>
                <PIR>M/11</PIR>
                <Split>8.46</Split>
            </Form>
            <Form />
            <Form />
            <Form />
        </Dog>
        <Dog id="1854340009">
            <RaceBox>6</RaceBox>
            <DogName>CAVALRY ROSE</DogName>
            <BestTime>NBT</BestTime>
            <DogHandicap />
            <StartsTOT>Starts 4-1-1-0</StartsTOT>
            <StartsTTD>Trk/Dst 2-0-1-0</StartsTTD>
            <Trainer id="108219">Keith Lloyd</Trainer>
            <Suburb>Anakie</Suburb>
            <Owner>Brian Darcy</Owner>
            <Sire id="-710494">Barcia Bale</Sire>
            <Dam id="-711209">Classy Love</Dam>
            <Colour>BE</Colour>
            <Sex>B</Sex>
            <Whelped>31 Jul 15</Whelped>
            <DogGrade>7</DogGrade>
            <DogGOBIS>N</DogGOBIS>
            <DogPRIZE>1365</DogPRIZE>
            <Form>
                <Place>1st</Place>
                <FormBox>4</FormBox>
                <Weight>29.5</Weight>
                <TrackCode>GEL</TrackCode>
                <FormDistance>400</FormDistance>
                <FormDate>17Feb17</FormDate>
                <FormGrade>Maiden</FormGrade>
                <FormHandicap />
                <Margin>1.00L</Margin>
                <FirstSecond>"Merl's Blaze"</FirstSecond>
                <DogTime>23.04</DogTime>
                <WinTime>23.04</WinTime>
                <BON>22.42</BON>
                <StartPrice>$8.10</StartPrice>
                <PIR>Q/11</PIR>
                <Split>8.38</Split>
            </Form>
            <Form>
                <Place>6th</Place>
                <FormBox>4</FormBox>
                <Weight>29.0</Weight>
                <TrackCode>BAL</TrackCode>
                <FormDistance>390</FormDistance>
                <FormDate>01Mar17</FormDate>
                <FormGrade>Mixed 6/7</FormGrade>
                <FormHandicap />
                <Margin>10.00L</Margin>
                <FirstSecond>"Tegz A Riddler"</FirstSecond>
                <DogTime>23.31</DogTime>
                <WinTime>22.63</WinTime>
                <BON>21.92</BON>
                <StartPrice>$8.50</StartPrice>
                <PIR>M/66</PIR>
                <Split>8.85</Split>
            </Form>
            <Form>
                <Place>2nd</Place>
                <FormBox>6</FormBox>
                <Weight>28.5</Weight>
                <TrackCode>BAL</TrackCode>
                <FormDistance>390</FormDistance>
                <FormDate>14Mar17</FormDate>
                <FormGrade>Mixed 6/7</FormGrade>
                <FormHandicap />
                <Margin>5.00L</Margin>
                <FirstSecond>"Destini Cheetah"</FirstSecond>
                <DogTime>22.52</DogTime>
                <WinTime>22.18</WinTime>
                <BON>21.87</BON>
                <StartPrice>$16.80</StartPrice>
                <PIR>M/12</PIR>
                <Split>8.50</Split>
            </Form>
            <Form>
                <Place>8th</Place>
                <FormBox>2</FormBox>
                <Weight>28.5</Weight>
                <TrackCode>WBL</TrackCode>
                <FormDistance>390</FormDistance>
                <FormDate>23Mar17</FormDate>
                <FormGrade>Mixed 6/7</FormGrade>
                <FormHandicap />
                <Margin>9.50L</Margin>
                <FirstSecond>"Bushman's Idol"</FirstSecond>
                <DogTime>22.81</DogTime>
                <WinTime>22.18</WinTime>
                <BON>21.78</BON>
                <StartPrice>$12.10</StartPrice>
                <PIR>M/67</PIR>
                <Split>8.80</Split>
            </Form>
            <Form />
        </Dog>
        <Dog id="1464560004">
            <RaceBox>7</RaceBox>
            <DogName>MUTANT</DogName>
            <BestTime>FSH</BestTime>
            <DogHandicap />
            <StartsTOT>Starts 5-1-1-1</StartsTOT>
            <StartsTTD>Trk/Dst 0-0-0-0</StartsTTD>
            <Trainer id="115397">Daniel Pell</Trainer>
            <Suburb>Toolleen</Suburb>
            <Owner>Bev And Daniel Synd B Pell,D Pell</Owner>
            <Sire id="-339746">Magic Sprite</Sire>
            <Dam id="-738078">Lover Lover</Dam>
            <Colour>BK</Colour>
            <Sex>D</Sex>
            <Whelped>11 Mar 15</Whelped>
            <DogGrade>7</DogGrade>
            <DogGOBIS>N</DogGOBIS>
            <DogPRIZE>1465</DogPRIZE>
            <Form>
                <Place>2nd</Place>
                <FormBox>8</FormBox>
                <Weight>33.6</Weight>
                <TrackCode>BEN</TrackCode>
                <FormDistance>425</FormDistance>
                <FormDate>03Feb17</FormDate>
                <FormGrade>Maiden Heat</FormGrade>
                <FormHandicap />
                <Margin>6.00L</Margin>
                <FirstSecond>"Jimmy Newob"</FirstSecond>
                <DogTime>24.05</DogTime>
                <WinTime>23.66</WinTime>
                <BON>23.66</BON>
                <StartPrice>$3.40</StartPrice>
                <PIR>M/422</PIR>
                <Split>6.81</Split>
            </Form>
            <Form>
                <Place>1st</Place>
                <FormBox>1</FormBox>
                <Weight>33.4</Weight>
                <TrackCode>BEN</TrackCode>
                <FormDistance>425</FormDistance>
                <FormDate>07Feb17</FormDate>
                <FormGrade>Maiden</FormGrade>
                <FormHandicap />
                <Margin>6.00L</Margin>
                <FirstSecond>"Mrs. Kash"</FirstSecond>
                <DogTime>24.11</DogTime>
                <WinTime>24.11</WinTime>
                <BON>23.42</BON>
                <StartPrice>$1.70</StartPrice>
                <PIR>S/511</PIR>
                <Split>6.85</Split>
            </Form>
            <Form>
                <Place>5th</Place>
                <FormBox>3</FormBox>
                <Weight>33.4</Weight>
                <TrackCode>SHP</TrackCode>
                <FormDistance>450</FormDistance>
                <FormDate>13Feb17</FormDate>
                <FormGrade>Grade 7</FormGrade>
                <FormHandicap />
                <Margin>9.50L</Margin>
                <FirstSecond>"Peter Yap"</FirstSecond>
                <DogTime>26.23</DogTime>
                <WinTime>25.57</WinTime>
                <BON>25.41</BON>
                <StartPrice>$3.50</StartPrice>
                <PIR>M/465</PIR>
                <Split>6.78</Split>
            </Form>
            <Form>
                <Place>8th</Place>
                <FormBox>5</FormBox>
                <Weight>33.4</Weight>
                <TrackCode>SHP</TrackCode>
                <FormDistance>450</FormDistance>
                <FormDate>20Feb17</FormDate>
                <FormGrade>Mixed 6/7</FormGrade>
                <FormHandicap />
                <Margin>16.00L</Margin>
                <FirstSecond>"My Lilly"</FirstSecond>
                <DogTime>26.65</DogTime>
                <WinTime>25.59</WinTime>
                <BON>25.31</BON>
                <StartPrice>$8.20</StartPrice>
                <PIR>M/878</PIR>
                <Split>7.01</Split>
            </Form>
            <Form>
                <Place>3rd</Place>
                <FormBox>8</FormBox>
                <Weight>33.5</Weight>
                <TrackCode>BEN</TrackCode>
                <FormDistance>425</FormDistance>
                <FormDate>24Feb17</FormDate>
                <FormGrade>Mixed 6/7 Heat</FormGrade>
                <FormHandicap />
                <Margin>6.50L</Margin>
                <FirstSecond>"Amigo Two"</FirstSecond>
                <DogTime>24.32</DogTime>
                <WinTime>23.89</WinTime>
                <BON>23.76</BON>
                <StartPrice>$6.10</StartPrice>
                <PIR>S/855</PIR>
                <Split>6.99</Split>
            </Form>
        </Dog>
        <Dog id="1345890005">
            <RaceBox>8</RaceBox>
            <DogName>FAIRWAY DRIVE</DogName>
            <BestTime>NBT</BestTime>
            <DogHandicap />
            <StartsTOT>Starts 15-2-5-2</StartsTOT>
            <StartsTTD>Trk/Dst 2-0-1-0</StartsTTD>
            <Trainer id="18140">Marcus Abey</Trainer>
            <Suburb>Huntly</Suburb>
            <Owner>Nick Vescio</Owner>
            <Sire id="-710494">Barcia Bale</Sire>
            <Dam id="-737794">Sleek Belle</Dam>
            <Colour>BK</Colour>
            <Sex>D</Sex>
            <Whelped>03 Jan 15</Whelped>
            <DogGrade>6</DogGrade>
            <DogGOBIS>N</DogGOBIS>
            <DogPRIZE>4105</DogPRIZE>
            <Form>
                <Place>5th</Place>
                <FormBox>2</FormBox>
                <Weight>32.9</Weight>
                <TrackCode>SHP</TrackCode>
                <FormDistance>390</FormDistance>
                <FormDate>24Nov16</FormDate>
                <FormGrade>Grade 6</FormGrade>
                <FormHandicap />
                <Margin>9.00L</Margin>
                <FirstSecond>"Tooralee"</FirstSecond>
                <DogTime>23.16</DogTime>
                <WinTime>22.56</WinTime>
                <BON>22.15</BON>
                <StartPrice>$2.10</StartPrice>
                <PIR>M/36</PIR>
                <Split>8.55</Split>
            </Form>
            <Form>
                <Place>3rd</Place>
                <FormBox>1</FormBox>
                <Weight>32.4</Weight>
                <TrackCode>WBL</TrackCode>
                <FormDistance>390</FormDistance>
                <FormDate>01Jan17</FormDate>
                <FormGrade>Grade 6</FormGrade>
                <FormHandicap />
                <Margin>4.50L</Margin>
                <FirstSecond>"Eureka Osti"</FirstSecond>
                <DogTime>22.65</DogTime>
                <WinTime>22.34</WinTime>
                <BON>21.93</BON>
                <StartPrice>$2.70</StartPrice>
                <PIR>M/22</PIR>
                <Split>8.73</Split>
            </Form>
            <Form>
                <Place>2nd</Place>
                <FormBox>2</FormBox>
                <Weight>32.3</Weight>
                <TrackCode>BAL</TrackCode>
                <FormDistance>390</FormDistance>
                <FormDate>18Jan17</FormDate>
                <FormGrade>Mixed 6/7</FormGrade>
                <FormHandicap />
                <Margin>2.50L</Margin>
                <FirstSecond>"Allen Quake"</FirstSecond>
                <DogTime>22.52</DogTime>
                <WinTime>22.35</WinTime>
                <BON>21.89</BON>
                <StartPrice>$4.90</StartPrice>
                <PIR>Q/12</PIR>
                <Split>8.39</Split>
            </Form>
            <Form>
                <Place>2nd</Place>
                <FormBox>1</FormBox>
                <Weight>33.1</Weight>
                <TrackCode>SHP</TrackCode>
                <FormDistance>390</FormDistance>
                <FormDate>20Mar17</FormDate>
                <FormGrade>Grade 6</FormGrade>
                <FormHandicap />
                <Margin>6.50L</Margin>
                <FirstSecond>"Meehan Blue"</FirstSecond>
                <DogTime>22.54</DogTime>
                <WinTime>22.11</WinTime>
                <BON>22.02</BON>
                <StartPrice>$3.80</StartPrice>
                <PIR>M/22</PIR>
                <Split>8.56</Split>
            </Form>
            <Form>
                <Place>5th</Place>
                <FormBox>7</FormBox>
                <Weight>32.5</Weight>
                <TrackCode>BAL</TrackCode>
                <FormDistance>390</FormDistance>
                <FormDate>29Mar17</FormDate>
                <FormGrade>Mixed 6/7</FormGrade>
                <FormHandicap />
                <Margin>6.00L</Margin>
                <FirstSecond>"Meehan Dan"</FirstSecond>
                <DogTime>22.72</DogTime>
                <WinTime>22.32</WinTime>
                <BON>22.15</BON>
                <StartPrice>$8.40</StartPrice>
                <PIR>M/46</PIR>
                <Split>8.53</Split>
            </Form>
        </Dog>
        <Dog id="1182140059">
            <RaceBox>9</RaceBox>
            <DogName>TARSIER Res.</DogName>
            <BestTime>FSH</BestTime>
            <DogHandicap />
            <StartsTOT>Starts 5-1-0-2</StartsTOT>
            <StartsTTD>Trk/Dst 0-0-0-0</StartsTTD>
            <Trainer id="61053">Vicki Wisener</Trainer>
            <Suburb>Hazelwood</Suburb>
            <Owner>Danny Kelly</Owner>
            <Sire id="-722870">Fabregas</Sire>
            <Dam id="-172027">Scissor Queen</Dam>
            <Colour>BK</Colour>
            <Sex>B</Sex>
            <Whelped>19 Sep 14</Whelped>
            <DogGrade>7</DogGrade>
            <DogGOBIS>N</DogGOBIS>
            <DogPRIZE>1370</DogPRIZE>
            <Form>
                <Place>7th</Place>
                <FormBox>4</FormBox>
                <Weight>29.7</Weight>
                <TrackCode>TRA</TrackCode>
                <FormDistance>315</FormDistance>
                <FormDate>25Feb17</FormDate>
                <FormGrade>Maiden Heat</FormGrade>
                <FormHandicap />
                <Margin>21.00L</Margin>
                <FirstSecond>"Big Bubbles"</FirstSecond>
                <DogTime>19.62</DogTime>
                <WinTime>18.18</WinTime>
                <BON>18.05</BON>
                <StartPrice>$3.70</StartPrice>
                <PIR>S/77</PIR>
                <Split>5.08</Split>
            </Form>
            <Form>
                <Place>1st</Place>
                <FormBox>1</FormBox>
                <Weight>29.1</Weight>
                <TrackCode>TRA</TrackCode>
                <FormDistance>395</FormDistance>
                <FormDate>11Mar17</FormDate>
                <FormGrade>Maiden</FormGrade>
                <FormHandicap />
                <Margin>0.50L</Margin>
                <FirstSecond>"Pink Floyd"</FirstSecond>
                <DogTime>22.84</DogTime>
                <WinTime>22.84</WinTime>
                <BON>22.25</BON>
                <StartPrice>$2.40</StartPrice>
                <PIR>M/211</PIR>
                <Split>5.00</Split>
            </Form>
            <Form>
                <Place>5th</Place>
                <FormBox>7</FormBox>
                <Weight>28.8</Weight>
                <TrackCode>GEL</TrackCode>
                <FormDistance>400</FormDistance>
                <FormDate>17Mar17</FormDate>
                <FormGrade>Mixed 6/7</FormGrade>
                <FormHandicap />
                <Margin>15.00L</Margin>
                <FirstSecond>"Meehan Dan"</FirstSecond>
                <DogTime>23.54</DogTime>
                <WinTime>22.51</WinTime>
                <BON>22.51</BON>
                <StartPrice>$7.00</StartPrice>
                <PIR>S/65</PIR>
                <Split>8.62</Split>
            </Form>
            <Form>
                <Place>3rd</Place>
                <FormBox>3</FormBox>
                <Weight>28.6</Weight>
                <TrackCode>WGL</TrackCode>
                <FormDistance>400</FormDistance>
                <FormDate>21Mar17</FormDate>
                <FormGrade>Grade 7</FormGrade>
                <FormHandicap />
                <Margin>3.75L</Margin>
                <FirstSecond>"In The Net"</FirstSecond>
                <DogTime>23.09</DogTime>
                <WinTime>22.84</WinTime>
                <BON>22.50</BON>
                <StartPrice>$7.90</StartPrice>
                <PIR>M/34</PIR>
                <Split>8.66</Split>
            </Form>
            <Form>
                <Place>3rd</Place>
                <FormBox>4</FormBox>
                <Weight>28.9</Weight>
                <TrackCode>SLE</TrackCode>
                <FormDistance>440</FormDistance>
                <FormDate>26Mar17</FormDate>
                <FormGrade>Grade 7</FormGrade>
                <FormHandicap />
                <Margin>3.25L</Margin>
                <FirstSecond>"Flabba Gabba"</FirstSecond>
                <DogTime>25.62</DogTime>
                <WinTime>25.40</WinTime>
                <BON>24.82</BON>
                <StartPrice>$6.10</StartPrice>
                <PIR>S/743</PIR>
                <Split>5.59</Split>
            </Form>
        </Dog>
        <Dog id="1389280126">
            <RaceBox>10</RaceBox>
            <DogName>PUDDLE JUMPER Res.</DogName>
            <BestTime>22.64</BestTime>
            <DogHandicap />
            <StartsTOT>Starts 5-2-0-0</StartsTOT>
            <StartsTTD>Trk/Dst 2-1-0-0</StartsTTD>
            <Trainer id="113677">Gary Hansen</Trainer>
            <Suburb>Daisy Hill</Suburb>
            <Owner>Champagne Ptn Synd S Smith,A Langton</Owner>
            <Sire id="-489258">Head Bound</Sire>
            <Dam id="-622772">Gold Affair Two</Dam>
            <Colour>BK</Colour>
            <Sex>D</Sex>
            <Whelped>18 Feb 15</Whelped>
            <DogGrade>6</DogGrade>
            <DogGOBIS>Y</DogGOBIS>
            <DogPRIZE>1160</DogPRIZE>
            <Form>
                <Place>7th</Place>
                <FormBox>1</FormBox>
                <Weight>30.2</Weight>
                <TrackCode>BEN</TrackCode>
                <FormDistance>425</FormDistance>
                <FormDate>06Jan17</FormDate>
                <FormGrade>Maiden</FormGrade>
                <FormHandicap />
                <Margin>23.00L</Margin>
                <FirstSecond>"Master Riot"</FirstSecond>
                <DogTime>25.43</DogTime>
                <WinTime>23.82</WinTime>
                <BON>23.59</BON>
                <StartPrice>$8.90</StartPrice>
                <PIR>M/788</PIR>
                <Split>6.87</Split>
            </Form>
            <Form>
                <Place>5th</Place>
                <FormBox>2</FormBox>
                <Weight>30.1</Weight>
                <TrackCode>BAL</TrackCode>
                <FormDistance>450</FormDistance>
                <FormDate>09Jan17</FormDate>
                <FormGrade>All Maiden</FormGrade>
                <FormHandicap />
                <Margin>2.50L</Margin>
                <FirstSecond>"Iron Vee"</FirstSecond>
                <DogTime>26.15</DogTime>
                <WinTime>25.98</WinTime>
                <BON>25.52</BON>
                <StartPrice>$3.90</StartPrice>
                <PIR>M/112</PIR>
                <Split>6.72</Split>
            </Form>
            <Form>
                <Place>1st</Place>
                <FormBox>2</FormBox>
                <Weight>30.5</Weight>
                <TrackCode>BAL</TrackCode>
                <FormDistance>390</FormDistance>
                <FormDate>17Jan17</FormDate>
                <FormGrade>Tier 3 - Maiden</FormGrade>
                <FormHandicap />
                <Margin>0.10L</Margin>
                <FirstSecond>"Lara's Lament"</FirstSecond>
                <DogTime>22.64</DogTime>
                <WinTime>22.64</WinTime>
                <BON>22.49</BON>
                <StartPrice>$3.10</StartPrice>
                <PIR>M/22</PIR>
                <Split>8.61</Split>
            </Form>
            <Form>
                <Place>4th</Place>
                <FormBox>4</FormBox>
                <Weight>30.5</Weight>
                <TrackCode>BAL</TrackCode>
                <FormDistance>390</FormDistance>
                <FormDate>23Jan17</FormDate>
                <FormGrade>Tier 3 - Grade 7</FormGrade>
                <FormHandicap />
                <Margin>2.25L</Margin>
                <FirstSecond>"Mister Blue"</FirstSecond>
                <DogTime>22.95</DogTime>
                <WinTime>22.81</WinTime>
                <BON>22.27</BON>
                <StartPrice>$4.30</StartPrice>
                <PIR>M/33</PIR>
                <Split>8.62</Split>
            </Form>
            <Form>
                <Place>1st</Place>
                <FormBox>6</FormBox>
                <Weight>30.6</Weight>
                <TrackCode>GEL</TrackCode>
                <FormDistance>400</FormDistance>
                <FormDate>28Feb17</FormDate>
                <FormGrade>Tier 3 - Grade 7</FormGrade>
                <FormHandicap />
                <Margin>2.00L</Margin>
                <FirstSecond>"Mrs. Pressley"</FirstSecond>
                <DogTime>22.93</DogTime>
                <WinTime>22.93</WinTime>
                <BON>22.61</BON>
                <StartPrice>$10.20</StartPrice>
                <PIR>M/11</PIR>
                <Split>8.42</Split>
            </Form>
        </Dog>
    </Race>
    <Race id="208756695">
        <RaceNum>10</RaceNum>
        <RaceName>ENERGIS SMART ENERGY SOLUTIONS</RaceName>
        <RaceTime>09:07PM</RaceTime>
        <RaceTimeDateUTC>01 Apr 17 10:07AM</RaceTimeDateUTC>
        <Distance>390m</Distance>
        <RaceGrade>Grade 5</RaceGrade>
        <PrizeMoney1>$1325</PrizeMoney1>
        <PrizeMoney2>$375</PrizeMoney2>
        <PrizeMoney3>$190</PrizeMoney3>
        <PrizeMoney4 />
        <PrizeMoney5 />
        <PrizeMoney6 />
        <PrizeMoney7 />
        <PrizeMoney8 />
        <GOBIS />
        <Hurdle />
        <Handicap />
        <TAB>TRI/QUIN R/D EXACTA PICK4</TAB>
        <GradeCode>5</GradeCode>
        <Dog id="325120013">
            <RaceBox>1</RaceBox>
            <DogName>HANDSOME COSMO</DogName>
            <BestTime>NBT</BestTime>
            <DogHandicap />
            <StartsTOT>Starts 46-8-5-8</StartsTOT>
            <StartsTTD>Trk/Dst 3-0-0-1</StartsTTD>
            <Trainer id="104390">Melissa Fullerton</Trainer>
            <Suburb>Red Cliffs</Suburb>
            <Owner>Handsome As Synd B Fullerton,B Kernick,P Stagg</Owner>
            <Sire id="-210522">Cosmic Rumble</Sire>
            <Dam id="-97164">Billie The Bar</Dam>
            <Colour>BK</Colour>
            <Sex>D</Sex>
            <Whelped>17 May 13</Whelped>
            <DogGrade>5</DogGrade>
            <DogGOBIS>Y</DogGOBIS>
            <DogPRIZE>12675</DogPRIZE>
            <Form>
                <Place>4th</Place>
                <FormBox>6</FormBox>
                <Weight>31.0</Weight>
                <TrackCode>BEN</TrackCode>
                <FormDistance>425</FormDistance>
                <FormDate>20Jan17</FormDate>
                <FormGrade>Grade 5</FormGrade>
                <FormHandicap />
                <Margin>5.50L</Margin>
                <FirstSecond>"Dance Craze"</FirstSecond>
                <DogTime>24.27</DogTime>
                <WinTime>23.91</WinTime>
                <BON>23.80</BON>
                <StartPrice>$6.20</StartPrice>
                <PIR>M/433</PIR>
                <Split>6.80</Split>
            </Form>
            <Form>
                <Place>3rd</Place>
                <FormBox>7</FormBox>
                <Weight>31.3</Weight>
                <TrackCode>BAL</TrackCode>
                <FormDistance>390</FormDistance>
                <FormDate>21Feb17</FormDate>
                <FormGrade>Grade 5</FormGrade>
                <FormHandicap />
                <Margin>4.00L</Margin>
                <FirstSecond>"July Allen"</FirstSecond>
                <DogTime>22.63</DogTime>
                <WinTime>22.37</WinTime>
                <BON>22.12</BON>
                <StartPrice>$27.80</StartPrice>
                <PIR>M/33</PIR>
                <Split>8.61</Split>
            </Form>
            <Form>
                <Place>2nd</Place>
                <FormBox>7</FormBox>
                <Weight>31.5</Weight>
                <TrackCode>BEN</TrackCode>
                <FormDistance>425</FormDistance>
                <FormDate>28Feb17</FormDate>
                <FormGrade>Grade 5</FormGrade>
                <FormHandicap />
                <Margin>5.50L</Margin>
                <FirstSecond>"Collis Princess"</FirstSecond>
                <DogTime>24.30</DogTime>
                <WinTime>23.91</WinTime>
                <BON>23.55</BON>
                <StartPrice>$3.80</StartPrice>
                <PIR>M/433</PIR>
                <Split>6.75</Split>
            </Form>
            <Form>
                <Place>3rd</Place>
                <FormBox>7</FormBox>
                <Weight>31.6</Weight>
                <TrackCode>BEN</TrackCode>
                <FormDistance>425</FormDistance>
                <FormDate>10Mar17</FormDate>
                <FormGrade>Grade 5</FormGrade>
                <FormHandicap />
                <Margin>6.00L</Margin>
                <FirstSecond>"Call Me Swift"</FirstSecond>
                <DogTime>24.44</DogTime>
                <WinTime>24.04</WinTime>
                <BON>23.85</BON>
                <StartPrice>$11.00</StartPrice>
                <PIR>M/433</PIR>
                <Split>6.77</Split>
            </Form>
            <Form>
                <Place>3rd</Place>
                <FormBox>1</FormBox>
                <Weight>31.6</Weight>
                <TrackCode>BEN</TrackCode>
                <FormDistance>425</FormDistance>
                <FormDate>24Mar17</FormDate>
                <FormGrade>Grade 5</FormGrade>
                <FormHandicap />
                <Margin>4.75L</Margin>
                <FirstSecond>"Ivanka Rose"</FirstSecond>
                <DogTime>24.35</DogTime>
                <WinTime>24.03</WinTime>
                <BON>23.86</BON>
                <StartPrice>$4.50</StartPrice>
                <PIR>M/422</PIR>
                <Split>6.63</Split>
            </Form>
        </Dog>
        <Dog id="1295000016">
            <RaceBox>2</RaceBox>
            <DogName>SENNI RICHARD</DogName>
            <BestTime>22.33</BestTime>
            <DogHandicap />
            <StartsTOT>Starts 20-3-2-5</StartsTOT>
            <StartsTTD>Trk/Dst 19-3-2-4</StartsTTD>
            <Trainer id="119158">William Innes</Trainer>
            <Suburb>Buninyong</Suburb>
            <Owner>Tonybill Synd W Innes,T Innes</Owner>
            <Sire id="-108125">Made To Size</Sire>
            <Dam id="-730125">Busted Bennett</Dam>
            <Colour>F</Colour>
            <Sex>D</Sex>
            <Whelped>18 Nov 14</Whelped>
            <DogGrade>5</DogGrade>
            <DogGOBIS>N</DogGOBIS>
            <DogPRIZE>2690</DogPRIZE>
            <Form>
                <Place>7th</Place>
                <FormBox>1</FormBox>
                <Weight>28.0</Weight>
                <TrackCode>BAL</TrackCode>
                <FormDistance>390</FormDistance>
                <FormDate>21Feb17</FormDate>
                <FormGrade>Grade 5</FormGrade>
                <FormHandicap />
                <Margin>11.00L</Margin>
                <FirstSecond>"Miss Barbados"</FirstSecond>
                <DogTime>22.91</DogTime>
                <WinTime>22.15</WinTime>
                <BON>22.12</BON>
                <StartPrice>$3.20</StartPrice>
                <PIR>M/56</PIR>
                <Split>8.61</Split>
            </Form>
            <Form>
                <Place>5th</Place>
                <FormBox>4</FormBox>
                <Weight>28.6</Weight>
                <TrackCode>BAL</TrackCode>
                <FormDistance>390</FormDistance>
                <FormDate>01Mar17</FormDate>
                <FormGrade>Grade 5</FormGrade>
                <FormHandicap />
                <Margin>11.00L</Margin>
                <FirstSecond>"Bushman's Poem"</FirstSecond>
                <DogTime>22.63</DogTime>
                <WinTime>21.92</WinTime>
                <BON>21.92</BON>
                <StartPrice>$11.50</StartPrice>
                <PIR>M/55</PIR>
                <Split>8.66</Split>
            </Form>
            <Form>
                <Place>5th</Place>
                <FormBox>7</FormBox>
                <Weight>29.1</Weight>
                <TrackCode>BAL</TrackCode>
                <FormDistance>390</FormDistance>
                <FormDate>14Mar17</FormDate>
                <FormGrade>Grade 5</FormGrade>
                <FormHandicap />
                <Margin>8.00L</Margin>
                <FirstSecond>"Wrecker One"</FirstSecond>
                <DogTime>22.66</DogTime>
                <WinTime>22.13</WinTime>
                <BON>21.87</BON>
                <StartPrice>$16.70</StartPrice>
                <PIR>M/33</PIR>
                <Split>8.74</Split>
            </Form>
            <Form>
                <Place>3rd</Place>
                <FormBox>7</FormBox>
                <Weight>29.6</Weight>
                <TrackCode>BAL</TrackCode>
                <FormDistance>390</FormDistance>
                <FormDate>22Mar17</FormDate>
                <FormGrade>Grade 5</FormGrade>
                <FormHandicap />
                <Margin>6.00L</Margin>
                <FirstSecond>"Vanderville"</FirstSecond>
                <DogTime>22.35</DogTime>
                <WinTime>21.95</WinTime>
                <BON>21.95</BON>
                <StartPrice>$27.20</StartPrice>
                <PIR>M/33</PIR>
                <Split>8.45</Split>
            </Form>
            <Form>
                <Place>3rd</Place>
                <FormBox>1</FormBox>
                <Weight>30.0</Weight>
                <TrackCode>BAL</TrackCode>
                <FormDistance>390</FormDistance>
                <FormDate>29Mar17</FormDate>
                <FormGrade>Grade 5</FormGrade>
                <FormHandicap />
                <Margin>3.5L</Margin>
                <FirstSecond>"Myrniong Bomb"</FirstSecond>
                <DogTime>22.39</DogTime>
                <WinTime>22.15</WinTime>
                <BON>22.15</BON>
                <StartPrice>$12.30</StartPrice>
                <PIR>M/43</PIR>
                <Split>8.50</Split>
            </Form>
        </Dog>
        <Dog id="1250880002">
            <RaceBox>3</RaceBox>
            <DogName>PODIUM BABE</DogName>
            <BestTime>22.28</BestTime>
            <DogHandicap />
            <StartsTOT>Starts 12-3-0-4</StartsTOT>
            <StartsTTD>Trk/Dst 5-2-0-1</StartsTTD>
            <Trainer id="23566">Jason Thomson</Trainer>
            <Suburb>Boolite</Suburb>
            <Owner>Jason Thomson</Owner>
            <Sire id="-710086">Black Magic Opal</Sire>
            <Dam id="-719123">Boolite Babe</Dam>
            <Colour>BK</Colour>
            <Sex>B</Sex>
            <Whelped>01 Nov 14</Whelped>
            <DogGrade>5</DogGrade>
            <DogGOBIS>Y</DogGOBIS>
            <DogPRIZE>3810</DogPRIZE>
            <Form>
                <Place>4th</Place>
                <FormBox>3</FormBox>
                <Weight>28.3</Weight>
                <TrackCode>SHP</TrackCode>
                <FormDistance>390</FormDistance>
                <FormDate>23Jan17</FormDate>
                <FormGrade>Grade 5</FormGrade>
                <FormHandicap />
                <Margin>9.00L</Margin>
                <FirstSecond>"Legend"</FirstSecond>
                <DogTime>22.73</DogTime>
                <WinTime>22.10</WinTime>
                <BON>22.05</BON>
                <StartPrice>$3.30</StartPrice>
                <PIR>M/34</PIR>
                <Split>8.46</Split>
            </Form>
            <Form>
                <Place>3rd</Place>
                <FormBox>5</FormBox>
                <Weight>27.8</Weight>
                <TrackCode>BEN</TrackCode>
                <FormDistance>425</FormDistance>
                <FormDate>27Jan17</FormDate>
                <FormGrade>Grade 5</FormGrade>
                <FormHandicap />
                <Margin>6.00L</Margin>
                <FirstSecond>"Ourgirl Fab"</FirstSecond>
                <DogTime>24.33</DogTime>
                <WinTime>23.91</WinTime>
                <BON>23.81</BON>
                <StartPrice>$7.50</StartPrice>
                <PIR>M/112</PIR>
                <Split>6.58</Split>
            </Form>
            <Form>
                <Place>8th</Place>
                <FormBox>4</FormBox>
                <Weight>27.5</Weight>
                <TrackCode>BAL</TrackCode>
                <FormDistance>390</FormDistance>
                <FormDate>01Feb17</FormDate>
                <FormGrade>Mixed 4/5</FormGrade>
                <FormHandicap />
                <Margin>13.00L</Margin>
                <FirstSecond>"Lonnie Magic"</FirstSecond>
                <DogTime>23.01</DogTime>
                <WinTime>22.11</WinTime>
                <BON>22.09</BON>
                <StartPrice>$20.70</StartPrice>
                <PIR>M/23</PIR>
                <Split>8.55</Split>
            </Form>
            <Form>
                <Place>3rd</Place>
                <FormBox>2</FormBox>
                <Weight>27.7</Weight>
                <TrackCode>BAL</TrackCode>
                <FormDistance>390</FormDistance>
                <FormDate>08Feb17</FormDate>
                <FormGrade>Grade 5</FormGrade>
                <FormHandicap />
                <Margin>1.25L</Margin>
                <FirstSecond>"Good Odds Jet"</FirstSecond>
                <DogTime>22.50</DogTime>
                <WinTime>22.42</WinTime>
                <BON>21.99</BON>
                <StartPrice>$6.50</StartPrice>
                <PIR>Q/11</PIR>
                <Split>8.39</Split>
            </Form>
            <Form>
                <Place>7th</Place>
                <FormBox>4</FormBox>
                <Weight>28.0</Weight>
                <TrackCode>WBL</TrackCode>
                <FormDistance>390</FormDistance>
                <FormDate>07Mar17</FormDate>
                <FormGrade>Grade 5</FormGrade>
                <FormHandicap />
                <Margin>7.00L</Margin>
                <FirstSecond>"Noonbarra Joe"</FirstSecond>
                <DogTime>22.67</DogTime>
                <WinTime>22.20</WinTime>
                <BON>21.77</BON>
                <StartPrice>$9.40</StartPrice>
                <PIR>Q/14</PIR>
                <Split>8.53</Split>
            </Form>
        </Dog>
        <Dog id="673190009">
            <RaceBox>4</RaceBox>
            <DogName>LEKTRA OSCAR</DogName>
            <BestTime>NBT</BestTime>
            <DogHandicap />
            <StartsTOT>Starts 56-9-6-5</StartsTOT>
            <StartsTTD>Trk/Dst 4-0-1-0</StartsTTD>
            <Trainer id="130745">William Hartigan</Trainer>
            <Suburb>Horsham</Suburb>
            <Owner>William Hartigan</Owner>
            <Sire id="-622231">Bekim Bale</Sire>
            <Dam id="-136685">Miss Gabby</Dam>
            <Colour>BK</Colour>
            <Sex>D</Sex>
            <Whelped>23 Nov 13</Whelped>
            <DogGrade>5</DogGrade>
            <DogGOBIS>Y</DogGOBIS>
            <DogPRIZE>12825</DogPRIZE>
            <Form>
                <Place>4th</Place>
                <FormBox>7</FormBox>
                <Weight>33.0</Weight>
                <TrackCode>BAL</TrackCode>
                <FormDistance>450</FormDistance>
                <FormDate>06Feb17</FormDate>
                <FormGrade>Grade 5</FormGrade>
                <FormHandicap />
                <Margin>5.00L</Margin>
                <FirstSecond>"Convoy"</FirstSecond>
                <DogTime>26.44</DogTime>
                <WinTime>26.09</WinTime>
                <BON>25.87</BON>
                <StartPrice>$16.10</StartPrice>
                <PIR>M/113</PIR>
                <Split>6.72</Split>
            </Form>
            <Form>
                <Place>8th</Place>
                <FormBox>6</FormBox>
                <Weight>32.9</Weight>
                <TrackCode>MTG</TrackCode>
                <FormDistance>512</FormDistance>
                <FormDate>12Feb17</FormDate>
                <FormGrade>Mixed 4/5</FormGrade>
                <FormHandicap />
                <Margin>11.00L</Margin>
                <FirstSecond>"McRay"</FirstSecond>
                <DogTime>31.20</DogTime>
                <WinTime>30.45</WinTime>
                <BON>30.13</BON>
                <StartPrice>$26.00</StartPrice>
                <PIR />
                <Split />
            </Form>
            <Form>
                <Place>1st</Place>
                <FormBox>7</FormBox>
                <Weight>32.4</Weight>
                <TrackCode>WBL</TrackCode>
                <FormDistance>390</FormDistance>
                <FormDate>07Mar17</FormDate>
                <FormGrade>Grade 5</FormGrade>
                <FormHandicap />
                <Margin>2.50L</Margin>
                <FirstSecond>"Amari"</FirstSecond>
                <DogTime>22.25</DogTime>
                <WinTime>22.25</WinTime>
                <BON>21.77</BON>
                <StartPrice>$4.90</StartPrice>
                <PIR>M/11</PIR>
                <Split>8.61</Split>
            </Form>
            <Form>
                <Place>6th</Place>
                <FormBox>1</FormBox>
                <Weight>32.1</Weight>
                <TrackCode>BAL</TrackCode>
                <FormDistance>390</FormDistance>
                <FormDate>14Mar17</FormDate>
                <FormGrade>Grade 5</FormGrade>
                <FormHandicap />
                <Margin>8.00L</Margin>
                <FirstSecond>"Vista Bandit"</FirstSecond>
                <DogTime>22.48</DogTime>
                <WinTime>21.94</WinTime>
                <BON>21.87</BON>
                <StartPrice>$5.90</StartPrice>
                <PIR>M/66</PIR>
                <Split>8.66</Split>
            </Form>
            <Form>
                <Place>2nd</Place>
                <FormBox>2</FormBox>
                <Weight>32.7</Weight>
                <TrackCode>BAL</TrackCode>
                <FormDistance>390</FormDistance>
                <FormDate>20Mar17</FormDate>
                <FormGrade>Grade 5</FormGrade>
                <FormHandicap />
                <Margin>1.00L</Margin>
                <FirstSecond>"Monster Deeds"</FirstSecond>
                <DogTime>22.61</DogTime>
                <WinTime>22.55</WinTime>
                <BON>22.55</BON>
                <StartPrice>$2.50</StartPrice>
                <PIR>M/32</PIR>
                <Split>8.66</Split>
            </Form>
        </Dog>
        <Dog id="169720027">
            <RaceBox>5</RaceBox>
            <DogName>ERNIE OLD</DogName>
            <BestTime>NBT</BestTime>
            <DogHandicap />
            <StartsTOT>Starts 84-7-18-14</StartsTOT>
            <StartsTTD>Trk/Dst 1-0-0-0</StartsTTD>
            <Trainer id="131688">Lindsay Morshead</Trainer>
            <Suburb>Barongarook</Suburb>
            <Owner>Lindsay Morshead</Owner>
            <Sire id="-419205">Nitro Burst</Sire>
            <Dam id="-198923">Lankan Flash</Dam>
            <Colour>BK</Colour>
            <Sex>D</Sex>
            <Whelped>25 Jan 13</Whelped>
            <DogGrade>5</DogGrade>
            <DogGOBIS>Y</DogGOBIS>
            <DogPRIZE>18425</DogPRIZE>
            <Form>
                <Place>5th</Place>
                <FormBox>2</FormBox>
                <Weight>35.6</Weight>
                <TrackCode>GEL</TrackCode>
                <FormDistance>400</FormDistance>
                <FormDate>13Jan17</FormDate>
                <FormGrade>Free For All</FormGrade>
                <FormHandicap />
                <Margin>6.00L</Margin>
                <FirstSecond>"Needs Wings"</FirstSecond>
                <DogTime>22.94</DogTime>
                <WinTime>22.53</WinTime>
                <BON>22.48</BON>
                <StartPrice>$20.70</StartPrice>
                <PIR>M/55</PIR>
                <Split>8.71</Split>
            </Form>
            <Form>
                <Place>2nd</Place>
                <FormBox>7</FormBox>
                <Weight>35.4</Weight>
                <TrackCode>HVL</TrackCode>
                <FormDistance>350</FormDistance>
                <FormDate>27Jan17</FormDate>
                <FormGrade>Grade 5</FormGrade>
                <FormHandicap />
                <Margin>1.25L</Margin>
                <FirstSecond>"Like A Fancy"</FirstSecond>
                <DogTime>19.51</DogTime>
                <WinTime>19.43</WinTime>
                <BON>19.43</BON>
                <StartPrice>$5.90</StartPrice>
                <PIR>M/2</PIR>
                <Split>6.56</Split>
            </Form>
            <Form>
                <Place>2nd</Place>
                <FormBox>1</FormBox>
                <Weight>35.6</Weight>
                <TrackCode>HVL</TrackCode>
                <FormDistance>350</FormDistance>
                <FormDate>10Feb17</FormDate>
                <FormGrade>Grade 5</FormGrade>
                <FormHandicap />
                <Margin>1.00L</Margin>
                <FirstSecond>"Dr. Bodacious"</FirstSecond>
                <DogTime>19.64</DogTime>
                <WinTime>19.57</WinTime>
                <BON>19.16</BON>
                <StartPrice>$2.40</StartPrice>
                <PIR>S/4</PIR>
                <Split>6.72</Split>
            </Form>
            <Form>
                <Place>5th</Place>
                <FormBox>4</FormBox>
                <Weight>35.2</Weight>
                <TrackCode>BAL</TrackCode>
                <FormDistance>450</FormDistance>
                <FormDate>15Feb17</FormDate>
                <FormGrade>S/E Veteran</FormGrade>
                <FormHandicap />
                <Margin>5.50L</Margin>
                <FirstSecond>"To The Galo's"</FirstSecond>
                <DogTime>25.81</DogTime>
                <WinTime>25.43</WinTime>
                <BON>24.92</BON>
                <StartPrice>$31.60</StartPrice>
                <PIR>S/654</PIR>
                <Split>6.73</Split>
            </Form>
            <Form>
                <Place>4th</Place>
                <FormBox>6</FormBox>
                <Weight>35.5</Weight>
                <TrackCode>GEL</TrackCode>
                <FormDistance>400</FormDistance>
                <FormDate>24Mar17</FormDate>
                <FormGrade>Mixed 3/4</FormGrade>
                <FormHandicap />
                <Margin>4.75L</Margin>
                <FirstSecond>"Allen Varmint"</FirstSecond>
                <DogTime>22.82</DogTime>
                <WinTime>22.50</WinTime>
                <BON>22.43</BON>
                <StartPrice>$28.00</StartPrice>
                <PIR>S/24</PIR>
                <Split>8.44</Split>
            </Form>
        </Dog>
        <Dog id="1306460009">
            <RaceBox>6</RaceBox>
            <DogName>RAZZLE OAK</DogName>
            <BestTime>22.35</BestTime>
            <DogHandicap />
            <StartsTOT>Starts 20-3-3-2</StartsTOT>
            <StartsTTD>Trk/Dst 6-1-2-0</StartsTTD>
            <Trainer id="105589">John McIntyre</Trainer>
            <Suburb>Exford</Suburb>
            <Owner>Brett McIntyre</Owner>
            <Sire id="-113260">Oaks Road</Sire>
            <Dam id="-692772">Razzling</Dam>
            <Colour>BK</Colour>
            <Sex>B</Sex>
            <Whelped>12 Dec 14</Whelped>
            <DogGrade>5</DogGrade>
            <DogGOBIS>Y</DogGOBIS>
            <DogPRIZE>2480</DogPRIZE>
            <Form>
                <Place>4th</Place>
                <FormBox>4</FormBox>
                <Weight>25.7</Weight>
                <TrackCode>HVL</TrackCode>
                <FormDistance>350</FormDistance>
                <FormDate>26Feb17</FormDate>
                <FormGrade>Mixed 6/7</FormGrade>
                <FormHandicap />
                <Margin>1.5L</Margin>
                <FirstSecond>"Destini Florida"</FirstSecond>
                <DogTime>19.56</DogTime>
                <WinTime>19.46</WinTime>
                <BON>19.22</BON>
                <StartPrice>$15.50</StartPrice>
                <PIR>M/2</PIR>
                <Split>6.61</Split>
            </Form>
            <Form>
                <Place>7th</Place>
                <FormBox>3</FormBox>
                <Weight>26.0</Weight>
                <TrackCode>HVL</TrackCode>
                <FormDistance>350</FormDistance>
                <FormDate>05Mar17</FormDate>
                <FormGrade>Grade 6</FormGrade>
                <FormHandicap />
                <Margin>3.5L</Margin>
                <FirstSecond>"Hide The Wallet"</FirstSecond>
                <DogTime>19.81</DogTime>
                <WinTime>19.58</WinTime>
                <BON>19.26</BON>
                <StartPrice>$6.20</StartPrice>
                <PIR>M/6</PIR>
                <Split>6.74</Split>
            </Form>
            <Form>
                <Place>3rd</Place>
                <FormBox>6</FormBox>
                <Weight>26.3</Weight>
                <TrackCode>BEN</TrackCode>
                <FormDistance>425</FormDistance>
                <FormDate>09Mar17</FormDate>
                <FormGrade>Tier 3 - Grade 6</FormGrade>
                <FormHandicap />
                <Margin>5.50L</Margin>
                <FirstSecond>"Swift Spur"</FirstSecond>
                <DogTime>24.82</DogTime>
                <WinTime>24.46</WinTime>
                <BON>24.10</BON>
                <StartPrice>$5.30</StartPrice>
                <PIR>M/475</PIR>
                <Split>6.66</Split>
            </Form>
            <Form>
                <Place>4th</Place>
                <FormBox>1</FormBox>
                <Weight>26.5</Weight>
                <TrackCode>HVL</TrackCode>
                <FormDistance>350</FormDistance>
                <FormDate>17Mar17</FormDate>
                <FormGrade>Grade 6</FormGrade>
                <FormHandicap />
                <Margin>3.00L</Margin>
                <FirstSecond>"Ninetymile Barry"</FirstSecond>
                <DogTime>19.78</DogTime>
                <WinTime>19.57</WinTime>
                <BON>19.54</BON>
                <StartPrice>$3.30</StartPrice>
                <PIR>M/4</PIR>
                <Split>6.75</Split>
            </Form>
            <Form>
                <Place>1st</Place>
                <FormBox>3</FormBox>
                <Weight>26.3</Weight>
                <TrackCode>BAL</TrackCode>
                <FormDistance>390</FormDistance>
                <FormDate>27Mar17</FormDate>
                <FormGrade>Tier 3 - Grade 6</FormGrade>
                <FormHandicap />
                <Margin>3.75L</Margin>
                <FirstSecond>"Frisco Liz"</FirstSecond>
                <DogTime>22.35</DogTime>
                <WinTime>22.35</WinTime>
                <BON>22.28</BON>
                <StartPrice>$7.20</StartPrice>
                <PIR>M/11</PIR>
                <Split>8.45</Split>
            </Form>
        </Dog>
        <Dog id="1435300018">
            <RaceBox>7</RaceBox>
            <DogName>BLUE AFRO</DogName>
            <BestTime>NBT</BestTime>
            <DogHandicap />
            <StartsTOT>Starts 17-3-2-1</StartsTOT>
            <StartsTTD>Trk/Dst 1-0-0-0</StartsTTD>
            <Trainer id="129899">Alfred Spiteri</Trainer>
            <Suburb>St Albans</Suburb>
            <Owner>Alfred Spiteri</Owner>
            <Sire id="-399888">Swift Fancy</Sire>
            <Dam id="-729836">Indi's My Girl</Dam>
            <Colour>BE</Colour>
            <Sex>D</Sex>
            <Whelped>10 Feb 15</Whelped>
            <DogGrade>5</DogGrade>
            <DogGOBIS>N</DogGOBIS>
            <DogPRIZE>2295</DogPRIZE>
            <Form>
                <Place>6th</Place>
                <FormBox>3</FormBox>
                <Weight>32.2</Weight>
                <TrackCode>BAL</TrackCode>
                <FormDistance>450</FormDistance>
                <FormDate>06Mar17</FormDate>
                <FormGrade>Grade 6</FormGrade>
                <FormHandicap />
                <Margin>10.00L</Margin>
                <FirstSecond>"Ruby Rads"</FirstSecond>
                <DogTime>26.29</DogTime>
                <WinTime>25.60</WinTime>
                <BON>25.44</BON>
                <StartPrice>$12.90</StartPrice>
                <PIR>M/686</PIR>
                <Split>6.96</Split>
            </Form>
            <Form>
                <Place>2nd</Place>
                <FormBox>1</FormBox>
                <Weight>31.6</Weight>
                <TrackCode>TRA</TrackCode>
                <FormDistance>395</FormDistance>
                <FormDate>13Mar17</FormDate>
                <FormGrade>Tier 3 - Restricted Win</FormGrade>
                <FormHandicap />
                <Margin>0.50L</Margin>
                <FirstSecond>"Dream Wave"</FirstSecond>
                <DogTime>23.18</DogTime>
                <WinTime>23.15</WinTime>
                <BON>22.66</BON>
                <StartPrice>$4.20</StartPrice>
                <PIR>M/622</PIR>
                <Split>5.16</Split>
            </Form>
            <Form>
                <Place>7th</Place>
                <FormBox>5</FormBox>
                <Weight>31.7</Weight>
                <TrackCode>BEN</TrackCode>
                <FormDistance>425</FormDistance>
                <FormDate>17Mar17</FormDate>
                <FormGrade>Restricted Win Heat</FormGrade>
                <FormHandicap />
                <Margin>11.00L</Margin>
                <FirstSecond>"Augustus Dagloop"</FirstSecond>
                <DogTime>24.47</DogTime>
                <WinTime>23.70</WinTime>
                <BON>23.70</BON>
                <StartPrice>$27.10</StartPrice>
                <PIR>S/766</PIR>
                <Split>6.85</Split>
            </Form>
            <Form>
                <Place>1st</Place>
                <FormBox>8</FormBox>
                <Weight>31.9</Weight>
                <TrackCode>HVL</TrackCode>
                <FormDistance>350</FormDistance>
                <FormDate>24Mar17</FormDate>
                <FormGrade>Grade 6</FormGrade>
                <FormHandicap />
                <Margin>1.5L</Margin>
                <FirstSecond>"Goldenpaw Flyer"</FirstSecond>
                <DogTime>19.43</DogTime>
                <WinTime>19.43</WinTime>
                <BON>19.37</BON>
                <StartPrice>$9.30</StartPrice>
                <PIR>M/1</PIR>
                <Split>6.61</Split>
            </Form>
            <Form>
                <Place>5th</Place>
                <FormBox>2</FormBox>
                <Weight>31.9</Weight>
                <TrackCode>BEN</TrackCode>
                <FormDistance>425</FormDistance>
                <FormDate>29Mar17</FormDate>
                <FormGrade>Tier 3 - Grade 6</FormGrade>
                <FormHandicap />
                <Margin>6.00L</Margin>
                <FirstSecond>"Mate"</FirstSecond>
                <DogTime>24.89</DogTime>
                <WinTime>24.47</WinTime>
                <BON>24.14</BON>
                <StartPrice>$9.20</StartPrice>
                <PIR>S/576</PIR>
                <Split>6.91</Split>
            </Form>
        </Dog>
        <Dog id="851620022">
            <RaceBox>8</RaceBox>
            <DogName>ACEY BOY</DogName>
            <BestTime>NBT</BestTime>
            <DogHandicap />
            <StartsTOT>Starts 29-5-7-1</StartsTOT>
            <StartsTTD>Trk/Dst 1-0-0-0</StartsTTD>
            <Trainer id="121550">Nicole McRae</Trainer>
            <Suburb>Clyde</Suburb>
            <Owner>Matthew Pollard</Owner>
            <Sire id="-107648">Cosmic Chief</Sire>
            <Dam id="-166452">Lil Grenade</Dam>
            <Colour>BK</Colour>
            <Sex>D</Sex>
            <Whelped>10 Mar 14</Whelped>
            <DogGrade>5</DogGrade>
            <DogGOBIS>Y</DogGOBIS>
            <DogPRIZE>7435</DogPRIZE>
            <Form>
                <Place>1st</Place>
                <FormBox>7</FormBox>
                <Weight>32.7</Weight>
                <TrackCode>BEN</TrackCode>
                <FormDistance>425</FormDistance>
                <FormDate>25Nov16</FormDate>
                <FormGrade>Restricted Win Heat</FormGrade>
                <FormHandicap />
                <Margin>5.50L</Margin>
                <FirstSecond>"Menindee"</FirstSecond>
                <DogTime>23.87</DogTime>
                <WinTime>23.87</WinTime>
                <BON>23.87</BON>
                <StartPrice>$9.70</StartPrice>
                <PIR>M/211</PIR>
                <Split>6.64</Split>
            </Form>
            <Form>
                <Place>2nd</Place>
                <FormBox>5</FormBox>
                <Weight>33.0</Weight>
                <TrackCode>BEN</TrackCode>
                <FormDistance>425</FormDistance>
                <FormDate>02Dec16</FormDate>
                <FormGrade>Restricted Win Final</FormGrade>
                <FormHandicap />
                <Margin>2.50L</Margin>
                <FirstSecond>"Latifi Cee Jay"</FirstSecond>
                <DogTime>24.04</DogTime>
                <WinTime>23.88</WinTime>
                <BON>23.73</BON>
                <StartPrice>$10.40</StartPrice>
                <PIR>M/533</PIR>
                <Split>6.70</Split>
            </Form>
            <Form>
                <Place>4th</Place>
                <FormBox>3</FormBox>
                <Weight>32.7</Weight>
                <TrackCode>SLE</TrackCode>
                <FormDistance>440</FormDistance>
                <FormDate>12Feb17</FormDate>
                <FormGrade>Grade 5</FormGrade>
                <FormHandicap />
                <Margin>5.00L</Margin>
                <FirstSecond>"Tuco Salamanca"</FirstSecond>
                <DogTime>25.80</DogTime>
                <WinTime>25.45</WinTime>
                <BON>24.52</BON>
                <StartPrice>$1.70</StartPrice>
                <PIR>M/666</PIR>
                <Split>5.57</Split>
            </Form>
            <Form>
                <Place>6th</Place>
                <FormBox>5</FormBox>
                <Weight>32.9</Weight>
                <TrackCode>SLE</TrackCode>
                <FormDistance>440</FormDistance>
                <FormDate>24Feb17</FormDate>
                <FormGrade>Grade 5 Heat</FormGrade>
                <FormHandicap />
                <Margin>11.00L</Margin>
                <FirstSecond>"Our Real Deal"</FirstSecond>
                <DogTime>25.61</DogTime>
                <WinTime>24.90</WinTime>
                <BON>24.90</BON>
                <StartPrice>$6.30</StartPrice>
                <PIR>S/786</PIR>
                <Split>5.47</Split>
            </Form>
            <Form>
                <Place>6th</Place>
                <FormBox>5</FormBox>
                <Weight>32.4</Weight>
                <TrackCode>BAL</TrackCode>
                <FormDistance>390</FormDistance>
                <FormDate>15Mar17</FormDate>
                <FormGrade>Grade 5 Heat</FormGrade>
                <FormHandicap />
                <Margin>8.00L</Margin>
                <FirstSecond>"Zahra Bella"</FirstSecond>
                <DogTime>22.73</DogTime>
                <WinTime>22.18</WinTime>
                <BON>21.81</BON>
                <StartPrice>$7.10</StartPrice>
                <PIR>M/88</PIR>
                <Split>9.17</Split>
            </Form>
        </Dog>
        <Dog id="913850027">
            <RaceBox>9</RaceBox>
            <DogName>NINETYMILE BARRY Res.</DogName>
            <BestTime>FSH</BestTime>
            <DogHandicap />
            <StartsTOT>Starts 16-3-1-5</StartsTOT>
            <StartsTTD>Trk/Dst 0-0-0-0</StartsTTD>
            <Trainer id="116957">Patricia Smith</Trainer>
            <Suburb>Wonwondah</Suburb>
            <Owner>Ninetymile Kennels Synd B Whitford,G Whitford</Owner>
            <Sire id="-309259">El Grand Senor</Sire>
            <Dam id="-562664">Let's Go Nellie</Dam>
            <Colour>BD</Colour>
            <Sex>D</Sex>
            <Whelped>08 Apr 14</Whelped>
            <DogGrade>5</DogGrade>
            <DogGOBIS>N</DogGOBIS>
            <DogPRIZE>2650</DogPRIZE>
            <Form>
                <Place>5th</Place>
                <FormBox>1</FormBox>
                <Weight>32.7</Weight>
                <TrackCode>SLE</TrackCode>
                <FormDistance>440</FormDistance>
                <FormDate>06Nov16</FormDate>
                <FormGrade>Mixed 6/7 Heat</FormGrade>
                <FormHandicap />
                <Margin>8.00L</Margin>
                <FirstSecond>"Duty Free"</FirstSecond>
                <DogTime>25.73</DogTime>
                <WinTime>25.17</WinTime>
                <BON>24.39</BON>
                <StartPrice>$10.90</StartPrice>
                <PIR>S/566</PIR>
                <Split>5.46</Split>
            </Form>
            <Form>
                <Place>3rd</Place>
                <FormBox>2</FormBox>
                <Weight>32.3</Weight>
                <TrackCode>TRA</TrackCode>
                <FormDistance>395</FormDistance>
                <FormDate>05Dec16</FormDate>
                <FormGrade>Tier 3 - Restricted Win</FormGrade>
                <FormHandicap />
                <Margin>3.00L</Margin>
                <FirstSecond>"Omega Bonner"</FirstSecond>
                <DogTime>23.11</DogTime>
                <WinTime>22.92</WinTime>
                <BON>22.92</BON>
                <StartPrice>$4.80</StartPrice>
                <PIR>S/653</PIR>
                <Split>5.11</Split>
            </Form>
            <Form>
                <Place>7th</Place>
                <FormBox>5</FormBox>
                <Weight>32.3</Weight>
                <TrackCode>TRA</TrackCode>
                <FormDistance>395</FormDistance>
                <FormDate>12Dec16</FormDate>
                <FormGrade>Tier 3 - Grade 6</FormGrade>
                <FormHandicap />
                <Margin>8.00L</Margin>
                <FirstSecond>"Dr. Simon"</FirstSecond>
                <DogTime>23.62</DogTime>
                <WinTime>23.08</WinTime>
                <BON>23.08</BON>
                <StartPrice>$5.40</StartPrice>
                <PIR>M/767</PIR>
                <Split>5.08</Split>
            </Form>
            <Form>
                <Place>3rd</Place>
                <FormBox>1</FormBox>
                <Weight>33.1</Weight>
                <TrackCode>HVL</TrackCode>
                <FormDistance>300</FormDistance>
                <FormDate>03Mar17</FormDate>
                <FormGrade>Mixed 6/7</FormGrade>
                <FormHandicap />
                <Margin>2.25L</Margin>
                <FirstSecond>"Botanic Lass"</FirstSecond>
                <DogTime>17.16</DogTime>
                <WinTime>17.01</WinTime>
                <BON>16.95</BON>
                <StartPrice>$5.60</StartPrice>
                <PIR>S/7</PIR>
                <Split>4.03</Split>
            </Form>
            <Form>
                <Place>1st</Place>
                <FormBox>4</FormBox>
                <Weight>33.8</Weight>
                <TrackCode>HVL</TrackCode>
                <FormDistance>350</FormDistance>
                <FormDate>17Mar17</FormDate>
                <FormGrade>Grade 6</FormGrade>
                <FormHandicap />
                <Margin>1.00L</Margin>
                <FirstSecond>"Onya Anna"</FirstSecond>
                <DogTime>19.57</DogTime>
                <WinTime>19.57</WinTime>
                <BON>19.54</BON>
                <StartPrice>$8.40</StartPrice>
                <PIR>M/2</PIR>
                <Split>6.61</Split>
            </Form>
        </Dog>
        <Dog id="325120014">
            <RaceBox>10</RaceBox>
            <DogName>OVER THE RADAR Res.</DogName>
            <BestTime>FSTD</BestTime>
            <DogHandicap />
            <StartsTOT>Starts 36-5-6-4</StartsTOT>
            <StartsTTD>Trk/Dst 0-0-0-0</StartsTTD>
            <Trainer id="132177">Barry Fullerton</Trainer>
            <Suburb>Red Cliffs</Suburb>
            <Owner>Barry Fullerton</Owner>
            <Sire id="-210522">Cosmic Rumble</Sire>
            <Dam id="-97164">Billie The Bar</Dam>
            <Colour>BK</Colour>
            <Sex>D</Sex>
            <Whelped>17 May 13</Whelped>
            <DogGrade>5</DogGrade>
            <DogGOBIS>Y</DogGOBIS>
            <DogPRIZE>8195</DogPRIZE>
            <Form>
                <Place>4th</Place>
                <FormBox>7</FormBox>
                <Weight>32.9</Weight>
                <TrackCode>BEN</TrackCode>
                <FormDistance>425</FormDistance>
                <FormDate>23Dec16</FormDate>
                <FormGrade>Grade 5</FormGrade>
                <FormHandicap />
                <Margin>2.75L</Margin>
                <FirstSecond>"Sea Fever"</FirstSecond>
                <DogTime>24.18</DogTime>
                <WinTime>24.00</WinTime>
                <BON>23.39</BON>
                <StartPrice>$29.60</StartPrice>
                <PIR>M/433</PIR>
                <Split>6.73</Split>
            </Form>
            <Form>
                <Place>7th</Place>
                <FormBox>7</FormBox>
                <Weight>32.7</Weight>
                <TrackCode>WBL</TrackCode>
                <FormDistance>390</FormDistance>
                <FormDate>03Jan17</FormDate>
                <FormGrade>Grade 5 Heat</FormGrade>
                <FormHandicap />
                <Margin>13.00L</Margin>
                <FirstSecond>"Airborn And Gone"</FirstSecond>
                <DogTime>22.70</DogTime>
                <WinTime>21.86</WinTime>
                <BON>21.86</BON>
                <StartPrice>$15.00</StartPrice>
                <PIR>M/78</PIR>
                <Split>8.69</Split>
            </Form>
            <Form>
                <Place>6th</Place>
                <FormBox>3</FormBox>
                <Weight>32.0</Weight>
                <TrackCode>BEN</TrackCode>
                <FormDistance>425</FormDistance>
                <FormDate>13Jan17</FormDate>
                <FormGrade>Grade 5</FormGrade>
                <FormHandicap />
                <Margin>12.00L</Margin>
                <FirstSecond>"Zabdon Bluey"</FirstSecond>
                <DogTime>24.80</DogTime>
                <WinTime>23.97</WinTime>
                <BON>23.97</BON>
                <StartPrice>$22.80</StartPrice>
                <PIR>S/888</PIR>
                <Split>6.84</Split>
            </Form>
            <Form>
                <Place>6th</Place>
                <FormBox>5</FormBox>
                <Weight>32.3</Weight>
                <TrackCode>BEN</TrackCode>
                <FormDistance>425</FormDistance>
                <FormDate>25Jan17</FormDate>
                <FormGrade>Grade 5</FormGrade>
                <FormHandicap />
                <Margin>5.00L</Margin>
                <FirstSecond>"Implosion Liam"</FirstSecond>
                <DogTime>24.70</DogTime>
                <WinTime>24.36</WinTime>
                <BON>24.09</BON>
                <StartPrice>$5.90</StartPrice>
                <PIR>M/656</PIR>
                <Split>6.82</Split>
            </Form>
            <Form>
                <Place>2nd</Place>
                <FormBox>8</FormBox>
                <Weight>32.5</Weight>
                <TrackCode>BEN</TrackCode>
                <FormDistance>425</FormDistance>
                <FormDate>22Mar17</FormDate>
                <FormGrade>Grade 5</FormGrade>
                <FormHandicap />
                <Margin>0.50L</Margin>
                <FirstSecond>"Seth's Way"</FirstSecond>
                <DogTime>24.35</DogTime>
                <WinTime>24.33</WinTime>
                <BON>24.14</BON>
                <StartPrice>$2.00</StartPrice>
                <PIR>M/222</PIR>
                <Split>6.73</Split>
            </Form>
        </Dog>
    </Race>
    <Race id="208756693">
        <RaceNum>11</RaceNum>
        <RaceName>STRIDES FUNCTION CENTRE</RaceName>
        <RaceTime>09:32PM</RaceTime>
        <RaceTimeDateUTC>01 Apr 17 10:32AM</RaceTimeDateUTC>
        <Distance>390m</Distance>
        <RaceGrade>Mixed 4/5</RaceGrade>
        <PrizeMoney1>$1405</PrizeMoney1>
        <PrizeMoney2>$400</PrizeMoney2>
        <PrizeMoney3>$200</PrizeMoney3>
        <PrizeMoney4 />
        <PrizeMoney5 />
        <PrizeMoney6 />
        <PrizeMoney7 />
        <PrizeMoney8 />
        <GOBIS />
        <Hurdle />
        <Handicap />
        <TAB>TRI/QUIN R/D EXACTA PICK4</TAB>
        <GradeCode>X45</GradeCode>
        <Dog id="778670033">
            <RaceBox>1</RaceBox>
            <DogName>CHIEF MINGO</DogName>
            <BestTime>NBT</BestTime>
            <DogHandicap />
            <StartsTOT>Starts 69-11-17-20</StartsTOT>
            <StartsTTD>Trk/Dst 10-0-7-2</StartsTTD>
            <Trainer id="100968">Vivianne Giles</Trainer>
            <Suburb>Bamawm</Suburb>
            <Owner>Peter Bartlett</Owner>
            <Sire id="-107648">Cosmic Chief</Sire>
            <Dam id="-199395">Kimba's Hope</Dam>
            <Colour>WBK</Colour>
            <Sex>D</Sex>
            <Whelped>03 Jan 14</Whelped>
            <DogGrade>5</DogGrade>
            <DogGOBIS>Y</DogGOBIS>
            <DogPRIZE>27226</DogPRIZE>
            <Form>
                <Place>3rd</Place>
                <FormBox>5</FormBox>
                <Weight>34.4</Weight>
                <TrackCode>SHP</TrackCode>
                <FormDistance>390</FormDistance>
                <FormDate>27Feb17</FormDate>
                <FormGrade>Free For All</FormGrade>
                <FormHandicap />
                <Margin>3.25L</Margin>
                <FirstSecond>"Seriously Wicked"</FirstSecond>
                <DogTime>22.33</DogTime>
                <WinTime>22.11</WinTime>
                <BON>21.85</BON>
                <StartPrice>$9.80</StartPrice>
                <PIR>Q/34</PIR>
                <Split>8.45</Split>
            </Form>
            <Form>
                <Place>3rd</Place>
                <FormBox>4</FormBox>
                <Weight>34.4</Weight>
                <TrackCode>SHP</TrackCode>
                <FormDistance>390</FormDistance>
                <FormDate>06Mar17</FormDate>
                <FormGrade>Free For All</FormGrade>
                <FormHandicap />
                <Margin>4.50L</Margin>
                <FirstSecond>"Stelio Kontos"</FirstSecond>
                <DogTime>22.35</DogTime>
                <WinTime>22.05</WinTime>
                <BON>21.91</BON>
                <StartPrice>$23.00</StartPrice>
                <PIR>M/33</PIR>
                <Split>8.46</Split>
            </Form>
            <Form>
                <Place>3rd</Place>
                <FormBox>4</FormBox>
                <Weight>34.1</Weight>
                <TrackCode>SHP</TrackCode>
                <FormDistance>390</FormDistance>
                <FormDate>13Mar17</FormDate>
                <FormGrade>Mixed 4/5</FormGrade>
                <FormHandicap />
                <Margin>3.5L</Margin>
                <FirstSecond>"Josie Rumble"</FirstSecond>
                <DogTime>22.21</DogTime>
                <WinTime>21.98</WinTime>
                <BON>21.98</BON>
                <StartPrice>$10.60</StartPrice>
                <PIR>Q/12</PIR>
                <Split>8.39</Split>
            </Form>
            <Form>
                <Place>1st</Place>
                <FormBox>3</FormBox>
                <Weight>34.3</Weight>
                <TrackCode>SHP</TrackCode>
                <FormDistance>390</FormDistance>
                <FormDate>20Mar17</FormDate>
                <FormGrade>Mixed 4/5</FormGrade>
                <FormHandicap />
                <Margin>1.00L</Margin>
                <FirstSecond>"Lizzy Allen"</FirstSecond>
                <DogTime>22.23</DogTime>
                <WinTime>22.23</WinTime>
                <BON>22.02</BON>
                <StartPrice>$7.80</StartPrice>
                <PIR>Q/11</PIR>
                <Split>8.43</Split>
            </Form>
            <Form>
                <Place>5th</Place>
                <FormBox>1</FormBox>
                <Weight>34.6</Weight>
                <TrackCode>SHP</TrackCode>
                <FormDistance>390</FormDistance>
                <FormDate>27Mar17</FormDate>
                <FormGrade>Free For All</FormGrade>
                <FormHandicap />
                <Margin>5.50L</Margin>
                <FirstSecond>"Gotta Get Back"</FirstSecond>
                <DogTime>22.36</DogTime>
                <WinTime>22.00</WinTime>
                <BON>22.00</BON>
                <StartPrice>$8.40</StartPrice>
                <PIR>M/55</PIR>
                <Split>8.49</Split>
            </Form>
        </Dog>
        <Dog id="1322730003">
            <RaceBox>2</RaceBox>
            <DogName>STAR DESIRE</DogName>
            <BestTime>22.36Q</BestTime>
            <DogHandicap />
            <StartsTOT>Starts 21-5-11-3</StartsTOT>
            <StartsTTD>Trk/Dst 5-0-4-0</StartsTTD>
            <Trainer id="108384">Sandra Galea</Trainer>
            <Suburb>Rowsely</Suburb>
            <Owner>Brent Williams</Owner>
            <Sire id="-722870">Fabregas</Sire>
            <Dam id="-39779">Must Be Magic</Dam>
            <Colour>BK</Colour>
            <Sex>B</Sex>
            <Whelped>13 Dec 14</Whelped>
            <DogGrade>5</DogGrade>
            <DogGOBIS>N</DogGOBIS>
            <DogPRIZE>11280</DogPRIZE>
            <Form>
                <Place>2nd</Place>
                <FormBox>8</FormBox>
                <Weight>29.9</Weight>
                <TrackCode>GEL</TrackCode>
                <FormDistance>400</FormDistance>
                <FormDate>24Feb17</FormDate>
                <FormGrade>Mixed 4/5</FormGrade>
                <FormHandicap />
                <Margin>1.00L</Margin>
                <FirstSecond>"Barton Bale"</FirstSecond>
                <DogTime>22.64</DogTime>
                <WinTime>22.58</WinTime>
                <BON>22.58</BON>
                <StartPrice>$6.00</StartPrice>
                <PIR>M/11</PIR>
                <Split>8.29</Split>
            </Form>
            <Form>
                <Place>2nd</Place>
                <FormBox>1</FormBox>
                <Weight>29.7</Weight>
                <TrackCode>BAL</TrackCode>
                <FormDistance>390</FormDistance>
                <FormDate>01Mar17</FormDate>
                <FormGrade>Grade 5</FormGrade>
                <FormHandicap />
                <Margin>0.025L</Margin>
                <FirstSecond>"Allen Varmint"</FirstSecond>
                <DogTime>22.05</DogTime>
                <WinTime>22.05</WinTime>
                <BON>21.92</BON>
                <StartPrice>$2.20</StartPrice>
                <PIR>M/11</PIR>
                <Split>8.29</Split>
            </Form>
            <Form>
                <Place>2nd</Place>
                <FormBox>3</FormBox>
                <Weight>29.4</Weight>
                <TrackCode>BAL</TrackCode>
                <FormDistance>390</FormDistance>
                <FormDate>15Mar17</FormDate>
                <FormGrade>Grade 5 Heat</FormGrade>
                <FormHandicap />
                <Margin>1.25L</Margin>
                <FirstSecond>"Cloona Express"</FirstSecond>
                <DogTime>22.20</DogTime>
                <WinTime>22.12</WinTime>
                <BON>21.81</BON>
                <StartPrice>$3.50</StartPrice>
                <PIR>M/11</PIR>
                <Split>8.33</Split>
            </Form>
            <Form>
                <Place>2nd</Place>
                <FormBox>2</FormBox>
                <Weight>29.4</Weight>
                <TrackCode>BAL</TrackCode>
                <FormDistance>390</FormDistance>
                <FormDate>22Mar17</FormDate>
                <FormGrade>Grade 5 Final</FormGrade>
                <FormHandicap />
                <Margin>1.25L</Margin>
                <FirstSecond>"Cloona Express"</FirstSecond>
                <DogTime>22.07</DogTime>
                <WinTime>22.00</WinTime>
                <BON>21.95</BON>
                <StartPrice>$4.30</StartPrice>
                <PIR>M/11</PIR>
                <Split>8.20</Split>
            </Form>
            <Form>
                <Place>2nd</Place>
                <FormBox>3</FormBox>
                <Weight>29.2</Weight>
                <TrackCode>WGL</TrackCode>
                <FormDistance>400</FormDistance>
                <FormDate>28Mar17</FormDate>
                <FormGrade>Mixed 4/5</FormGrade>
                <FormHandicap />
                <Margin>2.00L</Margin>
                <FirstSecond>"Jack Walker"</FirstSecond>
                <DogTime>22.59</DogTime>
                <WinTime>22.46</WinTime>
                <BON>22.46</BON>
                <StartPrice>$7.00</StartPrice>
                <PIR>Q/11</PIR>
                <Split>8.22</Split>
            </Form>
        </Dog>
        <Dog id="986310002">
            <RaceBox>3</RaceBox>
            <DogName>ROSE MAGIC</DogName>
            <BestTime>NBT</BestTime>
            <DogHandicap />
            <StartsTOT>Starts 28-9-4-6</StartsTOT>
            <StartsTTD>Trk/Dst 3-0-0-0</StartsTTD>
            <Trainer id="19920">Darren Ryan</Trainer>
            <Suburb>Boronia</Suburb>
            <Owner>Ryino Racing Synd M Ryan,D Ryan</Owner>
            <Sire id="-710494">Barcia Bale</Sire>
            <Dam id="-485478">Strawberry Rose</Dam>
            <Colour>BK</Colour>
            <Sex>B</Sex>
            <Whelped>09 Jul 14</Whelped>
            <DogGrade>5</DogGrade>
            <DogGOBIS>Y</DogGOBIS>
            <DogPRIZE>12090</DogPRIZE>
            <Form>
                <Place>2nd</Place>
                <FormBox>4</FormBox>
                <Weight>27.7</Weight>
                <TrackCode>HVL</TrackCode>
                <FormDistance>300</FormDistance>
                <FormDate>17Feb17</FormDate>
                <FormGrade>Mixed 4/5</FormGrade>
                <FormHandicap />
                <Margin>1.25L</Margin>
                <FirstSecond>"Spazzy Blue"</FirstSecond>
                <DogTime>16.86</DogTime>
                <WinTime>16.79</WinTime>
                <BON>16.76</BON>
                <StartPrice>$2.10</StartPrice>
                <PIR>M/1</PIR>
                <Split>3.89</Split>
            </Form>
            <Form>
                <Place>1st</Place>
                <FormBox>4</FormBox>
                <Weight>27.3</Weight>
                <TrackCode>CRN</TrackCode>
                <FormDistance>311</FormDistance>
                <FormDate>01Mar17</FormDate>
                <FormGrade>Grade 5</FormGrade>
                <FormHandicap />
                <Margin>0.25L</Margin>
                <FirstSecond>"Really Magic"</FirstSecond>
                <DogTime>17.80</DogTime>
                <WinTime>17.80</WinTime>
                <BON>17.73</BON>
                <StartPrice>$3.00</StartPrice>
                <PIR>Q/11</PIR>
                <Split>9.60</Split>
            </Form>
            <Form>
                <Place>2nd</Place>
                <FormBox>5</FormBox>
                <Weight>26.9</Weight>
                <TrackCode>TRA</TrackCode>
                <FormDistance>315</FormDistance>
                <FormDate>11Mar17</FormDate>
                <FormGrade>Grade 5</FormGrade>
                <FormHandicap />
                <Margin>1.75L</Margin>
                <FirstSecond>"Tambo Flash"</FirstSecond>
                <DogTime>18.27</DogTime>
                <WinTime>18.17</WinTime>
                <BON>17.88</BON>
                <StartPrice>$2.70</StartPrice>
                <PIR>Q/11</PIR>
                <Split>4.85</Split>
            </Form>
            <Form>
                <Place>1st</Place>
                <FormBox>2</FormBox>
                <Weight>27.0</Weight>
                <TrackCode>TRA</TrackCode>
                <FormDistance>315</FormDistance>
                <FormDate>20Mar17</FormDate>
                <FormGrade>Grade 5 Heat</FormGrade>
                <FormHandicap />
                <Margin>1.00L</Margin>
                <FirstSecond>"Spazzy Blue"</FirstSecond>
                <DogTime>18.56</DogTime>
                <WinTime>18.56</WinTime>
                <BON>18.34</BON>
                <StartPrice>$1.70</StartPrice>
                <PIR>S/51</PIR>
                <Split>4.95</Split>
            </Form>
            <Form>
                <Place>1st</Place>
                <FormBox>6</FormBox>
                <Weight>26.8</Weight>
                <TrackCode>TRA</TrackCode>
                <FormDistance>315</FormDistance>
                <FormDate>25Mar17</FormDate>
                <FormGrade>Grade 5 Final</FormGrade>
                <FormHandicap />
                <Margin>5.50L</Margin>
                <FirstSecond>"Zipping Frank"</FirstSecond>
                <DogTime>18.03</DogTime>
                <WinTime>18.03</WinTime>
                <BON>17.97</BON>
                <StartPrice>$2.90</StartPrice>
                <PIR>Q/11</PIR>
                <Split>4.76</Split>
            </Form>
        </Dog>
        <Dog id="1182150168">
            <RaceBox>4</RaceBox>
            <DogName>SUDOKU FLASH</DogName>
            <BestTime>FSTD</BestTime>
            <DogHandicap />
            <StartsTOT>Starts 24-7-5-7</StartsTOT>
            <StartsTTD>Trk/Dst 0-0-0-0</StartsTTD>
            <Trainer id="65949">Renee New</Trainer>
            <Suburb>Wendouree</Suburb>
            <Owner>Kieth Anderson</Owner>
            <Sire id="-210522">Cosmic Rumble</Sire>
            <Dam id="-623020">Kim Special</Dam>
            <Colour>BK</Colour>
            <Sex>D</Sex>
            <Whelped>02 Nov 14</Whelped>
            <DogGrade>5</DogGrade>
            <DogGOBIS>N</DogGOBIS>
            <DogPRIZE>11489</DogPRIZE>
            <Form>
                <Place>3rd</Place>
                <FormBox>5</FormBox>
                <Weight>32.0</Weight>
                <TrackCode>WBL</TrackCode>
                <FormDistance>390</FormDistance>
                <FormDate>02Mar17</FormDate>
                <FormGrade>Grade 5 Heat</FormGrade>
                <FormHandicap />
                <Margin>5.00L</Margin>
                <FirstSecond>"Hollywood Jones"</FirstSecond>
                <DogTime>22.38</DogTime>
                <WinTime>22.03</WinTime>
                <BON>22.01</BON>
                <StartPrice>$3.80</StartPrice>
                <PIR>M/53</PIR>
                <Split>8.76</Split>
            </Form>
            <Form>
                <Place>1st</Place>
                <FormBox>5</FormBox>
                <Weight>32.3</Weight>
                <TrackCode>WBL</TrackCode>
                <FormDistance>390</FormDistance>
                <FormDate>09Mar17</FormDate>
                <FormGrade>Mixed 4/5</FormGrade>
                <FormHandicap />
                <Margin>1.25L</Margin>
                <FirstSecond>"Night Hawk"</FirstSecond>
                <DogTime>21.95</DogTime>
                <WinTime>21.95</WinTime>
                <BON>21.95</BON>
                <StartPrice>$6.60</StartPrice>
                <PIR>M/22</PIR>
                <Split>8.57</Split>
            </Form>
            <Form>
                <Place>3rd</Place>
                <FormBox>7</FormBox>
                <Weight>32.5</Weight>
                <TrackCode>SHP</TrackCode>
                <FormDistance>450</FormDistance>
                <FormDate>13Mar17</FormDate>
                <FormGrade>Grade 5</FormGrade>
                <FormHandicap />
                <Margin>4.50L</Margin>
                <FirstSecond>"Master Riot"</FirstSecond>
                <DogTime>25.25</DogTime>
                <WinTime>24.94</WinTime>
                <BON>24.94</BON>
                <StartPrice>$4.40</StartPrice>
                <PIR>M/222</PIR>
                <Split>6.69</Split>
            </Form>
            <Form>
                <Place>7th</Place>
                <FormBox>4</FormBox>
                <Weight>32.5</Weight>
                <TrackCode>BAL</TrackCode>
                <FormDistance>450</FormDistance>
                <FormDate>22Mar17</FormDate>
                <FormGrade>Grade 5</FormGrade>
                <FormHandicap />
                <Margin>11.00L</Margin>
                <FirstSecond>"Miss Morrisset"</FirstSecond>
                <DogTime>26.10</DogTime>
                <WinTime>25.36</WinTime>
                <BON>25.21</BON>
                <StartPrice>$6.30</StartPrice>
                <PIR>M/777</PIR>
                <Split>6.81</Split>
            </Form>
            <Form>
                <Place>6th</Place>
                <FormBox>5</FormBox>
                <Weight>32.0</Weight>
                <TrackCode>SHP</TrackCode>
                <FormDistance>450</FormDistance>
                <FormDate>27Mar17</FormDate>
                <FormGrade>Grade 5</FormGrade>
                <FormHandicap />
                <Margin>3.00L</Margin>
                <FirstSecond>"Kodason"</FirstSecond>
                <DogTime>25.81</DogTime>
                <WinTime>25.60</WinTime>
                <BON>25.11</BON>
                <StartPrice>$2.20</StartPrice>
                <PIR>M/775</PIR>
                <Split>6.75</Split>
            </Form>
        </Dog>
        <Dog id="1199510002">
            <RaceBox>5</RaceBox>
            <DogName>LATIFI CEE JAY</DogName>
            <BestTime>FSH</BestTime>
            <DogHandicap />
            <StartsTOT>Starts 14-6-4-2</StartsTOT>
            <StartsTTD>Trk/Dst 0-0-0-0</StartsTTD>
            <Trainer id="133285">James Arthur</Trainer>
            <Suburb>Lancaster</Suburb>
            <Owner>James Arthur</Owner>
            <Sire id="-168350">Collision</Sire>
            <Dam id="-385764">Latifi Jiam</Dam>
            <Colour>BD</Colour>
            <Sex>D</Sex>
            <Whelped>03 Sep 14</Whelped>
            <DogGrade>5</DogGrade>
            <DogGOBIS>Y</DogGOBIS>
            <DogPRIZE>10010</DogPRIZE>
            <Form>
                <Place>1st</Place>
                <FormBox>7</FormBox>
                <Weight>31.1</Weight>
                <TrackCode>SHP</TrackCode>
                <FormDistance>390</FormDistance>
                <FormDate>17Dec16</FormDate>
                <FormGrade>Grade 5</FormGrade>
                <FormHandicap />
                <Margin>0.25L</Margin>
                <FirstSecond>"Rosette"</FirstSecond>
                <DogTime>22.56</DogTime>
                <WinTime>22.56</WinTime>
                <BON>22.25</BON>
                <StartPrice>$2.10</StartPrice>
                <PIR>M/21</PIR>
                <Split>8.43</Split>
            </Form>
            <Form>
                <Place>2nd</Place>
                <FormBox>7</FormBox>
                <Weight>30.9</Weight>
                <TrackCode>SHP</TrackCode>
                <FormDistance>450</FormDistance>
                <FormDate>02Jan17</FormDate>
                <FormGrade>Grade 5</FormGrade>
                <FormHandicap />
                <Margin>0.75L</Margin>
                <FirstSecond>"Jack Walker"</FirstSecond>
                <DogTime>25.33</DogTime>
                <WinTime>25.28</WinTime>
                <BON>25.24</BON>
                <StartPrice>$6.80</StartPrice>
                <PIR>M/122</PIR>
                <Split>6.55</Split>
            </Form>
            <Form>
                <Place>1st</Place>
                <FormBox>2</FormBox>
                <Weight>31.2</Weight>
                <TrackCode>BEN</TrackCode>
                <FormDistance>500</FormDistance>
                <FormDate>13Jan17</FormDate>
                <FormGrade>Mixed 4/5</FormGrade>
                <FormHandicap />
                <Margin>1.25L</Margin>
                <FirstSecond>"Destini Wahoo"</FirstSecond>
                <DogTime>28.27</DogTime>
                <WinTime>28.27</WinTime>
                <BON>28.27</BON>
                <StartPrice>$2.70</StartPrice>
                <PIR>Q/111</PIR>
                <Split>6.50</Split>
            </Form>
            <Form>
                <Place>3rd</Place>
                <FormBox>5</FormBox>
                <Weight>31.5</Weight>
                <TrackCode>BEN</TrackCode>
                <FormDistance>500</FormDistance>
                <FormDate>20Jan17</FormDate>
                <FormGrade>Mixed 4/5</FormGrade>
                <FormHandicap />
                <Margin>0.25L</Margin>
                <FirstSecond>"Mr. Stealer"</FirstSecond>
                <DogTime>28.76</DogTime>
                <WinTime>28.74</WinTime>
                <BON>28.29</BON>
                <StartPrice>$2.10</StartPrice>
                <PIR>M/112</PIR>
                <Split>6.49</Split>
            </Form>
            <Form>
                <Place>7th</Place>
                <FormBox>6</FormBox>
                <Weight>31.6</Weight>
                <TrackCode>SHP</TrackCode>
                <FormDistance>450</FormDistance>
                <FormDate>13Feb17</FormDate>
                <FormGrade>Mixed 4/5</FormGrade>
                <FormHandicap />
                <Margin>9.00L</Margin>
                <FirstSecond>"Meteor Thunder"</FirstSecond>
                <DogTime>26.04</DogTime>
                <WinTime>25.41</WinTime>
                <BON>25.41</BON>
                <StartPrice>$4.00</StartPrice>
                <PIR>M/223</PIR>
                <Split>6.79</Split>
            </Form>
        </Dog>
        <Dog id="931140074">
            <RaceBox>6</RaceBox>
            <DogName>SISCO GILLIE</DogName>
            <BestTime>22.28</BestTime>
            <DogHandicap />
            <StartsTOT>Starts 79-9-8-11</StartsTOT>
            <StartsTTD>Trk/Dst 4-1-0-0</StartsTTD>
            <Trainer id="111510">Diane Galea</Trainer>
            <Suburb>Lara</Suburb>
            <Owner>John Galea</Owner>
            <Sire id="-20174">Dyna Lachlan</Sire>
            <Dam id="-521953">Sisco Power</Dam>
            <Colour>RFW</Colour>
            <Sex>B</Sex>
            <Whelped>14 Feb 14</Whelped>
            <DogGrade>4</DogGrade>
            <DogGOBIS>N</DogGOBIS>
            <DogPRIZE>23255</DogPRIZE>
            <Form>
                <Place>7th</Place>
                <FormBox>5</FormBox>
                <Weight>25.8</Weight>
                <TrackCode>MEP</TrackCode>
                <FormDistance>525</FormDistance>
                <FormDate>04Jan17</FormDate>
                <FormGrade>Grade 5</FormGrade>
                <FormHandicap />
                <Margin>8.50L</Margin>
                <FirstSecond>"Cosmic Coaster"</FirstSecond>
                <DogTime>30.75</DogTime>
                <WinTime>30.16</WinTime>
                <BON>30.00</BON>
                <StartPrice>$31.90</StartPrice>
                <PIR>M/7776</PIR>
                <Split>5.18</Split>
            </Form>
            <Form>
                <Place>2nd</Place>
                <FormBox>1</FormBox>
                <Weight>25.9</Weight>
                <TrackCode>GEL</TrackCode>
                <FormDistance>400</FormDistance>
                <FormDate>20Jan17</FormDate>
                <FormGrade>Mixed 4/5</FormGrade>
                <FormHandicap />
                <Margin>3.75L</Margin>
                <FirstSecond>"Ataraxia"</FirstSecond>
                <DogTime>22.85</DogTime>
                <WinTime>22.60</WinTime>
                <BON>22.40</BON>
                <StartPrice>$26.20</StartPrice>
                <PIR>Q/22</PIR>
                <Split>8.50</Split>
            </Form>
            <Form>
                <Place>6th</Place>
                <FormBox>7</FormBox>
                <Weight>26.7</Weight>
                <TrackCode>GEL</TrackCode>
                <FormDistance>400</FormDistance>
                <FormDate>03Mar17</FormDate>
                <FormGrade>Grade 5</FormGrade>
                <FormHandicap />
                <Margin>10.00L</Margin>
                <FirstSecond>"Beyond The Vally"</FirstSecond>
                <DogTime>23.53</DogTime>
                <WinTime>22.84</WinTime>
                <BON>22.75</BON>
                <StartPrice>$6.90</StartPrice>
                <PIR>M/64</PIR>
                <Split>8.82</Split>
            </Form>
            <Form>
                <Place>8th</Place>
                <FormBox>2</FormBox>
                <Weight>26.7</Weight>
                <TrackCode>CRN</TrackCode>
                <FormDistance>520</FormDistance>
                <FormDate>07Mar17</FormDate>
                <FormGrade>Grade 5</FormGrade>
                <FormHandicap />
                <Margin>16.00L</Margin>
                <FirstSecond>"Quisp Bale"</FirstSecond>
                <DogTime>31.87</DogTime>
                <WinTime>30.76</WinTime>
                <BON>30.32</BON>
                <StartPrice>$6.90</StartPrice>
                <PIR>M/6788</PIR>
                <Split>5.72</Split>
            </Form>
            <Form>
                <Place>3rd</Place>
                <FormBox>3</FormBox>
                <Weight>27.6</Weight>
                <TrackCode>GEL</TrackCode>
                <FormDistance>400</FormDistance>
                <FormDate>28Mar17</FormDate>
                <FormGrade>Grade 5 T3</FormGrade>
                <FormHandicap />
                <Margin>3.5L</Margin>
                <FirstSecond>"Fiery Melody"</FirstSecond>
                <DogTime>23.02</DogTime>
                <WinTime>22.79</WinTime>
                <BON>22.71</BON>
                <StartPrice>$6.70</StartPrice>
                <PIR>M/33</PIR>
                <Split>8.59</Split>
            </Form>
        </Dog>
        <Dog id="855980016">
            <RaceBox>7</RaceBox>
            <DogName>LONNIE LAD</DogName>
            <BestTime>NBT</BestTime>
            <DogHandicap />
            <StartsTOT>Starts 58-8-15-8</StartsTOT>
            <StartsTTD>Trk/Dst 2-0-0-0</StartsTTD>
            <Trainer id="6934">Phillip Thomson</Trainer>
            <Suburb>Drysdale</Suburb>
            <Owner>Phillip Thomson</Owner>
            <Sire id="-117041">Dyna Tron</Sire>
            <Dam id="-281648">Don's Fantasy</Dam>
            <Colour>BK</Colour>
            <Sex>D</Sex>
            <Whelped>13 Mar 14</Whelped>
            <DogGrade>5</DogGrade>
            <DogGOBIS>Y</DogGOBIS>
            <DogPRIZE>15725</DogPRIZE>
            <Form>
                <Place>2nd</Place>
                <FormBox>7</FormBox>
                <Weight>33.5</Weight>
                <TrackCode>BEN</TrackCode>
                <FormDistance>425</FormDistance>
                <FormDate>28Feb17</FormDate>
                <FormGrade>Grade 5</FormGrade>
                <FormHandicap />
                <Margin>2.25L</Margin>
                <FirstSecond>"Yenderra Blue"</FirstSecond>
                <DogTime>24.19</DogTime>
                <WinTime>24.04</WinTime>
                <BON>23.55</BON>
                <StartPrice>$4.10</StartPrice>
                <PIR>M/322</PIR>
                <Split>6.65</Split>
            </Form>
            <Form>
                <Place>2nd</Place>
                <FormBox>6</FormBox>
                <Weight>33.0</Weight>
                <TrackCode>GEL</TrackCode>
                <FormDistance>460</FormDistance>
                <FormDate>10Mar17</FormDate>
                <FormGrade>Grade 5</FormGrade>
                <FormHandicap />
                <Margin>0.25L</Margin>
                <FirstSecond>"Forever Merry"</FirstSecond>
                <DogTime>26.15</DogTime>
                <WinTime>26.13</WinTime>
                <BON>25.66</BON>
                <StartPrice>$7.40</StartPrice>
                <PIR>M/111</PIR>
                <Split>6.52</Split>
            </Form>
            <Form>
                <Place>4th</Place>
                <FormBox>1</FormBox>
                <Weight>33.1</Weight>
                <TrackCode>BAL</TrackCode>
                <FormDistance>450</FormDistance>
                <FormDate>14Mar17</FormDate>
                <FormGrade>Mixed 4/5</FormGrade>
                <FormHandicap />
                <Margin>4.00L</Margin>
                <FirstSecond>"Fabstar"</FirstSecond>
                <DogTime>25.62</DogTime>
                <WinTime>25.35</WinTime>
                <BON>25.34</BON>
                <StartPrice>$10.80</StartPrice>
                <PIR>M/543</PIR>
                <Split>6.64</Split>
            </Form>
            <Form>
                <Place>4th</Place>
                <FormBox>1</FormBox>
                <Weight>33.0</Weight>
                <TrackCode>HVL</TrackCode>
                <FormDistance>350</FormDistance>
                <FormDate>19Mar17</FormDate>
                <FormGrade>Grade 5 Heat</FormGrade>
                <FormHandicap />
                <Margin>2.50L</Margin>
                <FirstSecond>"Dontron"</FirstSecond>
                <DogTime>19.63</DogTime>
                <WinTime>19.47</WinTime>
                <BON>19.16</BON>
                <StartPrice>$3.10</StartPrice>
                <PIR>M/6</PIR>
                <Split>6.73</Split>
            </Form>
            <Form>
                <Place>1st</Place>
                <FormBox>7</FormBox>
                <Weight>33.1</Weight>
                <TrackCode>HVL</TrackCode>
                <FormDistance>350</FormDistance>
                <FormDate>26Mar17</FormDate>
                <FormGrade>Grade 5</FormGrade>
                <FormHandicap />
                <Margin>0.75L</Margin>
                <FirstSecond>"Milburn Gold"</FirstSecond>
                <DogTime>19.45</DogTime>
                <WinTime>19.45</WinTime>
                <BON>19.17</BON>
                <StartPrice>$8.50</StartPrice>
                <PIR>M/2</PIR>
                <Split>6.60</Split>
            </Form>
        </Dog>
        <Dog id="1216250001">
            <RaceBox>8</RaceBox>
            <DogName>LEKTRA BOSS</DogName>
            <BestTime>NBT</BestTime>
            <DogHandicap />
            <StartsTOT>Starts 27-5-5-6</StartsTOT>
            <StartsTTD>Trk/Dst 3-0-1-1</StartsTTD>
            <Trainer id="133143">John Barbara</Trainer>
            <Suburb>Exford</Suburb>
            <Owner>Box Five Boss Synd M Fruvall,L Keane,B De Rozario,B Myers,S Abdulrahim ,T Doak,J Maaten</Owner>
            <Sire id="-722870">Fabregas</Sire>
            <Dam id="-65469">Supreme Vision</Dam>
            <Colour>BK</Colour>
            <Sex>D</Sex>
            <Whelped>01 Oct 14</Whelped>
            <DogGrade>5</DogGrade>
            <DogGOBIS>Y</DogGOBIS>
            <DogPRIZE>15500</DogPRIZE>
            <Form>
                <Place>2nd</Place>
                <FormBox>2</FormBox>
                <Weight>34.5</Weight>
                <TrackCode>CRN</TrackCode>
                <FormDistance>311</FormDistance>
                <FormDate>01Mar17</FormDate>
                <FormGrade>Mixed 4/5</FormGrade>
                <FormHandicap />
                <Margin>1.5L</Margin>
                <FirstSecond>"Your New Disease"</FirstSecond>
                <DogTime>17.87</DogTime>
                <WinTime>17.78</WinTime>
                <BON>17.73</BON>
                <StartPrice>$9.70</StartPrice>
                <PIR>M/32</PIR>
                <Split>9.74</Split>
            </Form>
            <Form>
                <Place>3rd</Place>
                <FormBox>1</FormBox>
                <Weight>35.1</Weight>
                <TrackCode>CRN</TrackCode>
                <FormDistance>311</FormDistance>
                <FormDate>07Mar17</FormDate>
                <FormGrade>Grade 5</FormGrade>
                <FormHandicap />
                <Margin>2.75L</Margin>
                <FirstSecond>"Really Magic"</FirstSecond>
                <DogTime>17.84</DogTime>
                <WinTime>17.66</WinTime>
                <BON>17.63</BON>
                <StartPrice>$3.80</StartPrice>
                <PIR>M/44</PIR>
                <Split>9.84</Split>
            </Form>
            <Form>
                <Place>1st</Place>
                <FormBox>7</FormBox>
                <Weight>34.8</Weight>
                <TrackCode>BEN</TrackCode>
                <FormDistance>425</FormDistance>
                <FormDate>17Mar17</FormDate>
                <FormGrade>Restricted Win Heat</FormGrade>
                <FormHandicap />
                <Margin>0.75L</Margin>
                <FirstSecond>"Starlight Jill"</FirstSecond>
                <DogTime>24.02</DogTime>
                <WinTime>24.02</WinTime>
                <BON>23.70</BON>
                <StartPrice>$4.30</StartPrice>
                <PIR>M/221</PIR>
                <Split>6.69</Split>
            </Form>
            <Form>
                <Place>5th</Place>
                <FormBox>3</FormBox>
                <Weight>34.5</Weight>
                <TrackCode>BEN</TrackCode>
                <FormDistance>425</FormDistance>
                <FormDate>24Mar17</FormDate>
                <FormGrade>Restricted Win Final</FormGrade>
                <FormHandicap />
                <Margin>3.5L</Margin>
                <FirstSecond>"Latifi Zeus"</FirstSecond>
                <DogTime>24.12</DogTime>
                <WinTime>23.88</WinTime>
                <BON>23.86</BON>
                <StartPrice>$9.70</StartPrice>
                <PIR>M/344</PIR>
                <Split>6.63</Split>
            </Form>
            <Form>
                <Place>3rd</Place>
                <FormBox>6</FormBox>
                <Weight>34.3</Weight>
                <TrackCode>CRN</TrackCode>
                <FormDistance>311</FormDistance>
                <FormDate>29Mar17</FormDate>
                <FormGrade>Mixed 4/5</FormGrade>
                <FormHandicap />
                <Margin>3.5L</Margin>
                <FirstSecond>"Mustang Sammy"</FirstSecond>
                <DogTime>18.09</DogTime>
                <WinTime>17.85</WinTime>
                <BON>17.79</BON>
                <StartPrice>$13.60</StartPrice>
                <PIR>S/33</PIR>
                <Split>9.97</Split>
            </Form>
        </Dog>
        <Dog id="771030065">
            <RaceBox>9</RaceBox>
            <DogName>SQUIRTO Res.</DogName>
            <BestTime>22.27</BestTime>
            <DogHandicap />
            <StartsTOT>Starts 47-8-10-6</StartsTOT>
            <StartsTTD>Trk/Dst 10-1-3-4</StartsTTD>
            <Trainer id="20186">Scott Gibson</Trainer>
            <Suburb>Harcourt</Suburb>
            <Owner>Scott Gibson</Owner>
            <Sire id="-151690">Vee Man Vane</Sire>
            <Dam id="-279338">Negated</Dam>
            <Colour>BKW</Colour>
            <Sex>D</Sex>
            <Whelped>17 Dec 13</Whelped>
            <DogGrade>5</DogGrade>
            <DogGOBIS>Y</DogGOBIS>
            <DogPRIZE>14025</DogPRIZE>
            <Form>
                <Place>4th</Place>
                <FormBox>3</FormBox>
                <Weight>37.3</Weight>
                <TrackCode>WBL</TrackCode>
                <FormDistance>390</FormDistance>
                <FormDate>02Mar17</FormDate>
                <FormGrade>Grade 5 Heat</FormGrade>
                <FormHandicap />
                <Margin>4.50L</Margin>
                <FirstSecond>"Canya Touche"</FirstSecond>
                <DogTime>22.75</DogTime>
                <WinTime>22.43</WinTime>
                <BON>22.01</BON>
                <StartPrice>$20.10</StartPrice>
                <PIR>M/44</PIR>
                <Split>8.69</Split>
            </Form>
            <Form>
                <Place>4th</Place>
                <FormBox>8</FormBox>
                <Weight>36.9</Weight>
                <TrackCode>BAL</TrackCode>
                <FormDistance>390</FormDistance>
                <FormDate>08Mar17</FormDate>
                <FormGrade>Mixed 4/5</FormGrade>
                <FormHandicap />
                <Margin>5.00L</Margin>
                <FirstSecond>"Good Odds Jet"</FirstSecond>
                <DogTime>22.34</DogTime>
                <WinTime>22.00</WinTime>
                <BON>22.00</BON>
                <StartPrice>$16.00</StartPrice>
                <PIR>M/34</PIR>
                <Split>8.55</Split>
            </Form>
            <Form>
                <Place>3rd</Place>
                <FormBox>2</FormBox>
                <Weight>37.0</Weight>
                <TrackCode>BAL</TrackCode>
                <FormDistance>390</FormDistance>
                <FormDate>15Mar17</FormDate>
                <FormGrade>Grade 5 Heat</FormGrade>
                <FormHandicap />
                <Margin>1.25L</Margin>
                <FirstSecond>"Zahra Bella"</FirstSecond>
                <DogTime>22.25</DogTime>
                <WinTime>22.18</WinTime>
                <BON>21.81</BON>
                <StartPrice>$6.80</StartPrice>
                <PIR>M/33</PIR>
                <Split>8.54</Split>
            </Form>
            <Form>
                <Place>6th</Place>
                <FormBox>6</FormBox>
                <Weight>36.6</Weight>
                <TrackCode>BAL</TrackCode>
                <FormDistance>390</FormDistance>
                <FormDate>22Mar17</FormDate>
                <FormGrade>Grade 5 Final</FormGrade>
                <FormHandicap />
                <Margin>4.25L</Margin>
                <FirstSecond>"Cloona Express"</FirstSecond>
                <DogTime>22.29</DogTime>
                <WinTime>22.00</WinTime>
                <BON>21.95</BON>
                <StartPrice>$31.80</StartPrice>
                <PIR>S/66</PIR>
                <Split>8.71</Split>
            </Form>
            <Form>
                <Place>1st</Place>
                <FormBox>5</FormBox>
                <Weight>36.7</Weight>
                <TrackCode>WBL</TrackCode>
                <FormDistance>390</FormDistance>
                <FormDate>28Mar17</FormDate>
                <FormGrade>Mixed 4/5</FormGrade>
                <FormHandicap />
                <Margin>1.5L</Margin>
                <FirstSecond>"Tanjira"</FirstSecond>
                <DogTime>22.30</DogTime>
                <WinTime>22.30</WinTime>
                <BON>22.12</BON>
                <StartPrice>$2.80</StartPrice>
                <PIR>M/32</PIR>
                <Split>8.72</Split>
            </Form>
        </Dog>
        <Dog id="1069690025">
            <RaceBox>10</RaceBox>
            <DogName>MISS WYOMING Res.</DogName>
            <BestTime>FSH</BestTime>
            <DogHandicap />
            <StartsTOT>Starts 16-4-1-1</StartsTOT>
            <StartsTTD>Trk/Dst 0-0-0-0</StartsTTD>
            <Trainer id="90536">Brian Smith</Trainer>
            <Suburb>The Rock</Suburb>
            <Owner>Maurice McArdle</Owner>
            <Sire id="-722870">Fabregas</Sire>
            <Dam id="-452997">Sobbing Destiny</Dam>
            <Colour>BK</Colour>
            <Sex>B</Sex>
            <Whelped>21 Jul 14</Whelped>
            <DogGrade>5</DogGrade>
            <DogGOBIS>N</DogGOBIS>
            <DogPRIZE>3055</DogPRIZE>
            <Form>
                <Place>F</Place>
                <FormBox>5</FormBox>
                <Weight>27.8</Weight>
                <TrackCode>WAG</TrackCode>
                <FormDistance>320</FormDistance>
                <FormDate>03Feb17</FormDate>
                <FormGrade>Grade 5</FormGrade>
                <FormHandicap />
                <Margin />
                <FirstSecond>"Stealthy Queen"</FirstSecond>
                <DogTime>0.00</DogTime>
                <WinTime>18.52</WinTime>
                <BON>18.52</BON>
                <StartPrice>$3.60</StartPrice>
                <PIR />
                <Split />
            </Form>
            <Form>
                <Place>8th</Place>
                <FormBox>1</FormBox>
                <Weight>27.8</Weight>
                <TrackCode>SHP</TrackCode>
                <FormDistance>390</FormDistance>
                <FormDate>06Feb17</FormDate>
                <FormGrade>Mixed 6/7 Heat</FormGrade>
                <FormHandicap />
                <Margin>12.00L</Margin>
                <FirstSecond>"Miss Popularity"</FirstSecond>
                <DogTime>23.55</DogTime>
                <WinTime>22.75</WinTime>
                <BON>21.86</BON>
                <StartPrice>$13.80</StartPrice>
                <PIR>M/57</PIR>
                <Split>8.70</Split>
            </Form>
            <Form>
                <Place>1st</Place>
                <FormBox>3</FormBox>
                <Weight>28.4</Weight>
                <TrackCode>WAG</TrackCode>
                <FormDistance>400</FormDistance>
                <FormDate>17Mar17</FormDate>
                <FormGrade>Grade 5</FormGrade>
                <FormHandicap />
                <Margin>4.00L</Margin>
                <FirstSecond>"Forest Token"</FirstSecond>
                <DogTime>23.54</DogTime>
                <WinTime>23.54</WinTime>
                <BON>23.41</BON>
                <StartPrice>$5.90</StartPrice>
                <PIR />
                <Split />
            </Form>
            <Form>
                <Place>1st</Place>
                <FormBox>7</FormBox>
                <Weight>27.8</Weight>
                <TrackCode>ACT</TrackCode>
                <FormDistance>310</FormDistance>
                <FormDate>19Mar17</FormDate>
                <FormGrade>Grade 5</FormGrade>
                <FormHandicap />
                <Margin>2.00L</Margin>
                <FirstSecond>"Blue Hurricane"</FirstSecond>
                <DogTime>18.05</DogTime>
                <WinTime>18.05</WinTime>
                <BON>17.75</BON>
                <StartPrice>$4.90</StartPrice>
                <PIR>221</PIR>
                <Split />
            </Form>
            <Form>
                <Place>6th</Place>
                <FormBox>3</FormBox>
                <Weight>28.2</Weight>
                <TrackCode>WAG</TrackCode>
                <FormDistance>400</FormDistance>
                <FormDate>24Mar17</FormDate>
                <FormGrade>Grade 5</FormGrade>
                <FormHandicap />
                <Margin>8.00L</Margin>
                <FirstSecond>"Tranquil Magic"</FirstSecond>
                <DogTime>23.85</DogTime>
                <WinTime>23.29</WinTime>
                <BON>23.25</BON>
                <StartPrice>$6.20</StartPrice>
                <PIR />
                <Split />
            </Form>
        </Dog>
    </Race>
    <Race id="208756694">
        <RaceNum>12</RaceNum>
        <RaceName>TAB REWARDS</RaceName>
        <RaceTime>09:54PM</RaceTime>
        <RaceTimeDateUTC>01 Apr 17 10:54AM</RaceTimeDateUTC>
        <Distance>390m</Distance>
        <RaceGrade>Grade 5</RaceGrade>
        <PrizeMoney1>$1325</PrizeMoney1>
        <PrizeMoney2>$375</PrizeMoney2>
        <PrizeMoney3>$190</PrizeMoney3>
        <PrizeMoney4 />
        <PrizeMoney5 />
        <PrizeMoney6 />
        <PrizeMoney7 />
        <PrizeMoney8 />
        <GOBIS />
        <Hurdle />
        <Handicap />
        <TAB>TRI/QUIN EXACTA PICK4</TAB>
        <GradeCode>5</GradeCode>
        <Dog id="-750769">
            <RaceBox>1</RaceBox>
            <DogName>POP WRIGHT</DogName>
            <BestTime>NBT</BestTime>
            <DogHandicap />
            <StartsTOT>Starts 106-12-22-18</StartsTOT>
            <StartsTTD>Trk/Dst 4-0-1-0</StartsTTD>
            <Trainer id="68393">Natalie Perkins</Trainer>
            <Suburb>Romsey</Suburb>
            <Owner>Gavin Hall</Owner>
            <Sire id="-212232">El Galo</Sire>
            <Dam id="-27036">Flossy</Dam>
            <Colour>BKW</Colour>
            <Sex>D</Sex>
            <Whelped>29 Dec 12</Whelped>
            <DogGrade>5</DogGrade>
            <DogGOBIS>Y</DogGOBIS>
            <DogPRIZE>34774</DogPRIZE>
            <Form>
                <Place>8th</Place>
                <FormBox>8</FormBox>
                <Weight>33.7</Weight>
                <TrackCode>SHP</TrackCode>
                <FormDistance>390</FormDistance>
                <FormDate>29Jan17</FormDate>
                <FormGrade>Grade 5</FormGrade>
                <FormHandicap />
                <Margin>6.50L</Margin>
                <FirstSecond>"Bank Rogue"</FirstSecond>
                <DogTime>22.71</DogTime>
                <WinTime>22.26</WinTime>
                <BON>22.01</BON>
                <StartPrice>$25.80</StartPrice>
                <PIR>M/38</PIR>
                <Split>8.51</Split>
            </Form>
            <Form>
                <Place>3rd</Place>
                <FormBox>8</FormBox>
                <Weight>33.1</Weight>
                <TrackCode>CRN</TrackCode>
                <FormDistance>311</FormDistance>
                <FormDate>11Feb17</FormDate>
                <FormGrade>Grade 5</FormGrade>
                <FormHandicap />
                <Margin>5.50L</Margin>
                <FirstSecond>"Izumi"</FirstSecond>
                <DogTime>18.06</DogTime>
                <WinTime>17.68</WinTime>
                <BON>17.62</BON>
                <StartPrice>$11.30</StartPrice>
                <PIR>M/44</PIR>
                <Split>9.89</Split>
            </Form>
            <Form>
                <Place>8th</Place>
                <FormBox>5</FormBox>
                <Weight>32.3</Weight>
                <TrackCode>HVL</TrackCode>
                <FormDistance>350</FormDistance>
                <FormDate>19Feb17</FormDate>
                <FormGrade>Mixed 4/5</FormGrade>
                <FormHandicap />
                <Margin>7.00L</Margin>
                <FirstSecond>"Nangar Range"</FirstSecond>
                <DogTime>19.82</DogTime>
                <WinTime>19.36</WinTime>
                <BON>19.20</BON>
                <StartPrice>$40.30</StartPrice>
                <PIR>M/7</PIR>
                <Split>6.81</Split>
            </Form>
            <Form>
                <Place>1st</Place>
                <FormBox>7</FormBox>
                <Weight>32.2</Weight>
                <TrackCode>SHP</TrackCode>
                <FormDistance>390</FormDistance>
                <FormDate>03Mar17</FormDate>
                <FormGrade>Grade 5 T3</FormGrade>
                <FormHandicap />
                <Margin>3.5L</Margin>
                <FirstSecond>"Cosmic Lady"</FirstSecond>
                <DogTime>22.26</DogTime>
                <WinTime>22.26</WinTime>
                <BON>22.07</BON>
                <StartPrice>$4.90</StartPrice>
                <PIR>M/11</PIR>
                <Split>8.50</Split>
            </Form>
            <Form>
                <Place>3rd</Place>
                <FormBox>5</FormBox>
                <Weight>32.0</Weight>
                <TrackCode>SLE</TrackCode>
                <FormDistance>440</FormDistance>
                <FormDate>12Mar17</FormDate>
                <FormGrade>Grade 5</FormGrade>
                <FormHandicap />
                <Margin>6.00L</Margin>
                <FirstSecond>"Lektra Roy"</FirstSecond>
                <DogTime>25.40</DogTime>
                <WinTime>24.99</WinTime>
                <BON>24.40</BON>
                <StartPrice>$5.40</StartPrice>
                <PIR>M/344</PIR>
                <Split>5.37</Split>
            </Form>
        </Dog>
        <Dog id="240970138">
            <RaceBox>2</RaceBox>
            <DogName>PRICE TAG</DogName>
            <BestTime>NBT</BestTime>
            <DogHandicap />
            <StartsTOT>Starts 45-9-9-10</StartsTOT>
            <StartsTTD>Trk/Dst 1-0-0-0</StartsTTD>
            <Trainer id="108868">Robin Moore</Trainer>
            <Suburb>Devon Meadows</Suburb>
            <Owner>Robin Moore</Owner>
            <Sire id="-489258">Head Bound</Sire>
            <Dam id="-414411">Little Bit Fancy</Dam>
            <Colour>BK</Colour>
            <Sex>D</Sex>
            <Whelped>08 Mar 13</Whelped>
            <DogGrade>5</DogGrade>
            <DogGOBIS>N</DogGOBIS>
            <DogPRIZE>13665</DogPRIZE>
            <Form>
                <Place>3rd</Place>
                <FormBox>4</FormBox>
                <Weight>31.4</Weight>
                <TrackCode>TRA</TrackCode>
                <FormDistance>395</FormDistance>
                <FormDate>27Jan17</FormDate>
                <FormGrade>Mixed 4/5</FormGrade>
                <FormHandicap />
                <Margin>3.25L</Margin>
                <FirstSecond>"Tree Climber Liv"</FirstSecond>
                <DogTime>22.98</DogTime>
                <WinTime>22.76</WinTime>
                <BON>22.76</BON>
                <StartPrice>$4.90</StartPrice>
                <PIR>M/643</PIR>
                <Split>5.02</Split>
            </Form>
            <Form>
                <Place>3rd</Place>
                <FormBox>2</FormBox>
                <Weight>31.0</Weight>
                <TrackCode>WGL</TrackCode>
                <FormDistance>400</FormDistance>
                <FormDate>07Feb17</FormDate>
                <FormGrade>Grade 5</FormGrade>
                <FormHandicap />
                <Margin>5.00L</Margin>
                <FirstSecond>"Wild Angel"</FirstSecond>
                <DogTime>23.32</DogTime>
                <WinTime>22.97</WinTime>
                <BON>22.94</BON>
                <StartPrice>$4.00</StartPrice>
                <PIR>M/53</PIR>
                <Split>8.88</Split>
            </Form>
            <Form>
                <Place>1st</Place>
                <FormBox>8</FormBox>
                <Weight>31.1</Weight>
                <TrackCode>SHP</TrackCode>
                <FormDistance>390</FormDistance>
                <FormDate>13Feb17</FormDate>
                <FormGrade>Grade 5</FormGrade>
                <FormHandicap />
                <Margin>8.50L</Margin>
                <FirstSecond>"Cosmic Prince"</FirstSecond>
                <DogTime>22.04</DogTime>
                <WinTime>22.04</WinTime>
                <BON>22.04</BON>
                <StartPrice>$2.20</StartPrice>
                <PIR>M/11</PIR>
                <Split>8.40</Split>
            </Form>
            <Form>
                <Place>8th</Place>
                <FormBox>2</FormBox>
                <Weight>31.1</Weight>
                <TrackCode>WBL</TrackCode>
                <FormDistance>390</FormDistance>
                <FormDate>02Mar17</FormDate>
                <FormGrade>Grade 5 Heat</FormGrade>
                <FormHandicap />
                <Margin>16.00L</Margin>
                <FirstSecond>"Hollywood Jones"</FirstSecond>
                <DogTime>23.13</DogTime>
                <WinTime>22.03</WinTime>
                <BON>22.01</BON>
                <StartPrice>$4.50</StartPrice>
                <PIR>M/88</PIR>
                <Split>9.36</Split>
            </Form>
            <Form>
                <Place>2nd</Place>
                <FormBox>5</FormBox>
                <Weight>30.9</Weight>
                <TrackCode>GEL</TrackCode>
                <FormDistance>400</FormDistance>
                <FormDate>24Mar17</FormDate>
                <FormGrade>Grade 5</FormGrade>
                <FormHandicap />
                <Margin>1.00L</Margin>
                <FirstSecond>"Forever Merry"</FirstSecond>
                <DogTime>22.80</DogTime>
                <WinTime>22.74</WinTime>
                <BON>22.43</BON>
                <StartPrice>$5.10</StartPrice>
                <PIR>M/73</PIR>
                <Split>8.65</Split>
            </Form>
        </Dog>
        <Dog id="802500022">
            <RaceBox>3</RaceBox>
            <DogName>COLLIS PRINCESS</DogName>
            <BestTime>FSH</BestTime>
            <DogHandicap />
            <StartsTOT>Starts 23-6-4-3</StartsTOT>
            <StartsTTD>Trk/Dst 0-0-0-0</StartsTTD>
            <Trainer id="104390">Melissa Fullerton</Trainer>
            <Suburb>Red Cliffs</Suburb>
            <Owner>John  Pizanis</Owner>
            <Sire id="-558149">Cape Hawke</Sire>
            <Dam id="-738855">La Sophie</Dam>
            <Colour>BK</Colour>
            <Sex>B</Sex>
            <Whelped>22 Feb 14</Whelped>
            <DogGrade>5</DogGrade>
            <DogGOBIS>N</DogGOBIS>
            <DogPRIZE>6950</DogPRIZE>
            <Form>
                <Place>6th</Place>
                <FormBox>2</FormBox>
                <Weight>26.3</Weight>
                <TrackCode>GAW</TrackCode>
                <FormDistance>531</FormDistance>
                <FormDate>11Oct16</FormDate>
                <FormGrade>Grade 6</FormGrade>
                <FormHandicap />
                <Margin>7.00L</Margin>
                <FirstSecond>"Wota Chill"</FirstSecond>
                <DogTime>31.72</DogTime>
                <WinTime>31.25</WinTime>
                <BON>30.76</BON>
                <StartPrice>$3.40</StartPrice>
                <PIR>74456</PIR>
                <Split>3.36</Split>
            </Form>
            <Form>
                <Place>6th</Place>
                <FormBox>3</FormBox>
                <Weight>27.1</Weight>
                <TrackCode>GAW</TrackCode>
                <FormDistance>400</FormDistance>
                <FormDate>23Oct16</FormDate>
                <FormGrade>Open</FormGrade>
                <FormHandicap />
                <Margin>10.00L</Margin>
                <FirstSecond>"Jack In Black"</FirstSecond>
                <DogTime>23.44</DogTime>
                <WinTime>22.78</WinTime>
                <BON>22.61</BON>
                <StartPrice>$19.00</StartPrice>
                <PIR>3666</PIR>
                <Split />
            </Form>
            <Form>
                <Place>1st</Place>
                <FormBox>1</FormBox>
                <Weight>27.4</Weight>
                <TrackCode>BEN</TrackCode>
                <FormDistance>425</FormDistance>
                <FormDate>28Feb17</FormDate>
                <FormGrade>Grade 5</FormGrade>
                <FormHandicap />
                <Margin>5.50L</Margin>
                <FirstSecond>"Handsome Cosmo"</FirstSecond>
                <DogTime>23.91</DogTime>
                <WinTime>23.91</WinTime>
                <BON>23.55</BON>
                <StartPrice>$5.00</StartPrice>
                <PIR>Q/111</PIR>
                <Split>6.52</Split>
            </Form>
            <Form>
                <Place>7th</Place>
                <FormBox>8</FormBox>
                <Weight>27.9</Weight>
                <TrackCode>BEN</TrackCode>
                <FormDistance>425</FormDistance>
                <FormDate>10Mar17</FormDate>
                <FormGrade>Mixed 3/4</FormGrade>
                <FormHandicap />
                <Margin>13.00L</Margin>
                <FirstSecond>"Miss Barbados"</FirstSecond>
                <DogTime>24.93</DogTime>
                <WinTime>24.08</WinTime>
                <BON>23.85</BON>
                <StartPrice>$6.50</StartPrice>
                <PIR>M/457</PIR>
                <Split>6.67</Split>
            </Form>
            <Form>
                <Place>2nd</Place>
                <FormBox>4</FormBox>
                <Weight>27.6</Weight>
                <TrackCode>BEN</TrackCode>
                <FormDistance>425</FormDistance>
                <FormDate>24Mar17</FormDate>
                <FormGrade>Mixed 4/5</FormGrade>
                <FormHandicap />
                <Margin>0.25L</Margin>
                <FirstSecond>"Lektra Blicavs"</FirstSecond>
                <DogTime>24.03</DogTime>
                <WinTime>24.01</WinTime>
                <BON>23.86</BON>
                <StartPrice>$10.20</StartPrice>
                <PIR>M/233</PIR>
                <Split>6.58</Split>
            </Form>
        </Dog>
        <Dog id="1295030020">
            <RaceBox>4</RaceBox>
            <DogName>RAMPANT JACK</DogName>
            <BestTime>FSH</BestTime>
            <DogHandicap />
            <StartsTOT>Starts 14-4-2-5</StartsTOT>
            <StartsTTD>Trk/Dst 0-0-0-0</StartsTTD>
            <Trainer id="122495">Raymond Mahony</Trainer>
            <Suburb>Southern Cross</Suburb>
            <Owner>Jack Likes Blue Synd D Dalton,R Mahony,J Rowan</Owner>
            <Sire id="-710086">Black Magic Opal</Sire>
            <Dam id="-283072">Minni Mooksta</Dam>
            <Colour>BE</Colour>
            <Sex>D</Sex>
            <Whelped>28 Dec 14</Whelped>
            <DogGrade>5</DogGrade>
            <DogGOBIS>N</DogGOBIS>
            <DogPRIZE>7545</DogPRIZE>
            <Form>
                <Place>6th</Place>
                <FormBox>2</FormBox>
                <Weight>31.1</Weight>
                <TrackCode>WBL</TrackCode>
                <FormDistance>450</FormDistance>
                <FormDate>19Jan17</FormDate>
                <FormGrade>Grade 5</FormGrade>
                <FormHandicap />
                <Margin>10.00L</Margin>
                <FirstSecond>"Gravel Rash Riot"</FirstSecond>
                <DogTime>25.92</DogTime>
                <WinTime>25.25</WinTime>
                <BON>25.23</BON>
                <StartPrice>$3.40</StartPrice>
                <PIR>M/146</PIR>
                <Split>6.56</Split>
            </Form>
            <Form>
                <Place>2nd</Place>
                <FormBox>8</FormBox>
                <Weight>30.9</Weight>
                <TrackCode>WBL</TrackCode>
                <FormDistance>390</FormDistance>
                <FormDate>16Feb17</FormDate>
                <FormGrade>Restricted Win Heat</FormGrade>
                <FormHandicap />
                <Margin>4.50L</Margin>
                <FirstSecond>"Cloona Express"</FirstSecond>
                <DogTime>22.19</DogTime>
                <WinTime>21.87</WinTime>
                <BON>21.87</BON>
                <StartPrice>$2.30</StartPrice>
                <PIR>M/44</PIR>
                <Split>8.81</Split>
            </Form>
            <Form>
                <Place>3rd</Place>
                <FormBox>7</FormBox>
                <Weight>30.9</Weight>
                <TrackCode>WBL</TrackCode>
                <FormDistance>390</FormDistance>
                <FormDate>23Feb17</FormDate>
                <FormGrade>Restricted Win Final</FormGrade>
                <FormHandicap />
                <Margin>2.50L</Margin>
                <FirstSecond>"Sea Mist"</FirstSecond>
                <DogTime>22.27</DogTime>
                <WinTime>22.09</WinTime>
                <BON>22.08</BON>
                <StartPrice>$4.90</StartPrice>
                <PIR>M/33</PIR>
                <Split>8.64</Split>
            </Form>
            <Form>
                <Place>6th</Place>
                <FormBox>7</FormBox>
                <Weight>31.0</Weight>
                <TrackCode>WBL</TrackCode>
                <FormDistance>450</FormDistance>
                <FormDate>09Mar17</FormDate>
                <FormGrade>Grade 5</FormGrade>
                <FormHandicap />
                <Margin>9.50L</Margin>
                <FirstSecond>"Allen Occy"</FirstSecond>
                <DogTime>25.77</DogTime>
                <WinTime>25.10</WinTime>
                <BON>24.83</BON>
                <StartPrice>$7.70</StartPrice>
                <PIR>M/876</PIR>
                <Split>6.88</Split>
            </Form>
            <Form>
                <Place>5th</Place>
                <FormBox>8</FormBox>
                <Weight>31.0</Weight>
                <TrackCode>WBL</TrackCode>
                <FormDistance>450</FormDistance>
                <FormDate>16Mar17</FormDate>
                <FormGrade>Mixed 4/5</FormGrade>
                <FormHandicap />
                <Margin>5.50L</Margin>
                <FirstSecond>"Zebo Bale"</FirstSecond>
                <DogTime>25.87</DogTime>
                <WinTime>25.50</WinTime>
                <BON>25.50</BON>
                <StartPrice>$2.50</StartPrice>
                <PIR>M/666</PIR>
                <Split>6.86</Split>
            </Form>
        </Dog>
        <Dog id="1068300011">
            <RaceBox>5</RaceBox>
            <DogName>TAI CHI MINI</DogName>
            <BestTime>22.58</BestTime>
            <DogHandicap />
            <StartsTOT>Starts 39-3-10-9</StartsTOT>
            <StartsTTD>Trk/Dst 5-1-0-0</StartsTTD>
            <Trainer id="110687">Thomas Sharp</Trainer>
            <Suburb>Melton West</Suburb>
            <Owner>Craig Hughes</Owner>
            <Sire id="-631999">Nolen</Sire>
            <Dam id="-739915">Vicky Blue</Dam>
            <Colour>BD</Colour>
            <Sex>B</Sex>
            <Whelped>18 Aug 14</Whelped>
            <DogGrade>5</DogGrade>
            <DogGOBIS>Y</DogGOBIS>
            <DogPRIZE>6885</DogPRIZE>
            <Form>
                <Place>4th</Place>
                <FormBox>7</FormBox>
                <Weight>25.0</Weight>
                <TrackCode>SHP</TrackCode>
                <FormDistance>390</FormDistance>
                <FormDate>27Feb17</FormDate>
                <FormGrade>Grade 5</FormGrade>
                <FormHandicap />
                <Margin>13.00L</Margin>
                <FirstSecond>"Jack Walker"</FirstSecond>
                <DogTime>22.70</DogTime>
                <WinTime>21.85</WinTime>
                <BON>21.85</BON>
                <StartPrice>$20.90</StartPrice>
                <PIR>M/44</PIR>
                <Split>8.62</Split>
            </Form>
            <Form>
                <Place>3rd</Place>
                <FormBox>1</FormBox>
                <Weight>25.3</Weight>
                <TrackCode>TRA</TrackCode>
                <FormDistance>315</FormDistance>
                <FormDate>04Mar17</FormDate>
                <FormGrade>Grade 5</FormGrade>
                <FormHandicap />
                <Margin>3.00L</Margin>
                <FirstSecond>"Rerod Magic"</FirstSecond>
                <DogTime>18.44</DogTime>
                <WinTime>18.24</WinTime>
                <BON>18.07</BON>
                <StartPrice>$6.50</StartPrice>
                <PIR>M/33</PIR>
                <Split>4.82</Split>
            </Form>
            <Form>
                <Place>3rd</Place>
                <FormBox>4</FormBox>
                <Weight>25.3</Weight>
                <TrackCode>SHP</TrackCode>
                <FormDistance>390</FormDistance>
                <FormDate>13Mar17</FormDate>
                <FormGrade>Grade 5</FormGrade>
                <FormHandicap />
                <Margin>1.75L</Margin>
                <FirstSecond>"Fiery Chieftain"</FirstSecond>
                <DogTime>22.49</DogTime>
                <WinTime>22.37</WinTime>
                <BON>21.98</BON>
                <StartPrice>$18.80</StartPrice>
                <PIR>M/11</PIR>
                <Split>8.46</Split>
            </Form>
            <Form>
                <Place>8th</Place>
                <FormBox>5</FormBox>
                <Weight>25.1</Weight>
                <TrackCode>GEL</TrackCode>
                <FormDistance>400</FormDistance>
                <FormDate>17Mar17</FormDate>
                <FormGrade>Grade 5</FormGrade>
                <FormHandicap />
                <Margin>12.00L</Margin>
                <FirstSecond>"Ya Welcome"</FirstSecond>
                <DogTime>23.59</DogTime>
                <WinTime>22.82</WinTime>
                <BON>22.51</BON>
                <StartPrice>$22.80</StartPrice>
                <PIR>M/88</PIR>
                <Split>8.74</Split>
            </Form>
            <Form>
                <Place>4th</Place>
                <FormBox>8</FormBox>
                <Weight>25.0</Weight>
                <TrackCode>BAL</TrackCode>
                <FormDistance>390</FormDistance>
                <FormDate>29Mar17</FormDate>
                <FormGrade>Mixed 4/5</FormGrade>
                <FormHandicap />
                <Margin>15.00L</Margin>
                <FirstSecond>"Seriously Wicked"</FirstSecond>
                <DogTime>23.22</DogTime>
                <WinTime>22.19</WinTime>
                <BON>22.15</BON>
                <StartPrice>$27.70</StartPrice>
                <PIR>M/44</PIR>
                <Split>8.80</Split>
            </Form>
        </Dog>
        <Dog id="202800084">
            <RaceBox>6</RaceBox>
            <DogName>SILVER WING</DogName>
            <BestTime>FSH</BestTime>
            <DogHandicap />
            <StartsTOT>Starts 44-19-5-4</StartsTOT>
            <StartsTTD>Trk/Dst 0-0-0-0</StartsTTD>
            <Trainer id="100872">Joanne Smith</Trainer>
            <Suburb>The Rock</Suburb>
            <Owner>Joanne Smith</Owner>
            <Sire id="-577371">Spring Gun</Sire>
            <Dam id="-106887">Mini Pod</Dam>
            <Colour>F</Colour>
            <Sex>B</Sex>
            <Whelped>01 Mar 13</Whelped>
            <DogGrade>5</DogGrade>
            <DogGOBIS>N</DogGOBIS>
            <DogPRIZE>12708</DogPRIZE>
            <Form>
                <Place>2nd</Place>
                <FormBox>1</FormBox>
                <Weight>25.1</Weight>
                <TrackCode>SHP</TrackCode>
                <FormDistance>390</FormDistance>
                <FormDate>20Feb17</FormDate>
                <FormGrade>Mixed 4/5</FormGrade>
                <FormHandicap />
                <Margin>1.25L</Margin>
                <FirstSecond>"Cosmic Spur"</FirstSecond>
                <DogTime>22.22</DogTime>
                <WinTime>22.14</WinTime>
                <BON>22.08</BON>
                <StartPrice>$1.70</StartPrice>
                <PIR>M/11</PIR>
                <Split>8.37</Split>
            </Form>
            <Form>
                <Place>4th</Place>
                <FormBox>1</FormBox>
                <Weight>25.3</Weight>
                <TrackCode>TEM</TrackCode>
                <FormDistance>330</FormDistance>
                <FormDate>04Mar17</FormDate>
                <FormGrade>Non Graded</FormGrade>
                <FormHandicap />
                <Margin>8.00L</Margin>
                <FirstSecond>"Beegumbah Burst"</FirstSecond>
                <DogTime>19.68</DogTime>
                <WinTime>19.14</WinTime>
                <BON>19.14</BON>
                <StartPrice>$1.80</StartPrice>
                <PIR>0</PIR>
                <Split />
            </Form>
            <Form>
                <Place>3rd</Place>
                <FormBox>3</FormBox>
                <Weight>25.3</Weight>
                <TrackCode>TEM</TrackCode>
                <FormDistance>330</FormDistance>
                <FormDate>12Mar17</FormDate>
                <FormGrade>Non Graded</FormGrade>
                <FormHandicap />
                <Margin>4.00L</Margin>
                <FirstSecond>"Beegumbah Burst"</FirstSecond>
                <DogTime>19.33</DogTime>
                <WinTime>19.10</WinTime>
                <BON>19.10</BON>
                <StartPrice>$2.60</StartPrice>
                <PIR />
                <Split />
            </Form>
            <Form>
                <Place>1st</Place>
                <FormBox>7</FormBox>
                <Weight>25.0</Weight>
                <TrackCode>ACT</TrackCode>
                <FormDistance>310</FormDistance>
                <FormDate>19Mar17</FormDate>
                <FormGrade>Non Graded</FormGrade>
                <FormHandicap />
                <Margin>2.00L</Margin>
                <FirstSecond>"Beegumbah Burst"</FirstSecond>
                <DogTime>17.96</DogTime>
                <WinTime>17.96</WinTime>
                <BON>17.75</BON>
                <StartPrice>$1.90</StartPrice>
                <PIR>111</PIR>
                <Split />
            </Form>
            <Form>
                <Place>1st</Place>
                <FormBox>3</FormBox>
                <Weight>25.1</Weight>
                <TrackCode>WAG</TrackCode>
                <FormDistance>320</FormDistance>
                <FormDate>24Mar17</FormDate>
                <FormGrade>Masters Grade 1/2</FormGrade>
                <FormHandicap />
                <Margin>5.00L</Margin>
                <FirstSecond>"Timmy Mac"</FirstSecond>
                <DogTime>18.42</DogTime>
                <WinTime>18.42</WinTime>
                <BON>18.40</BON>
                <StartPrice>$2.90</StartPrice>
                <PIR />
                <Split />
            </Form>
        </Dog>
        <Dog id="794560037">
            <RaceBox>7</RaceBox>
            <DogName>SEABROOK OSCAR</DogName>
            <BestTime>22.19</BestTime>
            <DogHandicap />
            <StartsTOT>Starts 42-5-6-14</StartsTOT>
            <StartsTTD>Trk/Dst 17-3-4-4</StartsTTD>
            <Trainer id="119837">Chris Stanton</Trainer>
            <Suburb>Clunes</Suburb>
            <Owner>Kevin Dillon</Owner>
            <Sire id="-190839">Kilty Lad</Sire>
            <Dam id="-144783">Seabrook Lass</Dam>
            <Colour>BK</Colour>
            <Sex>D</Sex>
            <Whelped>18 Jan 14</Whelped>
            <DogGrade>5</DogGrade>
            <DogGOBIS>Y</DogGOBIS>
            <DogPRIZE>9247</DogPRIZE>
            <Form>
                <Place>3rd</Place>
                <FormBox>2</FormBox>
                <Weight>29.9</Weight>
                <TrackCode>BAL</TrackCode>
                <FormDistance>390</FormDistance>
                <FormDate>22Feb17</FormDate>
                <FormGrade>Mixed 4/5</FormGrade>
                <FormHandicap />
                <Margin>2.50L</Margin>
                <FirstSecond>"Let's Run"</FirstSecond>
                <DogTime>22.22</DogTime>
                <WinTime>22.05</WinTime>
                <BON>22.05</BON>
                <StartPrice>$13.30</StartPrice>
                <PIR>M/43</PIR>
                <Split>8.56</Split>
            </Form>
            <Form>
                <Place>4th</Place>
                <FormBox>6</FormBox>
                <Weight>30.0</Weight>
                <TrackCode>BAL</TrackCode>
                <FormDistance>390</FormDistance>
                <FormDate>01Mar17</FormDate>
                <FormGrade>Grade 5</FormGrade>
                <FormHandicap />
                <Margin>0.75L</Margin>
                <FirstSecond>"Showtime Sally"</FirstSecond>
                <DogTime>22.40</DogTime>
                <WinTime>22.36</WinTime>
                <BON>21.92</BON>
                <StartPrice>$10.00</StartPrice>
                <PIR>M/44</PIR>
                <Split>8.72</Split>
            </Form>
            <Form>
                <Place>3rd</Place>
                <FormBox>8</FormBox>
                <Weight>30.1</Weight>
                <TrackCode>BEN</TrackCode>
                <FormDistance>425</FormDistance>
                <FormDate>10Mar17</FormDate>
                <FormGrade>Grade 5</FormGrade>
                <FormHandicap />
                <Margin>4.50L</Margin>
                <FirstSecond>"You Dance"</FirstSecond>
                <DogTime>24.42</DogTime>
                <WinTime>24.13</WinTime>
                <BON>23.85</BON>
                <StartPrice>$6.00</StartPrice>
                <PIR>M/333</PIR>
                <Split>6.68</Split>
            </Form>
            <Form>
                <Place>3rd</Place>
                <FormBox>1</FormBox>
                <Weight>29.9</Weight>
                <TrackCode>BAL</TrackCode>
                <FormDistance>390</FormDistance>
                <FormDate>15Mar17</FormDate>
                <FormGrade>Grade 5 Heat</FormGrade>
                <FormHandicap />
                <Margin>2.00L</Margin>
                <FirstSecond>"Cloona Express"</FirstSecond>
                <DogTime>22.25</DogTime>
                <WinTime>22.12</WinTime>
                <BON>21.81</BON>
                <StartPrice>$11.80</StartPrice>
                <PIR>M/43</PIR>
                <Split>8.65</Split>
            </Form>
            <Form>
                <Place>7th</Place>
                <FormBox>4</FormBox>
                <Weight>30.2</Weight>
                <TrackCode>BAL</TrackCode>
                <FormDistance>390</FormDistance>
                <FormDate>22Mar17</FormDate>
                <FormGrade>Grade 5 Final</FormGrade>
                <FormHandicap />
                <Margin>6.00L</Margin>
                <FirstSecond>"Cloona Express"</FirstSecond>
                <DogTime>22.39</DogTime>
                <WinTime>22.00</WinTime>
                <BON>21.95</BON>
                <StartPrice>$46.30</StartPrice>
                <PIR>M/77</PIR>
                <Split>8.78</Split>
            </Form>
        </Dog>
        <Dog id="508840014">
            <RaceBox>8</RaceBox>
            <DogName>BLACK EMBER</DogName>
            <BestTime>NBT</BestTime>
            <DogHandicap />
            <StartsTOT>Starts 64-9-13-13</StartsTOT>
            <StartsTTD>Trk/Dst 1-0-1-0</StartsTTD>
            <Trainer id="121068">Paul Cusack</Trainer>
            <Suburb>Mount Cottrell</Suburb>
            <Owner>Kathleen Boyle</Owner>
            <Sire id="-104528">Bit Chili</Sire>
            <Dam id="-558475">Ember Attack</Dam>
            <Colour>BK</Colour>
            <Sex>B</Sex>
            <Whelped>05 Sep 13</Whelped>
            <DogGrade>5</DogGrade>
            <DogGOBIS>Y</DogGOBIS>
            <DogPRIZE>18955</DogPRIZE>
            <Form>
                <Place>7th</Place>
                <FormBox>4</FormBox>
                <Weight>27.4</Weight>
                <TrackCode>CRN</TrackCode>
                <FormDistance>311</FormDistance>
                <FormDate>08Mar17</FormDate>
                <FormGrade>Grade 5</FormGrade>
                <FormHandicap />
                <Margin>12.00L</Margin>
                <FirstSecond>"Roshani's Dream"</FirstSecond>
                <DogTime>18.73</DogTime>
                <WinTime>17.93</WinTime>
                <BON>17.45</BON>
                <StartPrice>$8.50</StartPrice>
                <PIR>M/56</PIR>
                <Split>10.00</Split>
            </Form>
            <Form>
                <Place>5th</Place>
                <FormBox>5</FormBox>
                <Weight>27.5</Weight>
                <TrackCode>WGL</TrackCode>
                <FormDistance>400</FormDistance>
                <FormDate>12Mar17</FormDate>
                <FormGrade>Grade 5 T3</FormGrade>
                <FormHandicap />
                <Margin>2.25L</Margin>
                <FirstSecond>"Choclotto"</FirstSecond>
                <DogTime>23.06</DogTime>
                <WinTime>22.92</WinTime>
                <BON>22.86</BON>
                <StartPrice>$8.70</StartPrice>
                <PIR>M/45</PIR>
                <Split>8.49</Split>
            </Form>
            <Form>
                <Place>1st</Place>
                <FormBox>7</FormBox>
                <Weight>27.7</Weight>
                <TrackCode>GEL</TrackCode>
                <FormDistance>460</FormDistance>
                <FormDate>17Mar17</FormDate>
                <FormGrade>Grade 5</FormGrade>
                <FormHandicap />
                <Margin>1.00L</Margin>
                <FirstSecond>"Jack's Rainbow"</FirstSecond>
                <DogTime>26.24</DogTime>
                <WinTime>26.24</WinTime>
                <BON>25.68</BON>
                <StartPrice>$33.50</StartPrice>
                <PIR>M/121</PIR>
                <Split>6.60</Split>
            </Form>
            <Form>
                <Place>2nd</Place>
                <FormBox>2</FormBox>
                <Weight>27.9</Weight>
                <TrackCode>WGL</TrackCode>
                <FormDistance>460</FormDistance>
                <FormDate>23Mar17</FormDate>
                <FormGrade>Grade 5 T3</FormGrade>
                <FormHandicap />
                <Margin>1.5L</Margin>
                <FirstSecond>"Angel Ice"</FirstSecond>
                <DogTime>26.32</DogTime>
                <WinTime>26.22</WinTime>
                <BON>26.22</BON>
                <StartPrice>$5.10</StartPrice>
                <PIR>M/113</PIR>
                <Split>6.64</Split>
            </Form>
            <Form>
                <Place>3rd</Place>
                <FormBox>3</FormBox>
                <Weight>28.0</Weight>
                <TrackCode>MEP</TrackCode>
                <FormDistance>525</FormDistance>
                <FormDate>29Mar17</FormDate>
                <FormGrade>Grade 5</FormGrade>
                <FormHandicap />
                <Margin>5.00L</Margin>
                <FirstSecond>"Hosting"</FirstSecond>
                <DogTime>30.77</DogTime>
                <WinTime>30.43</WinTime>
                <BON>29.96</BON>
                <StartPrice>$26.30</StartPrice>
                <PIR>M/2343</PIR>
                <Split>5.16</Split>
            </Form>
        </Dog>
        <Dog id="771030065">
            <RaceBox>9</RaceBox>
            <DogName>SQUIRTO Res.</DogName>
            <BestTime>22.27</BestTime>
            <DogHandicap />
            <StartsTOT>Starts 47-8-10-6</StartsTOT>
            <StartsTTD>Trk/Dst 10-1-3-4</StartsTTD>
            <Trainer id="20186">Scott Gibson</Trainer>
            <Suburb>Harcourt</Suburb>
            <Owner>Scott Gibson</Owner>
            <Sire id="-151690">Vee Man Vane</Sire>
            <Dam id="-279338">Negated</Dam>
            <Colour>BKW</Colour>
            <Sex>D</Sex>
            <Whelped>17 Dec 13</Whelped>
            <DogGrade>5</DogGrade>
            <DogGOBIS>Y</DogGOBIS>
            <DogPRIZE>14025</DogPRIZE>
            <Form>
                <Place>4th</Place>
                <FormBox>3</FormBox>
                <Weight>37.3</Weight>
                <TrackCode>WBL</TrackCode>
                <FormDistance>390</FormDistance>
                <FormDate>02Mar17</FormDate>
                <FormGrade>Grade 5 Heat</FormGrade>
                <FormHandicap />
                <Margin>4.50L</Margin>
                <FirstSecond>"Canya Touche"</FirstSecond>
                <DogTime>22.75</DogTime>
                <WinTime>22.43</WinTime>
                <BON>22.01</BON>
                <StartPrice>$20.10</StartPrice>
                <PIR>M/44</PIR>
                <Split>8.69</Split>
            </Form>
            <Form>
                <Place>4th</Place>
                <FormBox>8</FormBox>
                <Weight>36.9</Weight>
                <TrackCode>BAL</TrackCode>
                <FormDistance>390</FormDistance>
                <FormDate>08Mar17</FormDate>
                <FormGrade>Mixed 4/5</FormGrade>
                <FormHandicap />
                <Margin>5.00L</Margin>
                <FirstSecond>"Good Odds Jet"</FirstSecond>
                <DogTime>22.34</DogTime>
                <WinTime>22.00</WinTime>
                <BON>22.00</BON>
                <StartPrice>$16.00</StartPrice>
                <PIR>M/34</PIR>
                <Split>8.55</Split>
            </Form>
            <Form>
                <Place>3rd</Place>
                <FormBox>2</FormBox>
                <Weight>37.0</Weight>
                <TrackCode>BAL</TrackCode>
                <FormDistance>390</FormDistance>
                <FormDate>15Mar17</FormDate>
                <FormGrade>Grade 5 Heat</FormGrade>
                <FormHandicap />
                <Margin>1.25L</Margin>
                <FirstSecond>"Zahra Bella"</FirstSecond>
                <DogTime>22.25</DogTime>
                <WinTime>22.18</WinTime>
                <BON>21.81</BON>
                <StartPrice>$6.80</StartPrice>
                <PIR>M/33</PIR>
                <Split>8.54</Split>
            </Form>
            <Form>
                <Place>6th</Place>
                <FormBox>6</FormBox>
                <Weight>36.6</Weight>
                <TrackCode>BAL</TrackCode>
                <FormDistance>390</FormDistance>
                <FormDate>22Mar17</FormDate>
                <FormGrade>Grade 5 Final</FormGrade>
                <FormHandicap />
                <Margin>4.25L</Margin>
                <FirstSecond>"Cloona Express"</FirstSecond>
                <DogTime>22.29</DogTime>
                <WinTime>22.00</WinTime>
                <BON>21.95</BON>
                <StartPrice>$31.80</StartPrice>
                <PIR>S/66</PIR>
                <Split>8.71</Split>
            </Form>
            <Form>
                <Place>1st</Place>
                <FormBox>5</FormBox>
                <Weight>36.7</Weight>
                <TrackCode>WBL</TrackCode>
                <FormDistance>390</FormDistance>
                <FormDate>28Mar17</FormDate>
                <FormGrade>Mixed 4/5</FormGrade>
                <FormHandicap />
                <Margin>1.5L</Margin>
                <FirstSecond>"Tanjira"</FirstSecond>
                <DogTime>22.30</DogTime>
                <WinTime>22.30</WinTime>
                <BON>22.12</BON>
                <StartPrice>$2.80</StartPrice>
                <PIR>M/32</PIR>
                <Split>8.72</Split>
            </Form>
        </Dog>
        <Dog id="1237400054">
            <RaceBox>10</RaceBox>
            <DogName>RED TONE Res.</DogName>
            <BestTime>FSTD</BestTime>
            <DogHandicap />
            <StartsTOT>Starts 27-5-1-4</StartsTOT>
            <StartsTTD>Trk/Dst 0-0-0-0</StartsTTD>
            <Trainer id="113677">Gary Hansen</Trainer>
            <Suburb>Daisy Hill</Suburb>
            <Owner>Peter Walsh</Owner>
            <Sire id="-456964">Late Show Lee</Sire>
            <Dam id="-725786">Osti Moss</Dam>
            <Colour>RBD</Colour>
            <Sex>D</Sex>
            <Whelped>08 Nov 14</Whelped>
            <DogGrade>5</DogGrade>
            <DogGOBIS>Y</DogGOBIS>
            <DogPRIZE>7020</DogPRIZE>
            <Form>
                <Place>4th</Place>
                <FormBox>5</FormBox>
                <Weight>32.8</Weight>
                <TrackCode>BEN</TrackCode>
                <FormDistance>425</FormDistance>
                <FormDate>07Feb17</FormDate>
                <FormGrade>Grade 5</FormGrade>
                <FormHandicap />
                <Margin>13.00L</Margin>
                <FirstSecond>"Right Now"</FirstSecond>
                <DogTime>24.89</DogTime>
                <WinTime>24.01</WinTime>
                <BON>23.42</BON>
                <StartPrice>$10.10</StartPrice>
                <PIR>M/464</PIR>
                <Split>6.87</Split>
            </Form>
            <Form>
                <Place>4th</Place>
                <FormBox>8</FormBox>
                <Weight>32.7</Weight>
                <TrackCode>GEL</TrackCode>
                <FormDistance>460</FormDistance>
                <FormDate>28Feb17</FormDate>
                <FormGrade>Grade 5 T3</FormGrade>
                <FormHandicap />
                <Margin>3.25L</Margin>
                <FirstSecond>"Maximum Mak"</FirstSecond>
                <DogTime>26.28</DogTime>
                <WinTime>26.06</WinTime>
                <BON>26.06</BON>
                <StartPrice>$3.50</StartPrice>
                <PIR>M/222</PIR>
                <Split>6.63</Split>
            </Form>
            <Form>
                <Place>4th</Place>
                <FormBox>2</FormBox>
                <Weight>32.5</Weight>
                <TrackCode>GEL</TrackCode>
                <FormDistance>460</FormDistance>
                <FormDate>07Mar17</FormDate>
                <FormGrade>Grade 5 T3</FormGrade>
                <FormHandicap />
                <Margin>2.50L</Margin>
                <FirstSecond>"Roller Bale"</FirstSecond>
                <DogTime>26.28</DogTime>
                <WinTime>26.12</WinTime>
                <BON>25.85</BON>
                <StartPrice>$2.10</StartPrice>
                <PIR>M/232</PIR>
                <Split>6.62</Split>
            </Form>
            <Form>
                <Place>3rd</Place>
                <FormBox>3</FormBox>
                <Weight>32.9</Weight>
                <TrackCode>BEN</TrackCode>
                <FormDistance>425</FormDistance>
                <FormDate>09Mar17</FormDate>
                <FormGrade>Grade 5 T3</FormGrade>
                <FormHandicap />
                <Margin>2.75L</Margin>
                <FirstSecond>"Crymelon Fettle"</FirstSecond>
                <DogTime>24.58</DogTime>
                <WinTime>24.40</WinTime>
                <BON>24.10</BON>
                <StartPrice>$2.70</StartPrice>
                <PIR>M/222</PIR>
                <Split>6.57</Split>
            </Form>
            <Form>
                <Place>5th</Place>
                <FormBox>3</FormBox>
                <Weight>32.9</Weight>
                <TrackCode>BAL</TrackCode>
                <FormDistance>450</FormDistance>
                <FormDate>27Mar17</FormDate>
                <FormGrade>Grade 5 T3</FormGrade>
                <FormHandicap />
                <Margin>3.00L</Margin>
                <FirstSecond>"Molly Chapta"</FirstSecond>
                <DogTime>26.10</DogTime>
                <WinTime>25.89</WinTime>
                <BON>25.57</BON>
                <StartPrice>$5.70</StartPrice>
                <PIR>M/222</PIR>
                <Split>6.62</Split>
            </Form>
        </Dog>
    </Race>
</Meet>